<?xml version="1.0" encoding="UTF-8"?>
<testsuite name="com.indra.runners.SanityRunners" tests="0" skipped="0" failures="0" errors="0" timestamp="1970-01-01T00:00:00" hostname="22LAP5CD1195R94" time="0.0">
  <properties/>
  <system-out><![CDATA[12:23:54.078 [Test worker] INFO net.thucydides.core.steps.ConsoleLoggingListener - 

-------------------------------------------------------------------------------------
     _______. _______ .______       _______ .__   __.  __  .___________.____    ____ 
    /       ||   ____||   _  \     |   ____||  \ |  | |  | |           |\   \  /   / 
   |   (----`|  |__   |  |_)  |    |  |__   |   \|  | |  | `---|  |----` \   \/   /  
    \   \    |   __|  |      /     |   __|  |  . `  | |  |     |  |       \_    _/   
.----)   |   |  |____ |  |\  \----.|  |____ |  |\   | |  |     |  |         |  |     
|_______/    |_______|| _| `._____||_______||__| \__| |__|     |__|         |__|    
                                                                                     
 News and tutorials at http://www.serenity-bdd.info                                  
 Documentation at https://wakaleo.gitbooks.io/the-serenity-book/content/             
 Join the Serenity Community on Rocket Chat at https://serenity-bdd.rocket.chat      
 Serenity BDD Support and Training at http://serenity-bdd.info/#/trainingandsupport  
 Learn Serenity BDD online at http://serenity-dojo.com                               
-------------------------------------------------------------------------------------

12:23:54.094 [Test worker] DEBUG net.thucydides.core.steps.StepEventBus - Test suite started for story net.thucydides.core.model.Story@ba611da8
12:23:54.094 [Test worker] INFO net.thucydides.core.steps.ConsoleLoggingListener - Test Suite Started: Sanity Merlin Json
12:23:54.126 [Test worker] INFO net.thucydides.core.steps.ConsoleLoggingListener - 
 _____ _____ ____ _____   ____ _____  _    ____ _____ _____ ____  
|_   _| ____/ ___|_   _| / ___|_   _|/ \  |  _ \_   _| ____|  _ \ 
  | | |  _| \___ \ | |   \___ \ | | / _ \ | |_) || | |  _| | | | |
  | | | |___ ___) || |    ___) || |/ ___ \|  _ < | | | |___| |_| |
  |_| |_____|____/ |_|   |____/ |_/_/   \_\_| \_\|_| |_____|____/ 
                                                                  

TEST STARTED: se requiere ejecutar el Json
-------------------------------------------------------------------(sanity-merlin-json;se-requiere-ejecutar-el-json)
12:23:54.178 [Test worker] DEBUG net.thucydides.core.requirements.model.cucumber.CucumberParser - Found no Cucumber 4.2.6 class cucumber.runtime.model.FeatureLoader try Cucumber 4.2.0 
12:23:54.178 [Test worker] DEBUG net.thucydides.core.requirements.model.cucumber.CucumberParser - Found no Cucumber 4.2.0 class cucumber.runtime.model.FeatureLoader try Cucumber 2.x.x 
12:25:37.120 [Test worker] DEBUG net.thucydides.core.reports.ReportService - Reporting formats: [JSON, HTML]
12:25:37.173 [Test worker] DEBUG net.thucydides.core.reports.ReportService - Reporting formats: [JSON, HTML]
12:25:37.192 [Test worker] DEBUG net.thucydides.core.reports.ReportService - Generating reports for 1 test outcomes using: net.thucydides.core.reports.json.JSONTestOutcomeReporter@26250f90
12:25:37.192 [pool-1-thread-1] DEBUG net.thucydides.core.reports.ReportService - Processing test outcome Sanity Merlin Json:se requiere ejecutar el Json
12:25:37.192 [pool-1-thread-1] DEBUG net.thucydides.core.reports.ReportService - net.thucydides.core.reports.json.JSONTestOutcomeReporter@26250f90: Generating report for test outcome: Sanity Merlin Json:se requiere ejecutar el Json
12:25:37.208 [pool-1-thread-1] DEBUG net.thucydides.core.reports.json.JSONTestOutcomeReporter - Generating JSON report for se requiere ejecutar el Json to file C:\MerlinJsonAutomation\target\site\serenity\e3cfa309ee252839bf94c2b1c915f96767e8f88d2a8d5c03f049aaee425921c2.json (using temp file C:\MerlinJsonAutomation\target\site\serenity\e3cfa309ee252839bf94c2b1c915f96767e8f88d2a8d5c03f049aaee425921c2.jsone56ff239-461a-430b-8e87-513affc41545)
12:25:37.233 [pool-1-thread-1] DEBUG net.thucydides.core.reports.ReportService - Processing test outcome Sanity Merlin Json:se requiere ejecutar el Json done
12:25:37.233 [Test worker] DEBUG net.thucydides.core.reports.ReportService - Shutting down executor service
12:25:37.233 [Test worker] DEBUG net.thucydides.core.reports.ReportService - Reports generated in: 41 ms
12:25:37.233 [Test worker] DEBUG net.thucydides.core.reports.ReportService - Generating reports for 1 test outcomes using: net.thucydides.core.reports.html.HtmlAcceptanceTestReporter@d502366
12:25:37.237 [pool-2-thread-1] DEBUG net.thucydides.core.reports.ReportService - Processing test outcome Sanity Merlin Json:se requiere ejecutar el Json
12:25:37.237 [pool-2-thread-1] DEBUG net.thucydides.core.reports.ReportService - net.thucydides.core.reports.html.HtmlAcceptanceTestReporter@d502366: Generating report for test outcome: Sanity Merlin Json:se requiere ejecutar el Json
12:25:37.237 [pool-2-thread-1] DEBUG net.thucydides.core.reports.html.HtmlAcceptanceTestReporter - GENERATE TEST OUTCOME REPORT FOR se requiere ejecutar el Json in e3cfa309ee252839bf94c2b1c915f96767e8f88d2a8d5c03f049aaee425921c2
12:25:37.237 [pool-2-thread-1] DEBUG net.thucydides.core.requirements.model.cucumber.CucumberParser - Found no Cucumber 4.2.6 class cucumber.runtime.model.FeatureLoader try Cucumber 4.2.0 
12:25:37.237 [pool-2-thread-1] DEBUG net.thucydides.core.requirements.model.cucumber.CucumberParser - Found no Cucumber 4.2.0 class cucumber.runtime.model.FeatureLoader try Cucumber 2.x.x 
12:25:37.253 [pool-2-thread-1] DEBUG net.thucydides.core.requirements.RequirementsTagProvider -  found:[Requirement{name='Sanity Merlin Json', type='feature' parent = 'null', cardNumber='null'}]
12:25:37.257 [pool-2-thread-1] DEBUG net.thucydides.core.requirements.BaseRequirementsService - Requirement found for test outcome se requiere ejecutar el Json-[]: Optional[Requirement{name='Sanity Merlin Json', type='feature' parent = 'null', cardNumber='null'}]
12:25:37.257 [pool-2-thread-1] DEBUG net.thucydides.core.requirements.BaseRequirementsService - Requirement found for test outcome se requiere ejecutar el Json-[]: Optional[Requirement{name='Sanity Merlin Json', type='feature' parent = 'null', cardNumber='null'}]
12:25:37.305 [Finalizer] DEBUG org.apache.http.impl.conn.DefaultClientConnection - Connection 0.0.0.0:55615<->10.69.42.60:8089 closed
12:25:37.317 [Finalizer] DEBUG org.apache.http.impl.conn.DefaultClientConnection - Connection 0.0.0.0:55603<->10.69.42.60:8089 closed
12:25:37.318 [Finalizer] DEBUG org.apache.http.impl.conn.DefaultClientConnection - Connection 0.0.0.0:55594<->10.69.42.60:8089 closed
12:25:37.318 [Finalizer] DEBUG org.apache.http.impl.conn.DefaultClientConnection - Connection 0.0.0.0:55593<->10.69.42.60:8089 closed
12:25:37.318 [Finalizer] DEBUG org.apache.http.impl.conn.DefaultClientConnection - Connection 0.0.0.0:55646<->10.69.42.60:8089 closed
12:25:37.322 [Finalizer] DEBUG org.apache.http.impl.conn.DefaultClientConnection - Connection 0.0.0.0:55636<->10.69.42.60:8089 closed
12:25:37.323 [Finalizer] DEBUG org.apache.http.impl.conn.DefaultClientConnection - Connection 0.0.0.0:55626<->10.69.42.60:8089 closed
12:25:37.324 [pool-2-thread-1] DEBUG net.thucydides.core.reports.html.HtmlAcceptanceTestReporter - GENERATING HTML REPORT FOR Sanity Merlin Json:se requiere ejecutar el Json in e3cfa309ee252839bf94c2b1c915f96767e8f88d2a8d5c03f049aaee425921c2.html in directory C:\MerlinJsonAutomation\target\site\serenity  
12:25:37.324 [pool-2-thread-1] DEBUG net.thucydides.core.reports.html.HtmlAcceptanceTestReporter - Generating report in e3cfa309ee252839bf94c2b1c915f96767e8f88d2a8d5c03f049aaee425921c2.html
12:25:37.629 [pool-2-thread-1] DEBUG net.thucydides.core.reports.html.HtmlAcceptanceTestReporter - Generated report e3cfa309ee252839bf94c2b1c915f96767e8f88d2a8d5c03f049aaee425921c2.html in 305 ms
12:25:37.629 [pool-2-thread-1] DEBUG net.thucydides.core.reports.ReportService - Processing test outcome Sanity Merlin Json:se requiere ejecutar el Json done
12:25:37.629 [Test worker] DEBUG net.thucydides.core.reports.ReportService - Shutting down executor service
12:25:37.629 [Test worker] DEBUG net.thucydides.core.reports.ReportService - Reports generated in: 396 ms

?[31mFailed scenarios:?[0m
?[31msrc/test/resources/features/execute.feature:7 ?[0m# se requiere ejecutar el Json

1 Scenarios (?[31m1 failed?[0m)
3 Steps (?[31m1 failed?[0m, ?[32m2 passed?[0m)
1m43,180s

java.lang.AssertionError: Finaliza de manera Exitosa la automatizacion
Expected: "Exitoso"
     but: was "Fallido"
	at org.hamcrest.MatcherAssert.assertThat(MatcherAssert.java:20)
	at com.indra.actions.ConsultResultAutomation.consultResultOfAutomation(ConsultResultAutomation.java:36)
	at com.indra.steps_definitions.SanitySteps.seObtieneLaRespuestaDeLaEjecucionDelJson(SanitySteps.java:31)
	at ?.Se obtiene la respuesta de la ejecucion del json(src/test/resources/features/execute.feature:10)

]]></system-out>
  <system-err><![CDATA[]]></system-err>
</testsuite>
