<?xml version="1.0" encoding="UTF-8"?>
<testsuite name="com.indra.runners.SanityRunners" tests="0" skipped="0" failures="0" errors="0" timestamp="1970-01-01T00:00:00" hostname="22LAP5CD1195R94" time="0.0">
  <properties/>
  <system-out><![CDATA[17:33:12.046 [Test worker] INFO net.thucydides.core.steps.ConsoleLoggingListener - 

-------------------------------------------------------------------------------------
     _______. _______ .______       _______ .__   __.  __  .___________.____    ____ 
    /       ||   ____||   _  \     |   ____||  \ |  | |  | |           |\   \  /   / 
   |   (----`|  |__   |  |_)  |    |  |__   |   \|  | |  | `---|  |----` \   \/   /  
    \   \    |   __|  |      /     |   __|  |  . `  | |  |     |  |       \_    _/   
.----)   |   |  |____ |  |\  \----.|  |____ |  |\   | |  |     |  |         |  |     
|_______/    |_______|| _| `._____||_______||__| \__| |__|     |__|         |__|    
                                                                                     
 News and tutorials at http://www.serenity-bdd.info                                  
 Documentation at https://wakaleo.gitbooks.io/the-serenity-book/content/             
 Join the Serenity Community on Rocket Chat at https://serenity-bdd.rocket.chat      
 Serenity BDD Support and Training at http://serenity-bdd.info/#/trainingandsupport  
 Learn Serenity BDD online at http://serenity-dojo.com                               
-------------------------------------------------------------------------------------

17:33:12.054 [Test worker] DEBUG net.thucydides.core.steps.StepEventBus - Test suite started for story net.thucydides.core.model.Story@c8803f7e
17:33:12.058 [Test worker] INFO net.thucydides.core.steps.ConsoleLoggingListener - Test Suite Started: Sanity Apis Merlin Json
17:33:12.094 [Test worker] INFO net.thucydides.core.steps.ConsoleLoggingListener - 
 _____ _____ ____ _____   ____ _____  _    ____ _____ _____ ____  
|_   _| ____/ ___|_   _| / ___|_   _|/ \  |  _ \_   _| ____|  _ \ 
  | | |  _| \___ \ | |   \___ \ | | / _ \ | |_) || | |  _| | | | |
  | | | |___ ___) || |    ___) || |/ ___ \|  _ < | | | |___| |_| |
  |_| |_____|____/ |_|   |____/ |_/_/   \_\_| \_\|_| |_____|____/ 
                                                                  

TEST STARTED: prueba
-------------------------------------------------------------------(sanity-apis-merlin-json;prueba)
17:33:12.133 [Test worker] DEBUG net.thucydides.core.requirements.model.cucumber.CucumberParser - Found no Cucumber 4.2.6 class cucumber.runtime.model.FeatureLoader try Cucumber 4.2.0 
17:33:12.133 [Test worker] DEBUG net.thucydides.core.requirements.model.cucumber.CucumberParser - Found no Cucumber 4.2.0 class cucumber.runtime.model.FeatureLoader try Cucumber 2.x.x 
17:33:27.461 [Test worker] DEBUG net.thucydides.core.reports.ReportService - Reporting formats: [JSON, HTML]
17:33:27.504 [Test worker] DEBUG net.thucydides.core.reports.ReportService - Reporting formats: [JSON, HTML]
17:33:27.512 [Test worker] DEBUG net.thucydides.core.reports.ReportService - Generating reports for 1 test outcomes using: net.thucydides.core.reports.json.JSONTestOutcomeReporter@227d13d
17:33:27.513 [pool-1-thread-1] DEBUG net.thucydides.core.reports.ReportService - Processing test outcome Sanity Apis Merlin Json:prueba
17:33:27.514 [pool-1-thread-1] DEBUG net.thucydides.core.reports.ReportService - net.thucydides.core.reports.json.JSONTestOutcomeReporter@227d13d: Generating report for test outcome: Sanity Apis Merlin Json:prueba
17:33:27.521 [pool-1-thread-1] DEBUG net.thucydides.core.reports.json.JSONTestOutcomeReporter - Generating JSON report for Prueba to file C:\MerlinJsonAutomation\target\site\serenity\b0165cbad8cee2fe1be0ba4892147cd019cebc2439037e9c7c749439d6cee48f.json (using temp file C:\MerlinJsonAutomation\target\site\serenity\b0165cbad8cee2fe1be0ba4892147cd019cebc2439037e9c7c749439d6cee48f.json67296912-ad95-4d57-8655-aa3770e3c3ba)
17:33:27.549 [pool-1-thread-1] DEBUG net.thucydides.core.reports.ReportService - Processing test outcome Sanity Apis Merlin Json:prueba done
17:33:27.549 [Test worker] DEBUG net.thucydides.core.reports.ReportService - Shutting down executor service
17:33:27.549 [Test worker] DEBUG net.thucydides.core.reports.ReportService - Reports generated in: 36 ms
17:33:27.549 [Test worker] DEBUG net.thucydides.core.reports.ReportService - Generating reports for 1 test outcomes using: net.thucydides.core.reports.html.HtmlAcceptanceTestReporter@67cc3d34
17:33:27.550 [pool-2-thread-1] DEBUG net.thucydides.core.reports.ReportService - Processing test outcome Sanity Apis Merlin Json:prueba
17:33:27.550 [pool-2-thread-1] DEBUG net.thucydides.core.reports.ReportService - net.thucydides.core.reports.html.HtmlAcceptanceTestReporter@67cc3d34: Generating report for test outcome: Sanity Apis Merlin Json:prueba
17:33:27.550 [pool-2-thread-1] DEBUG net.thucydides.core.reports.html.HtmlAcceptanceTestReporter - GENERATE TEST OUTCOME REPORT FOR prueba in b0165cbad8cee2fe1be0ba4892147cd019cebc2439037e9c7c749439d6cee48f
17:33:27.564 [pool-2-thread-1] DEBUG net.thucydides.core.requirements.model.cucumber.CucumberParser - Found no Cucumber 4.2.6 class cucumber.runtime.model.FeatureLoader try Cucumber 4.2.0 
17:33:27.564 [pool-2-thread-1] DEBUG net.thucydides.core.requirements.model.cucumber.CucumberParser - Found no Cucumber 4.2.0 class cucumber.runtime.model.FeatureLoader try Cucumber 2.x.x 
17:33:27.567 [pool-2-thread-1] DEBUG net.thucydides.core.requirements.RequirementsTagProvider -  found:[Requirement{name='Sanity Apis Merlin Json', type='feature' parent = 'null', cardNumber='null'}]
17:33:27.574 [pool-2-thread-1] DEBUG net.thucydides.core.requirements.BaseRequirementsService - Requirement found for test outcome Prueba-[]: Optional[Requirement{name='Sanity Apis Merlin Json', type='feature' parent = 'null', cardNumber='null'}]
17:33:27.575 [pool-2-thread-1] DEBUG net.thucydides.core.requirements.BaseRequirementsService - Requirement found for test outcome Prueba-[]: Optional[Requirement{name='Sanity Apis Merlin Json', type='feature' parent = 'null', cardNumber='null'}]
17:33:27.629 [pool-2-thread-1] DEBUG net.thucydides.core.reports.html.HtmlAcceptanceTestReporter - GENERATING HTML REPORT FOR Sanity Apis Merlin Json:prueba in b0165cbad8cee2fe1be0ba4892147cd019cebc2439037e9c7c749439d6cee48f.html in directory C:\MerlinJsonAutomation\target\site\serenity  
17:33:27.632 [pool-2-thread-1] DEBUG net.thucydides.core.reports.html.HtmlAcceptanceTestReporter - Generating report in b0165cbad8cee2fe1be0ba4892147cd019cebc2439037e9c7c749439d6cee48f.html
17:33:27.917 [pool-2-thread-1] DEBUG net.thucydides.core.reports.html.HtmlAcceptanceTestReporter - Generated report b0165cbad8cee2fe1be0ba4892147cd019cebc2439037e9c7c749439d6cee48f.html in 285 ms
17:33:27.917 [pool-2-thread-1] DEBUG net.thucydides.core.reports.ReportService - Processing test outcome Sanity Apis Merlin Json:prueba done
17:33:27.917 [Test worker] DEBUG net.thucydides.core.reports.ReportService - Shutting down executor service
17:33:27.917 [Test worker] DEBUG net.thucydides.core.reports.ReportService - Reports generated in: 368 ms

1 Scenarios (?[32m1 passed?[0m)
1 Steps (?[32m1 passed?[0m)
0m15,577s

]]></system-out>
  <system-err><![CDATA[]]></system-err>
</testsuite>
