<?xml version="1.0" encoding="UTF-8"?>
<testsuite name="Sanity Merlin Json" tests="1" skipped="0" failures="0" errors="0" timestamp="2022-05-10T15:28:42" hostname="22LAP5CD1195R94" time="204.429">
  <properties/>
  <testcase name="se requiere ejecutar el Json" classname="Sanity Merlin Json" time="204.429"/>
  <system-out><![CDATA[10:28:43.706 [Test worker] DEBUG org.apache.http.impl.conn.BasicClientConnectionManager - Get connection for route {}->http://10.69.42.60:8089
10:28:43.712 [Test worker] DEBUG org.apache.http.impl.conn.DefaultClientConnectionOperator - Connecting to 10.69.42.60:8089
10:28:43.806 [Test worker] DEBUG org.apache.http.client.protocol.RequestAddCookies - CookieSpec selected: ignoreCookies
10:28:43.807 [Test worker] DEBUG org.apache.http.client.protocol.RequestAuthCache - Auth cache not set in the context
10:28:43.807 [Test worker] DEBUG org.apache.http.client.protocol.RequestTargetAuthentication - Target auth state: UNCHALLENGED
10:28:43.808 [Test worker] DEBUG org.apache.http.client.protocol.RequestProxyAuthentication - Proxy auth state: UNCHALLENGED
10:28:43.808 [Test worker] DEBUG org.apache.http.impl.client.DefaultHttpClient - Attempt 1 to execute request
10:28:43.808 [Test worker] DEBUG org.apache.http.impl.conn.DefaultClientConnection - Sending request: POST /api/authenticate-api HTTP/1.1
10:28:43.809 [Test worker] DEBUG org.apache.http.wire -  >> "POST /api/authenticate-api HTTP/1.1[\r][\n]"
10:28:43.810 [Test worker] DEBUG org.apache.http.wire -  >> "Accept: */*[\r][\n]"
10:28:43.810 [Test worker] DEBUG org.apache.http.wire -  >> "Content-Type: application/json; charset=UTF-8[\r][\n]"
10:28:43.810 [Test worker] DEBUG org.apache.http.wire -  >> "Content-Length: 56[\r][\n]"
10:28:43.810 [Test worker] DEBUG org.apache.http.wire -  >> "Host: 10.69.42.60:8089[\r][\n]"
10:28:43.810 [Test worker] DEBUG org.apache.http.wire -  >> "Connection: Keep-Alive[\r][\n]"
10:28:43.810 [Test worker] DEBUG org.apache.http.wire -  >> "User-Agent: Apache-HttpClient/4.5.9 (Java/1.8.0_301)[\r][\n]"
10:28:43.810 [Test worker] DEBUG org.apache.http.wire -  >> "Accept-Encoding: gzip,deflate[\r][\n]"
10:28:43.810 [Test worker] DEBUG org.apache.http.wire -  >> "[\r][\n]"
10:28:43.810 [Test worker] DEBUG org.apache.http.headers - >> POST /api/authenticate-api HTTP/1.1
10:28:43.810 [Test worker] DEBUG org.apache.http.headers - >> Accept: */*
10:28:43.810 [Test worker] DEBUG org.apache.http.headers - >> Content-Type: application/json; charset=UTF-8
10:28:43.810 [Test worker] DEBUG org.apache.http.headers - >> Content-Length: 56
10:28:43.811 [Test worker] DEBUG org.apache.http.headers - >> Host: 10.69.42.60:8089
10:28:43.811 [Test worker] DEBUG org.apache.http.headers - >> Connection: Keep-Alive
10:28:43.811 [Test worker] DEBUG org.apache.http.headers - >> User-Agent: Apache-HttpClient/4.5.9 (Java/1.8.0_301)
10:28:43.811 [Test worker] DEBUG org.apache.http.headers - >> Accept-Encoding: gzip,deflate
10:28:43.811 [Test worker] DEBUG org.apache.http.wire -  >> "{"password":"OrlandoDar.12*","username":"Orlando.Pautt"}"
10:28:43.975 [Test worker] DEBUG org.apache.http.wire -  << "HTTP/1.1 200 [\r][\n]"
10:28:43.976 [Test worker] DEBUG org.apache.http.wire -  << "Vary: Origin[\r][\n]"
10:28:43.976 [Test worker] DEBUG org.apache.http.wire -  << "Vary: Access-Control-Request-Method[\r][\n]"
10:28:43.976 [Test worker] DEBUG org.apache.http.wire -  << "Vary: Access-Control-Request-Headers[\r][\n]"
10:28:43.976 [Test worker] DEBUG org.apache.http.wire -  << "Vary: Origin[\r][\n]"
10:28:43.976 [Test worker] DEBUG org.apache.http.wire -  << "Vary: Access-Control-Request-Method[\r][\n]"
10:28:43.976 [Test worker] DEBUG org.apache.http.wire -  << "Vary: Access-Control-Request-Headers[\r][\n]"
10:28:43.976 [Test worker] DEBUG org.apache.http.wire -  << "X-Content-Type-Options: nosniff[\r][\n]"
10:28:43.976 [Test worker] DEBUG org.apache.http.wire -  << "X-XSS-Protection: 1; mode=block[\r][\n]"
10:28:43.977 [Test worker] DEBUG org.apache.http.wire -  << "Cache-Control: no-cache, no-store, max-age=0, must-revalidate[\r][\n]"
10:28:43.977 [Test worker] DEBUG org.apache.http.wire -  << "Pragma: no-cache[\r][\n]"
10:28:43.977 [Test worker] DEBUG org.apache.http.wire -  << "Expires: 0[\r][\n]"
10:28:43.977 [Test worker] DEBUG org.apache.http.wire -  << "X-Frame-Options: DENY[\r][\n]"
10:28:43.977 [Test worker] DEBUG org.apache.http.wire -  << "Content-Type: application/json[\r][\n]"
10:28:43.977 [Test worker] DEBUG org.apache.http.wire -  << "Transfer-Encoding: chunked[\r][\n]"
10:28:43.977 [Test worker] DEBUG org.apache.http.wire -  << "Date: Tue, 10 May 2022 14:57:24 GMT[\r][\n]"
10:28:43.977 [Test worker] DEBUG org.apache.http.wire -  << "Keep-Alive: timeout=60[\r][\n]"
10:28:43.977 [Test worker] DEBUG org.apache.http.wire -  << "Connection: keep-alive[\r][\n]"
10:28:43.977 [Test worker] DEBUG org.apache.http.wire -  << "[\r][\n]"
10:28:43.978 [Test worker] DEBUG org.apache.http.impl.conn.DefaultClientConnection - Receiving response: HTTP/1.1 200 
10:28:43.978 [Test worker] DEBUG org.apache.http.headers - << HTTP/1.1 200 
10:28:43.978 [Test worker] DEBUG org.apache.http.headers - << Vary: Origin
10:28:43.978 [Test worker] DEBUG org.apache.http.headers - << Vary: Access-Control-Request-Method
10:28:43.978 [Test worker] DEBUG org.apache.http.headers - << Vary: Access-Control-Request-Headers
10:28:43.978 [Test worker] DEBUG org.apache.http.headers - << Vary: Origin
10:28:43.978 [Test worker] DEBUG org.apache.http.headers - << Vary: Access-Control-Request-Method
10:28:43.978 [Test worker] DEBUG org.apache.http.headers - << Vary: Access-Control-Request-Headers
10:28:43.978 [Test worker] DEBUG org.apache.http.headers - << X-Content-Type-Options: nosniff
10:28:43.978 [Test worker] DEBUG org.apache.http.headers - << X-XSS-Protection: 1; mode=block
10:28:43.978 [Test worker] DEBUG org.apache.http.headers - << Cache-Control: no-cache, no-store, max-age=0, must-revalidate
10:28:43.978 [Test worker] DEBUG org.apache.http.headers - << Pragma: no-cache
10:28:43.978 [Test worker] DEBUG org.apache.http.headers - << Expires: 0
10:28:43.978 [Test worker] DEBUG org.apache.http.headers - << X-Frame-Options: DENY
10:28:43.978 [Test worker] DEBUG org.apache.http.headers - << Content-Type: application/json
10:28:43.978 [Test worker] DEBUG org.apache.http.headers - << Transfer-Encoding: chunked
10:28:43.978 [Test worker] DEBUG org.apache.http.headers - << Date: Tue, 10 May 2022 14:57:24 GMT
10:28:43.978 [Test worker] DEBUG org.apache.http.headers - << Keep-Alive: timeout=60
10:28:43.978 [Test worker] DEBUG org.apache.http.headers - << Connection: keep-alive
10:28:43.984 [Test worker] DEBUG org.apache.http.impl.client.DefaultHttpClient - Connection can be kept alive for 60000 MILLISECONDS
10:28:44.002 [Test worker] DEBUG io.restassured.internal.RequestSpecificationImpl$RestAssuredHttpBuilder - Parsing response as: application/json
10:28:44.003 [Test worker] DEBUG io.restassured.internal.RequestSpecificationImpl$RestAssuredHttpBuilder - Parsed data to instance of: class org.apache.http.conn.EofSensorInputStream
10:28:44.086 [Test worker] DEBUG org.apache.http.wire -  << "e6[\r][\n]"
10:28:44.086 [Test worker] DEBUG org.apache.http.wire -  << "{"role":"Automatizador","rights":"automatizar","username":"Orlando.Pautt","token":"eyJhbGciOiJIUzI1NiJ9.eyJzdWIiOiJPcmxhbmRvLlBhdXR0QVBJIiwiZXhwIjoxNjUyMjMwNjQ0LCJpYXQiOjE2NTIxOTQ2NDR9.rW7eHIhorHAGzHwRZGgwnyY3vduL9fhcw7Z7qUhmJh4"}"
10:28:44.087 [Test worker] DEBUG org.apache.http.wire -  << "[\r][\n]"
10:28:44.087 [Test worker] DEBUG org.apache.http.wire -  << "0[\r][\n]"
10:28:44.087 [Test worker] DEBUG org.apache.http.wire -  << "[\r][\n]"
10:28:44.087 [Test worker] DEBUG org.apache.http.impl.conn.BasicClientConnectionManager - Releasing connection org.apache.http.impl.conn.ManagedClientConnectionImpl@1e72917a
10:28:44.087 [Test worker] DEBUG org.apache.http.impl.conn.BasicClientConnectionManager - Connection can be kept alive for 60000 MILLISECONDS
10:28:44.106 [Test worker] DEBUG org.apache.http.impl.conn.BasicClientConnectionManager - Get connection for route {}->http://10.69.42.60:8089
10:28:44.106 [Test worker] DEBUG org.apache.http.impl.conn.DefaultClientConnectionOperator - Connecting to 10.69.42.60:8089
10:28:44.137 [Test worker] DEBUG org.apache.http.client.protocol.RequestAddCookies - CookieSpec selected: ignoreCookies
10:28:44.137 [Test worker] DEBUG org.apache.http.client.protocol.RequestAuthCache - Auth cache not set in the context
10:28:44.137 [Test worker] DEBUG org.apache.http.client.protocol.RequestTargetAuthentication - Target auth state: UNCHALLENGED
10:28:44.137 [Test worker] DEBUG org.apache.http.client.protocol.RequestProxyAuthentication - Proxy auth state: UNCHALLENGED
10:28:44.137 [Test worker] DEBUG org.apache.http.impl.client.DefaultHttpClient - Attempt 1 to execute request
10:28:44.137 [Test worker] DEBUG org.apache.http.impl.conn.DefaultClientConnection - Sending request: POST /api/authenticate-api HTTP/1.1
10:28:44.137 [Test worker] DEBUG org.apache.http.wire -  >> "POST /api/authenticate-api HTTP/1.1[\r][\n]"
10:28:44.137 [Test worker] DEBUG org.apache.http.wire -  >> "Accept: */*[\r][\n]"
10:28:44.137 [Test worker] DEBUG org.apache.http.wire -  >> "Content-Type: application/json; charset=UTF-8[\r][\n]"
10:28:44.138 [Test worker] DEBUG org.apache.http.wire -  >> "Content-Length: 69[\r][\n]"
10:28:44.138 [Test worker] DEBUG org.apache.http.wire -  >> "Host: 10.69.42.60:8089[\r][\n]"
10:28:44.138 [Test worker] DEBUG org.apache.http.wire -  >> "Connection: Keep-Alive[\r][\n]"
10:28:44.138 [Test worker] DEBUG org.apache.http.wire -  >> "User-Agent: Apache-HttpClient/4.5.9 (Java/1.8.0_301)[\r][\n]"
10:28:44.138 [Test worker] DEBUG org.apache.http.wire -  >> "Accept-Encoding: gzip,deflate[\r][\n]"
10:28:44.138 [Test worker] DEBUG org.apache.http.wire -  >> "[\r][\n]"
10:28:44.138 [Test worker] DEBUG org.apache.http.headers - >> POST /api/authenticate-api HTTP/1.1
10:28:44.138 [Test worker] DEBUG org.apache.http.headers - >> Accept: */*
10:28:44.138 [Test worker] DEBUG org.apache.http.headers - >> Content-Type: application/json; charset=UTF-8
10:28:44.138 [Test worker] DEBUG org.apache.http.headers - >> Content-Length: 69
10:28:44.138 [Test worker] DEBUG org.apache.http.headers - >> Host: 10.69.42.60:8089
10:28:44.138 [Test worker] DEBUG org.apache.http.headers - >> Connection: Keep-Alive
10:28:44.138 [Test worker] DEBUG org.apache.http.headers - >> User-Agent: Apache-HttpClient/4.5.9 (Java/1.8.0_301)
10:28:44.138 [Test worker] DEBUG org.apache.http.headers - >> Accept-Encoding: gzip,deflate
10:28:44.138 [Test worker] DEBUG org.apache.http.wire -  >> "{[\n]"
10:28:44.138 [Test worker] DEBUG org.apache.http.wire -  >> "    "username": "Orlando.Pautt",[\n]"
10:28:44.138 [Test worker] DEBUG org.apache.http.wire -  >> "    "password": "OrlandoDar.12*"[\n]"
10:28:44.138 [Test worker] DEBUG org.apache.http.wire -  >> "}"
10:28:44.295 [Test worker] DEBUG org.apache.http.wire -  << "HTTP/1.1 200 [\r][\n]"
10:28:44.295 [Test worker] DEBUG org.apache.http.wire -  << "Vary: Origin[\r][\n]"
10:28:44.295 [Test worker] DEBUG org.apache.http.wire -  << "Vary: Access-Control-Request-Method[\r][\n]"
10:28:44.295 [Test worker] DEBUG org.apache.http.wire -  << "Vary: Access-Control-Request-Headers[\r][\n]"
10:28:44.295 [Test worker] DEBUG org.apache.http.wire -  << "Vary: Origin[\r][\n]"
10:28:44.295 [Test worker] DEBUG org.apache.http.wire -  << "Vary: Access-Control-Request-Method[\r][\n]"
10:28:44.295 [Test worker] DEBUG org.apache.http.wire -  << "Vary: Access-Control-Request-Headers[\r][\n]"
10:28:44.295 [Test worker] DEBUG org.apache.http.wire -  << "X-Content-Type-Options: nosniff[\r][\n]"
10:28:44.295 [Test worker] DEBUG org.apache.http.wire -  << "X-XSS-Protection: 1; mode=block[\r][\n]"
10:28:44.295 [Test worker] DEBUG org.apache.http.wire -  << "Cache-Control: no-cache, no-store, max-age=0, must-revalidate[\r][\n]"
10:28:44.295 [Test worker] DEBUG org.apache.http.wire -  << "Pragma: no-cache[\r][\n]"
10:28:44.295 [Test worker] DEBUG org.apache.http.wire -  << "Expires: 0[\r][\n]"
10:28:44.295 [Test worker] DEBUG org.apache.http.wire -  << "X-Frame-Options: DENY[\r][\n]"
10:28:44.295 [Test worker] DEBUG org.apache.http.wire -  << "Content-Type: application/json[\r][\n]"
10:28:44.295 [Test worker] DEBUG org.apache.http.wire -  << "Transfer-Encoding: chunked[\r][\n]"
10:28:44.295 [Test worker] DEBUG org.apache.http.wire -  << "Date: Tue, 10 May 2022 14:57:24 GMT[\r][\n]"
10:28:44.295 [Test worker] DEBUG org.apache.http.wire -  << "Keep-Alive: timeout=60[\r][\n]"
10:28:44.295 [Test worker] DEBUG org.apache.http.wire -  << "Connection: keep-alive[\r][\n]"
10:28:44.295 [Test worker] DEBUG org.apache.http.wire -  << "[\r][\n]"
10:28:44.295 [Test worker] DEBUG org.apache.http.impl.conn.DefaultClientConnection - Receiving response: HTTP/1.1 200 
10:28:44.296 [Test worker] DEBUG org.apache.http.headers - << HTTP/1.1 200 
10:28:44.296 [Test worker] DEBUG org.apache.http.headers - << Vary: Origin
10:28:44.296 [Test worker] DEBUG org.apache.http.headers - << Vary: Access-Control-Request-Method
10:28:44.296 [Test worker] DEBUG org.apache.http.headers - << Vary: Access-Control-Request-Headers
10:28:44.296 [Test worker] DEBUG org.apache.http.headers - << Vary: Origin
10:28:44.296 [Test worker] DEBUG org.apache.http.headers - << Vary: Access-Control-Request-Method
10:28:44.296 [Test worker] DEBUG org.apache.http.headers - << Vary: Access-Control-Request-Headers
10:28:44.296 [Test worker] DEBUG org.apache.http.headers - << X-Content-Type-Options: nosniff
10:28:44.296 [Test worker] DEBUG org.apache.http.headers - << X-XSS-Protection: 1; mode=block
10:28:44.296 [Test worker] DEBUG org.apache.http.headers - << Cache-Control: no-cache, no-store, max-age=0, must-revalidate
10:28:44.296 [Test worker] DEBUG org.apache.http.headers - << Pragma: no-cache
10:28:44.296 [Test worker] DEBUG org.apache.http.headers - << Expires: 0
10:28:44.296 [Test worker] DEBUG org.apache.http.headers - << X-Frame-Options: DENY
10:28:44.296 [Test worker] DEBUG org.apache.http.headers - << Content-Type: application/json
10:28:44.296 [Test worker] DEBUG org.apache.http.headers - << Transfer-Encoding: chunked
10:28:44.296 [Test worker] DEBUG org.apache.http.headers - << Date: Tue, 10 May 2022 14:57:24 GMT
10:28:44.296 [Test worker] DEBUG org.apache.http.headers - << Keep-Alive: timeout=60
10:28:44.296 [Test worker] DEBUG org.apache.http.headers - << Connection: keep-alive
10:28:44.296 [Test worker] DEBUG org.apache.http.impl.client.DefaultHttpClient - Connection can be kept alive for 60000 MILLISECONDS
10:28:44.296 [Test worker] DEBUG io.restassured.internal.RequestSpecificationImpl$RestAssuredHttpBuilder - Parsing response as: application/json
10:28:44.297 [Test worker] DEBUG io.restassured.internal.RequestSpecificationImpl$RestAssuredHttpBuilder - Parsed data to instance of: class org.apache.http.conn.EofSensorInputStream
10:28:44.298 [Test worker] DEBUG org.apache.http.wire -  << "e6[\r][\n]"
10:28:44.298 [Test worker] DEBUG org.apache.http.wire -  << "{"role":"Automatizador","rights":"automatizar","username":"Orlando.Pautt","token":"eyJhbGciOiJIUzI1NiJ9.eyJzdWIiOiJPcmxhbmRvLlBhdXR0QVBJIiwiZXhwIjoxNjUyMjMwNjQ0LCJpYXQiOjE2NTIxOTQ2NDR9.rW7eHIhorHAGzHwRZGgwnyY3vduL9fhcw7Z7qUhmJh4"}"
10:28:44.298 [Test worker] DEBUG org.apache.http.wire -  << "[\r][\n]"
10:28:44.298 [Test worker] DEBUG org.apache.http.wire -  << "0[\r][\n]"
10:28:44.298 [Test worker] DEBUG org.apache.http.wire -  << "[\r][\n]"
10:28:44.298 [Test worker] DEBUG org.apache.http.impl.conn.BasicClientConnectionManager - Releasing connection org.apache.http.impl.conn.ManagedClientConnectionImpl@7b1ee834
10:28:44.298 [Test worker] DEBUG org.apache.http.impl.conn.BasicClientConnectionManager - Connection can be kept alive for 60000 MILLISECONDS
10:28:44.374 [Finalizer] DEBUG org.apache.http.impl.conn.DefaultClientConnection - Connection 0.0.0.0:62708<->10.69.42.60:8089 closed
10:28:44.374 [Finalizer] DEBUG org.apache.http.impl.conn.DefaultClientConnection - Connection 0.0.0.0:62711<->10.69.42.60:8089 closed
10:28:44.844 [Test worker] DEBUG org.apache.http.impl.conn.BasicClientConnectionManager - Get connection for route {}->http://10.69.42.60:8089
10:28:44.844 [Test worker] DEBUG org.apache.http.impl.conn.DefaultClientConnectionOperator - Connecting to 10.69.42.60:8089
10:28:44.875 [Test worker] DEBUG org.apache.http.client.protocol.RequestAddCookies - CookieSpec selected: ignoreCookies
10:28:44.876 [Test worker] DEBUG org.apache.http.client.protocol.RequestAuthCache - Auth cache not set in the context
10:28:44.876 [Test worker] DEBUG org.apache.http.client.protocol.RequestProxyAuthentication - Proxy auth state: UNCHALLENGED
10:28:44.876 [Test worker] DEBUG org.apache.http.impl.client.DefaultHttpClient - Attempt 1 to execute request
10:28:44.876 [Test worker] DEBUG org.apache.http.impl.conn.DefaultClientConnection - Sending request: POST /api/external-automation HTTP/1.1
10:28:44.876 [Test worker] DEBUG org.apache.http.wire -  >> "POST /api/external-automation HTTP/1.1[\r][\n]"
10:28:44.876 [Test worker] DEBUG org.apache.http.wire -  >> "Authorization: Bearer eyJhbGciOiJIUzI1NiJ9.eyJzdWIiOiJPcmxhbmRvLlBhdXR0QVBJIiwiZXhwIjoxNjUyMjMwNjQ0LCJpYXQiOjE2NTIxOTQ2NDR9.rW7eHIhorHAGzHwRZGgwnyY3vduL9fhcw7Z7qUhmJh4[\r][\n]"
10:28:44.876 [Test worker] DEBUG org.apache.http.wire -  >> "Accept: */*[\r][\n]"
10:28:44.876 [Test worker] DEBUG org.apache.http.wire -  >> "Content-Type: application/json; charset=UTF-8[\r][\n]"
10:28:44.876 [Test worker] DEBUG org.apache.http.wire -  >> "Content-Length: 2809[\r][\n]"
10:28:44.876 [Test worker] DEBUG org.apache.http.wire -  >> "Host: 10.69.42.60:8089[\r][\n]"
10:28:44.876 [Test worker] DEBUG org.apache.http.wire -  >> "Connection: Keep-Alive[\r][\n]"
10:28:44.876 [Test worker] DEBUG org.apache.http.wire -  >> "User-Agent: Apache-HttpClient/4.5.9 (Java/1.8.0_301)[\r][\n]"
10:28:44.876 [Test worker] DEBUG org.apache.http.wire -  >> "Accept-Encoding: gzip,deflate[\r][\n]"
10:28:44.876 [Test worker] DEBUG org.apache.http.wire -  >> "[\r][\n]"
10:28:44.876 [Test worker] DEBUG org.apache.http.headers - >> POST /api/external-automation HTTP/1.1
10:28:44.876 [Test worker] DEBUG org.apache.http.headers - >> Authorization: Bearer eyJhbGciOiJIUzI1NiJ9.eyJzdWIiOiJPcmxhbmRvLlBhdXR0QVBJIiwiZXhwIjoxNjUyMjMwNjQ0LCJpYXQiOjE2NTIxOTQ2NDR9.rW7eHIhorHAGzHwRZGgwnyY3vduL9fhcw7Z7qUhmJh4
10:28:44.876 [Test worker] DEBUG org.apache.http.headers - >> Accept: */*
10:28:44.876 [Test worker] DEBUG org.apache.http.headers - >> Content-Type: application/json; charset=UTF-8
10:28:44.876 [Test worker] DEBUG org.apache.http.headers - >> Content-Length: 2809
10:28:44.876 [Test worker] DEBUG org.apache.http.headers - >> Host: 10.69.42.60:8089
10:28:44.877 [Test worker] DEBUG org.apache.http.headers - >> Connection: Keep-Alive
10:28:44.877 [Test worker] DEBUG org.apache.http.headers - >> User-Agent: Apache-HttpClient/4.5.9 (Java/1.8.0_301)
10:28:44.877 [Test worker] DEBUG org.apache.http.headers - >> Accept-Encoding: gzip,deflate
10:28:44.877 [Test worker] DEBUG org.apache.http.wire -  >> "{[\n]"
10:28:44.877 [Test worker] DEBUG org.apache.http.wire -  >> "    "contentFeature": [[\n]"
10:28:44.878 [Test worker] DEBUG org.apache.http.wire -  >> "        "Feature: Consultar Estado de Linea\n\n   Scenario Outline: Consultar Estado de Line\n\tGiven Deseo navegar a la pagina <urlCrm>\n    And Ingreso rapidamente <userCrm> en el campo \"User\"\n    And Ingreso rapidamente <passCrm> en el campo \"Password\"\n    And Doy click en \"Submit\"\n    And Espero que la pagina cargue\n    When Doy click en \"Consultas\"\n    And Espero que la pagina cargue\n    And Selecciono en el arbol la opcion <postventa>\n    And Selecciono en el arbol la opcion <integral>\n    And Doy click en \"Nueva pantalla unica\"\n    And Espero <tiempoEspera> segundos\n    And Espero que el iFrame \"transaccion crm portal\" cargue\n    And Cargo la pagina interna \"transaccion crm portal\"\n    And Ingreso rapidamente <msisdn> en el campo \"Msisdn\"\n    Then Doy click en \"Buscar\"\n    And Espero que la pagina cargue\n    And Valido que valor del campo \"label tipo\" sea <tipo>\n    And Valido que valor del campo \"estado linea\" sea <estadoLinea>\n\tAnd Doy click en \"Activacion\"\n\tAnd Doy click en \"Impreso HLR\"\n\tAnd Espero <tiempoEsperaFinal> segundos\n\tAnd Modifico el atributo <atributo> del campo \"HLR\" por <valorAtributo>\n\tAnd Capturo con scroll la informacion completa de la pagina\n    And Doy click en \"Prepago\"\n\tAnd Doy click en \"Resumen\"\n\tAnd Espero <tiempoEsperaFinal> segundos\n\tAnd Capturo con scroll la informacion completa de la pagina\n\n Examples:\n|urlCrm|userCrm|passCrm|postventa|integral|tiempoEspera|msisdn|tipo|estadoLinea|tiempoEsperaFinal|atributo|valorAtributo|\n|\"http://10.69.60.140:8280/portal/CRMPortal\"|\"SM1152457543\"|\"Tigo.2020*\"|\"Consulta Posventa\"|\"Consulta Integral\"|\"3\"|\"3015169697\"|\"Prepago\"|\"Activo\"|\"5\"|\"style\"|\"height: 4777px\"|\n"[\n]"
10:28:44.878 [Test worker] DEBUG org.apache.http.wire -  >> "    ],[\n]"
10:28:44.878 [Test worker] DEBUG org.apache.http.wire -  >> "    "nameFeature": [[\n]"
10:28:44.878 [Test worker] DEBUG org.apache.http.wire -  >> "        "ESC001_ Consultar Estado de Linea"[\n]"
10:28:44.878 [Test worker] DEBUG org.apache.http.wire -  >> "    ],[\n]"
10:28:44.878 [Test worker] DEBUG org.apache.http.wire -  >> "    "contentProperties": [[\n]"
10:28:44.878 [Test worker] DEBUG org.apache.http.wire -  >> "        "|User=id:username|Password=id:password|Submit=name:login|Consultas=linkText:Consultas|Nueva pantalla unica=linkText:Nueva Pantalla Unica Clientes|transaccion crm portal=id:iframe|Msisdn=xpath://*[@id='j_id15:j_id26']|Buscar=//*[@id='j_id15:j_id27']|label tipo=id:j_id135:j_id166|estado linea=//*[@id='j_id135:j_id183']|Activacion=id:j_id373:menu:j_id374:j_id421|Impreso HLR=id:j_id373:menu:j_id374:j_id421:j_id424:icn|HLR=//textarea[@class='iceInpTxtArea' and contains(.,'HLR')]|Prepago=id:j_id373:menu:j_id374:j_id376|Resumen=id:j_id373:menu:j_id374:j_id376:j_id377:icn|"[\n]"
10:28:44.878 [Test worker] DEBUG org.apache.http.wire -  >> "    ],[\n]"
10:28:44.878 [Test worker] DEBUG org.apache.http.wire -  >> "    "allowsTrace": "0",[\n]"
10:28:44.878 [Test worker] DEBUG org.apache.http.wire -  >> "    "browser": "chrome",[\n]"
10:28:44.878 [Test worker] DEBUG org.apache.http.wire -  >> "    "aplicationType": [[\n]"
10:28:44.878 [Test worker] DEBUG org.apache.http.wire -  >> "        "Web"[\n]"
10:28:44.878 [Test worker] DEBUG org.apache.http.wire -  >> "    ],[\n]"
10:28:44.878 [Test worker] DEBUG org.apache.http.wire -  >> "    "aplication": [[\n]"
10:28:44.878 [Test worker] DEBUG org.apache.http.wire -  >> "        "CRM"[\n]"
10:28:44.878 [Test worker] DEBUG org.apache.http.wire -  >> "    ],[\n]"
10:28:44.878 [Test worker] DEBUG org.apache.http.wire -  >> "    "process": [[\n]"
10:28:44.878 [Test worker] DEBUG org.apache.http.wire -  >> "        " Consultar Estado de Linea"[\n]"
10:28:44.878 [Test worker] DEBUG org.apache.http.wire -  >> "    ],[\n]"
10:28:44.878 [Test worker] DEBUG org.apache.http.wire -  >> "    "iterations": [[\n]"
10:28:44.878 [Test worker] DEBUG org.apache.http.wire -  >> "        1[\n]"
10:28:44.878 [Test worker] DEBUG org.apache.http.wire -  >> "    ],[\n]"
10:28:44.878 [Test worker] DEBUG org.apache.http.wire -  >> "    "appTypeToValidate": [[\n]"
10:28:44.878 [Test worker] DEBUG org.apache.http.wire -  >> "        "1"[\n]"
10:28:44.878 [Test worker] DEBUG org.apache.http.wire -  >> "    ],[\n]"
10:28:44.878 [Test worker] DEBUG org.apache.http.wire -  >> "    "testError": false,[\n]"
10:28:44.878 [Test worker] DEBUG org.apache.http.wire -  >> "    "stopExecution":false[\n]"
10:28:44.878 [Test worker] DEBUG org.apache.http.wire -  >> "}"
10:28:44.936 [Test worker] DEBUG org.apache.http.wire -  << "HTTP/1.1 200 [\r][\n]"
10:28:44.936 [Test worker] DEBUG org.apache.http.wire -  << "Vary: Origin[\r][\n]"
10:28:44.936 [Test worker] DEBUG org.apache.http.wire -  << "Vary: Access-Control-Request-Method[\r][\n]"
10:28:44.936 [Test worker] DEBUG org.apache.http.wire -  << "Vary: Access-Control-Request-Headers[\r][\n]"
10:28:44.937 [Test worker] DEBUG org.apache.http.wire -  << "X-Content-Type-Options: nosniff[\r][\n]"
10:28:44.937 [Test worker] DEBUG org.apache.http.wire -  << "X-XSS-Protection: 1; mode=block[\r][\n]"
10:28:44.937 [Test worker] DEBUG org.apache.http.wire -  << "Cache-Control: no-cache, no-store, max-age=0, must-revalidate[\r][\n]"
10:28:44.937 [Test worker] DEBUG org.apache.http.wire -  << "Pragma: no-cache[\r][\n]"
10:28:44.937 [Test worker] DEBUG org.apache.http.wire -  << "Expires: 0[\r][\n]"
10:28:44.937 [Test worker] DEBUG org.apache.http.wire -  << "X-Frame-Options: DENY[\r][\n]"
10:28:44.937 [Test worker] DEBUG org.apache.http.wire -  << "Content-Type: application/json[\r][\n]"
10:28:44.937 [Test worker] DEBUG org.apache.http.wire -  << "Transfer-Encoding: chunked[\r][\n]"
10:28:44.937 [Test worker] DEBUG org.apache.http.wire -  << "Date: Tue, 10 May 2022 14:57:24 GMT[\r][\n]"
10:28:44.937 [Test worker] DEBUG org.apache.http.wire -  << "Keep-Alive: timeout=60[\r][\n]"
10:28:44.937 [Test worker] DEBUG org.apache.http.wire -  << "Connection: keep-alive[\r][\n]"
10:28:44.937 [Test worker] DEBUG org.apache.http.wire -  << "[\r][\n]"
10:28:44.937 [Test worker] DEBUG org.apache.http.impl.conn.DefaultClientConnection - Receiving response: HTTP/1.1 200 
10:28:44.937 [Test worker] DEBUG org.apache.http.headers - << HTTP/1.1 200 
10:28:44.937 [Test worker] DEBUG org.apache.http.headers - << Vary: Origin
10:28:44.937 [Test worker] DEBUG org.apache.http.headers - << Vary: Access-Control-Request-Method
10:28:44.937 [Test worker] DEBUG org.apache.http.headers - << Vary: Access-Control-Request-Headers
10:28:44.937 [Test worker] DEBUG org.apache.http.headers - << X-Content-Type-Options: nosniff
10:28:44.937 [Test worker] DEBUG org.apache.http.headers - << X-XSS-Protection: 1; mode=block
10:28:44.937 [Test worker] DEBUG org.apache.http.headers - << Cache-Control: no-cache, no-store, max-age=0, must-revalidate
10:28:44.937 [Test worker] DEBUG org.apache.http.headers - << Pragma: no-cache
10:28:44.937 [Test worker] DEBUG org.apache.http.headers - << Expires: 0
10:28:44.937 [Test worker] DEBUG org.apache.http.headers - << X-Frame-Options: DENY
10:28:44.937 [Test worker] DEBUG org.apache.http.headers - << Content-Type: application/json
10:28:44.937 [Test worker] DEBUG org.apache.http.headers - << Transfer-Encoding: chunked
10:28:44.937 [Test worker] DEBUG org.apache.http.headers - << Date: Tue, 10 May 2022 14:57:24 GMT
10:28:44.937 [Test worker] DEBUG org.apache.http.headers - << Keep-Alive: timeout=60
10:28:44.938 [Test worker] DEBUG org.apache.http.headers - << Connection: keep-alive
10:28:44.938 [Test worker] DEBUG org.apache.http.impl.client.DefaultHttpClient - Connection can be kept alive for 60000 MILLISECONDS
10:28:44.938 [Test worker] DEBUG io.restassured.internal.RequestSpecificationImpl$RestAssuredHttpBuilder - Parsing response as: application/json
10:28:44.938 [Test worker] DEBUG io.restassured.internal.RequestSpecificationImpl$RestAssuredHttpBuilder - Parsed data to instance of: class org.apache.http.conn.EofSensorInputStream
10:28:44.939 [Test worker] DEBUG org.apache.http.wire -  << "35[\r][\n]"
10:28:44.939 [Test worker] DEBUG org.apache.http.wire -  << "{"idexecution":"12474","message":"Execution Pending"}"
10:28:44.939 [Test worker] DEBUG org.apache.http.wire -  << "[\r][\n]"
10:28:44.939 [Test worker] DEBUG org.apache.http.wire -  << "0[\r][\n]"
10:28:44.939 [Test worker] DEBUG org.apache.http.wire -  << "[\r][\n]"
10:28:44.939 [Test worker] DEBUG org.apache.http.impl.conn.BasicClientConnectionManager - Releasing connection org.apache.http.impl.conn.ManagedClientConnectionImpl@78613537
10:28:44.939 [Test worker] DEBUG org.apache.http.impl.conn.BasicClientConnectionManager - Connection can be kept alive for 60000 MILLISECONDS
10:28:44.992 [Test worker] DEBUG org.apache.http.impl.conn.BasicClientConnectionManager - Get connection for route {}->http://10.69.42.60:8089
10:28:44.992 [Test worker] DEBUG org.apache.http.impl.conn.DefaultClientConnectionOperator - Connecting to 10.69.42.60:8089
10:28:45.025 [Test worker] DEBUG org.apache.http.client.protocol.RequestAddCookies - CookieSpec selected: ignoreCookies
10:28:45.025 [Test worker] DEBUG org.apache.http.client.protocol.RequestAuthCache - Auth cache not set in the context
10:28:45.025 [Test worker] DEBUG org.apache.http.client.protocol.RequestProxyAuthentication - Proxy auth state: UNCHALLENGED
10:28:45.025 [Test worker] DEBUG org.apache.http.impl.client.DefaultHttpClient - Attempt 1 to execute request
10:28:45.025 [Test worker] DEBUG org.apache.http.impl.conn.DefaultClientConnection - Sending request: GET /api/execution-result?idexecution=12474 HTTP/1.1
10:28:45.025 [Test worker] DEBUG org.apache.http.wire -  >> "GET /api/execution-result?idexecution=12474 HTTP/1.1[\r][\n]"
10:28:45.025 [Test worker] DEBUG org.apache.http.wire -  >> "Content-Type: application/json; charset=UTF-8[\r][\n]"
10:28:45.025 [Test worker] DEBUG org.apache.http.wire -  >> "Authorization: Bearer eyJhbGciOiJIUzI1NiJ9.eyJzdWIiOiJPcmxhbmRvLlBhdXR0QVBJIiwiZXhwIjoxNjUyMjMwNjQ0LCJpYXQiOjE2NTIxOTQ2NDR9.rW7eHIhorHAGzHwRZGgwnyY3vduL9fhcw7Z7qUhmJh4[\r][\n]"
10:28:45.025 [Test worker] DEBUG org.apache.http.wire -  >> "Accept: */*[\r][\n]"
10:28:45.025 [Test worker] DEBUG org.apache.http.wire -  >> "Host: 10.69.42.60:8089[\r][\n]"
10:28:45.025 [Test worker] DEBUG org.apache.http.wire -  >> "Connection: Keep-Alive[\r][\n]"
10:28:45.025 [Test worker] DEBUG org.apache.http.wire -  >> "User-Agent: Apache-HttpClient/4.5.9 (Java/1.8.0_301)[\r][\n]"
10:28:45.025 [Test worker] DEBUG org.apache.http.wire -  >> "Accept-Encoding: gzip,deflate[\r][\n]"
10:28:45.025 [Test worker] DEBUG org.apache.http.wire -  >> "[\r][\n]"
10:28:45.025 [Test worker] DEBUG org.apache.http.headers - >> GET /api/execution-result?idexecution=12474 HTTP/1.1
10:28:45.025 [Test worker] DEBUG org.apache.http.headers - >> Content-Type: application/json; charset=UTF-8
10:28:45.025 [Test worker] DEBUG org.apache.http.headers - >> Authorization: Bearer eyJhbGciOiJIUzI1NiJ9.eyJzdWIiOiJPcmxhbmRvLlBhdXR0QVBJIiwiZXhwIjoxNjUyMjMwNjQ0LCJpYXQiOjE2NTIxOTQ2NDR9.rW7eHIhorHAGzHwRZGgwnyY3vduL9fhcw7Z7qUhmJh4
10:28:45.025 [Test worker] DEBUG org.apache.http.headers - >> Accept: */*
10:28:45.025 [Test worker] DEBUG org.apache.http.headers - >> Host: 10.69.42.60:8089
10:28:45.025 [Test worker] DEBUG org.apache.http.headers - >> Connection: Keep-Alive
10:28:45.025 [Test worker] DEBUG org.apache.http.headers - >> User-Agent: Apache-HttpClient/4.5.9 (Java/1.8.0_301)
10:28:45.025 [Test worker] DEBUG org.apache.http.headers - >> Accept-Encoding: gzip,deflate
10:28:45.070 [Test worker] DEBUG org.apache.http.wire -  << "HTTP/1.1 200 [\r][\n]"
10:28:45.070 [Test worker] DEBUG org.apache.http.wire -  << "Vary: Origin[\r][\n]"
10:28:45.070 [Test worker] DEBUG org.apache.http.wire -  << "Vary: Access-Control-Request-Method[\r][\n]"
10:28:45.070 [Test worker] DEBUG org.apache.http.wire -  << "Vary: Access-Control-Request-Headers[\r][\n]"
10:28:45.070 [Test worker] DEBUG org.apache.http.wire -  << "Vary: Origin[\r][\n]"
10:28:45.070 [Test worker] DEBUG org.apache.http.wire -  << "Vary: Access-Control-Request-Method[\r][\n]"
10:28:45.070 [Test worker] DEBUG org.apache.http.wire -  << "Vary: Access-Control-Request-Headers[\r][\n]"
10:28:45.070 [Test worker] DEBUG org.apache.http.wire -  << "X-Content-Type-Options: nosniff[\r][\n]"
10:28:45.070 [Test worker] DEBUG org.apache.http.wire -  << "X-XSS-Protection: 1; mode=block[\r][\n]"
10:28:45.070 [Test worker] DEBUG org.apache.http.wire -  << "Cache-Control: no-cache, no-store, max-age=0, must-revalidate[\r][\n]"
10:28:45.070 [Test worker] DEBUG org.apache.http.wire -  << "Pragma: no-cache[\r][\n]"
10:28:45.070 [Test worker] DEBUG org.apache.http.wire -  << "Expires: 0[\r][\n]"
10:28:45.070 [Test worker] DEBUG org.apache.http.wire -  << "X-Frame-Options: DENY[\r][\n]"
10:28:45.070 [Test worker] DEBUG org.apache.http.wire -  << "Content-Type: application/json[\r][\n]"
10:28:45.070 [Test worker] DEBUG org.apache.http.wire -  << "Transfer-Encoding: chunked[\r][\n]"
10:28:45.070 [Test worker] DEBUG org.apache.http.wire -  << "Date: Tue, 10 May 2022 14:57:25 GMT[\r][\n]"
10:28:45.070 [Test worker] DEBUG org.apache.http.wire -  << "Keep-Alive: timeout=60[\r][\n]"
10:28:45.070 [Test worker] DEBUG org.apache.http.wire -  << "Connection: keep-alive[\r][\n]"
10:28:45.070 [Test worker] DEBUG org.apache.http.wire -  << "[\r][\n]"
10:28:45.070 [Test worker] DEBUG org.apache.http.impl.conn.DefaultClientConnection - Receiving response: HTTP/1.1 200 
10:28:45.070 [Test worker] DEBUG org.apache.http.headers - << HTTP/1.1 200 
10:28:45.070 [Test worker] DEBUG org.apache.http.headers - << Vary: Origin
10:28:45.071 [Test worker] DEBUG org.apache.http.headers - << Vary: Access-Control-Request-Method
10:28:45.071 [Test worker] DEBUG org.apache.http.headers - << Vary: Access-Control-Request-Headers
10:28:45.071 [Test worker] DEBUG org.apache.http.headers - << Vary: Origin
10:28:45.071 [Test worker] DEBUG org.apache.http.headers - << Vary: Access-Control-Request-Method
10:28:45.071 [Test worker] DEBUG org.apache.http.headers - << Vary: Access-Control-Request-Headers
10:28:45.071 [Test worker] DEBUG org.apache.http.headers - << X-Content-Type-Options: nosniff
10:28:45.071 [Test worker] DEBUG org.apache.http.headers - << X-XSS-Protection: 1; mode=block
10:28:45.071 [Test worker] DEBUG org.apache.http.headers - << Cache-Control: no-cache, no-store, max-age=0, must-revalidate
10:28:45.071 [Test worker] DEBUG org.apache.http.headers - << Pragma: no-cache
10:28:45.071 [Test worker] DEBUG org.apache.http.headers - << Expires: 0
10:28:45.071 [Test worker] DEBUG org.apache.http.headers - << X-Frame-Options: DENY
10:28:45.071 [Test worker] DEBUG org.apache.http.headers - << Content-Type: application/json
10:28:45.071 [Test worker] DEBUG org.apache.http.headers - << Transfer-Encoding: chunked
10:28:45.071 [Test worker] DEBUG org.apache.http.headers - << Date: Tue, 10 May 2022 14:57:25 GMT
10:28:45.071 [Test worker] DEBUG org.apache.http.headers - << Keep-Alive: timeout=60
10:28:45.071 [Test worker] DEBUG org.apache.http.headers - << Connection: keep-alive
10:28:45.071 [Test worker] DEBUG org.apache.http.impl.client.DefaultHttpClient - Connection can be kept alive for 60000 MILLISECONDS
10:28:45.071 [Test worker] DEBUG io.restassured.internal.RequestSpecificationImpl$RestAssuredHttpBuilder - Parsing response as: application/json
10:28:45.071 [Test worker] DEBUG io.restassured.internal.RequestSpecificationImpl$RestAssuredHttpBuilder - Parsed data to instance of: class org.apache.http.conn.EofSensorInputStream
10:28:45.072 [Test worker] DEBUG org.apache.http.wire -  << "34[\r][\n]"
10:28:45.073 [Test worker] DEBUG org.apache.http.wire -  << "{"result":"Pendiente","executionStatus":"Pendiente"}"
10:28:45.073 [Test worker] DEBUG org.apache.http.wire -  << "[\r][\n]"
10:28:45.073 [Test worker] DEBUG org.apache.http.wire -  << "0[\r][\n]"
10:28:45.073 [Test worker] DEBUG org.apache.http.wire -  << "[\r][\n]"
10:28:45.073 [Test worker] DEBUG org.apache.http.impl.conn.BasicClientConnectionManager - Releasing connection org.apache.http.impl.conn.ManagedClientConnectionImpl@3cfca3ce
10:28:45.073 [Test worker] DEBUG org.apache.http.impl.conn.BasicClientConnectionManager - Connection can be kept alive for 60000 MILLISECONDS
10:29:05.104 [Test worker] DEBUG org.apache.http.impl.conn.BasicClientConnectionManager - Get connection for route {}->http://10.69.42.60:8089
10:29:05.104 [Test worker] DEBUG org.apache.http.impl.conn.DefaultClientConnectionOperator - Connecting to 10.69.42.60:8089
10:29:05.139 [Test worker] DEBUG org.apache.http.client.protocol.RequestAddCookies - CookieSpec selected: ignoreCookies
10:29:05.139 [Test worker] DEBUG org.apache.http.client.protocol.RequestAuthCache - Auth cache not set in the context
10:29:05.139 [Test worker] DEBUG org.apache.http.client.protocol.RequestProxyAuthentication - Proxy auth state: UNCHALLENGED
10:29:05.139 [Test worker] DEBUG org.apache.http.impl.client.DefaultHttpClient - Attempt 1 to execute request
10:29:05.139 [Test worker] DEBUG org.apache.http.impl.conn.DefaultClientConnection - Sending request: GET /api/execution-result?idexecution=12474 HTTP/1.1
10:29:05.139 [Test worker] DEBUG org.apache.http.wire -  >> "GET /api/execution-result?idexecution=12474 HTTP/1.1[\r][\n]"
10:29:05.139 [Test worker] DEBUG org.apache.http.wire -  >> "Content-Type: application/json; charset=UTF-8[\r][\n]"
10:29:05.139 [Test worker] DEBUG org.apache.http.wire -  >> "Authorization: Bearer eyJhbGciOiJIUzI1NiJ9.eyJzdWIiOiJPcmxhbmRvLlBhdXR0QVBJIiwiZXhwIjoxNjUyMjMwNjQ0LCJpYXQiOjE2NTIxOTQ2NDR9.rW7eHIhorHAGzHwRZGgwnyY3vduL9fhcw7Z7qUhmJh4[\r][\n]"
10:29:05.139 [Test worker] DEBUG org.apache.http.wire -  >> "Accept: */*[\r][\n]"
10:29:05.139 [Test worker] DEBUG org.apache.http.wire -  >> "Host: 10.69.42.60:8089[\r][\n]"
10:29:05.139 [Test worker] DEBUG org.apache.http.wire -  >> "Connection: Keep-Alive[\r][\n]"
10:29:05.139 [Test worker] DEBUG org.apache.http.wire -  >> "User-Agent: Apache-HttpClient/4.5.9 (Java/1.8.0_301)[\r][\n]"
10:29:05.139 [Test worker] DEBUG org.apache.http.wire -  >> "Accept-Encoding: gzip,deflate[\r][\n]"
10:29:05.139 [Test worker] DEBUG org.apache.http.wire -  >> "[\r][\n]"
10:29:05.140 [Test worker] DEBUG org.apache.http.headers - >> GET /api/execution-result?idexecution=12474 HTTP/1.1
10:29:05.140 [Test worker] DEBUG org.apache.http.headers - >> Content-Type: application/json; charset=UTF-8
10:29:05.140 [Test worker] DEBUG org.apache.http.headers - >> Authorization: Bearer eyJhbGciOiJIUzI1NiJ9.eyJzdWIiOiJPcmxhbmRvLlBhdXR0QVBJIiwiZXhwIjoxNjUyMjMwNjQ0LCJpYXQiOjE2NTIxOTQ2NDR9.rW7eHIhorHAGzHwRZGgwnyY3vduL9fhcw7Z7qUhmJh4
10:29:05.140 [Test worker] DEBUG org.apache.http.headers - >> Accept: */*
10:29:05.140 [Test worker] DEBUG org.apache.http.headers - >> Host: 10.69.42.60:8089
10:29:05.140 [Test worker] DEBUG org.apache.http.headers - >> Connection: Keep-Alive
10:29:05.140 [Test worker] DEBUG org.apache.http.headers - >> User-Agent: Apache-HttpClient/4.5.9 (Java/1.8.0_301)
10:29:05.140 [Test worker] DEBUG org.apache.http.headers - >> Accept-Encoding: gzip,deflate
10:29:05.195 [Test worker] DEBUG org.apache.http.wire -  << "HTTP/1.1 200 [\r][\n]"
10:29:05.195 [Test worker] DEBUG org.apache.http.wire -  << "Vary: Origin[\r][\n]"
10:29:05.195 [Test worker] DEBUG org.apache.http.wire -  << "Vary: Access-Control-Request-Method[\r][\n]"
10:29:05.195 [Test worker] DEBUG org.apache.http.wire -  << "Vary: Access-Control-Request-Headers[\r][\n]"
10:29:05.195 [Test worker] DEBUG org.apache.http.wire -  << "Vary: Origin[\r][\n]"
10:29:05.195 [Test worker] DEBUG org.apache.http.wire -  << "Vary: Access-Control-Request-Method[\r][\n]"
10:29:05.195 [Test worker] DEBUG org.apache.http.wire -  << "Vary: Access-Control-Request-Headers[\r][\n]"
10:29:05.195 [Test worker] DEBUG org.apache.http.wire -  << "X-Content-Type-Options: nosniff[\r][\n]"
10:29:05.195 [Test worker] DEBUG org.apache.http.wire -  << "X-XSS-Protection: 1; mode=block[\r][\n]"
10:29:05.195 [Test worker] DEBUG org.apache.http.wire -  << "Cache-Control: no-cache, no-store, max-age=0, must-revalidate[\r][\n]"
10:29:05.195 [Test worker] DEBUG org.apache.http.wire -  << "Pragma: no-cache[\r][\n]"
10:29:05.195 [Test worker] DEBUG org.apache.http.wire -  << "Expires: 0[\r][\n]"
10:29:05.195 [Test worker] DEBUG org.apache.http.wire -  << "X-Frame-Options: DENY[\r][\n]"
10:29:05.195 [Test worker] DEBUG org.apache.http.wire -  << "Content-Type: application/json[\r][\n]"
10:29:05.195 [Test worker] DEBUG org.apache.http.wire -  << "Transfer-Encoding: chunked[\r][\n]"
10:29:05.195 [Test worker] DEBUG org.apache.http.wire -  << "Date: Tue, 10 May 2022 14:57:45 GMT[\r][\n]"
10:29:05.196 [Test worker] DEBUG org.apache.http.wire -  << "Keep-Alive: timeout=60[\r][\n]"
10:29:05.196 [Test worker] DEBUG org.apache.http.wire -  << "Connection: keep-alive[\r][\n]"
10:29:05.196 [Test worker] DEBUG org.apache.http.wire -  << "[\r][\n]"
10:29:05.196 [Test worker] DEBUG org.apache.http.impl.conn.DefaultClientConnection - Receiving response: HTTP/1.1 200 
10:29:05.196 [Test worker] DEBUG org.apache.http.headers - << HTTP/1.1 200 
10:29:05.196 [Test worker] DEBUG org.apache.http.headers - << Vary: Origin
10:29:05.196 [Test worker] DEBUG org.apache.http.headers - << Vary: Access-Control-Request-Method
10:29:05.196 [Test worker] DEBUG org.apache.http.headers - << Vary: Access-Control-Request-Headers
10:29:05.196 [Test worker] DEBUG org.apache.http.headers - << Vary: Origin
10:29:05.196 [Test worker] DEBUG org.apache.http.headers - << Vary: Access-Control-Request-Method
10:29:05.196 [Test worker] DEBUG org.apache.http.headers - << Vary: Access-Control-Request-Headers
10:29:05.196 [Test worker] DEBUG org.apache.http.headers - << X-Content-Type-Options: nosniff
10:29:05.196 [Test worker] DEBUG org.apache.http.headers - << X-XSS-Protection: 1; mode=block
10:29:05.196 [Test worker] DEBUG org.apache.http.headers - << Cache-Control: no-cache, no-store, max-age=0, must-revalidate
10:29:05.196 [Test worker] DEBUG org.apache.http.headers - << Pragma: no-cache
10:29:05.196 [Test worker] DEBUG org.apache.http.headers - << Expires: 0
10:29:05.196 [Test worker] DEBUG org.apache.http.headers - << X-Frame-Options: DENY
10:29:05.196 [Test worker] DEBUG org.apache.http.headers - << Content-Type: application/json
10:29:05.196 [Test worker] DEBUG org.apache.http.headers - << Transfer-Encoding: chunked
10:29:05.196 [Test worker] DEBUG org.apache.http.headers - << Date: Tue, 10 May 2022 14:57:45 GMT
10:29:05.196 [Test worker] DEBUG org.apache.http.headers - << Keep-Alive: timeout=60
10:29:05.196 [Test worker] DEBUG org.apache.http.headers - << Connection: keep-alive
10:29:05.196 [Test worker] DEBUG org.apache.http.impl.client.DefaultHttpClient - Connection can be kept alive for 60000 MILLISECONDS
10:29:05.196 [Test worker] DEBUG io.restassured.internal.RequestSpecificationImpl$RestAssuredHttpBuilder - Parsing response as: application/json
10:29:05.197 [Test worker] DEBUG io.restassured.internal.RequestSpecificationImpl$RestAssuredHttpBuilder - Parsed data to instance of: class org.apache.http.conn.EofSensorInputStream
10:29:05.197 [Test worker] DEBUG org.apache.http.wire -  << "34[\r][\n]"
10:29:05.197 [Test worker] DEBUG org.apache.http.wire -  << "{"result":"Pendiente","executionStatus":"Pendiente"}"
10:29:05.197 [Test worker] DEBUG org.apache.http.wire -  << "[\r][\n]"
10:29:05.197 [Test worker] DEBUG org.apache.http.wire -  << "0[\r][\n]"
10:29:05.197 [Test worker] DEBUG org.apache.http.wire -  << "[\r][\n]"
10:29:05.197 [Test worker] DEBUG org.apache.http.impl.conn.BasicClientConnectionManager - Releasing connection org.apache.http.impl.conn.ManagedClientConnectionImpl@211821ed
10:29:05.197 [Test worker] DEBUG org.apache.http.impl.conn.BasicClientConnectionManager - Connection can be kept alive for 60000 MILLISECONDS
10:29:25.226 [Test worker] DEBUG org.apache.http.impl.conn.BasicClientConnectionManager - Get connection for route {}->http://10.69.42.60:8089
10:29:25.226 [Test worker] DEBUG org.apache.http.impl.conn.DefaultClientConnectionOperator - Connecting to 10.69.42.60:8089
10:29:25.257 [Test worker] DEBUG org.apache.http.client.protocol.RequestAddCookies - CookieSpec selected: ignoreCookies
10:29:25.257 [Test worker] DEBUG org.apache.http.client.protocol.RequestAuthCache - Auth cache not set in the context
10:29:25.257 [Test worker] DEBUG org.apache.http.client.protocol.RequestProxyAuthentication - Proxy auth state: UNCHALLENGED
10:29:25.257 [Test worker] DEBUG org.apache.http.impl.client.DefaultHttpClient - Attempt 1 to execute request
10:29:25.257 [Test worker] DEBUG org.apache.http.impl.conn.DefaultClientConnection - Sending request: GET /api/execution-result?idexecution=12474 HTTP/1.1
10:29:25.257 [Test worker] DEBUG org.apache.http.wire -  >> "GET /api/execution-result?idexecution=12474 HTTP/1.1[\r][\n]"
10:29:25.257 [Test worker] DEBUG org.apache.http.wire -  >> "Content-Type: application/json; charset=UTF-8[\r][\n]"
10:29:25.257 [Test worker] DEBUG org.apache.http.wire -  >> "Authorization: Bearer eyJhbGciOiJIUzI1NiJ9.eyJzdWIiOiJPcmxhbmRvLlBhdXR0QVBJIiwiZXhwIjoxNjUyMjMwNjQ0LCJpYXQiOjE2NTIxOTQ2NDR9.rW7eHIhorHAGzHwRZGgwnyY3vduL9fhcw7Z7qUhmJh4[\r][\n]"
10:29:25.257 [Test worker] DEBUG org.apache.http.wire -  >> "Accept: */*[\r][\n]"
10:29:25.258 [Test worker] DEBUG org.apache.http.wire -  >> "Host: 10.69.42.60:8089[\r][\n]"
10:29:25.258 [Test worker] DEBUG org.apache.http.wire -  >> "Connection: Keep-Alive[\r][\n]"
10:29:25.258 [Test worker] DEBUG org.apache.http.wire -  >> "User-Agent: Apache-HttpClient/4.5.9 (Java/1.8.0_301)[\r][\n]"
10:29:25.258 [Test worker] DEBUG org.apache.http.wire -  >> "Accept-Encoding: gzip,deflate[\r][\n]"
10:29:25.258 [Test worker] DEBUG org.apache.http.wire -  >> "[\r][\n]"
10:29:25.258 [Test worker] DEBUG org.apache.http.headers - >> GET /api/execution-result?idexecution=12474 HTTP/1.1
10:29:25.258 [Test worker] DEBUG org.apache.http.headers - >> Content-Type: application/json; charset=UTF-8
10:29:25.258 [Test worker] DEBUG org.apache.http.headers - >> Authorization: Bearer eyJhbGciOiJIUzI1NiJ9.eyJzdWIiOiJPcmxhbmRvLlBhdXR0QVBJIiwiZXhwIjoxNjUyMjMwNjQ0LCJpYXQiOjE2NTIxOTQ2NDR9.rW7eHIhorHAGzHwRZGgwnyY3vduL9fhcw7Z7qUhmJh4
10:29:25.258 [Test worker] DEBUG org.apache.http.headers - >> Accept: */*
10:29:25.258 [Test worker] DEBUG org.apache.http.headers - >> Host: 10.69.42.60:8089
10:29:25.258 [Test worker] DEBUG org.apache.http.headers - >> Connection: Keep-Alive
10:29:25.258 [Test worker] DEBUG org.apache.http.headers - >> User-Agent: Apache-HttpClient/4.5.9 (Java/1.8.0_301)
10:29:25.258 [Test worker] DEBUG org.apache.http.headers - >> Accept-Encoding: gzip,deflate
10:29:25.306 [Test worker] DEBUG org.apache.http.wire -  << "HTTP/1.1 200 [\r][\n]"
10:29:25.306 [Test worker] DEBUG org.apache.http.wire -  << "Vary: Origin[\r][\n]"
10:29:25.306 [Test worker] DEBUG org.apache.http.wire -  << "Vary: Access-Control-Request-Method[\r][\n]"
10:29:25.306 [Test worker] DEBUG org.apache.http.wire -  << "Vary: Access-Control-Request-Headers[\r][\n]"
10:29:25.306 [Test worker] DEBUG org.apache.http.wire -  << "Vary: Origin[\r][\n]"
10:29:25.306 [Test worker] DEBUG org.apache.http.wire -  << "Vary: Access-Control-Request-Method[\r][\n]"
10:29:25.306 [Test worker] DEBUG org.apache.http.wire -  << "Vary: Access-Control-Request-Headers[\r][\n]"
10:29:25.306 [Test worker] DEBUG org.apache.http.wire -  << "X-Content-Type-Options: nosniff[\r][\n]"
10:29:25.306 [Test worker] DEBUG org.apache.http.wire -  << "X-XSS-Protection: 1; mode=block[\r][\n]"
10:29:25.306 [Test worker] DEBUG org.apache.http.wire -  << "Cache-Control: no-cache, no-store, max-age=0, must-revalidate[\r][\n]"
10:29:25.306 [Test worker] DEBUG org.apache.http.wire -  << "Pragma: no-cache[\r][\n]"
10:29:25.306 [Test worker] DEBUG org.apache.http.wire -  << "Expires: 0[\r][\n]"
10:29:25.306 [Test worker] DEBUG org.apache.http.wire -  << "X-Frame-Options: DENY[\r][\n]"
10:29:25.306 [Test worker] DEBUG org.apache.http.wire -  << "Content-Type: application/json[\r][\n]"
10:29:25.306 [Test worker] DEBUG org.apache.http.wire -  << "Transfer-Encoding: chunked[\r][\n]"
10:29:25.306 [Test worker] DEBUG org.apache.http.wire -  << "Date: Tue, 10 May 2022 14:58:05 GMT[\r][\n]"
10:29:25.306 [Test worker] DEBUG org.apache.http.wire -  << "Keep-Alive: timeout=60[\r][\n]"
10:29:25.306 [Test worker] DEBUG org.apache.http.wire -  << "Connection: keep-alive[\r][\n]"
10:29:25.306 [Test worker] DEBUG org.apache.http.wire -  << "[\r][\n]"
10:29:25.306 [Test worker] DEBUG org.apache.http.impl.conn.DefaultClientConnection - Receiving response: HTTP/1.1 200 
10:29:25.306 [Test worker] DEBUG org.apache.http.headers - << HTTP/1.1 200 
10:29:25.306 [Test worker] DEBUG org.apache.http.headers - << Vary: Origin
10:29:25.306 [Test worker] DEBUG org.apache.http.headers - << Vary: Access-Control-Request-Method
10:29:25.306 [Test worker] DEBUG org.apache.http.headers - << Vary: Access-Control-Request-Headers
10:29:25.306 [Test worker] DEBUG org.apache.http.headers - << Vary: Origin
10:29:25.306 [Test worker] DEBUG org.apache.http.headers - << Vary: Access-Control-Request-Method
10:29:25.306 [Test worker] DEBUG org.apache.http.headers - << Vary: Access-Control-Request-Headers
10:29:25.306 [Test worker] DEBUG org.apache.http.headers - << X-Content-Type-Options: nosniff
10:29:25.306 [Test worker] DEBUG org.apache.http.headers - << X-XSS-Protection: 1; mode=block
10:29:25.306 [Test worker] DEBUG org.apache.http.headers - << Cache-Control: no-cache, no-store, max-age=0, must-revalidate
10:29:25.306 [Test worker] DEBUG org.apache.http.headers - << Pragma: no-cache
10:29:25.306 [Test worker] DEBUG org.apache.http.headers - << Expires: 0
10:29:25.306 [Test worker] DEBUG org.apache.http.headers - << X-Frame-Options: DENY
10:29:25.307 [Test worker] DEBUG org.apache.http.headers - << Content-Type: application/json
10:29:25.307 [Test worker] DEBUG org.apache.http.headers - << Transfer-Encoding: chunked
10:29:25.307 [Test worker] DEBUG org.apache.http.headers - << Date: Tue, 10 May 2022 14:58:05 GMT
10:29:25.307 [Test worker] DEBUG org.apache.http.headers - << Keep-Alive: timeout=60
10:29:25.307 [Test worker] DEBUG org.apache.http.headers - << Connection: keep-alive
10:29:25.307 [Test worker] DEBUG org.apache.http.impl.client.DefaultHttpClient - Connection can be kept alive for 60000 MILLISECONDS
10:29:25.307 [Test worker] DEBUG io.restassured.internal.RequestSpecificationImpl$RestAssuredHttpBuilder - Parsing response as: application/json
10:29:25.307 [Test worker] DEBUG io.restassured.internal.RequestSpecificationImpl$RestAssuredHttpBuilder - Parsed data to instance of: class org.apache.http.conn.EofSensorInputStream
10:29:25.308 [Test worker] DEBUG org.apache.http.wire -  << "34[\r][\n]"
10:29:25.308 [Test worker] DEBUG org.apache.http.wire -  << "{"result":"Pendiente","executionStatus":"Pendiente"}"
10:29:25.308 [Test worker] DEBUG org.apache.http.wire -  << "[\r][\n]"
10:29:25.308 [Test worker] DEBUG org.apache.http.wire -  << "0[\r][\n]"
10:29:25.308 [Test worker] DEBUG org.apache.http.wire -  << "[\r][\n]"
10:29:25.308 [Test worker] DEBUG org.apache.http.impl.conn.BasicClientConnectionManager - Releasing connection org.apache.http.impl.conn.ManagedClientConnectionImpl@254eeb48
10:29:25.308 [Test worker] DEBUG org.apache.http.impl.conn.BasicClientConnectionManager - Connection can be kept alive for 60000 MILLISECONDS
10:29:45.327 [Test worker] DEBUG org.apache.http.impl.conn.BasicClientConnectionManager - Get connection for route {}->http://10.69.42.60:8089
10:29:45.327 [Test worker] DEBUG org.apache.http.impl.conn.DefaultClientConnectionOperator - Connecting to 10.69.42.60:8089
10:29:45.376 [Test worker] DEBUG org.apache.http.client.protocol.RequestAddCookies - CookieSpec selected: ignoreCookies
10:29:45.376 [Test worker] DEBUG org.apache.http.client.protocol.RequestAuthCache - Auth cache not set in the context
10:29:45.376 [Test worker] DEBUG org.apache.http.client.protocol.RequestProxyAuthentication - Proxy auth state: UNCHALLENGED
10:29:45.376 [Test worker] DEBUG org.apache.http.impl.client.DefaultHttpClient - Attempt 1 to execute request
10:29:45.376 [Test worker] DEBUG org.apache.http.impl.conn.DefaultClientConnection - Sending request: GET /api/execution-result?idexecution=12474 HTTP/1.1
10:29:45.376 [Test worker] DEBUG org.apache.http.wire -  >> "GET /api/execution-result?idexecution=12474 HTTP/1.1[\r][\n]"
10:29:45.376 [Test worker] DEBUG org.apache.http.wire -  >> "Content-Type: application/json; charset=UTF-8[\r][\n]"
10:29:45.377 [Test worker] DEBUG org.apache.http.wire -  >> "Authorization: Bearer eyJhbGciOiJIUzI1NiJ9.eyJzdWIiOiJPcmxhbmRvLlBhdXR0QVBJIiwiZXhwIjoxNjUyMjMwNjQ0LCJpYXQiOjE2NTIxOTQ2NDR9.rW7eHIhorHAGzHwRZGgwnyY3vduL9fhcw7Z7qUhmJh4[\r][\n]"
10:29:45.377 [Test worker] DEBUG org.apache.http.wire -  >> "Accept: */*[\r][\n]"
10:29:45.377 [Test worker] DEBUG org.apache.http.wire -  >> "Host: 10.69.42.60:8089[\r][\n]"
10:29:45.377 [Test worker] DEBUG org.apache.http.wire -  >> "Connection: Keep-Alive[\r][\n]"
10:29:45.377 [Test worker] DEBUG org.apache.http.wire -  >> "User-Agent: Apache-HttpClient/4.5.9 (Java/1.8.0_301)[\r][\n]"
10:29:45.377 [Test worker] DEBUG org.apache.http.wire -  >> "Accept-Encoding: gzip,deflate[\r][\n]"
10:29:45.377 [Test worker] DEBUG org.apache.http.wire -  >> "[\r][\n]"
10:29:45.377 [Test worker] DEBUG org.apache.http.headers - >> GET /api/execution-result?idexecution=12474 HTTP/1.1
10:29:45.377 [Test worker] DEBUG org.apache.http.headers - >> Content-Type: application/json; charset=UTF-8
10:29:45.377 [Test worker] DEBUG org.apache.http.headers - >> Authorization: Bearer eyJhbGciOiJIUzI1NiJ9.eyJzdWIiOiJPcmxhbmRvLlBhdXR0QVBJIiwiZXhwIjoxNjUyMjMwNjQ0LCJpYXQiOjE2NTIxOTQ2NDR9.rW7eHIhorHAGzHwRZGgwnyY3vduL9fhcw7Z7qUhmJh4
10:29:45.377 [Test worker] DEBUG org.apache.http.headers - >> Accept: */*
10:29:45.377 [Test worker] DEBUG org.apache.http.headers - >> Host: 10.69.42.60:8089
10:29:45.377 [Test worker] DEBUG org.apache.http.headers - >> Connection: Keep-Alive
10:29:45.377 [Test worker] DEBUG org.apache.http.headers - >> User-Agent: Apache-HttpClient/4.5.9 (Java/1.8.0_301)
10:29:45.377 [Test worker] DEBUG org.apache.http.headers - >> Accept-Encoding: gzip,deflate
10:29:45.435 [Test worker] DEBUG org.apache.http.wire -  << "HTTP/1.1 200 [\r][\n]"
10:29:45.435 [Test worker] DEBUG org.apache.http.wire -  << "Vary: Origin[\r][\n]"
10:29:45.435 [Test worker] DEBUG org.apache.http.wire -  << "Vary: Access-Control-Request-Method[\r][\n]"
10:29:45.435 [Test worker] DEBUG org.apache.http.wire -  << "Vary: Access-Control-Request-Headers[\r][\n]"
10:29:45.435 [Test worker] DEBUG org.apache.http.wire -  << "Vary: Origin[\r][\n]"
10:29:45.435 [Test worker] DEBUG org.apache.http.wire -  << "Vary: Access-Control-Request-Method[\r][\n]"
10:29:45.435 [Test worker] DEBUG org.apache.http.wire -  << "Vary: Access-Control-Request-Headers[\r][\n]"
10:29:45.435 [Test worker] DEBUG org.apache.http.wire -  << "X-Content-Type-Options: nosniff[\r][\n]"
10:29:45.435 [Test worker] DEBUG org.apache.http.wire -  << "X-XSS-Protection: 1; mode=block[\r][\n]"
10:29:45.435 [Test worker] DEBUG org.apache.http.wire -  << "Cache-Control: no-cache, no-store, max-age=0, must-revalidate[\r][\n]"
10:29:45.435 [Test worker] DEBUG org.apache.http.wire -  << "Pragma: no-cache[\r][\n]"
10:29:45.435 [Test worker] DEBUG org.apache.http.wire -  << "Expires: 0[\r][\n]"
10:29:45.435 [Test worker] DEBUG org.apache.http.wire -  << "X-Frame-Options: DENY[\r][\n]"
10:29:45.435 [Test worker] DEBUG org.apache.http.wire -  << "Content-Type: application/json[\r][\n]"
10:29:45.435 [Test worker] DEBUG org.apache.http.wire -  << "Transfer-Encoding: chunked[\r][\n]"
10:29:45.435 [Test worker] DEBUG org.apache.http.wire -  << "Date: Tue, 10 May 2022 14:58:25 GMT[\r][\n]"
10:29:45.435 [Test worker] DEBUG org.apache.http.wire -  << "Keep-Alive: timeout=60[\r][\n]"
10:29:45.435 [Test worker] DEBUG org.apache.http.wire -  << "Connection: keep-alive[\r][\n]"
10:29:45.435 [Test worker] DEBUG org.apache.http.wire -  << "[\r][\n]"
10:29:45.435 [Test worker] DEBUG org.apache.http.impl.conn.DefaultClientConnection - Receiving response: HTTP/1.1 200 
10:29:45.435 [Test worker] DEBUG org.apache.http.headers - << HTTP/1.1 200 
10:29:45.435 [Test worker] DEBUG org.apache.http.headers - << Vary: Origin
10:29:45.435 [Test worker] DEBUG org.apache.http.headers - << Vary: Access-Control-Request-Method
10:29:45.435 [Test worker] DEBUG org.apache.http.headers - << Vary: Access-Control-Request-Headers
10:29:45.435 [Test worker] DEBUG org.apache.http.headers - << Vary: Origin
10:29:45.435 [Test worker] DEBUG org.apache.http.headers - << Vary: Access-Control-Request-Method
10:29:45.435 [Test worker] DEBUG org.apache.http.headers - << Vary: Access-Control-Request-Headers
10:29:45.435 [Test worker] DEBUG org.apache.http.headers - << X-Content-Type-Options: nosniff
10:29:45.435 [Test worker] DEBUG org.apache.http.headers - << X-XSS-Protection: 1; mode=block
10:29:45.435 [Test worker] DEBUG org.apache.http.headers - << Cache-Control: no-cache, no-store, max-age=0, must-revalidate
10:29:45.435 [Test worker] DEBUG org.apache.http.headers - << Pragma: no-cache
10:29:45.435 [Test worker] DEBUG org.apache.http.headers - << Expires: 0
10:29:45.435 [Test worker] DEBUG org.apache.http.headers - << X-Frame-Options: DENY
10:29:45.435 [Test worker] DEBUG org.apache.http.headers - << Content-Type: application/json
10:29:45.435 [Test worker] DEBUG org.apache.http.headers - << Transfer-Encoding: chunked
10:29:45.435 [Test worker] DEBUG org.apache.http.headers - << Date: Tue, 10 May 2022 14:58:25 GMT
10:29:45.435 [Test worker] DEBUG org.apache.http.headers - << Keep-Alive: timeout=60
10:29:45.435 [Test worker] DEBUG org.apache.http.headers - << Connection: keep-alive
10:29:45.435 [Test worker] DEBUG org.apache.http.impl.client.DefaultHttpClient - Connection can be kept alive for 60000 MILLISECONDS
10:29:45.435 [Test worker] DEBUG io.restassured.internal.RequestSpecificationImpl$RestAssuredHttpBuilder - Parsing response as: application/json
10:29:45.435 [Test worker] DEBUG io.restassured.internal.RequestSpecificationImpl$RestAssuredHttpBuilder - Parsed data to instance of: class org.apache.http.conn.EofSensorInputStream
10:29:45.436 [Test worker] DEBUG org.apache.http.wire -  << "34[\r][\n]"
10:29:45.436 [Test worker] DEBUG org.apache.http.wire -  << "{"result":"Pendiente","executionStatus":"Pendiente"}"
10:29:45.436 [Test worker] DEBUG org.apache.http.wire -  << "[\r][\n]"
10:29:45.437 [Test worker] DEBUG org.apache.http.wire -  << "0[\r][\n]"
10:29:45.437 [Test worker] DEBUG org.apache.http.wire -  << "[\r][\n]"
10:29:45.437 [Test worker] DEBUG org.apache.http.impl.conn.BasicClientConnectionManager - Releasing connection org.apache.http.impl.conn.ManagedClientConnectionImpl@383bcee6
10:29:45.437 [Test worker] DEBUG org.apache.http.impl.conn.BasicClientConnectionManager - Connection can be kept alive for 60000 MILLISECONDS
10:30:05.463 [Test worker] DEBUG org.apache.http.impl.conn.BasicClientConnectionManager - Get connection for route {}->http://10.69.42.60:8089
10:30:05.464 [Test worker] DEBUG org.apache.http.impl.conn.DefaultClientConnectionOperator - Connecting to 10.69.42.60:8089
10:30:05.497 [Test worker] DEBUG org.apache.http.client.protocol.RequestAddCookies - CookieSpec selected: ignoreCookies
10:30:05.497 [Test worker] DEBUG org.apache.http.client.protocol.RequestAuthCache - Auth cache not set in the context
10:30:05.497 [Test worker] DEBUG org.apache.http.client.protocol.RequestProxyAuthentication - Proxy auth state: UNCHALLENGED
10:30:05.497 [Test worker] DEBUG org.apache.http.impl.client.DefaultHttpClient - Attempt 1 to execute request
10:30:05.497 [Test worker] DEBUG org.apache.http.impl.conn.DefaultClientConnection - Sending request: GET /api/execution-result?idexecution=12474 HTTP/1.1
10:30:05.498 [Test worker] DEBUG org.apache.http.wire -  >> "GET /api/execution-result?idexecution=12474 HTTP/1.1[\r][\n]"
10:30:05.498 [Test worker] DEBUG org.apache.http.wire -  >> "Content-Type: application/json; charset=UTF-8[\r][\n]"
10:30:05.498 [Test worker] DEBUG org.apache.http.wire -  >> "Authorization: Bearer eyJhbGciOiJIUzI1NiJ9.eyJzdWIiOiJPcmxhbmRvLlBhdXR0QVBJIiwiZXhwIjoxNjUyMjMwNjQ0LCJpYXQiOjE2NTIxOTQ2NDR9.rW7eHIhorHAGzHwRZGgwnyY3vduL9fhcw7Z7qUhmJh4[\r][\n]"
10:30:05.498 [Test worker] DEBUG org.apache.http.wire -  >> "Accept: */*[\r][\n]"
10:30:05.498 [Test worker] DEBUG org.apache.http.wire -  >> "Host: 10.69.42.60:8089[\r][\n]"
10:30:05.498 [Test worker] DEBUG org.apache.http.wire -  >> "Connection: Keep-Alive[\r][\n]"
10:30:05.498 [Test worker] DEBUG org.apache.http.wire -  >> "User-Agent: Apache-HttpClient/4.5.9 (Java/1.8.0_301)[\r][\n]"
10:30:05.498 [Test worker] DEBUG org.apache.http.wire -  >> "Accept-Encoding: gzip,deflate[\r][\n]"
10:30:05.498 [Test worker] DEBUG org.apache.http.wire -  >> "[\r][\n]"
10:30:05.498 [Test worker] DEBUG org.apache.http.headers - >> GET /api/execution-result?idexecution=12474 HTTP/1.1
10:30:05.498 [Test worker] DEBUG org.apache.http.headers - >> Content-Type: application/json; charset=UTF-8
10:30:05.498 [Test worker] DEBUG org.apache.http.headers - >> Authorization: Bearer eyJhbGciOiJIUzI1NiJ9.eyJzdWIiOiJPcmxhbmRvLlBhdXR0QVBJIiwiZXhwIjoxNjUyMjMwNjQ0LCJpYXQiOjE2NTIxOTQ2NDR9.rW7eHIhorHAGzHwRZGgwnyY3vduL9fhcw7Z7qUhmJh4
10:30:05.498 [Test worker] DEBUG org.apache.http.headers - >> Accept: */*
10:30:05.498 [Test worker] DEBUG org.apache.http.headers - >> Host: 10.69.42.60:8089
10:30:05.498 [Test worker] DEBUG org.apache.http.headers - >> Connection: Keep-Alive
10:30:05.498 [Test worker] DEBUG org.apache.http.headers - >> User-Agent: Apache-HttpClient/4.5.9 (Java/1.8.0_301)
10:30:05.498 [Test worker] DEBUG org.apache.http.headers - >> Accept-Encoding: gzip,deflate
10:30:05.543 [Test worker] DEBUG org.apache.http.wire -  << "HTTP/1.1 200 [\r][\n]"
10:30:05.543 [Test worker] DEBUG org.apache.http.wire -  << "Vary: Origin[\r][\n]"
10:30:05.543 [Test worker] DEBUG org.apache.http.wire -  << "Vary: Access-Control-Request-Method[\r][\n]"
10:30:05.543 [Test worker] DEBUG org.apache.http.wire -  << "Vary: Access-Control-Request-Headers[\r][\n]"
10:30:05.543 [Test worker] DEBUG org.apache.http.wire -  << "Vary: Origin[\r][\n]"
10:30:05.543 [Test worker] DEBUG org.apache.http.wire -  << "Vary: Access-Control-Request-Method[\r][\n]"
10:30:05.543 [Test worker] DEBUG org.apache.http.wire -  << "Vary: Access-Control-Request-Headers[\r][\n]"
10:30:05.543 [Test worker] DEBUG org.apache.http.wire -  << "X-Content-Type-Options: nosniff[\r][\n]"
10:30:05.543 [Test worker] DEBUG org.apache.http.wire -  << "X-XSS-Protection: 1; mode=block[\r][\n]"
10:30:05.543 [Test worker] DEBUG org.apache.http.wire -  << "Cache-Control: no-cache, no-store, max-age=0, must-revalidate[\r][\n]"
10:30:05.543 [Test worker] DEBUG org.apache.http.wire -  << "Pragma: no-cache[\r][\n]"
10:30:05.543 [Test worker] DEBUG org.apache.http.wire -  << "Expires: 0[\r][\n]"
10:30:05.543 [Test worker] DEBUG org.apache.http.wire -  << "X-Frame-Options: DENY[\r][\n]"
10:30:05.543 [Test worker] DEBUG org.apache.http.wire -  << "Content-Type: application/json[\r][\n]"
10:30:05.543 [Test worker] DEBUG org.apache.http.wire -  << "Transfer-Encoding: chunked[\r][\n]"
10:30:05.543 [Test worker] DEBUG org.apache.http.wire -  << "Date: Tue, 10 May 2022 14:58:46 GMT[\r][\n]"
10:30:05.544 [Test worker] DEBUG org.apache.http.wire -  << "Keep-Alive: timeout=60[\r][\n]"
10:30:05.544 [Test worker] DEBUG org.apache.http.wire -  << "Connection: keep-alive[\r][\n]"
10:30:05.544 [Test worker] DEBUG org.apache.http.wire -  << "[\r][\n]"
10:30:05.544 [Test worker] DEBUG org.apache.http.impl.conn.DefaultClientConnection - Receiving response: HTTP/1.1 200 
10:30:05.544 [Test worker] DEBUG org.apache.http.headers - << HTTP/1.1 200 
10:30:05.544 [Test worker] DEBUG org.apache.http.headers - << Vary: Origin
10:30:05.544 [Test worker] DEBUG org.apache.http.headers - << Vary: Access-Control-Request-Method
10:30:05.544 [Test worker] DEBUG org.apache.http.headers - << Vary: Access-Control-Request-Headers
10:30:05.544 [Test worker] DEBUG org.apache.http.headers - << Vary: Origin
10:30:05.544 [Test worker] DEBUG org.apache.http.headers - << Vary: Access-Control-Request-Method
10:30:05.544 [Test worker] DEBUG org.apache.http.headers - << Vary: Access-Control-Request-Headers
10:30:05.544 [Test worker] DEBUG org.apache.http.headers - << X-Content-Type-Options: nosniff
10:30:05.544 [Test worker] DEBUG org.apache.http.headers - << X-XSS-Protection: 1; mode=block
10:30:05.544 [Test worker] DEBUG org.apache.http.headers - << Cache-Control: no-cache, no-store, max-age=0, must-revalidate
10:30:05.544 [Test worker] DEBUG org.apache.http.headers - << Pragma: no-cache
10:30:05.544 [Test worker] DEBUG org.apache.http.headers - << Expires: 0
10:30:05.544 [Test worker] DEBUG org.apache.http.headers - << X-Frame-Options: DENY
10:30:05.544 [Test worker] DEBUG org.apache.http.headers - << Content-Type: application/json
10:30:05.544 [Test worker] DEBUG org.apache.http.headers - << Transfer-Encoding: chunked
10:30:05.544 [Test worker] DEBUG org.apache.http.headers - << Date: Tue, 10 May 2022 14:58:46 GMT
10:30:05.544 [Test worker] DEBUG org.apache.http.headers - << Keep-Alive: timeout=60
10:30:05.544 [Test worker] DEBUG org.apache.http.headers - << Connection: keep-alive
10:30:05.544 [Test worker] DEBUG org.apache.http.impl.client.DefaultHttpClient - Connection can be kept alive for 60000 MILLISECONDS
10:30:05.544 [Test worker] DEBUG io.restassured.internal.RequestSpecificationImpl$RestAssuredHttpBuilder - Parsing response as: application/json
10:30:05.544 [Test worker] DEBUG io.restassured.internal.RequestSpecificationImpl$RestAssuredHttpBuilder - Parsed data to instance of: class org.apache.http.conn.EofSensorInputStream
10:30:05.547 [Test worker] DEBUG org.apache.http.wire -  << "34[\r][\n]"
10:30:05.547 [Test worker] DEBUG org.apache.http.wire -  << "{"result":"Pendiente","executionStatus":"Pendiente"}"
10:30:05.547 [Test worker] DEBUG org.apache.http.wire -  << "[\r][\n]"
10:30:05.547 [Test worker] DEBUG org.apache.http.wire -  << "0[\r][\n]"
10:30:05.547 [Test worker] DEBUG org.apache.http.wire -  << "[\r][\n]"
10:30:05.547 [Test worker] DEBUG org.apache.http.impl.conn.BasicClientConnectionManager - Releasing connection org.apache.http.impl.conn.ManagedClientConnectionImpl@ecf5363
10:30:05.547 [Test worker] DEBUG org.apache.http.impl.conn.BasicClientConnectionManager - Connection can be kept alive for 60000 MILLISECONDS
10:30:25.567 [Test worker] DEBUG org.apache.http.impl.conn.BasicClientConnectionManager - Get connection for route {}->http://10.69.42.60:8089
10:30:25.567 [Test worker] DEBUG org.apache.http.impl.conn.DefaultClientConnectionOperator - Connecting to 10.69.42.60:8089
10:30:25.598 [Test worker] DEBUG org.apache.http.client.protocol.RequestAddCookies - CookieSpec selected: ignoreCookies
10:30:25.599 [Test worker] DEBUG org.apache.http.client.protocol.RequestAuthCache - Auth cache not set in the context
10:30:25.599 [Test worker] DEBUG org.apache.http.client.protocol.RequestProxyAuthentication - Proxy auth state: UNCHALLENGED
10:30:25.599 [Test worker] DEBUG org.apache.http.impl.client.DefaultHttpClient - Attempt 1 to execute request
10:30:25.599 [Test worker] DEBUG org.apache.http.impl.conn.DefaultClientConnection - Sending request: GET /api/execution-result?idexecution=12474 HTTP/1.1
10:30:25.599 [Test worker] DEBUG org.apache.http.wire -  >> "GET /api/execution-result?idexecution=12474 HTTP/1.1[\r][\n]"
10:30:25.599 [Test worker] DEBUG org.apache.http.wire -  >> "Content-Type: application/json; charset=UTF-8[\r][\n]"
10:30:25.599 [Test worker] DEBUG org.apache.http.wire -  >> "Authorization: Bearer eyJhbGciOiJIUzI1NiJ9.eyJzdWIiOiJPcmxhbmRvLlBhdXR0QVBJIiwiZXhwIjoxNjUyMjMwNjQ0LCJpYXQiOjE2NTIxOTQ2NDR9.rW7eHIhorHAGzHwRZGgwnyY3vduL9fhcw7Z7qUhmJh4[\r][\n]"
10:30:25.599 [Test worker] DEBUG org.apache.http.wire -  >> "Accept: */*[\r][\n]"
10:30:25.599 [Test worker] DEBUG org.apache.http.wire -  >> "Host: 10.69.42.60:8089[\r][\n]"
10:30:25.599 [Test worker] DEBUG org.apache.http.wire -  >> "Connection: Keep-Alive[\r][\n]"
10:30:25.599 [Test worker] DEBUG org.apache.http.wire -  >> "User-Agent: Apache-HttpClient/4.5.9 (Java/1.8.0_301)[\r][\n]"
10:30:25.599 [Test worker] DEBUG org.apache.http.wire -  >> "Accept-Encoding: gzip,deflate[\r][\n]"
10:30:25.599 [Test worker] DEBUG org.apache.http.wire -  >> "[\r][\n]"
10:30:25.599 [Test worker] DEBUG org.apache.http.headers - >> GET /api/execution-result?idexecution=12474 HTTP/1.1
10:30:25.599 [Test worker] DEBUG org.apache.http.headers - >> Content-Type: application/json; charset=UTF-8
10:30:25.599 [Test worker] DEBUG org.apache.http.headers - >> Authorization: Bearer eyJhbGciOiJIUzI1NiJ9.eyJzdWIiOiJPcmxhbmRvLlBhdXR0QVBJIiwiZXhwIjoxNjUyMjMwNjQ0LCJpYXQiOjE2NTIxOTQ2NDR9.rW7eHIhorHAGzHwRZGgwnyY3vduL9fhcw7Z7qUhmJh4
10:30:25.599 [Test worker] DEBUG org.apache.http.headers - >> Accept: */*
10:30:25.599 [Test worker] DEBUG org.apache.http.headers - >> Host: 10.69.42.60:8089
10:30:25.599 [Test worker] DEBUG org.apache.http.headers - >> Connection: Keep-Alive
10:30:25.599 [Test worker] DEBUG org.apache.http.headers - >> User-Agent: Apache-HttpClient/4.5.9 (Java/1.8.0_301)
10:30:25.599 [Test worker] DEBUG org.apache.http.headers - >> Accept-Encoding: gzip,deflate
10:30:25.668 [Test worker] DEBUG org.apache.http.wire -  << "HTTP/1.1 200 [\r][\n]"
10:30:25.668 [Test worker] DEBUG org.apache.http.wire -  << "Vary: Origin[\r][\n]"
10:30:25.668 [Test worker] DEBUG org.apache.http.wire -  << "Vary: Access-Control-Request-Method[\r][\n]"
10:30:25.668 [Test worker] DEBUG org.apache.http.wire -  << "Vary: Access-Control-Request-Headers[\r][\n]"
10:30:25.668 [Test worker] DEBUG org.apache.http.wire -  << "Vary: Origin[\r][\n]"
10:30:25.668 [Test worker] DEBUG org.apache.http.wire -  << "Vary: Access-Control-Request-Method[\r][\n]"
10:30:25.668 [Test worker] DEBUG org.apache.http.wire -  << "Vary: Access-Control-Request-Headers[\r][\n]"
10:30:25.668 [Test worker] DEBUG org.apache.http.wire -  << "X-Content-Type-Options: nosniff[\r][\n]"
10:30:25.668 [Test worker] DEBUG org.apache.http.wire -  << "X-XSS-Protection: 1; mode=block[\r][\n]"
10:30:25.668 [Test worker] DEBUG org.apache.http.wire -  << "Cache-Control: no-cache, no-store, max-age=0, must-revalidate[\r][\n]"
10:30:25.668 [Test worker] DEBUG org.apache.http.wire -  << "Pragma: no-cache[\r][\n]"
10:30:25.668 [Test worker] DEBUG org.apache.http.wire -  << "Expires: 0[\r][\n]"
10:30:25.668 [Test worker] DEBUG org.apache.http.wire -  << "X-Frame-Options: DENY[\r][\n]"
10:30:25.668 [Test worker] DEBUG org.apache.http.wire -  << "Content-Type: application/json[\r][\n]"
10:30:25.668 [Test worker] DEBUG org.apache.http.wire -  << "Transfer-Encoding: chunked[\r][\n]"
10:30:25.668 [Test worker] DEBUG org.apache.http.wire -  << "Date: Tue, 10 May 2022 14:59:06 GMT[\r][\n]"
10:30:25.668 [Test worker] DEBUG org.apache.http.wire -  << "Keep-Alive: timeout=60[\r][\n]"
10:30:25.668 [Test worker] DEBUG org.apache.http.wire -  << "Connection: keep-alive[\r][\n]"
10:30:25.668 [Test worker] DEBUG org.apache.http.wire -  << "[\r][\n]"
10:30:25.668 [Test worker] DEBUG org.apache.http.impl.conn.DefaultClientConnection - Receiving response: HTTP/1.1 200 
10:30:25.668 [Test worker] DEBUG org.apache.http.headers - << HTTP/1.1 200 
10:30:25.668 [Test worker] DEBUG org.apache.http.headers - << Vary: Origin
10:30:25.668 [Test worker] DEBUG org.apache.http.headers - << Vary: Access-Control-Request-Method
10:30:25.668 [Test worker] DEBUG org.apache.http.headers - << Vary: Access-Control-Request-Headers
10:30:25.668 [Test worker] DEBUG org.apache.http.headers - << Vary: Origin
10:30:25.668 [Test worker] DEBUG org.apache.http.headers - << Vary: Access-Control-Request-Method
10:30:25.668 [Test worker] DEBUG org.apache.http.headers - << Vary: Access-Control-Request-Headers
10:30:25.668 [Test worker] DEBUG org.apache.http.headers - << X-Content-Type-Options: nosniff
10:30:25.668 [Test worker] DEBUG org.apache.http.headers - << X-XSS-Protection: 1; mode=block
10:30:25.668 [Test worker] DEBUG org.apache.http.headers - << Cache-Control: no-cache, no-store, max-age=0, must-revalidate
10:30:25.668 [Test worker] DEBUG org.apache.http.headers - << Pragma: no-cache
10:30:25.668 [Test worker] DEBUG org.apache.http.headers - << Expires: 0
10:30:25.668 [Test worker] DEBUG org.apache.http.headers - << X-Frame-Options: DENY
10:30:25.668 [Test worker] DEBUG org.apache.http.headers - << Content-Type: application/json
10:30:25.668 [Test worker] DEBUG org.apache.http.headers - << Transfer-Encoding: chunked
10:30:25.668 [Test worker] DEBUG org.apache.http.headers - << Date: Tue, 10 May 2022 14:59:06 GMT
10:30:25.668 [Test worker] DEBUG org.apache.http.headers - << Keep-Alive: timeout=60
10:30:25.668 [Test worker] DEBUG org.apache.http.headers - << Connection: keep-alive
10:30:25.668 [Test worker] DEBUG org.apache.http.impl.client.DefaultHttpClient - Connection can be kept alive for 60000 MILLISECONDS
10:30:25.669 [Test worker] DEBUG io.restassured.internal.RequestSpecificationImpl$RestAssuredHttpBuilder - Parsing response as: application/json
10:30:25.669 [Test worker] DEBUG io.restassured.internal.RequestSpecificationImpl$RestAssuredHttpBuilder - Parsed data to instance of: class org.apache.http.conn.EofSensorInputStream
10:30:25.670 [Test worker] DEBUG org.apache.http.wire -  << "34[\r][\n]"
10:30:25.670 [Test worker] DEBUG org.apache.http.wire -  << "{"result":"Pendiente","executionStatus":"Pendiente"}"
10:30:25.670 [Test worker] DEBUG org.apache.http.wire -  << "[\r][\n]"
10:30:25.670 [Test worker] DEBUG org.apache.http.wire -  << "0[\r][\n]"
10:30:25.670 [Test worker] DEBUG org.apache.http.wire -  << "[\r][\n]"
10:30:25.670 [Test worker] DEBUG org.apache.http.impl.conn.BasicClientConnectionManager - Releasing connection org.apache.http.impl.conn.ManagedClientConnectionImpl@54533dae
10:30:25.670 [Test worker] DEBUG org.apache.http.impl.conn.BasicClientConnectionManager - Connection can be kept alive for 60000 MILLISECONDS
10:30:45.696 [Test worker] DEBUG org.apache.http.impl.conn.BasicClientConnectionManager - Get connection for route {}->http://10.69.42.60:8089
10:30:45.697 [Test worker] DEBUG org.apache.http.impl.conn.DefaultClientConnectionOperator - Connecting to 10.69.42.60:8089
10:30:45.727 [Test worker] DEBUG org.apache.http.client.protocol.RequestAddCookies - CookieSpec selected: ignoreCookies
10:30:45.727 [Test worker] DEBUG org.apache.http.client.protocol.RequestAuthCache - Auth cache not set in the context
10:30:45.727 [Test worker] DEBUG org.apache.http.client.protocol.RequestProxyAuthentication - Proxy auth state: UNCHALLENGED
10:30:45.727 [Test worker] DEBUG org.apache.http.impl.client.DefaultHttpClient - Attempt 1 to execute request
10:30:45.727 [Test worker] DEBUG org.apache.http.impl.conn.DefaultClientConnection - Sending request: GET /api/execution-result?idexecution=12474 HTTP/1.1
10:30:45.727 [Test worker] DEBUG org.apache.http.wire -  >> "GET /api/execution-result?idexecution=12474 HTTP/1.1[\r][\n]"
10:30:45.727 [Test worker] DEBUG org.apache.http.wire -  >> "Content-Type: application/json; charset=UTF-8[\r][\n]"
10:30:45.727 [Test worker] DEBUG org.apache.http.wire -  >> "Authorization: Bearer eyJhbGciOiJIUzI1NiJ9.eyJzdWIiOiJPcmxhbmRvLlBhdXR0QVBJIiwiZXhwIjoxNjUyMjMwNjQ0LCJpYXQiOjE2NTIxOTQ2NDR9.rW7eHIhorHAGzHwRZGgwnyY3vduL9fhcw7Z7qUhmJh4[\r][\n]"
10:30:45.727 [Test worker] DEBUG org.apache.http.wire -  >> "Accept: */*[\r][\n]"
10:30:45.727 [Test worker] DEBUG org.apache.http.wire -  >> "Host: 10.69.42.60:8089[\r][\n]"
10:30:45.727 [Test worker] DEBUG org.apache.http.wire -  >> "Connection: Keep-Alive[\r][\n]"
10:30:45.727 [Test worker] DEBUG org.apache.http.wire -  >> "User-Agent: Apache-HttpClient/4.5.9 (Java/1.8.0_301)[\r][\n]"
10:30:45.727 [Test worker] DEBUG org.apache.http.wire -  >> "Accept-Encoding: gzip,deflate[\r][\n]"
10:30:45.727 [Test worker] DEBUG org.apache.http.wire -  >> "[\r][\n]"
10:30:45.727 [Test worker] DEBUG org.apache.http.headers - >> GET /api/execution-result?idexecution=12474 HTTP/1.1
10:30:45.727 [Test worker] DEBUG org.apache.http.headers - >> Content-Type: application/json; charset=UTF-8
10:30:45.727 [Test worker] DEBUG org.apache.http.headers - >> Authorization: Bearer eyJhbGciOiJIUzI1NiJ9.eyJzdWIiOiJPcmxhbmRvLlBhdXR0QVBJIiwiZXhwIjoxNjUyMjMwNjQ0LCJpYXQiOjE2NTIxOTQ2NDR9.rW7eHIhorHAGzHwRZGgwnyY3vduL9fhcw7Z7qUhmJh4
10:30:45.727 [Test worker] DEBUG org.apache.http.headers - >> Accept: */*
10:30:45.727 [Test worker] DEBUG org.apache.http.headers - >> Host: 10.69.42.60:8089
10:30:45.727 [Test worker] DEBUG org.apache.http.headers - >> Connection: Keep-Alive
10:30:45.727 [Test worker] DEBUG org.apache.http.headers - >> User-Agent: Apache-HttpClient/4.5.9 (Java/1.8.0_301)
10:30:45.727 [Test worker] DEBUG org.apache.http.headers - >> Accept-Encoding: gzip,deflate
10:30:45.798 [Test worker] DEBUG org.apache.http.wire -  << "HTTP/1.1 200 [\r][\n]"
10:30:45.799 [Test worker] DEBUG org.apache.http.wire -  << "Vary: Origin[\r][\n]"
10:30:45.799 [Test worker] DEBUG org.apache.http.wire -  << "Vary: Access-Control-Request-Method[\r][\n]"
10:30:45.799 [Test worker] DEBUG org.apache.http.wire -  << "Vary: Access-Control-Request-Headers[\r][\n]"
10:30:45.799 [Test worker] DEBUG org.apache.http.wire -  << "Vary: Origin[\r][\n]"
10:30:45.799 [Test worker] DEBUG org.apache.http.wire -  << "Vary: Access-Control-Request-Method[\r][\n]"
10:30:45.799 [Test worker] DEBUG org.apache.http.wire -  << "Vary: Access-Control-Request-Headers[\r][\n]"
10:30:45.799 [Test worker] DEBUG org.apache.http.wire -  << "X-Content-Type-Options: nosniff[\r][\n]"
10:30:45.799 [Test worker] DEBUG org.apache.http.wire -  << "X-XSS-Protection: 1; mode=block[\r][\n]"
10:30:45.799 [Test worker] DEBUG org.apache.http.wire -  << "Cache-Control: no-cache, no-store, max-age=0, must-revalidate[\r][\n]"
10:30:45.799 [Test worker] DEBUG org.apache.http.wire -  << "Pragma: no-cache[\r][\n]"
10:30:45.799 [Test worker] DEBUG org.apache.http.wire -  << "Expires: 0[\r][\n]"
10:30:45.799 [Test worker] DEBUG org.apache.http.wire -  << "X-Frame-Options: DENY[\r][\n]"
10:30:45.799 [Test worker] DEBUG org.apache.http.wire -  << "Content-Type: application/json[\r][\n]"
10:30:45.799 [Test worker] DEBUG org.apache.http.wire -  << "Transfer-Encoding: chunked[\r][\n]"
10:30:45.799 [Test worker] DEBUG org.apache.http.wire -  << "Date: Tue, 10 May 2022 14:59:26 GMT[\r][\n]"
10:30:45.799 [Test worker] DEBUG org.apache.http.wire -  << "Keep-Alive: timeout=60[\r][\n]"
10:30:45.799 [Test worker] DEBUG org.apache.http.wire -  << "Connection: keep-alive[\r][\n]"
10:30:45.799 [Test worker] DEBUG org.apache.http.wire -  << "[\r][\n]"
10:30:45.799 [Test worker] DEBUG org.apache.http.impl.conn.DefaultClientConnection - Receiving response: HTTP/1.1 200 
10:30:45.799 [Test worker] DEBUG org.apache.http.headers - << HTTP/1.1 200 
10:30:45.799 [Test worker] DEBUG org.apache.http.headers - << Vary: Origin
10:30:45.799 [Test worker] DEBUG org.apache.http.headers - << Vary: Access-Control-Request-Method
10:30:45.799 [Test worker] DEBUG org.apache.http.headers - << Vary: Access-Control-Request-Headers
10:30:45.799 [Test worker] DEBUG org.apache.http.headers - << Vary: Origin
10:30:45.799 [Test worker] DEBUG org.apache.http.headers - << Vary: Access-Control-Request-Method
10:30:45.799 [Test worker] DEBUG org.apache.http.headers - << Vary: Access-Control-Request-Headers
10:30:45.799 [Test worker] DEBUG org.apache.http.headers - << X-Content-Type-Options: nosniff
10:30:45.799 [Test worker] DEBUG org.apache.http.headers - << X-XSS-Protection: 1; mode=block
10:30:45.799 [Test worker] DEBUG org.apache.http.headers - << Cache-Control: no-cache, no-store, max-age=0, must-revalidate
10:30:45.799 [Test worker] DEBUG org.apache.http.headers - << Pragma: no-cache
10:30:45.799 [Test worker] DEBUG org.apache.http.headers - << Expires: 0
10:30:45.799 [Test worker] DEBUG org.apache.http.headers - << X-Frame-Options: DENY
10:30:45.799 [Test worker] DEBUG org.apache.http.headers - << Content-Type: application/json
10:30:45.799 [Test worker] DEBUG org.apache.http.headers - << Transfer-Encoding: chunked
10:30:45.799 [Test worker] DEBUG org.apache.http.headers - << Date: Tue, 10 May 2022 14:59:26 GMT
10:30:45.799 [Test worker] DEBUG org.apache.http.headers - << Keep-Alive: timeout=60
10:30:45.799 [Test worker] DEBUG org.apache.http.headers - << Connection: keep-alive
10:30:45.799 [Test worker] DEBUG org.apache.http.impl.client.DefaultHttpClient - Connection can be kept alive for 60000 MILLISECONDS
10:30:45.800 [Test worker] DEBUG io.restassured.internal.RequestSpecificationImpl$RestAssuredHttpBuilder - Parsing response as: application/json
10:30:45.800 [Test worker] DEBUG io.restassured.internal.RequestSpecificationImpl$RestAssuredHttpBuilder - Parsed data to instance of: class org.apache.http.conn.EofSensorInputStream
10:30:45.800 [Test worker] DEBUG org.apache.http.wire -  << "34[\r][\n]"
10:30:45.800 [Test worker] DEBUG org.apache.http.wire -  << "{"result":"Pendiente","executionStatus":"Pendiente"}"
10:30:45.800 [Test worker] DEBUG org.apache.http.wire -  << "[\r][\n]"
10:30:45.800 [Test worker] DEBUG org.apache.http.wire -  << "0[\r][\n]"
10:30:45.800 [Test worker] DEBUG org.apache.http.wire -  << "[\r][\n]"
10:30:45.800 [Test worker] DEBUG org.apache.http.impl.conn.BasicClientConnectionManager - Releasing connection org.apache.http.impl.conn.ManagedClientConnectionImpl@652ede0b
10:30:45.800 [Test worker] DEBUG org.apache.http.impl.conn.BasicClientConnectionManager - Connection can be kept alive for 60000 MILLISECONDS
10:31:05.819 [Test worker] DEBUG org.apache.http.impl.conn.BasicClientConnectionManager - Get connection for route {}->http://10.69.42.60:8089
10:31:05.819 [Test worker] DEBUG org.apache.http.impl.conn.DefaultClientConnectionOperator - Connecting to 10.69.42.60:8089
10:31:05.851 [Test worker] DEBUG org.apache.http.client.protocol.RequestAddCookies - CookieSpec selected: ignoreCookies
10:31:05.851 [Test worker] DEBUG org.apache.http.client.protocol.RequestAuthCache - Auth cache not set in the context
10:31:05.851 [Test worker] DEBUG org.apache.http.client.protocol.RequestProxyAuthentication - Proxy auth state: UNCHALLENGED
10:31:05.853 [Test worker] DEBUG org.apache.http.impl.client.DefaultHttpClient - Attempt 1 to execute request
10:31:05.853 [Test worker] DEBUG org.apache.http.impl.conn.DefaultClientConnection - Sending request: GET /api/execution-result?idexecution=12474 HTTP/1.1
10:31:05.853 [Test worker] DEBUG org.apache.http.wire -  >> "GET /api/execution-result?idexecution=12474 HTTP/1.1[\r][\n]"
10:31:05.853 [Test worker] DEBUG org.apache.http.wire -  >> "Content-Type: application/json; charset=UTF-8[\r][\n]"
10:31:05.853 [Test worker] DEBUG org.apache.http.wire -  >> "Authorization: Bearer eyJhbGciOiJIUzI1NiJ9.eyJzdWIiOiJPcmxhbmRvLlBhdXR0QVBJIiwiZXhwIjoxNjUyMjMwNjQ0LCJpYXQiOjE2NTIxOTQ2NDR9.rW7eHIhorHAGzHwRZGgwnyY3vduL9fhcw7Z7qUhmJh4[\r][\n]"
10:31:05.853 [Test worker] DEBUG org.apache.http.wire -  >> "Accept: */*[\r][\n]"
10:31:05.853 [Test worker] DEBUG org.apache.http.wire -  >> "Host: 10.69.42.60:8089[\r][\n]"
10:31:05.853 [Test worker] DEBUG org.apache.http.wire -  >> "Connection: Keep-Alive[\r][\n]"
10:31:05.853 [Test worker] DEBUG org.apache.http.wire -  >> "User-Agent: Apache-HttpClient/4.5.9 (Java/1.8.0_301)[\r][\n]"
10:31:05.853 [Test worker] DEBUG org.apache.http.wire -  >> "Accept-Encoding: gzip,deflate[\r][\n]"
10:31:05.853 [Test worker] DEBUG org.apache.http.wire -  >> "[\r][\n]"
10:31:05.853 [Test worker] DEBUG org.apache.http.headers - >> GET /api/execution-result?idexecution=12474 HTTP/1.1
10:31:05.853 [Test worker] DEBUG org.apache.http.headers - >> Content-Type: application/json; charset=UTF-8
10:31:05.853 [Test worker] DEBUG org.apache.http.headers - >> Authorization: Bearer eyJhbGciOiJIUzI1NiJ9.eyJzdWIiOiJPcmxhbmRvLlBhdXR0QVBJIiwiZXhwIjoxNjUyMjMwNjQ0LCJpYXQiOjE2NTIxOTQ2NDR9.rW7eHIhorHAGzHwRZGgwnyY3vduL9fhcw7Z7qUhmJh4
10:31:05.853 [Test worker] DEBUG org.apache.http.headers - >> Accept: */*
10:31:05.853 [Test worker] DEBUG org.apache.http.headers - >> Host: 10.69.42.60:8089
10:31:05.853 [Test worker] DEBUG org.apache.http.headers - >> Connection: Keep-Alive
10:31:05.853 [Test worker] DEBUG org.apache.http.headers - >> User-Agent: Apache-HttpClient/4.5.9 (Java/1.8.0_301)
10:31:05.853 [Test worker] DEBUG org.apache.http.headers - >> Accept-Encoding: gzip,deflate
10:31:05.904 [Test worker] DEBUG org.apache.http.wire -  << "HTTP/1.1 200 [\r][\n]"
10:31:05.905 [Test worker] DEBUG org.apache.http.wire -  << "Vary: Origin[\r][\n]"
10:31:05.905 [Test worker] DEBUG org.apache.http.wire -  << "Vary: Access-Control-Request-Method[\r][\n]"
10:31:05.905 [Test worker] DEBUG org.apache.http.wire -  << "Vary: Access-Control-Request-Headers[\r][\n]"
10:31:05.905 [Test worker] DEBUG org.apache.http.wire -  << "Vary: Origin[\r][\n]"
10:31:05.905 [Test worker] DEBUG org.apache.http.wire -  << "Vary: Access-Control-Request-Method[\r][\n]"
10:31:05.905 [Test worker] DEBUG org.apache.http.wire -  << "Vary: Access-Control-Request-Headers[\r][\n]"
10:31:05.905 [Test worker] DEBUG org.apache.http.wire -  << "X-Content-Type-Options: nosniff[\r][\n]"
10:31:05.905 [Test worker] DEBUG org.apache.http.wire -  << "X-XSS-Protection: 1; mode=block[\r][\n]"
10:31:05.905 [Test worker] DEBUG org.apache.http.wire -  << "Cache-Control: no-cache, no-store, max-age=0, must-revalidate[\r][\n]"
10:31:05.905 [Test worker] DEBUG org.apache.http.wire -  << "Pragma: no-cache[\r][\n]"
10:31:05.905 [Test worker] DEBUG org.apache.http.wire -  << "Expires: 0[\r][\n]"
10:31:05.905 [Test worker] DEBUG org.apache.http.wire -  << "X-Frame-Options: DENY[\r][\n]"
10:31:05.905 [Test worker] DEBUG org.apache.http.wire -  << "Content-Type: application/json[\r][\n]"
10:31:05.905 [Test worker] DEBUG org.apache.http.wire -  << "Transfer-Encoding: chunked[\r][\n]"
10:31:05.905 [Test worker] DEBUG org.apache.http.wire -  << "Date: Tue, 10 May 2022 14:59:46 GMT[\r][\n]"
10:31:05.905 [Test worker] DEBUG org.apache.http.wire -  << "Keep-Alive: timeout=60[\r][\n]"
10:31:05.905 [Test worker] DEBUG org.apache.http.wire -  << "Connection: keep-alive[\r][\n]"
10:31:05.905 [Test worker] DEBUG org.apache.http.wire -  << "[\r][\n]"
10:31:05.905 [Test worker] DEBUG org.apache.http.impl.conn.DefaultClientConnection - Receiving response: HTTP/1.1 200 
10:31:05.905 [Test worker] DEBUG org.apache.http.headers - << HTTP/1.1 200 
10:31:05.905 [Test worker] DEBUG org.apache.http.headers - << Vary: Origin
10:31:05.905 [Test worker] DEBUG org.apache.http.headers - << Vary: Access-Control-Request-Method
10:31:05.905 [Test worker] DEBUG org.apache.http.headers - << Vary: Access-Control-Request-Headers
10:31:05.905 [Test worker] DEBUG org.apache.http.headers - << Vary: Origin
10:31:05.905 [Test worker] DEBUG org.apache.http.headers - << Vary: Access-Control-Request-Method
10:31:05.905 [Test worker] DEBUG org.apache.http.headers - << Vary: Access-Control-Request-Headers
10:31:05.905 [Test worker] DEBUG org.apache.http.headers - << X-Content-Type-Options: nosniff
10:31:05.905 [Test worker] DEBUG org.apache.http.headers - << X-XSS-Protection: 1; mode=block
10:31:05.905 [Test worker] DEBUG org.apache.http.headers - << Cache-Control: no-cache, no-store, max-age=0, must-revalidate
10:31:05.905 [Test worker] DEBUG org.apache.http.headers - << Pragma: no-cache
10:31:05.905 [Test worker] DEBUG org.apache.http.headers - << Expires: 0
10:31:05.905 [Test worker] DEBUG org.apache.http.headers - << X-Frame-Options: DENY
10:31:05.905 [Test worker] DEBUG org.apache.http.headers - << Content-Type: application/json
10:31:05.905 [Test worker] DEBUG org.apache.http.headers - << Transfer-Encoding: chunked
10:31:05.905 [Test worker] DEBUG org.apache.http.headers - << Date: Tue, 10 May 2022 14:59:46 GMT
10:31:05.905 [Test worker] DEBUG org.apache.http.headers - << Keep-Alive: timeout=60
10:31:05.905 [Test worker] DEBUG org.apache.http.headers - << Connection: keep-alive
10:31:05.905 [Test worker] DEBUG org.apache.http.impl.client.DefaultHttpClient - Connection can be kept alive for 60000 MILLISECONDS
10:31:05.905 [Test worker] DEBUG io.restassured.internal.RequestSpecificationImpl$RestAssuredHttpBuilder - Parsing response as: application/json
10:31:05.905 [Test worker] DEBUG io.restassured.internal.RequestSpecificationImpl$RestAssuredHttpBuilder - Parsed data to instance of: class org.apache.http.conn.EofSensorInputStream
10:31:05.906 [Test worker] DEBUG org.apache.http.wire -  << "38[\r][\n]"
10:31:05.906 [Test worker] DEBUG org.apache.http.wire -  << "{"result":"Pendiente","executionStatus":"En ejecuci[0xc3][0xb3]n"}"
10:31:05.906 [Test worker] DEBUG org.apache.http.wire -  << "[\r][\n]"
10:31:05.906 [Test worker] DEBUG org.apache.http.wire -  << "0[\r][\n]"
10:31:05.906 [Test worker] DEBUG org.apache.http.wire -  << "[\r][\n]"
10:31:05.906 [Test worker] DEBUG org.apache.http.impl.conn.BasicClientConnectionManager - Releasing connection org.apache.http.impl.conn.ManagedClientConnectionImpl@1d34eebb
10:31:05.906 [Test worker] DEBUG org.apache.http.impl.conn.BasicClientConnectionManager - Connection can be kept alive for 60000 MILLISECONDS
10:31:25.936 [Test worker] DEBUG org.apache.http.impl.conn.BasicClientConnectionManager - Get connection for route {}->http://10.69.42.60:8089
10:31:25.936 [Test worker] DEBUG org.apache.http.impl.conn.DefaultClientConnectionOperator - Connecting to 10.69.42.60:8089
10:31:25.965 [Test worker] DEBUG org.apache.http.client.protocol.RequestAddCookies - CookieSpec selected: ignoreCookies
10:31:25.965 [Test worker] DEBUG org.apache.http.client.protocol.RequestAuthCache - Auth cache not set in the context
10:31:25.965 [Test worker] DEBUG org.apache.http.client.protocol.RequestProxyAuthentication - Proxy auth state: UNCHALLENGED
10:31:25.965 [Test worker] DEBUG org.apache.http.impl.client.DefaultHttpClient - Attempt 1 to execute request
10:31:25.965 [Test worker] DEBUG org.apache.http.impl.conn.DefaultClientConnection - Sending request: GET /api/execution-result?idexecution=12474 HTTP/1.1
10:31:25.965 [Test worker] DEBUG org.apache.http.wire -  >> "GET /api/execution-result?idexecution=12474 HTTP/1.1[\r][\n]"
10:31:25.965 [Test worker] DEBUG org.apache.http.wire -  >> "Content-Type: application/json; charset=UTF-8[\r][\n]"
10:31:25.965 [Test worker] DEBUG org.apache.http.wire -  >> "Authorization: Bearer eyJhbGciOiJIUzI1NiJ9.eyJzdWIiOiJPcmxhbmRvLlBhdXR0QVBJIiwiZXhwIjoxNjUyMjMwNjQ0LCJpYXQiOjE2NTIxOTQ2NDR9.rW7eHIhorHAGzHwRZGgwnyY3vduL9fhcw7Z7qUhmJh4[\r][\n]"
10:31:25.965 [Test worker] DEBUG org.apache.http.wire -  >> "Accept: */*[\r][\n]"
10:31:25.965 [Test worker] DEBUG org.apache.http.wire -  >> "Host: 10.69.42.60:8089[\r][\n]"
10:31:25.965 [Test worker] DEBUG org.apache.http.wire -  >> "Connection: Keep-Alive[\r][\n]"
10:31:25.965 [Test worker] DEBUG org.apache.http.wire -  >> "User-Agent: Apache-HttpClient/4.5.9 (Java/1.8.0_301)[\r][\n]"
10:31:25.965 [Test worker] DEBUG org.apache.http.wire -  >> "Accept-Encoding: gzip,deflate[\r][\n]"
10:31:25.965 [Test worker] DEBUG org.apache.http.wire -  >> "[\r][\n]"
10:31:25.965 [Test worker] DEBUG org.apache.http.headers - >> GET /api/execution-result?idexecution=12474 HTTP/1.1
10:31:25.965 [Test worker] DEBUG org.apache.http.headers - >> Content-Type: application/json; charset=UTF-8
10:31:25.966 [Test worker] DEBUG org.apache.http.headers - >> Authorization: Bearer eyJhbGciOiJIUzI1NiJ9.eyJzdWIiOiJPcmxhbmRvLlBhdXR0QVBJIiwiZXhwIjoxNjUyMjMwNjQ0LCJpYXQiOjE2NTIxOTQ2NDR9.rW7eHIhorHAGzHwRZGgwnyY3vduL9fhcw7Z7qUhmJh4
10:31:25.966 [Test worker] DEBUG org.apache.http.headers - >> Accept: */*
10:31:25.966 [Test worker] DEBUG org.apache.http.headers - >> Host: 10.69.42.60:8089
10:31:25.966 [Test worker] DEBUG org.apache.http.headers - >> Connection: Keep-Alive
10:31:25.966 [Test worker] DEBUG org.apache.http.headers - >> User-Agent: Apache-HttpClient/4.5.9 (Java/1.8.0_301)
10:31:25.966 [Test worker] DEBUG org.apache.http.headers - >> Accept-Encoding: gzip,deflate
10:31:26.010 [Test worker] DEBUG org.apache.http.wire -  << "HTTP/1.1 200 [\r][\n]"
10:31:26.010 [Test worker] DEBUG org.apache.http.wire -  << "Vary: Origin[\r][\n]"
10:31:26.010 [Test worker] DEBUG org.apache.http.wire -  << "Vary: Access-Control-Request-Method[\r][\n]"
10:31:26.010 [Test worker] DEBUG org.apache.http.wire -  << "Vary: Access-Control-Request-Headers[\r][\n]"
10:31:26.010 [Test worker] DEBUG org.apache.http.wire -  << "Vary: Origin[\r][\n]"
10:31:26.010 [Test worker] DEBUG org.apache.http.wire -  << "Vary: Access-Control-Request-Method[\r][\n]"
10:31:26.010 [Test worker] DEBUG org.apache.http.wire -  << "Vary: Access-Control-Request-Headers[\r][\n]"
10:31:26.010 [Test worker] DEBUG org.apache.http.wire -  << "X-Content-Type-Options: nosniff[\r][\n]"
10:31:26.010 [Test worker] DEBUG org.apache.http.wire -  << "X-XSS-Protection: 1; mode=block[\r][\n]"
10:31:26.010 [Test worker] DEBUG org.apache.http.wire -  << "Cache-Control: no-cache, no-store, max-age=0, must-revalidate[\r][\n]"
10:31:26.010 [Test worker] DEBUG org.apache.http.wire -  << "Pragma: no-cache[\r][\n]"
10:31:26.010 [Test worker] DEBUG org.apache.http.wire -  << "Expires: 0[\r][\n]"
10:31:26.010 [Test worker] DEBUG org.apache.http.wire -  << "X-Frame-Options: DENY[\r][\n]"
10:31:26.010 [Test worker] DEBUG org.apache.http.wire -  << "Content-Type: application/json[\r][\n]"
10:31:26.010 [Test worker] DEBUG org.apache.http.wire -  << "Transfer-Encoding: chunked[\r][\n]"
10:31:26.010 [Test worker] DEBUG org.apache.http.wire -  << "Date: Tue, 10 May 2022 15:00:06 GMT[\r][\n]"
10:31:26.010 [Test worker] DEBUG org.apache.http.wire -  << "Keep-Alive: timeout=60[\r][\n]"
10:31:26.010 [Test worker] DEBUG org.apache.http.wire -  << "Connection: keep-alive[\r][\n]"
10:31:26.010 [Test worker] DEBUG org.apache.http.wire -  << "[\r][\n]"
10:31:26.010 [Test worker] DEBUG org.apache.http.impl.conn.DefaultClientConnection - Receiving response: HTTP/1.1 200 
10:31:26.010 [Test worker] DEBUG org.apache.http.headers - << HTTP/1.1 200 
10:31:26.010 [Test worker] DEBUG org.apache.http.headers - << Vary: Origin
10:31:26.010 [Test worker] DEBUG org.apache.http.headers - << Vary: Access-Control-Request-Method
10:31:26.010 [Test worker] DEBUG org.apache.http.headers - << Vary: Access-Control-Request-Headers
10:31:26.010 [Test worker] DEBUG org.apache.http.headers - << Vary: Origin
10:31:26.010 [Test worker] DEBUG org.apache.http.headers - << Vary: Access-Control-Request-Method
10:31:26.010 [Test worker] DEBUG org.apache.http.headers - << Vary: Access-Control-Request-Headers
10:31:26.010 [Test worker] DEBUG org.apache.http.headers - << X-Content-Type-Options: nosniff
10:31:26.010 [Test worker] DEBUG org.apache.http.headers - << X-XSS-Protection: 1; mode=block
10:31:26.010 [Test worker] DEBUG org.apache.http.headers - << Cache-Control: no-cache, no-store, max-age=0, must-revalidate
10:31:26.010 [Test worker] DEBUG org.apache.http.headers - << Pragma: no-cache
10:31:26.010 [Test worker] DEBUG org.apache.http.headers - << Expires: 0
10:31:26.010 [Test worker] DEBUG org.apache.http.headers - << X-Frame-Options: DENY
10:31:26.010 [Test worker] DEBUG org.apache.http.headers - << Content-Type: application/json
10:31:26.010 [Test worker] DEBUG org.apache.http.headers - << Transfer-Encoding: chunked
10:31:26.010 [Test worker] DEBUG org.apache.http.headers - << Date: Tue, 10 May 2022 15:00:06 GMT
10:31:26.010 [Test worker] DEBUG org.apache.http.headers - << Keep-Alive: timeout=60
10:31:26.010 [Test worker] DEBUG org.apache.http.headers - << Connection: keep-alive
10:31:26.010 [Test worker] DEBUG org.apache.http.impl.client.DefaultHttpClient - Connection can be kept alive for 60000 MILLISECONDS
10:31:26.011 [Test worker] DEBUG io.restassured.internal.RequestSpecificationImpl$RestAssuredHttpBuilder - Parsing response as: application/json
10:31:26.011 [Test worker] DEBUG io.restassured.internal.RequestSpecificationImpl$RestAssuredHttpBuilder - Parsed data to instance of: class org.apache.http.conn.EofSensorInputStream
10:31:26.011 [Test worker] DEBUG org.apache.http.wire -  << "38[\r][\n]"
10:31:26.011 [Test worker] DEBUG org.apache.http.wire -  << "{"result":"Pendiente","executionStatus":"En ejecuci[0xc3][0xb3]n"}"
10:31:26.011 [Test worker] DEBUG org.apache.http.wire -  << "[\r][\n]"
10:31:26.011 [Test worker] DEBUG org.apache.http.wire -  << "0[\r][\n]"
10:31:26.011 [Test worker] DEBUG org.apache.http.wire -  << "[\r][\n]"
10:31:26.011 [Test worker] DEBUG org.apache.http.impl.conn.BasicClientConnectionManager - Releasing connection org.apache.http.impl.conn.ManagedClientConnectionImpl@5292c53f
10:31:26.011 [Test worker] DEBUG org.apache.http.impl.conn.BasicClientConnectionManager - Connection can be kept alive for 60000 MILLISECONDS
10:31:46.037 [Test worker] DEBUG org.apache.http.impl.conn.BasicClientConnectionManager - Get connection for route {}->http://10.69.42.60:8089
10:31:46.037 [Test worker] DEBUG org.apache.http.impl.conn.DefaultClientConnectionOperator - Connecting to 10.69.42.60:8089
10:31:46.067 [Test worker] DEBUG org.apache.http.client.protocol.RequestAddCookies - CookieSpec selected: ignoreCookies
10:31:46.067 [Test worker] DEBUG org.apache.http.client.protocol.RequestAuthCache - Auth cache not set in the context
10:31:46.067 [Test worker] DEBUG org.apache.http.client.protocol.RequestProxyAuthentication - Proxy auth state: UNCHALLENGED
10:31:46.067 [Test worker] DEBUG org.apache.http.impl.client.DefaultHttpClient - Attempt 1 to execute request
10:31:46.067 [Test worker] DEBUG org.apache.http.impl.conn.DefaultClientConnection - Sending request: GET /api/execution-result?idexecution=12474 HTTP/1.1
10:31:46.067 [Test worker] DEBUG org.apache.http.wire -  >> "GET /api/execution-result?idexecution=12474 HTTP/1.1[\r][\n]"
10:31:46.067 [Test worker] DEBUG org.apache.http.wire -  >> "Content-Type: application/json; charset=UTF-8[\r][\n]"
10:31:46.067 [Test worker] DEBUG org.apache.http.wire -  >> "Authorization: Bearer eyJhbGciOiJIUzI1NiJ9.eyJzdWIiOiJPcmxhbmRvLlBhdXR0QVBJIiwiZXhwIjoxNjUyMjMwNjQ0LCJpYXQiOjE2NTIxOTQ2NDR9.rW7eHIhorHAGzHwRZGgwnyY3vduL9fhcw7Z7qUhmJh4[\r][\n]"
10:31:46.067 [Test worker] DEBUG org.apache.http.wire -  >> "Accept: */*[\r][\n]"
10:31:46.067 [Test worker] DEBUG org.apache.http.wire -  >> "Host: 10.69.42.60:8089[\r][\n]"
10:31:46.067 [Test worker] DEBUG org.apache.http.wire -  >> "Connection: Keep-Alive[\r][\n]"
10:31:46.067 [Test worker] DEBUG org.apache.http.wire -  >> "User-Agent: Apache-HttpClient/4.5.9 (Java/1.8.0_301)[\r][\n]"
10:31:46.067 [Test worker] DEBUG org.apache.http.wire -  >> "Accept-Encoding: gzip,deflate[\r][\n]"
10:31:46.067 [Test worker] DEBUG org.apache.http.wire -  >> "[\r][\n]"
10:31:46.067 [Test worker] DEBUG org.apache.http.headers - >> GET /api/execution-result?idexecution=12474 HTTP/1.1
10:31:46.067 [Test worker] DEBUG org.apache.http.headers - >> Content-Type: application/json; charset=UTF-8
10:31:46.067 [Test worker] DEBUG org.apache.http.headers - >> Authorization: Bearer eyJhbGciOiJIUzI1NiJ9.eyJzdWIiOiJPcmxhbmRvLlBhdXR0QVBJIiwiZXhwIjoxNjUyMjMwNjQ0LCJpYXQiOjE2NTIxOTQ2NDR9.rW7eHIhorHAGzHwRZGgwnyY3vduL9fhcw7Z7qUhmJh4
10:31:46.067 [Test worker] DEBUG org.apache.http.headers - >> Accept: */*
10:31:46.067 [Test worker] DEBUG org.apache.http.headers - >> Host: 10.69.42.60:8089
10:31:46.067 [Test worker] DEBUG org.apache.http.headers - >> Connection: Keep-Alive
10:31:46.067 [Test worker] DEBUG org.apache.http.headers - >> User-Agent: Apache-HttpClient/4.5.9 (Java/1.8.0_301)
10:31:46.067 [Test worker] DEBUG org.apache.http.headers - >> Accept-Encoding: gzip,deflate
10:31:46.112 [Test worker] DEBUG org.apache.http.wire -  << "HTTP/1.1 200 [\r][\n]"
10:31:46.112 [Test worker] DEBUG org.apache.http.wire -  << "Vary: Origin[\r][\n]"
10:31:46.112 [Test worker] DEBUG org.apache.http.wire -  << "Vary: Access-Control-Request-Method[\r][\n]"
10:31:46.112 [Test worker] DEBUG org.apache.http.wire -  << "Vary: Access-Control-Request-Headers[\r][\n]"
10:31:46.112 [Test worker] DEBUG org.apache.http.wire -  << "Vary: Origin[\r][\n]"
10:31:46.112 [Test worker] DEBUG org.apache.http.wire -  << "Vary: Access-Control-Request-Method[\r][\n]"
10:31:46.112 [Test worker] DEBUG org.apache.http.wire -  << "Vary: Access-Control-Request-Headers[\r][\n]"
10:31:46.112 [Test worker] DEBUG org.apache.http.wire -  << "X-Content-Type-Options: nosniff[\r][\n]"
10:31:46.112 [Test worker] DEBUG org.apache.http.wire -  << "X-XSS-Protection: 1; mode=block[\r][\n]"
10:31:46.112 [Test worker] DEBUG org.apache.http.wire -  << "Cache-Control: no-cache, no-store, max-age=0, must-revalidate[\r][\n]"
10:31:46.112 [Test worker] DEBUG org.apache.http.wire -  << "Pragma: no-cache[\r][\n]"
10:31:46.112 [Test worker] DEBUG org.apache.http.wire -  << "Expires: 0[\r][\n]"
10:31:46.112 [Test worker] DEBUG org.apache.http.wire -  << "X-Frame-Options: DENY[\r][\n]"
10:31:46.112 [Test worker] DEBUG org.apache.http.wire -  << "Content-Type: application/json[\r][\n]"
10:31:46.112 [Test worker] DEBUG org.apache.http.wire -  << "Transfer-Encoding: chunked[\r][\n]"
10:31:46.112 [Test worker] DEBUG org.apache.http.wire -  << "Date: Tue, 10 May 2022 15:00:26 GMT[\r][\n]"
10:31:46.112 [Test worker] DEBUG org.apache.http.wire -  << "Keep-Alive: timeout=60[\r][\n]"
10:31:46.112 [Test worker] DEBUG org.apache.http.wire -  << "Connection: keep-alive[\r][\n]"
10:31:46.112 [Test worker] DEBUG org.apache.http.wire -  << "[\r][\n]"
10:31:46.112 [Test worker] DEBUG org.apache.http.impl.conn.DefaultClientConnection - Receiving response: HTTP/1.1 200 
10:31:46.112 [Test worker] DEBUG org.apache.http.headers - << HTTP/1.1 200 
10:31:46.112 [Test worker] DEBUG org.apache.http.headers - << Vary: Origin
10:31:46.112 [Test worker] DEBUG org.apache.http.headers - << Vary: Access-Control-Request-Method
10:31:46.112 [Test worker] DEBUG org.apache.http.headers - << Vary: Access-Control-Request-Headers
10:31:46.112 [Test worker] DEBUG org.apache.http.headers - << Vary: Origin
10:31:46.112 [Test worker] DEBUG org.apache.http.headers - << Vary: Access-Control-Request-Method
10:31:46.112 [Test worker] DEBUG org.apache.http.headers - << Vary: Access-Control-Request-Headers
10:31:46.112 [Test worker] DEBUG org.apache.http.headers - << X-Content-Type-Options: nosniff
10:31:46.112 [Test worker] DEBUG org.apache.http.headers - << X-XSS-Protection: 1; mode=block
10:31:46.112 [Test worker] DEBUG org.apache.http.headers - << Cache-Control: no-cache, no-store, max-age=0, must-revalidate
10:31:46.112 [Test worker] DEBUG org.apache.http.headers - << Pragma: no-cache
10:31:46.112 [Test worker] DEBUG org.apache.http.headers - << Expires: 0
10:31:46.112 [Test worker] DEBUG org.apache.http.headers - << X-Frame-Options: DENY
10:31:46.112 [Test worker] DEBUG org.apache.http.headers - << Content-Type: application/json
10:31:46.112 [Test worker] DEBUG org.apache.http.headers - << Transfer-Encoding: chunked
10:31:46.112 [Test worker] DEBUG org.apache.http.headers - << Date: Tue, 10 May 2022 15:00:26 GMT
10:31:46.112 [Test worker] DEBUG org.apache.http.headers - << Keep-Alive: timeout=60
10:31:46.112 [Test worker] DEBUG org.apache.http.headers - << Connection: keep-alive
10:31:46.112 [Test worker] DEBUG org.apache.http.impl.client.DefaultHttpClient - Connection can be kept alive for 60000 MILLISECONDS
10:31:46.113 [Test worker] DEBUG io.restassured.internal.RequestSpecificationImpl$RestAssuredHttpBuilder - Parsing response as: application/json
10:31:46.113 [Test worker] DEBUG io.restassured.internal.RequestSpecificationImpl$RestAssuredHttpBuilder - Parsed data to instance of: class org.apache.http.conn.EofSensorInputStream
10:31:46.114 [Test worker] DEBUG org.apache.http.wire -  << "38[\r][\n]"
10:31:46.114 [Test worker] DEBUG org.apache.http.wire -  << "{"result":"Pendiente","executionStatus":"En ejecuci[0xc3][0xb3]n"}"
10:31:46.114 [Test worker] DEBUG org.apache.http.wire -  << "[\r][\n]"
10:31:46.114 [Test worker] DEBUG org.apache.http.wire -  << "0[\r][\n]"
10:31:46.114 [Test worker] DEBUG org.apache.http.wire -  << "[\r][\n]"
10:31:46.114 [Test worker] DEBUG org.apache.http.impl.conn.BasicClientConnectionManager - Releasing connection org.apache.http.impl.conn.ManagedClientConnectionImpl@1c28ae7f
10:31:46.114 [Test worker] DEBUG org.apache.http.impl.conn.BasicClientConnectionManager - Connection can be kept alive for 60000 MILLISECONDS
10:32:06.137 [Test worker] DEBUG org.apache.http.impl.conn.BasicClientConnectionManager - Get connection for route {}->http://10.69.42.60:8089
10:32:06.138 [Test worker] DEBUG org.apache.http.impl.conn.DefaultClientConnectionOperator - Connecting to 10.69.42.60:8089
10:32:06.169 [Test worker] DEBUG org.apache.http.client.protocol.RequestAddCookies - CookieSpec selected: ignoreCookies
10:32:06.169 [Test worker] DEBUG org.apache.http.client.protocol.RequestAuthCache - Auth cache not set in the context
10:32:06.169 [Test worker] DEBUG org.apache.http.client.protocol.RequestProxyAuthentication - Proxy auth state: UNCHALLENGED
10:32:06.169 [Test worker] DEBUG org.apache.http.impl.client.DefaultHttpClient - Attempt 1 to execute request
10:32:06.169 [Test worker] DEBUG org.apache.http.impl.conn.DefaultClientConnection - Sending request: GET /api/execution-result?idexecution=12474 HTTP/1.1
10:32:06.169 [Test worker] DEBUG org.apache.http.wire -  >> "GET /api/execution-result?idexecution=12474 HTTP/1.1[\r][\n]"
10:32:06.169 [Test worker] DEBUG org.apache.http.wire -  >> "Content-Type: application/json; charset=UTF-8[\r][\n]"
10:32:06.169 [Test worker] DEBUG org.apache.http.wire -  >> "Authorization: Bearer eyJhbGciOiJIUzI1NiJ9.eyJzdWIiOiJPcmxhbmRvLlBhdXR0QVBJIiwiZXhwIjoxNjUyMjMwNjQ0LCJpYXQiOjE2NTIxOTQ2NDR9.rW7eHIhorHAGzHwRZGgwnyY3vduL9fhcw7Z7qUhmJh4[\r][\n]"
10:32:06.169 [Test worker] DEBUG org.apache.http.wire -  >> "Accept: */*[\r][\n]"
10:32:06.169 [Test worker] DEBUG org.apache.http.wire -  >> "Host: 10.69.42.60:8089[\r][\n]"
10:32:06.169 [Test worker] DEBUG org.apache.http.wire -  >> "Connection: Keep-Alive[\r][\n]"
10:32:06.170 [Test worker] DEBUG org.apache.http.wire -  >> "User-Agent: Apache-HttpClient/4.5.9 (Java/1.8.0_301)[\r][\n]"
10:32:06.170 [Test worker] DEBUG org.apache.http.wire -  >> "Accept-Encoding: gzip,deflate[\r][\n]"
10:32:06.170 [Test worker] DEBUG org.apache.http.wire -  >> "[\r][\n]"
10:32:06.170 [Test worker] DEBUG org.apache.http.headers - >> GET /api/execution-result?idexecution=12474 HTTP/1.1
10:32:06.170 [Test worker] DEBUG org.apache.http.headers - >> Content-Type: application/json; charset=UTF-8
10:32:06.170 [Test worker] DEBUG org.apache.http.headers - >> Authorization: Bearer eyJhbGciOiJIUzI1NiJ9.eyJzdWIiOiJPcmxhbmRvLlBhdXR0QVBJIiwiZXhwIjoxNjUyMjMwNjQ0LCJpYXQiOjE2NTIxOTQ2NDR9.rW7eHIhorHAGzHwRZGgwnyY3vduL9fhcw7Z7qUhmJh4
10:32:06.170 [Test worker] DEBUG org.apache.http.headers - >> Accept: */*
10:32:06.170 [Test worker] DEBUG org.apache.http.headers - >> Host: 10.69.42.60:8089
10:32:06.170 [Test worker] DEBUG org.apache.http.headers - >> Connection: Keep-Alive
10:32:06.170 [Test worker] DEBUG org.apache.http.headers - >> User-Agent: Apache-HttpClient/4.5.9 (Java/1.8.0_301)
10:32:06.170 [Test worker] DEBUG org.apache.http.headers - >> Accept-Encoding: gzip,deflate
10:32:06.217 [Test worker] DEBUG org.apache.http.wire -  << "HTTP/1.1 200 [\r][\n]"
10:32:06.218 [Test worker] DEBUG org.apache.http.wire -  << "Vary: Origin[\r][\n]"
10:32:06.218 [Test worker] DEBUG org.apache.http.wire -  << "Vary: Access-Control-Request-Method[\r][\n]"
10:32:06.218 [Test worker] DEBUG org.apache.http.wire -  << "Vary: Access-Control-Request-Headers[\r][\n]"
10:32:06.218 [Test worker] DEBUG org.apache.http.wire -  << "Vary: Origin[\r][\n]"
10:32:06.218 [Test worker] DEBUG org.apache.http.wire -  << "Vary: Access-Control-Request-Method[\r][\n]"
10:32:06.218 [Test worker] DEBUG org.apache.http.wire -  << "Vary: Access-Control-Request-Headers[\r][\n]"
10:32:06.218 [Test worker] DEBUG org.apache.http.wire -  << "X-Content-Type-Options: nosniff[\r][\n]"
10:32:06.218 [Test worker] DEBUG org.apache.http.wire -  << "X-XSS-Protection: 1; mode=block[\r][\n]"
10:32:06.218 [Test worker] DEBUG org.apache.http.wire -  << "Cache-Control: no-cache, no-store, max-age=0, must-revalidate[\r][\n]"
10:32:06.218 [Test worker] DEBUG org.apache.http.wire -  << "Pragma: no-cache[\r][\n]"
10:32:06.218 [Test worker] DEBUG org.apache.http.wire -  << "Expires: 0[\r][\n]"
10:32:06.218 [Test worker] DEBUG org.apache.http.wire -  << "X-Frame-Options: DENY[\r][\n]"
10:32:06.218 [Test worker] DEBUG org.apache.http.wire -  << "Content-Type: application/json[\r][\n]"
10:32:06.218 [Test worker] DEBUG org.apache.http.wire -  << "Transfer-Encoding: chunked[\r][\n]"
10:32:06.218 [Test worker] DEBUG org.apache.http.wire -  << "Date: Tue, 10 May 2022 15:00:46 GMT[\r][\n]"
10:32:06.218 [Test worker] DEBUG org.apache.http.wire -  << "Keep-Alive: timeout=60[\r][\n]"
10:32:06.218 [Test worker] DEBUG org.apache.http.wire -  << "Connection: keep-alive[\r][\n]"
10:32:06.218 [Test worker] DEBUG org.apache.http.wire -  << "[\r][\n]"
10:32:06.218 [Test worker] DEBUG org.apache.http.impl.conn.DefaultClientConnection - Receiving response: HTTP/1.1 200 
10:32:06.218 [Test worker] DEBUG org.apache.http.headers - << HTTP/1.1 200 
10:32:06.218 [Test worker] DEBUG org.apache.http.headers - << Vary: Origin
10:32:06.218 [Test worker] DEBUG org.apache.http.headers - << Vary: Access-Control-Request-Method
10:32:06.218 [Test worker] DEBUG org.apache.http.headers - << Vary: Access-Control-Request-Headers
10:32:06.218 [Test worker] DEBUG org.apache.http.headers - << Vary: Origin
10:32:06.218 [Test worker] DEBUG org.apache.http.headers - << Vary: Access-Control-Request-Method
10:32:06.218 [Test worker] DEBUG org.apache.http.headers - << Vary: Access-Control-Request-Headers
10:32:06.218 [Test worker] DEBUG org.apache.http.headers - << X-Content-Type-Options: nosniff
10:32:06.218 [Test worker] DEBUG org.apache.http.headers - << X-XSS-Protection: 1; mode=block
10:32:06.218 [Test worker] DEBUG org.apache.http.headers - << Cache-Control: no-cache, no-store, max-age=0, must-revalidate
10:32:06.218 [Test worker] DEBUG org.apache.http.headers - << Pragma: no-cache
10:32:06.218 [Test worker] DEBUG org.apache.http.headers - << Expires: 0
10:32:06.218 [Test worker] DEBUG org.apache.http.headers - << X-Frame-Options: DENY
10:32:06.218 [Test worker] DEBUG org.apache.http.headers - << Content-Type: application/json
10:32:06.218 [Test worker] DEBUG org.apache.http.headers - << Transfer-Encoding: chunked
10:32:06.218 [Test worker] DEBUG org.apache.http.headers - << Date: Tue, 10 May 2022 15:00:46 GMT
10:32:06.218 [Test worker] DEBUG org.apache.http.headers - << Keep-Alive: timeout=60
10:32:06.218 [Test worker] DEBUG org.apache.http.headers - << Connection: keep-alive
10:32:06.218 [Test worker] DEBUG org.apache.http.impl.client.DefaultHttpClient - Connection can be kept alive for 60000 MILLISECONDS
10:32:06.218 [Test worker] DEBUG io.restassured.internal.RequestSpecificationImpl$RestAssuredHttpBuilder - Parsing response as: application/json
10:32:06.218 [Test worker] DEBUG io.restassured.internal.RequestSpecificationImpl$RestAssuredHttpBuilder - Parsed data to instance of: class org.apache.http.conn.EofSensorInputStream
10:32:06.219 [Test worker] DEBUG org.apache.http.wire -  << "17c[\r][\n]"
10:32:06.219 [Test worker] DEBUG org.apache.http.wire -  << "{"result":["Fallido"],"executionStatus":"Terminado","urlEvidenceSerenity":"http://10.69.42.60:8092/assets/evidences/10_05_2022_10_26_54_217/Sox_Evidence.zip","urlEvidenceEvidenceComplete":"http://10.69.42.60:8092/assets/evidences/10_05_2022_10_26_54_217/Complete_Evidence.zip","urlEvidenceSox":"http://10.69.42.60:8092/assets/evidences/10_05_2022_10_26_54_217/reports/index.html"}"
10:32:06.219 [Test worker] DEBUG org.apache.http.wire -  << "[\r][\n]"
10:32:06.219 [Test worker] DEBUG org.apache.http.wire -  << "0[\r][\n]"
10:32:06.219 [Test worker] DEBUG org.apache.http.wire -  << "[\r][\n]"
10:32:06.219 [Test worker] DEBUG org.apache.http.impl.conn.BasicClientConnectionManager - Releasing connection org.apache.http.impl.conn.ManagedClientConnectionImpl@30d6bcbe
10:32:06.219 [Test worker] DEBUG org.apache.http.impl.conn.BasicClientConnectionManager - Connection can be kept alive for 60000 MILLISECONDS
Ejecucion Fallida
10:32:06.330 [Test worker] DEBUG org.apache.http.impl.conn.BasicClientConnectionManager - Get connection for route {}->http://10.69.42.60:8089
10:32:06.330 [Test worker] DEBUG org.apache.http.impl.conn.DefaultClientConnectionOperator - Connecting to 10.69.42.60:8089
10:32:06.360 [Test worker] DEBUG org.apache.http.client.protocol.RequestAddCookies - CookieSpec selected: ignoreCookies
10:32:06.360 [Test worker] DEBUG org.apache.http.client.protocol.RequestAuthCache - Auth cache not set in the context
10:32:06.360 [Test worker] DEBUG org.apache.http.client.protocol.RequestProxyAuthentication - Proxy auth state: UNCHALLENGED
10:32:06.360 [Test worker] DEBUG org.apache.http.impl.client.DefaultHttpClient - Attempt 1 to execute request
10:32:06.360 [Test worker] DEBUG org.apache.http.impl.conn.DefaultClientConnection - Sending request: GET /api/execution-result?idexecution=12474 HTTP/1.1
10:32:06.361 [Test worker] DEBUG org.apache.http.wire -  >> "GET /api/execution-result?idexecution=12474 HTTP/1.1[\r][\n]"
10:32:06.361 [Test worker] DEBUG org.apache.http.wire -  >> "Content-Type: application/json; charset=UTF-8[\r][\n]"
10:32:06.361 [Test worker] DEBUG org.apache.http.wire -  >> "Authorization: Bearer eyJhbGciOiJIUzI1NiJ9.eyJzdWIiOiJPcmxhbmRvLlBhdXR0QVBJIiwiZXhwIjoxNjUyMjMwNjQ0LCJpYXQiOjE2NTIxOTQ2NDR9.rW7eHIhorHAGzHwRZGgwnyY3vduL9fhcw7Z7qUhmJh4[\r][\n]"
10:32:06.361 [Test worker] DEBUG org.apache.http.wire -  >> "Accept: */*[\r][\n]"
10:32:06.361 [Test worker] DEBUG org.apache.http.wire -  >> "Host: 10.69.42.60:8089[\r][\n]"
10:32:06.361 [Test worker] DEBUG org.apache.http.wire -  >> "Connection: Keep-Alive[\r][\n]"
10:32:06.361 [Test worker] DEBUG org.apache.http.wire -  >> "User-Agent: Apache-HttpClient/4.5.9 (Java/1.8.0_301)[\r][\n]"
10:32:06.361 [Test worker] DEBUG org.apache.http.wire -  >> "Accept-Encoding: gzip,deflate[\r][\n]"
10:32:06.361 [Test worker] DEBUG org.apache.http.wire -  >> "[\r][\n]"
10:32:06.361 [Test worker] DEBUG org.apache.http.headers - >> GET /api/execution-result?idexecution=12474 HTTP/1.1
10:32:06.361 [Test worker] DEBUG org.apache.http.headers - >> Content-Type: application/json; charset=UTF-8
10:32:06.361 [Test worker] DEBUG org.apache.http.headers - >> Authorization: Bearer eyJhbGciOiJIUzI1NiJ9.eyJzdWIiOiJPcmxhbmRvLlBhdXR0QVBJIiwiZXhwIjoxNjUyMjMwNjQ0LCJpYXQiOjE2NTIxOTQ2NDR9.rW7eHIhorHAGzHwRZGgwnyY3vduL9fhcw7Z7qUhmJh4
10:32:06.361 [Test worker] DEBUG org.apache.http.headers - >> Accept: */*
10:32:06.361 [Test worker] DEBUG org.apache.http.headers - >> Host: 10.69.42.60:8089
10:32:06.361 [Test worker] DEBUG org.apache.http.headers - >> Connection: Keep-Alive
10:32:06.361 [Test worker] DEBUG org.apache.http.headers - >> User-Agent: Apache-HttpClient/4.5.9 (Java/1.8.0_301)
10:32:06.361 [Test worker] DEBUG org.apache.http.headers - >> Accept-Encoding: gzip,deflate
10:32:06.403 [Test worker] DEBUG org.apache.http.wire -  << "HTTP/1.1 200 [\r][\n]"
10:32:06.403 [Test worker] DEBUG org.apache.http.wire -  << "Vary: Origin[\r][\n]"
10:32:06.403 [Test worker] DEBUG org.apache.http.wire -  << "Vary: Access-Control-Request-Method[\r][\n]"
10:32:06.403 [Test worker] DEBUG org.apache.http.wire -  << "Vary: Access-Control-Request-Headers[\r][\n]"
10:32:06.403 [Test worker] DEBUG org.apache.http.wire -  << "Vary: Origin[\r][\n]"
10:32:06.403 [Test worker] DEBUG org.apache.http.wire -  << "Vary: Access-Control-Request-Method[\r][\n]"
10:32:06.403 [Test worker] DEBUG org.apache.http.wire -  << "Vary: Access-Control-Request-Headers[\r][\n]"
10:32:06.403 [Test worker] DEBUG org.apache.http.wire -  << "X-Content-Type-Options: nosniff[\r][\n]"
10:32:06.403 [Test worker] DEBUG org.apache.http.wire -  << "X-XSS-Protection: 1; mode=block[\r][\n]"
10:32:06.403 [Test worker] DEBUG org.apache.http.wire -  << "Cache-Control: no-cache, no-store, max-age=0, must-revalidate[\r][\n]"
10:32:06.403 [Test worker] DEBUG org.apache.http.wire -  << "Pragma: no-cache[\r][\n]"
10:32:06.403 [Test worker] DEBUG org.apache.http.wire -  << "Expires: 0[\r][\n]"
10:32:06.403 [Test worker] DEBUG org.apache.http.wire -  << "X-Frame-Options: DENY[\r][\n]"
10:32:06.403 [Test worker] DEBUG org.apache.http.wire -  << "Content-Type: application/json[\r][\n]"
10:32:06.403 [Test worker] DEBUG org.apache.http.wire -  << "Transfer-Encoding: chunked[\r][\n]"
10:32:06.403 [Test worker] DEBUG org.apache.http.wire -  << "Date: Tue, 10 May 2022 15:00:46 GMT[\r][\n]"
10:32:06.403 [Test worker] DEBUG org.apache.http.wire -  << "Keep-Alive: timeout=60[\r][\n]"
10:32:06.403 [Test worker] DEBUG org.apache.http.wire -  << "Connection: keep-alive[\r][\n]"
10:32:06.403 [Test worker] DEBUG org.apache.http.wire -  << "[\r][\n]"
10:32:06.403 [Test worker] DEBUG org.apache.http.impl.conn.DefaultClientConnection - Receiving response: HTTP/1.1 200 
10:32:06.403 [Test worker] DEBUG org.apache.http.headers - << HTTP/1.1 200 
10:32:06.403 [Test worker] DEBUG org.apache.http.headers - << Vary: Origin
10:32:06.403 [Test worker] DEBUG org.apache.http.headers - << Vary: Access-Control-Request-Method
10:32:06.403 [Test worker] DEBUG org.apache.http.headers - << Vary: Access-Control-Request-Headers
10:32:06.403 [Test worker] DEBUG org.apache.http.headers - << Vary: Origin
10:32:06.403 [Test worker] DEBUG org.apache.http.headers - << Vary: Access-Control-Request-Method
10:32:06.403 [Test worker] DEBUG org.apache.http.headers - << Vary: Access-Control-Request-Headers
10:32:06.403 [Test worker] DEBUG org.apache.http.headers - << X-Content-Type-Options: nosniff
10:32:06.403 [Test worker] DEBUG org.apache.http.headers - << X-XSS-Protection: 1; mode=block
10:32:06.403 [Test worker] DEBUG org.apache.http.headers - << Cache-Control: no-cache, no-store, max-age=0, must-revalidate
10:32:06.403 [Test worker] DEBUG org.apache.http.headers - << Pragma: no-cache
10:32:06.403 [Test worker] DEBUG org.apache.http.headers - << Expires: 0
10:32:06.403 [Test worker] DEBUG org.apache.http.headers - << X-Frame-Options: DENY
10:32:06.403 [Test worker] DEBUG org.apache.http.headers - << Content-Type: application/json
10:32:06.403 [Test worker] DEBUG org.apache.http.headers - << Transfer-Encoding: chunked
10:32:06.403 [Test worker] DEBUG org.apache.http.headers - << Date: Tue, 10 May 2022 15:00:46 GMT
10:32:06.403 [Test worker] DEBUG org.apache.http.headers - << Keep-Alive: timeout=60
10:32:06.403 [Test worker] DEBUG org.apache.http.headers - << Connection: keep-alive
10:32:06.403 [Test worker] DEBUG org.apache.http.impl.client.DefaultHttpClient - Connection can be kept alive for 60000 MILLISECONDS
10:32:06.404 [Test worker] DEBUG io.restassured.internal.RequestSpecificationImpl$RestAssuredHttpBuilder - Parsing response as: application/json
10:32:06.404 [Test worker] DEBUG io.restassured.internal.RequestSpecificationImpl$RestAssuredHttpBuilder - Parsed data to instance of: class org.apache.http.conn.EofSensorInputStream
10:32:06.404 [Test worker] DEBUG org.apache.http.wire -  << "17c[\r][\n]"
10:32:06.404 [Test worker] DEBUG org.apache.http.wire -  << "{"result":["Fallido"],"executionStatus":"Terminado","urlEvidenceSerenity":"http://10.69.42.60:8092/assets/evidences/10_05_2022_10_26_54_217/Sox_Evidence.zip","urlEvidenceEvidenceComplete":"http://10.69.42.60:8092/assets/evidences/10_05_2022_10_26_54_217/Complete_Evidence.zip","urlEvidenceSox":"http://10.69.42.60:8092/assets/evidences/10_05_2022_10_26_54_217/reports/index.html"}"
10:32:06.404 [Test worker] DEBUG org.apache.http.wire -  << "[\r][\n]"
10:32:06.404 [Test worker] DEBUG org.apache.http.wire -  << "0[\r][\n]"
10:32:06.404 [Test worker] DEBUG org.apache.http.wire -  << "[\r][\n]"
10:32:06.404 [Test worker] DEBUG org.apache.http.impl.conn.BasicClientConnectionManager - Releasing connection org.apache.http.impl.conn.ManagedClientConnectionImpl@55038615
10:32:06.404 [Test worker] DEBUG org.apache.http.impl.conn.BasicClientConnectionManager - Connection can be kept alive for 60000 MILLISECONDS
Ejecucion Fallida
[http://10.69.42.60:8092/assets/evidences/10_05_2022_10_26_54_217/Sox_Evidence.zip, http://10.69.42.60:8092/assets/evidences/10_05_2022_10_26_54_217/Complete_Evidence.zip, http://10.69.42.60:8092/assets/evidences/10_05_2022_10_26_54_217/reports/index.html]
10:32:06.454 [Test worker] INFO net.thucydides.core.steps.ConsoleLoggingListener - 
        __    _____ _____ ____ _____   ____   _    ____  ____  _____ ____  
  _     \ \  |_   _| ____/ ___|_   _| |  _ \ / \  / ___|/ ___|| ____|  _ \ 
 (_)_____| |   | | |  _| \___ \ | |   | |_) / _ \ \___ \\___ \|  _| | | | |
  _|_____| |   | | | |___ ___) || |   |  __/ ___ \ ___) |___) | |___| |_| |
 (_)     | |   |_| |_____|____/ |_|   |_| /_/   \_\____/|____/|_____|____/ 
        /_/                                                                

TEST PASSED: se requiere ejecutar el Json
----------------------------------------------------------------------------
]]></system-out>
  <system-err><![CDATA[]]></system-err>
</testsuite>
