<?xml version="1.0" encoding="UTF-8"?>
<testsuite name="com.indra.runners.SanityRunners" tests="0" skipped="0" failures="0" errors="0" timestamp="1970-01-01T00:00:00" hostname="22LAP5CD1195RQX" time="0.0">
  <properties/>
  <system-out><![CDATA[16:19:50.240 [Test worker] INFO net.thucydides.core.steps.ConsoleLoggingListener - 

-------------------------------------------------------------------------------------
     _______. _______ .______       _______ .__   __.  __  .___________.____    ____ 
    /       ||   ____||   _  \     |   ____||  \ |  | |  | |           |\   \  /   / 
   |   (----`|  |__   |  |_)  |    |  |__   |   \|  | |  | `---|  |----` \   \/   /  
    \   \    |   __|  |      /     |   __|  |  . `  | |  |     |  |       \_    _/   
.----)   |   |  |____ |  |\  \----.|  |____ |  |\   | |  |     |  |         |  |     
|_______/    |_______|| _| `._____||_______||__| \__| |__|     |__|         |__|    
                                                                                     
 News and tutorials at http://www.serenity-bdd.info                                  
 Documentation at https://wakaleo.gitbooks.io/the-serenity-book/content/             
 Join the Serenity Community on Rocket Chat at https://serenity-bdd.rocket.chat      
 Serenity BDD Support and Training at http://serenity-bdd.info/#/trainingandsupport  
 Learn Serenity BDD online at http://serenity-dojo.com                               
-------------------------------------------------------------------------------------

16:19:50.246 [Test worker] DEBUG net.thucydides.core.steps.StepEventBus - Test suite started for story net.thucydides.core.model.Story@c8803f7e
16:19:50.250 [Test worker] INFO net.thucydides.core.steps.ConsoleLoggingListener - Test Suite Started: Sanity Apis Merlin Json
16:19:50.294 [Test worker] INFO net.thucydides.core.steps.ConsoleLoggingListener - 
 _____ _____ ____ _____   ____ _____  _    ____ _____ _____ ____  
|_   _| ____/ ___|_   _| / ___|_   _|/ \  |  _ \_   _| ____|  _ \ 
  | | |  _| \___ \ | |   \___ \ | | / _ \ | |_) || | |  _| | | | |
  | | | |___ ___) || |    ___) || |/ ___ \|  _ < | | | |___| |_| |
  |_| |_____|____/ |_|   |____/ |_/_/   \_\_| \_\|_| |_____|____/ 
                                                                  

TEST STARTED: Realizar creacion catalogo Atp gestion cuentas suscripcion y ejecucion
-------------------------------------------------------------------(sanity-apis-merlin-json;realizar-creacion-catalogo-atp-gestion-cuentas-suscripcion-y-ejecucion)
16:19:50.347 [Test worker] DEBUG net.thucydides.core.requirements.model.cucumber.CucumberParser - Found no Cucumber 4.2.6 class cucumber.runtime.model.FeatureLoader try Cucumber 4.2.0 
16:19:50.348 [Test worker] DEBUG net.thucydides.core.requirements.model.cucumber.CucumberParser - Found no Cucumber 4.2.0 class cucumber.runtime.model.FeatureLoader try Cucumber 2.x.x 
16:25:17.794 [Test worker] DEBUG net.thucydides.core.reports.ReportService - Reporting formats: [JSON, HTML]
16:25:17.934 [Test worker] DEBUG net.thucydides.core.reports.ReportService - Reporting formats: [JSON, HTML]
16:25:17.955 [Test worker] DEBUG net.thucydides.core.reports.ReportService - Generating reports for 1 test outcomes using: net.thucydides.core.reports.json.JSONTestOutcomeReporter@3bf3759f
16:25:17.957 [pool-1-thread-1] DEBUG net.thucydides.core.reports.ReportService - Processing test outcome Sanity Apis Merlin Json:Realizar creacion catalogo Atp gestion cuentas suscripcion y ejecucion
16:25:17.959 [pool-1-thread-1] DEBUG net.thucydides.core.reports.ReportService - net.thucydides.core.reports.json.JSONTestOutcomeReporter@3bf3759f: Generating report for test outcome: Sanity Apis Merlin Json:Realizar creacion catalogo Atp gestion cuentas suscripcion y ejecucion
16:25:17.982 [pool-1-thread-1] DEBUG net.thucydides.core.reports.json.JSONTestOutcomeReporter - Generating JSON report for Realizar creacion catalogo Atp gestion cuentas suscripcion y ejecucion to file C:\Users\nriosa\Desktop\SanitySemillas\AutomationAPISMerlin\target\site\serenity\6864308fb66fdbfeee10d63a2e7e1b93a71445575d27eebb7b3dc73dd465324b.json (using temp file C:\Users\nriosa\Desktop\SanitySemillas\AutomationAPISMerlin\target\site\serenity\6864308fb66fdbfeee10d63a2e7e1b93a71445575d27eebb7b3dc73dd465324b.json278a17a7-63db-4880-b011-8e56b3bea652)
16:25:18.096 [pool-1-thread-1] DEBUG net.thucydides.core.reports.ReportService - Processing test outcome Sanity Apis Merlin Json:Realizar creacion catalogo Atp gestion cuentas suscripcion y ejecucion done
16:25:18.096 [Test worker] DEBUG net.thucydides.core.reports.ReportService - Shutting down executor service
16:25:18.096 [Test worker] DEBUG net.thucydides.core.reports.ReportService - Reports generated in: 141 ms
16:25:18.096 [Test worker] DEBUG net.thucydides.core.reports.ReportService - Generating reports for 1 test outcomes using: net.thucydides.core.reports.html.HtmlAcceptanceTestReporter@5b8474e6
16:25:18.098 [pool-2-thread-1] DEBUG net.thucydides.core.reports.ReportService - Processing test outcome Sanity Apis Merlin Json:Realizar creacion catalogo Atp gestion cuentas suscripcion y ejecucion
16:25:18.098 [pool-2-thread-1] DEBUG net.thucydides.core.reports.ReportService - net.thucydides.core.reports.html.HtmlAcceptanceTestReporter@5b8474e6: Generating report for test outcome: Sanity Apis Merlin Json:Realizar creacion catalogo Atp gestion cuentas suscripcion y ejecucion
16:25:18.099 [pool-2-thread-1] DEBUG net.thucydides.core.reports.html.HtmlAcceptanceTestReporter - GENERATE TEST OUTCOME REPORT FOR Realizar creacion catalogo Atp gestion cuentas suscripcion y ejecucion in 6864308fb66fdbfeee10d63a2e7e1b93a71445575d27eebb7b3dc73dd465324b
16:25:18.143 [pool-2-thread-1] DEBUG net.thucydides.core.requirements.model.cucumber.CucumberParser - Found no Cucumber 4.2.6 class cucumber.runtime.model.FeatureLoader try Cucumber 4.2.0 
16:25:18.144 [pool-2-thread-1] DEBUG net.thucydides.core.requirements.model.cucumber.CucumberParser - Found no Cucumber 4.2.0 class cucumber.runtime.model.FeatureLoader try Cucumber 2.x.x 
16:25:18.153 [pool-2-thread-1] DEBUG net.thucydides.core.requirements.RequirementsTagProvider -  found:[Requirement{name='Sanity Apis Merlin Json', type='feature' parent = 'null', cardNumber='null'}]
16:25:18.162 [pool-2-thread-1] DEBUG net.thucydides.core.requirements.BaseRequirementsService - Requirement found for test outcome Realizar creacion catalogo Atp gestion cuentas suscripcion y ejecucion-[]: Optional[Requirement{name='Sanity Apis Merlin Json', type='feature' parent = 'null', cardNumber='null'}]
16:25:18.166 [pool-2-thread-1] DEBUG net.thucydides.core.requirements.BaseRequirementsService - Requirement found for test outcome Realizar creacion catalogo Atp gestion cuentas suscripcion y ejecucion-[]: Optional[Requirement{name='Sanity Apis Merlin Json', type='feature' parent = 'null', cardNumber='null'}]
16:25:18.350 [pool-2-thread-1] DEBUG net.thucydides.core.reports.html.HtmlAcceptanceTestReporter - GENERATING HTML REPORT FOR Sanity Apis Merlin Json:Realizar creacion catalogo Atp gestion cuentas suscripcion y ejecucion in 6864308fb66fdbfeee10d63a2e7e1b93a71445575d27eebb7b3dc73dd465324b.html in directory C:\Users\nriosa\Desktop\SanitySemillas\AutomationAPISMerlin\target\site\serenity  
16:25:18.358 [pool-2-thread-1] DEBUG net.thucydides.core.reports.html.HtmlAcceptanceTestReporter - Generating report in 6864308fb66fdbfeee10d63a2e7e1b93a71445575d27eebb7b3dc73dd465324b.html
16:25:18.826 [pool-2-thread-1] DEBUG net.thucydides.core.reports.html.HtmlAcceptanceTestReporter - Generated report 6864308fb66fdbfeee10d63a2e7e1b93a71445575d27eebb7b3dc73dd465324b.html in 468 ms
16:25:18.826 [pool-2-thread-1] DEBUG net.thucydides.core.reports.ReportService - Processing test outcome Sanity Apis Merlin Json:Realizar creacion catalogo Atp gestion cuentas suscripcion y ejecucion done
16:25:18.826 [Test worker] DEBUG net.thucydides.core.reports.ReportService - Shutting down executor service
16:25:18.826 [Test worker] DEBUG net.thucydides.core.reports.ReportService - Reports generated in: 730 ms
16:25:18.866 [Finalizer] DEBUG org.apache.http.impl.conn.DefaultClientConnection - Connection 0.0.0.0:49322<->10.69.42.60:8089 closed
16:25:18.867 [Finalizer] DEBUG org.apache.http.impl.conn.DefaultClientConnection - Connection 0.0.0.0:49326<->10.69.42.60:8089 closed
16:25:18.868 [Finalizer] DEBUG org.apache.http.impl.conn.DefaultClientConnection - Connection 0.0.0.0:49327<->10.69.42.60:8089 closed

?[31mFailed scenarios:?[0m
?[31msrc/test/resources/features/execute.feature:67 ?[0m# Realizar creacion catalogo Atp gestion cuentas suscripcion y ejecucion

1 Scenarios (?[31m1 failed?[0m)
3 Steps (?[31m1 failed?[0m, ?[32m2 passed?[0m)
5m27,700s

java.lang.AssertionError: Finaliza de manera Exitosa la automatizacion
Expected: "Exitoso"
     but: was "Error"
	at org.hamcrest.MatcherAssert.assertThat(MatcherAssert.java:20)
	at com.indra.actions.ConsultResultAutomationActions.consultResultOfAutomation(ConsultResultAutomationActions.java:55)
	at com.indra.steps_definitions.SanitySteps.seObtieneLaRespuestaDeLaEjecucionDeLaAutomatizacion(SanitySteps.java:31)
	at ?.Se obtiene la respuesta de la ejecucion de la automatizacion(src/test/resources/features/execute.feature:70)

]]></system-out>
  <system-err><![CDATA[]]></system-err>
</testsuite>
