<?xml version="1.0" encoding="UTF-8"?>
<testsuite name="Sanity Merlin Json" tests="1" skipped="0" failures="0" errors="0" timestamp="2022-04-25T20:02:19" hostname="22LAP5CD1195R94" time="203.65">
  <properties/>
  <testcase name="se requiere ejecutar el Json" classname="Sanity Merlin Json" time="203.65"/>
  <system-out><![CDATA[15:02:21.354 [Test worker] DEBUG org.apache.http.impl.conn.BasicClientConnectionManager - Get connection for route {}->http://10.69.42.60:8089
15:02:21.359 [Test worker] DEBUG org.apache.http.impl.conn.DefaultClientConnectionOperator - Connecting to 10.69.42.60:8089
15:02:21.386 [Test worker] DEBUG org.apache.http.client.protocol.RequestAddCookies - CookieSpec selected: ignoreCookies
15:02:21.387 [Test worker] DEBUG org.apache.http.client.protocol.RequestAuthCache - Auth cache not set in the context
15:02:21.387 [Test worker] DEBUG org.apache.http.client.protocol.RequestTargetAuthentication - Target auth state: UNCHALLENGED
15:02:21.388 [Test worker] DEBUG org.apache.http.client.protocol.RequestProxyAuthentication - Proxy auth state: UNCHALLENGED
15:02:21.388 [Test worker] DEBUG org.apache.http.impl.client.DefaultHttpClient - Attempt 1 to execute request
15:02:21.388 [Test worker] DEBUG org.apache.http.impl.conn.DefaultClientConnection - Sending request: POST /api/authenticate-api HTTP/1.1
15:02:21.388 [Test worker] DEBUG org.apache.http.wire -  >> "POST /api/authenticate-api HTTP/1.1[\r][\n]"
15:02:21.389 [Test worker] DEBUG org.apache.http.wire -  >> "Accept: */*[\r][\n]"
15:02:21.389 [Test worker] DEBUG org.apache.http.wire -  >> "Content-Type: application/json; charset=UTF-8[\r][\n]"
15:02:21.389 [Test worker] DEBUG org.apache.http.wire -  >> "Content-Length: 69[\r][\n]"
15:02:21.389 [Test worker] DEBUG org.apache.http.wire -  >> "Host: 10.69.42.60:8089[\r][\n]"
15:02:21.389 [Test worker] DEBUG org.apache.http.wire -  >> "Connection: Keep-Alive[\r][\n]"
15:02:21.389 [Test worker] DEBUG org.apache.http.wire -  >> "User-Agent: Apache-HttpClient/4.5.9 (Java/1.8.0_301)[\r][\n]"
15:02:21.389 [Test worker] DEBUG org.apache.http.wire -  >> "Accept-Encoding: gzip,deflate[\r][\n]"
15:02:21.389 [Test worker] DEBUG org.apache.http.wire -  >> "[\r][\n]"
15:02:21.389 [Test worker] DEBUG org.apache.http.headers - >> POST /api/authenticate-api HTTP/1.1
15:02:21.390 [Test worker] DEBUG org.apache.http.headers - >> Accept: */*
15:02:21.390 [Test worker] DEBUG org.apache.http.headers - >> Content-Type: application/json; charset=UTF-8
15:02:21.390 [Test worker] DEBUG org.apache.http.headers - >> Content-Length: 69
15:02:21.390 [Test worker] DEBUG org.apache.http.headers - >> Host: 10.69.42.60:8089
15:02:21.390 [Test worker] DEBUG org.apache.http.headers - >> Connection: Keep-Alive
15:02:21.390 [Test worker] DEBUG org.apache.http.headers - >> User-Agent: Apache-HttpClient/4.5.9 (Java/1.8.0_301)
15:02:21.390 [Test worker] DEBUG org.apache.http.headers - >> Accept-Encoding: gzip,deflate
15:02:21.390 [Test worker] DEBUG org.apache.http.wire -  >> "{[\n]"
15:02:21.391 [Test worker] DEBUG org.apache.http.wire -  >> "    "username": "Orlando.Pautt",[\n]"
15:02:21.391 [Test worker] DEBUG org.apache.http.wire -  >> "    "password": "OrlandoDar.12*"[\n]"
15:02:21.391 [Test worker] DEBUG org.apache.http.wire -  >> "}"
15:02:21.538 [Test worker] DEBUG org.apache.http.wire -  << "HTTP/1.1 200 [\r][\n]"
15:02:21.541 [Test worker] DEBUG org.apache.http.wire -  << "Vary: Origin[\r][\n]"
15:02:21.542 [Test worker] DEBUG org.apache.http.wire -  << "Vary: Access-Control-Request-Method[\r][\n]"
15:02:21.542 [Test worker] DEBUG org.apache.http.wire -  << "Vary: Access-Control-Request-Headers[\r][\n]"
15:02:21.542 [Test worker] DEBUG org.apache.http.wire -  << "Vary: Origin[\r][\n]"
15:02:21.542 [Test worker] DEBUG org.apache.http.wire -  << "Vary: Access-Control-Request-Method[\r][\n]"
15:02:21.542 [Test worker] DEBUG org.apache.http.wire -  << "Vary: Access-Control-Request-Headers[\r][\n]"
15:02:21.543 [Test worker] DEBUG org.apache.http.wire -  << "X-Content-Type-Options: nosniff[\r][\n]"
15:02:21.543 [Test worker] DEBUG org.apache.http.wire -  << "X-XSS-Protection: 1; mode=block[\r][\n]"
15:02:21.543 [Test worker] DEBUG org.apache.http.wire -  << "Cache-Control: no-cache, no-store, max-age=0, must-revalidate[\r][\n]"
15:02:21.543 [Test worker] DEBUG org.apache.http.wire -  << "Pragma: no-cache[\r][\n]"
15:02:21.543 [Test worker] DEBUG org.apache.http.wire -  << "Expires: 0[\r][\n]"
15:02:21.544 [Test worker] DEBUG org.apache.http.wire -  << "X-Frame-Options: DENY[\r][\n]"
15:02:21.544 [Test worker] DEBUG org.apache.http.wire -  << "Content-Type: application/json[\r][\n]"
15:02:21.544 [Test worker] DEBUG org.apache.http.wire -  << "Transfer-Encoding: chunked[\r][\n]"
15:02:21.544 [Test worker] DEBUG org.apache.http.wire -  << "Date: Mon, 25 Apr 2022 19:30:54 GMT[\r][\n]"
15:02:21.544 [Test worker] DEBUG org.apache.http.wire -  << "Keep-Alive: timeout=60[\r][\n]"
15:02:21.544 [Test worker] DEBUG org.apache.http.wire -  << "Connection: keep-alive[\r][\n]"
15:02:21.545 [Test worker] DEBUG org.apache.http.wire -  << "[\r][\n]"
15:02:21.546 [Test worker] DEBUG org.apache.http.impl.conn.DefaultClientConnection - Receiving response: HTTP/1.1 200 
15:02:21.546 [Test worker] DEBUG org.apache.http.headers - << HTTP/1.1 200 
15:02:21.546 [Test worker] DEBUG org.apache.http.headers - << Vary: Origin
15:02:21.546 [Test worker] DEBUG org.apache.http.headers - << Vary: Access-Control-Request-Method
15:02:21.546 [Test worker] DEBUG org.apache.http.headers - << Vary: Access-Control-Request-Headers
15:02:21.546 [Test worker] DEBUG org.apache.http.headers - << Vary: Origin
15:02:21.546 [Test worker] DEBUG org.apache.http.headers - << Vary: Access-Control-Request-Method
15:02:21.547 [Test worker] DEBUG org.apache.http.headers - << Vary: Access-Control-Request-Headers
15:02:21.547 [Test worker] DEBUG org.apache.http.headers - << X-Content-Type-Options: nosniff
15:02:21.547 [Test worker] DEBUG org.apache.http.headers - << X-XSS-Protection: 1; mode=block
15:02:21.548 [Test worker] DEBUG org.apache.http.headers - << Cache-Control: no-cache, no-store, max-age=0, must-revalidate
15:02:21.548 [Test worker] DEBUG org.apache.http.headers - << Pragma: no-cache
15:02:21.548 [Test worker] DEBUG org.apache.http.headers - << Expires: 0
15:02:21.548 [Test worker] DEBUG org.apache.http.headers - << X-Frame-Options: DENY
15:02:21.548 [Test worker] DEBUG org.apache.http.headers - << Content-Type: application/json
15:02:21.548 [Test worker] DEBUG org.apache.http.headers - << Transfer-Encoding: chunked
15:02:21.548 [Test worker] DEBUG org.apache.http.headers - << Date: Mon, 25 Apr 2022 19:30:54 GMT
15:02:21.548 [Test worker] DEBUG org.apache.http.headers - << Keep-Alive: timeout=60
15:02:21.548 [Test worker] DEBUG org.apache.http.headers - << Connection: keep-alive
15:02:21.558 [Test worker] DEBUG org.apache.http.impl.client.DefaultHttpClient - Connection can be kept alive for 60000 MILLISECONDS
15:02:21.576 [Test worker] DEBUG io.restassured.internal.RequestSpecificationImpl$RestAssuredHttpBuilder - Parsing response as: application/json
15:02:21.576 [Test worker] DEBUG io.restassured.internal.RequestSpecificationImpl$RestAssuredHttpBuilder - Parsed data to instance of: class org.apache.http.conn.EofSensorInputStream
15:02:21.631 [Test worker] DEBUG org.apache.http.wire -  << "e6[\r][\n]"
15:02:21.631 [Test worker] DEBUG org.apache.http.wire -  << "{"role":"Automatizador","rights":"automatizar","username":"Orlando.Pautt","token":"eyJhbGciOiJIUzI1NiJ9.eyJzdWIiOiJPcmxhbmRvLlBhdXR0QVBJIiwiZXhwIjoxNjUwOTUxMDU0LCJpYXQiOjE2NTA5MTUwNTR9.OpDO9_0yn-EEunb1ghAr8weeVJxxY0WwY24swiLSgdU"}"
15:02:21.632 [Test worker] DEBUG org.apache.http.wire -  << "[\r][\n]"
15:02:21.632 [Test worker] DEBUG org.apache.http.wire -  << "0[\r][\n]"
15:02:21.632 [Test worker] DEBUG org.apache.http.wire -  << "[\r][\n]"
15:02:21.632 [Test worker] DEBUG org.apache.http.impl.conn.BasicClientConnectionManager - Releasing connection org.apache.http.impl.conn.ManagedClientConnectionImpl@333b9c46
15:02:21.632 [Test worker] DEBUG org.apache.http.impl.conn.BasicClientConnectionManager - Connection can be kept alive for 60000 MILLISECONDS
15:02:21.726 [Finalizer] DEBUG org.apache.http.impl.conn.DefaultClientConnection - Connection 0.0.0.0:63043<->10.69.42.60:8089 closed
15:02:22.285 [Test worker] DEBUG org.apache.http.impl.conn.BasicClientConnectionManager - Get connection for route {}->http://10.69.42.60:8089
15:02:22.285 [Test worker] DEBUG org.apache.http.impl.conn.DefaultClientConnectionOperator - Connecting to 10.69.42.60:8089
15:02:22.307 [Test worker] DEBUG org.apache.http.client.protocol.RequestAddCookies - CookieSpec selected: ignoreCookies
15:02:22.307 [Test worker] DEBUG org.apache.http.client.protocol.RequestAuthCache - Auth cache not set in the context
15:02:22.308 [Test worker] DEBUG org.apache.http.client.protocol.RequestProxyAuthentication - Proxy auth state: UNCHALLENGED
15:02:22.308 [Test worker] DEBUG org.apache.http.impl.client.DefaultHttpClient - Attempt 1 to execute request
15:02:22.308 [Test worker] DEBUG org.apache.http.impl.conn.DefaultClientConnection - Sending request: POST /api/external-automation HTTP/1.1
15:02:22.308 [Test worker] DEBUG org.apache.http.wire -  >> "POST /api/external-automation HTTP/1.1[\r][\n]"
15:02:22.308 [Test worker] DEBUG org.apache.http.wire -  >> "Authorization: Bearer eyJhbGciOiJIUzI1NiJ9.eyJzdWIiOiJPcmxhbmRvLlBhdXR0QVBJIiwiZXhwIjoxNjUwOTUxMDU0LCJpYXQiOjE2NTA5MTUwNTR9.OpDO9_0yn-EEunb1ghAr8weeVJxxY0WwY24swiLSgdU[\r][\n]"
15:02:22.308 [Test worker] DEBUG org.apache.http.wire -  >> "Accept: */*[\r][\n]"
15:02:22.308 [Test worker] DEBUG org.apache.http.wire -  >> "Content-Type: application/json; charset=UTF-8[\r][\n]"
15:02:22.308 [Test worker] DEBUG org.apache.http.wire -  >> "Content-Length: 2809[\r][\n]"
15:02:22.308 [Test worker] DEBUG org.apache.http.wire -  >> "Host: 10.69.42.60:8089[\r][\n]"
15:02:22.308 [Test worker] DEBUG org.apache.http.wire -  >> "Connection: Keep-Alive[\r][\n]"
15:02:22.308 [Test worker] DEBUG org.apache.http.wire -  >> "User-Agent: Apache-HttpClient/4.5.9 (Java/1.8.0_301)[\r][\n]"
15:02:22.308 [Test worker] DEBUG org.apache.http.wire -  >> "Accept-Encoding: gzip,deflate[\r][\n]"
15:02:22.308 [Test worker] DEBUG org.apache.http.wire -  >> "[\r][\n]"
15:02:22.308 [Test worker] DEBUG org.apache.http.headers - >> POST /api/external-automation HTTP/1.1
15:02:22.308 [Test worker] DEBUG org.apache.http.headers - >> Authorization: Bearer eyJhbGciOiJIUzI1NiJ9.eyJzdWIiOiJPcmxhbmRvLlBhdXR0QVBJIiwiZXhwIjoxNjUwOTUxMDU0LCJpYXQiOjE2NTA5MTUwNTR9.OpDO9_0yn-EEunb1ghAr8weeVJxxY0WwY24swiLSgdU
15:02:22.308 [Test worker] DEBUG org.apache.http.headers - >> Accept: */*
15:02:22.308 [Test worker] DEBUG org.apache.http.headers - >> Content-Type: application/json; charset=UTF-8
15:02:22.308 [Test worker] DEBUG org.apache.http.headers - >> Content-Length: 2809
15:02:22.308 [Test worker] DEBUG org.apache.http.headers - >> Host: 10.69.42.60:8089
15:02:22.308 [Test worker] DEBUG org.apache.http.headers - >> Connection: Keep-Alive
15:02:22.308 [Test worker] DEBUG org.apache.http.headers - >> User-Agent: Apache-HttpClient/4.5.9 (Java/1.8.0_301)
15:02:22.308 [Test worker] DEBUG org.apache.http.headers - >> Accept-Encoding: gzip,deflate
15:02:22.308 [Test worker] DEBUG org.apache.http.wire -  >> "{[\n]"
15:02:22.308 [Test worker] DEBUG org.apache.http.wire -  >> "    "contentFeature": [[\n]"
15:02:22.309 [Test worker] DEBUG org.apache.http.wire -  >> "        "Feature: Consultar Estado de Linea\n\n   Scenario Outline: Consultar Estado de Line\n\tGiven Deseo navegar a la pagina <urlCrm>\n    And Ingreso rapidamente <userCrm> en el campo \"User\"\n    And Ingreso rapidamente <passCrm> en el campo \"Password\"\n    And Doy click en \"Submit\"\n    And Espero que la pagina cargue\n    When Doy click en \"Consultas\"\n    And Espero que la pagina cargue\n    And Selecciono en el arbol la opcion <postventa>\n    And Selecciono en el arbol la opcion <integral>\n    And Doy click en \"Nueva pantalla unica\"\n    And Espero <tiempoEspera> segundos\n    And Espero que el iFrame \"transaccion crm portal\" cargue\n    And Cargo la pagina interna \"transaccion crm portal\"\n    And Ingreso rapidamente <msisdn> en el campo \"Msisdn\"\n    Then Doy click en \"Buscar\"\n    And Espero que la pagina cargue\n    And Valido que valor del campo \"label tipo\" sea <tipo>\n    And Valido que valor del campo \"estado linea\" sea <estadoLinea>\n\tAnd Doy click en \"Activacion\"\n\tAnd Doy click en \"Impreso HLR\"\n\tAnd Espero <tiempoEsperaFinal> segundos\n\tAnd Modifico el atributo <atributo> del campo \"HLR\" por <valorAtributo>\n\tAnd Capturo con scroll la informacion completa de la pagina\n    And Doy click en \"Prepago\"\n\tAnd Doy click en \"Resumen\"\n\tAnd Espero <tiempoEsperaFinal> segundos\n\tAnd Capturo con scroll la informacion completa de la pagina\n\n Examples:\n|urlCrm|userCrm|passCrm|postventa|integral|tiempoEspera|msisdn|tipo|estadoLinea|tiempoEsperaFinal|atributo|valorAtributo|\n|\"http://10.69.60.140:8280/portal/CRMPortal\"|\"SM1152457543\"|\"Tigo.2020*\"|\"Consulta Posventa\"|\"Consulta Integral\"|\"3\"|\"3015169697\"|\"Prepago\"|\"Activo\"|\"5\"|\"style\"|\"height: 4777px\"|\n"[\n]"
15:02:22.309 [Test worker] DEBUG org.apache.http.wire -  >> "    ],[\n]"
15:02:22.309 [Test worker] DEBUG org.apache.http.wire -  >> "    "nameFeature": [[\n]"
15:02:22.309 [Test worker] DEBUG org.apache.http.wire -  >> "        "ESC001_ Consultar Estado de Linea"[\n]"
15:02:22.309 [Test worker] DEBUG org.apache.http.wire -  >> "    ],[\n]"
15:02:22.309 [Test worker] DEBUG org.apache.http.wire -  >> "    "contentProperties": [[\n]"
15:02:22.309 [Test worker] DEBUG org.apache.http.wire -  >> "        "|User=id:username|Password=id:password|Submit=name:login|Consultas=linkText:Consultas|Nueva pantalla unica=linkText:Nueva Pantalla Unica Clientes|transaccion crm portal=id:iframe|Msisdn=xpath://*[@id='j_id15:j_id26']|Buscar=//*[@id='j_id15:j_id27']|label tipo=id:j_id135:j_id166|estado linea=//*[@id='j_id135:j_id183']|Activacion=id:j_id373:menu:j_id374:j_id421|Impreso HLR=id:j_id373:menu:j_id374:j_id421:j_id424:icn|HLR=//textarea[@class='iceInpTxtArea' and contains(.,'HLR')]|Prepago=id:j_id373:menu:j_id374:j_id376|Resumen=id:j_id373:menu:j_id374:j_id376:j_id377:icn|"[\n]"
15:02:22.309 [Test worker] DEBUG org.apache.http.wire -  >> "    ],[\n]"
15:02:22.309 [Test worker] DEBUG org.apache.http.wire -  >> "    "allowsTrace": "0",[\n]"
15:02:22.309 [Test worker] DEBUG org.apache.http.wire -  >> "    "browser": "chrome",[\n]"
15:02:22.309 [Test worker] DEBUG org.apache.http.wire -  >> "    "aplicationType": [[\n]"
15:02:22.309 [Test worker] DEBUG org.apache.http.wire -  >> "        "Web"[\n]"
15:02:22.309 [Test worker] DEBUG org.apache.http.wire -  >> "    ],[\n]"
15:02:22.309 [Test worker] DEBUG org.apache.http.wire -  >> "    "aplication": [[\n]"
15:02:22.309 [Test worker] DEBUG org.apache.http.wire -  >> "        "CRM"[\n]"
15:02:22.309 [Test worker] DEBUG org.apache.http.wire -  >> "    ],[\n]"
15:02:22.309 [Test worker] DEBUG org.apache.http.wire -  >> "    "process": [[\n]"
15:02:22.309 [Test worker] DEBUG org.apache.http.wire -  >> "        " Consultar Estado de Linea"[\n]"
15:02:22.309 [Test worker] DEBUG org.apache.http.wire -  >> "    ],[\n]"
15:02:22.309 [Test worker] DEBUG org.apache.http.wire -  >> "    "iterations": [[\n]"
15:02:22.309 [Test worker] DEBUG org.apache.http.wire -  >> "        1[\n]"
15:02:22.309 [Test worker] DEBUG org.apache.http.wire -  >> "    ],[\n]"
15:02:22.309 [Test worker] DEBUG org.apache.http.wire -  >> "    "appTypeToValidate": [[\n]"
15:02:22.309 [Test worker] DEBUG org.apache.http.wire -  >> "        "1"[\n]"
15:02:22.309 [Test worker] DEBUG org.apache.http.wire -  >> "    ],[\n]"
15:02:22.309 [Test worker] DEBUG org.apache.http.wire -  >> "    "testError": false,[\n]"
15:02:22.309 [Test worker] DEBUG org.apache.http.wire -  >> "    "stopExecution":false[\n]"
15:02:22.309 [Test worker] DEBUG org.apache.http.wire -  >> "}"
15:02:22.351 [Test worker] DEBUG org.apache.http.wire -  << "HTTP/1.1 200 [\r][\n]"
15:02:22.351 [Test worker] DEBUG org.apache.http.wire -  << "Vary: Origin[\r][\n]"
15:02:22.351 [Test worker] DEBUG org.apache.http.wire -  << "Vary: Access-Control-Request-Method[\r][\n]"
15:02:22.351 [Test worker] DEBUG org.apache.http.wire -  << "Vary: Access-Control-Request-Headers[\r][\n]"
15:02:22.351 [Test worker] DEBUG org.apache.http.wire -  << "X-Content-Type-Options: nosniff[\r][\n]"
15:02:22.351 [Test worker] DEBUG org.apache.http.wire -  << "X-XSS-Protection: 1; mode=block[\r][\n]"
15:02:22.351 [Test worker] DEBUG org.apache.http.wire -  << "Cache-Control: no-cache, no-store, max-age=0, must-revalidate[\r][\n]"
15:02:22.351 [Test worker] DEBUG org.apache.http.wire -  << "Pragma: no-cache[\r][\n]"
15:02:22.352 [Test worker] DEBUG org.apache.http.wire -  << "Expires: 0[\r][\n]"
15:02:22.352 [Test worker] DEBUG org.apache.http.wire -  << "X-Frame-Options: DENY[\r][\n]"
15:02:22.352 [Test worker] DEBUG org.apache.http.wire -  << "Content-Type: application/json[\r][\n]"
15:02:22.352 [Test worker] DEBUG org.apache.http.wire -  << "Transfer-Encoding: chunked[\r][\n]"
15:02:22.352 [Test worker] DEBUG org.apache.http.wire -  << "Date: Mon, 25 Apr 2022 19:30:54 GMT[\r][\n]"
15:02:22.352 [Test worker] DEBUG org.apache.http.wire -  << "Keep-Alive: timeout=60[\r][\n]"
15:02:22.352 [Test worker] DEBUG org.apache.http.wire -  << "Connection: keep-alive[\r][\n]"
15:02:22.352 [Test worker] DEBUG org.apache.http.wire -  << "[\r][\n]"
15:02:22.352 [Test worker] DEBUG org.apache.http.impl.conn.DefaultClientConnection - Receiving response: HTTP/1.1 200 
15:02:22.352 [Test worker] DEBUG org.apache.http.headers - << HTTP/1.1 200 
15:02:22.352 [Test worker] DEBUG org.apache.http.headers - << Vary: Origin
15:02:22.352 [Test worker] DEBUG org.apache.http.headers - << Vary: Access-Control-Request-Method
15:02:22.352 [Test worker] DEBUG org.apache.http.headers - << Vary: Access-Control-Request-Headers
15:02:22.352 [Test worker] DEBUG org.apache.http.headers - << X-Content-Type-Options: nosniff
15:02:22.352 [Test worker] DEBUG org.apache.http.headers - << X-XSS-Protection: 1; mode=block
15:02:22.352 [Test worker] DEBUG org.apache.http.headers - << Cache-Control: no-cache, no-store, max-age=0, must-revalidate
15:02:22.352 [Test worker] DEBUG org.apache.http.headers - << Pragma: no-cache
15:02:22.352 [Test worker] DEBUG org.apache.http.headers - << Expires: 0
15:02:22.352 [Test worker] DEBUG org.apache.http.headers - << X-Frame-Options: DENY
15:02:22.352 [Test worker] DEBUG org.apache.http.headers - << Content-Type: application/json
15:02:22.352 [Test worker] DEBUG org.apache.http.headers - << Transfer-Encoding: chunked
15:02:22.352 [Test worker] DEBUG org.apache.http.headers - << Date: Mon, 25 Apr 2022 19:30:54 GMT
15:02:22.352 [Test worker] DEBUG org.apache.http.headers - << Keep-Alive: timeout=60
15:02:22.352 [Test worker] DEBUG org.apache.http.headers - << Connection: keep-alive
15:02:22.352 [Test worker] DEBUG org.apache.http.impl.client.DefaultHttpClient - Connection can be kept alive for 60000 MILLISECONDS
15:02:22.352 [Test worker] DEBUG io.restassured.internal.RequestSpecificationImpl$RestAssuredHttpBuilder - Parsing response as: application/json
15:02:22.352 [Test worker] DEBUG io.restassured.internal.RequestSpecificationImpl$RestAssuredHttpBuilder - Parsed data to instance of: class org.apache.http.conn.EofSensorInputStream
15:02:22.354 [Test worker] DEBUG org.apache.http.wire -  << "35[\r][\n]"
15:02:22.354 [Test worker] DEBUG org.apache.http.wire -  << "{"idexecution":"12172","message":"Execution Pending"}"
15:02:22.354 [Test worker] DEBUG org.apache.http.wire -  << "[\r][\n]"
15:02:22.354 [Test worker] DEBUG org.apache.http.wire -  << "0[\r][\n]"
15:02:22.354 [Test worker] DEBUG org.apache.http.wire -  << "[\r][\n]"
15:02:22.354 [Test worker] DEBUG org.apache.http.impl.conn.BasicClientConnectionManager - Releasing connection org.apache.http.impl.conn.ManagedClientConnectionImpl@49af699d
15:02:22.354 [Test worker] DEBUG org.apache.http.impl.conn.BasicClientConnectionManager - Connection can be kept alive for 60000 MILLISECONDS
15:02:22.403 [Test worker] DEBUG org.apache.http.impl.conn.BasicClientConnectionManager - Get connection for route {}->http://10.69.42.60:8089
15:02:22.403 [Test worker] DEBUG org.apache.http.impl.conn.DefaultClientConnectionOperator - Connecting to 10.69.42.60:8089
15:02:22.420 [Test worker] DEBUG org.apache.http.client.protocol.RequestAddCookies - CookieSpec selected: ignoreCookies
15:02:22.421 [Test worker] DEBUG org.apache.http.client.protocol.RequestAuthCache - Auth cache not set in the context
15:02:22.421 [Test worker] DEBUG org.apache.http.client.protocol.RequestProxyAuthentication - Proxy auth state: UNCHALLENGED
15:02:22.421 [Test worker] DEBUG org.apache.http.impl.client.DefaultHttpClient - Attempt 1 to execute request
15:02:22.421 [Test worker] DEBUG org.apache.http.impl.conn.DefaultClientConnection - Sending request: GET /api/execution-result?idexecution=12172 HTTP/1.1
15:02:22.421 [Test worker] DEBUG org.apache.http.wire -  >> "GET /api/execution-result?idexecution=12172 HTTP/1.1[\r][\n]"
15:02:22.421 [Test worker] DEBUG org.apache.http.wire -  >> "Content-Type: application/json; charset=UTF-8[\r][\n]"
15:02:22.421 [Test worker] DEBUG org.apache.http.wire -  >> "Authorization: Bearer eyJhbGciOiJIUzI1NiJ9.eyJzdWIiOiJPcmxhbmRvLlBhdXR0QVBJIiwiZXhwIjoxNjUwOTUxMDU0LCJpYXQiOjE2NTA5MTUwNTR9.OpDO9_0yn-EEunb1ghAr8weeVJxxY0WwY24swiLSgdU[\r][\n]"
15:02:22.421 [Test worker] DEBUG org.apache.http.wire -  >> "Accept: */*[\r][\n]"
15:02:22.421 [Test worker] DEBUG org.apache.http.wire -  >> "Host: 10.69.42.60:8089[\r][\n]"
15:02:22.421 [Test worker] DEBUG org.apache.http.wire -  >> "Connection: Keep-Alive[\r][\n]"
15:02:22.422 [Test worker] DEBUG org.apache.http.wire -  >> "User-Agent: Apache-HttpClient/4.5.9 (Java/1.8.0_301)[\r][\n]"
15:02:22.422 [Test worker] DEBUG org.apache.http.wire -  >> "Accept-Encoding: gzip,deflate[\r][\n]"
15:02:22.422 [Test worker] DEBUG org.apache.http.wire -  >> "[\r][\n]"
15:02:22.422 [Test worker] DEBUG org.apache.http.headers - >> GET /api/execution-result?idexecution=12172 HTTP/1.1
15:02:22.422 [Test worker] DEBUG org.apache.http.headers - >> Content-Type: application/json; charset=UTF-8
15:02:22.422 [Test worker] DEBUG org.apache.http.headers - >> Authorization: Bearer eyJhbGciOiJIUzI1NiJ9.eyJzdWIiOiJPcmxhbmRvLlBhdXR0QVBJIiwiZXhwIjoxNjUwOTUxMDU0LCJpYXQiOjE2NTA5MTUwNTR9.OpDO9_0yn-EEunb1ghAr8weeVJxxY0WwY24swiLSgdU
15:02:22.422 [Test worker] DEBUG org.apache.http.headers - >> Accept: */*
15:02:22.422 [Test worker] DEBUG org.apache.http.headers - >> Host: 10.69.42.60:8089
15:02:22.422 [Test worker] DEBUG org.apache.http.headers - >> Connection: Keep-Alive
15:02:22.422 [Test worker] DEBUG org.apache.http.headers - >> User-Agent: Apache-HttpClient/4.5.9 (Java/1.8.0_301)
15:02:22.422 [Test worker] DEBUG org.apache.http.headers - >> Accept-Encoding: gzip,deflate
15:02:22.451 [Test worker] DEBUG org.apache.http.wire -  << "HTTP/1.1 200 [\r][\n]"
15:02:22.451 [Test worker] DEBUG org.apache.http.wire -  << "Vary: Origin[\r][\n]"
15:02:22.451 [Test worker] DEBUG org.apache.http.wire -  << "Vary: Access-Control-Request-Method[\r][\n]"
15:02:22.452 [Test worker] DEBUG org.apache.http.wire -  << "Vary: Access-Control-Request-Headers[\r][\n]"
15:02:22.452 [Test worker] DEBUG org.apache.http.wire -  << "Vary: Origin[\r][\n]"
15:02:22.452 [Test worker] DEBUG org.apache.http.wire -  << "Vary: Access-Control-Request-Method[\r][\n]"
15:02:22.452 [Test worker] DEBUG org.apache.http.wire -  << "Vary: Access-Control-Request-Headers[\r][\n]"
15:02:22.452 [Test worker] DEBUG org.apache.http.wire -  << "X-Content-Type-Options: nosniff[\r][\n]"
15:02:22.452 [Test worker] DEBUG org.apache.http.wire -  << "X-XSS-Protection: 1; mode=block[\r][\n]"
15:02:22.452 [Test worker] DEBUG org.apache.http.wire -  << "Cache-Control: no-cache, no-store, max-age=0, must-revalidate[\r][\n]"
15:02:22.452 [Test worker] DEBUG org.apache.http.wire -  << "Pragma: no-cache[\r][\n]"
15:02:22.452 [Test worker] DEBUG org.apache.http.wire -  << "Expires: 0[\r][\n]"
15:02:22.452 [Test worker] DEBUG org.apache.http.wire -  << "X-Frame-Options: DENY[\r][\n]"
15:02:22.452 [Test worker] DEBUG org.apache.http.wire -  << "Content-Type: application/json[\r][\n]"
15:02:22.452 [Test worker] DEBUG org.apache.http.wire -  << "Transfer-Encoding: chunked[\r][\n]"
15:02:22.452 [Test worker] DEBUG org.apache.http.wire -  << "Date: Mon, 25 Apr 2022 19:30:54 GMT[\r][\n]"
15:02:22.452 [Test worker] DEBUG org.apache.http.wire -  << "Keep-Alive: timeout=60[\r][\n]"
15:02:22.452 [Test worker] DEBUG org.apache.http.wire -  << "Connection: keep-alive[\r][\n]"
15:02:22.452 [Test worker] DEBUG org.apache.http.wire -  << "[\r][\n]"
15:02:22.452 [Test worker] DEBUG org.apache.http.impl.conn.DefaultClientConnection - Receiving response: HTTP/1.1 200 
15:02:22.452 [Test worker] DEBUG org.apache.http.headers - << HTTP/1.1 200 
15:02:22.452 [Test worker] DEBUG org.apache.http.headers - << Vary: Origin
15:02:22.452 [Test worker] DEBUG org.apache.http.headers - << Vary: Access-Control-Request-Method
15:02:22.452 [Test worker] DEBUG org.apache.http.headers - << Vary: Access-Control-Request-Headers
15:02:22.452 [Test worker] DEBUG org.apache.http.headers - << Vary: Origin
15:02:22.452 [Test worker] DEBUG org.apache.http.headers - << Vary: Access-Control-Request-Method
15:02:22.452 [Test worker] DEBUG org.apache.http.headers - << Vary: Access-Control-Request-Headers
15:02:22.452 [Test worker] DEBUG org.apache.http.headers - << X-Content-Type-Options: nosniff
15:02:22.453 [Test worker] DEBUG org.apache.http.headers - << X-XSS-Protection: 1; mode=block
15:02:22.453 [Test worker] DEBUG org.apache.http.headers - << Cache-Control: no-cache, no-store, max-age=0, must-revalidate
15:02:22.453 [Test worker] DEBUG org.apache.http.headers - << Pragma: no-cache
15:02:22.453 [Test worker] DEBUG org.apache.http.headers - << Expires: 0
15:02:22.453 [Test worker] DEBUG org.apache.http.headers - << X-Frame-Options: DENY
15:02:22.453 [Test worker] DEBUG org.apache.http.headers - << Content-Type: application/json
15:02:22.453 [Test worker] DEBUG org.apache.http.headers - << Transfer-Encoding: chunked
15:02:22.453 [Test worker] DEBUG org.apache.http.headers - << Date: Mon, 25 Apr 2022 19:30:54 GMT
15:02:22.453 [Test worker] DEBUG org.apache.http.headers - << Keep-Alive: timeout=60
15:02:22.453 [Test worker] DEBUG org.apache.http.headers - << Connection: keep-alive
15:02:22.453 [Test worker] DEBUG org.apache.http.impl.client.DefaultHttpClient - Connection can be kept alive for 60000 MILLISECONDS
15:02:22.453 [Test worker] DEBUG io.restassured.internal.RequestSpecificationImpl$RestAssuredHttpBuilder - Parsing response as: application/json
15:02:22.453 [Test worker] DEBUG io.restassured.internal.RequestSpecificationImpl$RestAssuredHttpBuilder - Parsed data to instance of: class org.apache.http.conn.EofSensorInputStream
15:02:22.455 [Test worker] DEBUG org.apache.http.wire -  << "34[\r][\n]"
15:02:22.455 [Test worker] DEBUG org.apache.http.wire -  << "{"result":"Pendiente","executionStatus":"Pendiente"}"
15:02:22.455 [Test worker] DEBUG org.apache.http.wire -  << "[\r][\n]"
15:02:22.455 [Test worker] DEBUG org.apache.http.wire -  << "0[\r][\n]"
15:02:22.455 [Test worker] DEBUG org.apache.http.wire -  << "[\r][\n]"
15:02:22.456 [Test worker] DEBUG org.apache.http.impl.conn.BasicClientConnectionManager - Releasing connection org.apache.http.impl.conn.ManagedClientConnectionImpl@526f2b46
15:02:22.456 [Test worker] DEBUG org.apache.http.impl.conn.BasicClientConnectionManager - Connection can be kept alive for 60000 MILLISECONDS
15:02:42.493 [Test worker] DEBUG org.apache.http.impl.conn.BasicClientConnectionManager - Get connection for route {}->http://10.69.42.60:8089
15:02:42.493 [Test worker] DEBUG org.apache.http.impl.conn.DefaultClientConnectionOperator - Connecting to 10.69.42.60:8089
15:02:42.504 [Test worker] DEBUG org.apache.http.client.protocol.RequestAddCookies - CookieSpec selected: ignoreCookies
15:02:42.504 [Test worker] DEBUG org.apache.http.client.protocol.RequestAuthCache - Auth cache not set in the context
15:02:42.504 [Test worker] DEBUG org.apache.http.client.protocol.RequestProxyAuthentication - Proxy auth state: UNCHALLENGED
15:02:42.504 [Test worker] DEBUG org.apache.http.impl.client.DefaultHttpClient - Attempt 1 to execute request
15:02:42.504 [Test worker] DEBUG org.apache.http.impl.conn.DefaultClientConnection - Sending request: GET /api/execution-result?idexecution=12172 HTTP/1.1
15:02:42.504 [Test worker] DEBUG org.apache.http.wire -  >> "GET /api/execution-result?idexecution=12172 HTTP/1.1[\r][\n]"
15:02:42.504 [Test worker] DEBUG org.apache.http.wire -  >> "Content-Type: application/json; charset=UTF-8[\r][\n]"
15:02:42.504 [Test worker] DEBUG org.apache.http.wire -  >> "Authorization: Bearer eyJhbGciOiJIUzI1NiJ9.eyJzdWIiOiJPcmxhbmRvLlBhdXR0QVBJIiwiZXhwIjoxNjUwOTUxMDU0LCJpYXQiOjE2NTA5MTUwNTR9.OpDO9_0yn-EEunb1ghAr8weeVJxxY0WwY24swiLSgdU[\r][\n]"
15:02:42.504 [Test worker] DEBUG org.apache.http.wire -  >> "Accept: */*[\r][\n]"
15:02:42.504 [Test worker] DEBUG org.apache.http.wire -  >> "Host: 10.69.42.60:8089[\r][\n]"
15:02:42.504 [Test worker] DEBUG org.apache.http.wire -  >> "Connection: Keep-Alive[\r][\n]"
15:02:42.504 [Test worker] DEBUG org.apache.http.wire -  >> "User-Agent: Apache-HttpClient/4.5.9 (Java/1.8.0_301)[\r][\n]"
15:02:42.504 [Test worker] DEBUG org.apache.http.wire -  >> "Accept-Encoding: gzip,deflate[\r][\n]"
15:02:42.504 [Test worker] DEBUG org.apache.http.wire -  >> "[\r][\n]"
15:02:42.504 [Test worker] DEBUG org.apache.http.headers - >> GET /api/execution-result?idexecution=12172 HTTP/1.1
15:02:42.504 [Test worker] DEBUG org.apache.http.headers - >> Content-Type: application/json; charset=UTF-8
15:02:42.504 [Test worker] DEBUG org.apache.http.headers - >> Authorization: Bearer eyJhbGciOiJIUzI1NiJ9.eyJzdWIiOiJPcmxhbmRvLlBhdXR0QVBJIiwiZXhwIjoxNjUwOTUxMDU0LCJpYXQiOjE2NTA5MTUwNTR9.OpDO9_0yn-EEunb1ghAr8weeVJxxY0WwY24swiLSgdU
15:02:42.504 [Test worker] DEBUG org.apache.http.headers - >> Accept: */*
15:02:42.504 [Test worker] DEBUG org.apache.http.headers - >> Host: 10.69.42.60:8089
15:02:42.504 [Test worker] DEBUG org.apache.http.headers - >> Connection: Keep-Alive
15:02:42.504 [Test worker] DEBUG org.apache.http.headers - >> User-Agent: Apache-HttpClient/4.5.9 (Java/1.8.0_301)
15:02:42.504 [Test worker] DEBUG org.apache.http.headers - >> Accept-Encoding: gzip,deflate
15:02:42.537 [Test worker] DEBUG org.apache.http.wire -  << "HTTP/1.1 200 [\r][\n]"
15:02:42.537 [Test worker] DEBUG org.apache.http.wire -  << "Vary: Origin[\r][\n]"
15:02:42.537 [Test worker] DEBUG org.apache.http.wire -  << "Vary: Access-Control-Request-Method[\r][\n]"
15:02:42.537 [Test worker] DEBUG org.apache.http.wire -  << "Vary: Access-Control-Request-Headers[\r][\n]"
15:02:42.537 [Test worker] DEBUG org.apache.http.wire -  << "Vary: Origin[\r][\n]"
15:02:42.537 [Test worker] DEBUG org.apache.http.wire -  << "Vary: Access-Control-Request-Method[\r][\n]"
15:02:42.537 [Test worker] DEBUG org.apache.http.wire -  << "Vary: Access-Control-Request-Headers[\r][\n]"
15:02:42.537 [Test worker] DEBUG org.apache.http.wire -  << "X-Content-Type-Options: nosniff[\r][\n]"
15:02:42.537 [Test worker] DEBUG org.apache.http.wire -  << "X-XSS-Protection: 1; mode=block[\r][\n]"
15:02:42.537 [Test worker] DEBUG org.apache.http.wire -  << "Cache-Control: no-cache, no-store, max-age=0, must-revalidate[\r][\n]"
15:02:42.537 [Test worker] DEBUG org.apache.http.wire -  << "Pragma: no-cache[\r][\n]"
15:02:42.537 [Test worker] DEBUG org.apache.http.wire -  << "Expires: 0[\r][\n]"
15:02:42.537 [Test worker] DEBUG org.apache.http.wire -  << "X-Frame-Options: DENY[\r][\n]"
15:02:42.537 [Test worker] DEBUG org.apache.http.wire -  << "Content-Type: application/json[\r][\n]"
15:02:42.537 [Test worker] DEBUG org.apache.http.wire -  << "Transfer-Encoding: chunked[\r][\n]"
15:02:42.537 [Test worker] DEBUG org.apache.http.wire -  << "Date: Mon, 25 Apr 2022 19:31:15 GMT[\r][\n]"
15:02:42.537 [Test worker] DEBUG org.apache.http.wire -  << "Keep-Alive: timeout=60[\r][\n]"
15:02:42.537 [Test worker] DEBUG org.apache.http.wire -  << "Connection: keep-alive[\r][\n]"
15:02:42.537 [Test worker] DEBUG org.apache.http.wire -  << "[\r][\n]"
15:02:42.537 [Test worker] DEBUG org.apache.http.impl.conn.DefaultClientConnection - Receiving response: HTTP/1.1 200 
15:02:42.537 [Test worker] DEBUG org.apache.http.headers - << HTTP/1.1 200 
15:02:42.537 [Test worker] DEBUG org.apache.http.headers - << Vary: Origin
15:02:42.537 [Test worker] DEBUG org.apache.http.headers - << Vary: Access-Control-Request-Method
15:02:42.537 [Test worker] DEBUG org.apache.http.headers - << Vary: Access-Control-Request-Headers
15:02:42.537 [Test worker] DEBUG org.apache.http.headers - << Vary: Origin
15:02:42.537 [Test worker] DEBUG org.apache.http.headers - << Vary: Access-Control-Request-Method
15:02:42.537 [Test worker] DEBUG org.apache.http.headers - << Vary: Access-Control-Request-Headers
15:02:42.537 [Test worker] DEBUG org.apache.http.headers - << X-Content-Type-Options: nosniff
15:02:42.537 [Test worker] DEBUG org.apache.http.headers - << X-XSS-Protection: 1; mode=block
15:02:42.537 [Test worker] DEBUG org.apache.http.headers - << Cache-Control: no-cache, no-store, max-age=0, must-revalidate
15:02:42.537 [Test worker] DEBUG org.apache.http.headers - << Pragma: no-cache
15:02:42.537 [Test worker] DEBUG org.apache.http.headers - << Expires: 0
15:02:42.537 [Test worker] DEBUG org.apache.http.headers - << X-Frame-Options: DENY
15:02:42.537 [Test worker] DEBUG org.apache.http.headers - << Content-Type: application/json
15:02:42.537 [Test worker] DEBUG org.apache.http.headers - << Transfer-Encoding: chunked
15:02:42.537 [Test worker] DEBUG org.apache.http.headers - << Date: Mon, 25 Apr 2022 19:31:15 GMT
15:02:42.537 [Test worker] DEBUG org.apache.http.headers - << Keep-Alive: timeout=60
15:02:42.537 [Test worker] DEBUG org.apache.http.headers - << Connection: keep-alive
15:02:42.537 [Test worker] DEBUG org.apache.http.impl.client.DefaultHttpClient - Connection can be kept alive for 60000 MILLISECONDS
15:02:42.537 [Test worker] DEBUG io.restassured.internal.RequestSpecificationImpl$RestAssuredHttpBuilder - Parsing response as: application/json
15:02:42.537 [Test worker] DEBUG io.restassured.internal.RequestSpecificationImpl$RestAssuredHttpBuilder - Parsed data to instance of: class org.apache.http.conn.EofSensorInputStream
15:02:42.553 [Test worker] DEBUG org.apache.http.wire -  << "34[\r][\n]"
15:02:42.553 [Test worker] DEBUG org.apache.http.wire -  << "{"result":"Pendiente","executionStatus":"Pendiente"}"
15:02:42.553 [Test worker] DEBUG org.apache.http.wire -  << "[\r][\n]"
15:02:42.553 [Test worker] DEBUG org.apache.http.wire -  << "0[\r][\n]"
15:02:42.553 [Test worker] DEBUG org.apache.http.wire -  << "[\r][\n]"
15:02:42.553 [Test worker] DEBUG org.apache.http.impl.conn.BasicClientConnectionManager - Releasing connection org.apache.http.impl.conn.ManagedClientConnectionImpl@fa0e5dd
15:02:42.553 [Test worker] DEBUG org.apache.http.impl.conn.BasicClientConnectionManager - Connection can be kept alive for 60000 MILLISECONDS
15:03:02.587 [Test worker] DEBUG org.apache.http.impl.conn.BasicClientConnectionManager - Get connection for route {}->http://10.69.42.60:8089
15:03:02.588 [Test worker] DEBUG org.apache.http.impl.conn.DefaultClientConnectionOperator - Connecting to 10.69.42.60:8089
15:03:02.605 [Test worker] DEBUG org.apache.http.client.protocol.RequestAddCookies - CookieSpec selected: ignoreCookies
15:03:02.605 [Test worker] DEBUG org.apache.http.client.protocol.RequestAuthCache - Auth cache not set in the context
15:03:02.605 [Test worker] DEBUG org.apache.http.client.protocol.RequestProxyAuthentication - Proxy auth state: UNCHALLENGED
15:03:02.605 [Test worker] DEBUG org.apache.http.impl.client.DefaultHttpClient - Attempt 1 to execute request
15:03:02.605 [Test worker] DEBUG org.apache.http.impl.conn.DefaultClientConnection - Sending request: GET /api/execution-result?idexecution=12172 HTTP/1.1
15:03:02.605 [Test worker] DEBUG org.apache.http.wire -  >> "GET /api/execution-result?idexecution=12172 HTTP/1.1[\r][\n]"
15:03:02.606 [Test worker] DEBUG org.apache.http.wire -  >> "Content-Type: application/json; charset=UTF-8[\r][\n]"
15:03:02.606 [Test worker] DEBUG org.apache.http.wire -  >> "Authorization: Bearer eyJhbGciOiJIUzI1NiJ9.eyJzdWIiOiJPcmxhbmRvLlBhdXR0QVBJIiwiZXhwIjoxNjUwOTUxMDU0LCJpYXQiOjE2NTA5MTUwNTR9.OpDO9_0yn-EEunb1ghAr8weeVJxxY0WwY24swiLSgdU[\r][\n]"
15:03:02.606 [Test worker] DEBUG org.apache.http.wire -  >> "Accept: */*[\r][\n]"
15:03:02.606 [Test worker] DEBUG org.apache.http.wire -  >> "Host: 10.69.42.60:8089[\r][\n]"
15:03:02.606 [Test worker] DEBUG org.apache.http.wire -  >> "Connection: Keep-Alive[\r][\n]"
15:03:02.606 [Test worker] DEBUG org.apache.http.wire -  >> "User-Agent: Apache-HttpClient/4.5.9 (Java/1.8.0_301)[\r][\n]"
15:03:02.606 [Test worker] DEBUG org.apache.http.wire -  >> "Accept-Encoding: gzip,deflate[\r][\n]"
15:03:02.606 [Test worker] DEBUG org.apache.http.wire -  >> "[\r][\n]"
15:03:02.606 [Test worker] DEBUG org.apache.http.headers - >> GET /api/execution-result?idexecution=12172 HTTP/1.1
15:03:02.606 [Test worker] DEBUG org.apache.http.headers - >> Content-Type: application/json; charset=UTF-8
15:03:02.606 [Test worker] DEBUG org.apache.http.headers - >> Authorization: Bearer eyJhbGciOiJIUzI1NiJ9.eyJzdWIiOiJPcmxhbmRvLlBhdXR0QVBJIiwiZXhwIjoxNjUwOTUxMDU0LCJpYXQiOjE2NTA5MTUwNTR9.OpDO9_0yn-EEunb1ghAr8weeVJxxY0WwY24swiLSgdU
15:03:02.606 [Test worker] DEBUG org.apache.http.headers - >> Accept: */*
15:03:02.606 [Test worker] DEBUG org.apache.http.headers - >> Host: 10.69.42.60:8089
15:03:02.606 [Test worker] DEBUG org.apache.http.headers - >> Connection: Keep-Alive
15:03:02.606 [Test worker] DEBUG org.apache.http.headers - >> User-Agent: Apache-HttpClient/4.5.9 (Java/1.8.0_301)
15:03:02.606 [Test worker] DEBUG org.apache.http.headers - >> Accept-Encoding: gzip,deflate
15:03:02.636 [Test worker] DEBUG org.apache.http.wire -  << "HTTP/1.1 200 [\r][\n]"
15:03:02.637 [Test worker] DEBUG org.apache.http.wire -  << "Vary: Origin[\r][\n]"
15:03:02.637 [Test worker] DEBUG org.apache.http.wire -  << "Vary: Access-Control-Request-Method[\r][\n]"
15:03:02.637 [Test worker] DEBUG org.apache.http.wire -  << "Vary: Access-Control-Request-Headers[\r][\n]"
15:03:02.637 [Test worker] DEBUG org.apache.http.wire -  << "Vary: Origin[\r][\n]"
15:03:02.637 [Test worker] DEBUG org.apache.http.wire -  << "Vary: Access-Control-Request-Method[\r][\n]"
15:03:02.637 [Test worker] DEBUG org.apache.http.wire -  << "Vary: Access-Control-Request-Headers[\r][\n]"
15:03:02.637 [Test worker] DEBUG org.apache.http.wire -  << "X-Content-Type-Options: nosniff[\r][\n]"
15:03:02.637 [Test worker] DEBUG org.apache.http.wire -  << "X-XSS-Protection: 1; mode=block[\r][\n]"
15:03:02.637 [Test worker] DEBUG org.apache.http.wire -  << "Cache-Control: no-cache, no-store, max-age=0, must-revalidate[\r][\n]"
15:03:02.637 [Test worker] DEBUG org.apache.http.wire -  << "Pragma: no-cache[\r][\n]"
15:03:02.637 [Test worker] DEBUG org.apache.http.wire -  << "Expires: 0[\r][\n]"
15:03:02.637 [Test worker] DEBUG org.apache.http.wire -  << "X-Frame-Options: DENY[\r][\n]"
15:03:02.637 [Test worker] DEBUG org.apache.http.wire -  << "Content-Type: application/json[\r][\n]"
15:03:02.637 [Test worker] DEBUG org.apache.http.wire -  << "Transfer-Encoding: chunked[\r][\n]"
15:03:02.637 [Test worker] DEBUG org.apache.http.wire -  << "Date: Mon, 25 Apr 2022 19:31:35 GMT[\r][\n]"
15:03:02.637 [Test worker] DEBUG org.apache.http.wire -  << "Keep-Alive: timeout=60[\r][\n]"
15:03:02.637 [Test worker] DEBUG org.apache.http.wire -  << "Connection: keep-alive[\r][\n]"
15:03:02.637 [Test worker] DEBUG org.apache.http.wire -  << "[\r][\n]"
15:03:02.638 [Test worker] DEBUG org.apache.http.impl.conn.DefaultClientConnection - Receiving response: HTTP/1.1 200 
15:03:02.638 [Test worker] DEBUG org.apache.http.headers - << HTTP/1.1 200 
15:03:02.638 [Test worker] DEBUG org.apache.http.headers - << Vary: Origin
15:03:02.638 [Test worker] DEBUG org.apache.http.headers - << Vary: Access-Control-Request-Method
15:03:02.638 [Test worker] DEBUG org.apache.http.headers - << Vary: Access-Control-Request-Headers
15:03:02.638 [Test worker] DEBUG org.apache.http.headers - << Vary: Origin
15:03:02.638 [Test worker] DEBUG org.apache.http.headers - << Vary: Access-Control-Request-Method
15:03:02.638 [Test worker] DEBUG org.apache.http.headers - << Vary: Access-Control-Request-Headers
15:03:02.638 [Test worker] DEBUG org.apache.http.headers - << X-Content-Type-Options: nosniff
15:03:02.638 [Test worker] DEBUG org.apache.http.headers - << X-XSS-Protection: 1; mode=block
15:03:02.638 [Test worker] DEBUG org.apache.http.headers - << Cache-Control: no-cache, no-store, max-age=0, must-revalidate
15:03:02.638 [Test worker] DEBUG org.apache.http.headers - << Pragma: no-cache
15:03:02.638 [Test worker] DEBUG org.apache.http.headers - << Expires: 0
15:03:02.638 [Test worker] DEBUG org.apache.http.headers - << X-Frame-Options: DENY
15:03:02.638 [Test worker] DEBUG org.apache.http.headers - << Content-Type: application/json
15:03:02.638 [Test worker] DEBUG org.apache.http.headers - << Transfer-Encoding: chunked
15:03:02.638 [Test worker] DEBUG org.apache.http.headers - << Date: Mon, 25 Apr 2022 19:31:35 GMT
15:03:02.638 [Test worker] DEBUG org.apache.http.headers - << Keep-Alive: timeout=60
15:03:02.638 [Test worker] DEBUG org.apache.http.headers - << Connection: keep-alive
15:03:02.638 [Test worker] DEBUG org.apache.http.impl.client.DefaultHttpClient - Connection can be kept alive for 60000 MILLISECONDS
15:03:02.639 [Test worker] DEBUG io.restassured.internal.RequestSpecificationImpl$RestAssuredHttpBuilder - Parsing response as: application/json
15:03:02.639 [Test worker] DEBUG io.restassured.internal.RequestSpecificationImpl$RestAssuredHttpBuilder - Parsed data to instance of: class org.apache.http.conn.EofSensorInputStream
15:03:02.639 [Test worker] DEBUG org.apache.http.wire -  << "34[\r][\n]"
15:03:02.639 [Test worker] DEBUG org.apache.http.wire -  << "{"result":"Pendiente","executionStatus":"Pendiente"}"
15:03:02.639 [Test worker] DEBUG org.apache.http.wire -  << "[\r][\n]"
15:03:02.639 [Test worker] DEBUG org.apache.http.wire -  << "0[\r][\n]"
15:03:02.639 [Test worker] DEBUG org.apache.http.wire -  << "[\r][\n]"
15:03:02.640 [Test worker] DEBUG org.apache.http.impl.conn.BasicClientConnectionManager - Releasing connection org.apache.http.impl.conn.ManagedClientConnectionImpl@2ac63847
15:03:02.640 [Test worker] DEBUG org.apache.http.impl.conn.BasicClientConnectionManager - Connection can be kept alive for 60000 MILLISECONDS
15:03:22.652 [Test worker] DEBUG org.apache.http.impl.conn.BasicClientConnectionManager - Get connection for route {}->http://10.69.42.60:8089
15:03:22.652 [Test worker] DEBUG org.apache.http.impl.conn.DefaultClientConnectionOperator - Connecting to 10.69.42.60:8089
15:03:22.667 [Test worker] DEBUG org.apache.http.client.protocol.RequestAddCookies - CookieSpec selected: ignoreCookies
15:03:22.667 [Test worker] DEBUG org.apache.http.client.protocol.RequestAuthCache - Auth cache not set in the context
15:03:22.667 [Test worker] DEBUG org.apache.http.client.protocol.RequestProxyAuthentication - Proxy auth state: UNCHALLENGED
15:03:22.667 [Test worker] DEBUG org.apache.http.impl.client.DefaultHttpClient - Attempt 1 to execute request
15:03:22.667 [Test worker] DEBUG org.apache.http.impl.conn.DefaultClientConnection - Sending request: GET /api/execution-result?idexecution=12172 HTTP/1.1
15:03:22.667 [Test worker] DEBUG org.apache.http.wire -  >> "GET /api/execution-result?idexecution=12172 HTTP/1.1[\r][\n]"
15:03:22.667 [Test worker] DEBUG org.apache.http.wire -  >> "Content-Type: application/json; charset=UTF-8[\r][\n]"
15:03:22.667 [Test worker] DEBUG org.apache.http.wire -  >> "Authorization: Bearer eyJhbGciOiJIUzI1NiJ9.eyJzdWIiOiJPcmxhbmRvLlBhdXR0QVBJIiwiZXhwIjoxNjUwOTUxMDU0LCJpYXQiOjE2NTA5MTUwNTR9.OpDO9_0yn-EEunb1ghAr8weeVJxxY0WwY24swiLSgdU[\r][\n]"
15:03:22.667 [Test worker] DEBUG org.apache.http.wire -  >> "Accept: */*[\r][\n]"
15:03:22.667 [Test worker] DEBUG org.apache.http.wire -  >> "Host: 10.69.42.60:8089[\r][\n]"
15:03:22.667 [Test worker] DEBUG org.apache.http.wire -  >> "Connection: Keep-Alive[\r][\n]"
15:03:22.667 [Test worker] DEBUG org.apache.http.wire -  >> "User-Agent: Apache-HttpClient/4.5.9 (Java/1.8.0_301)[\r][\n]"
15:03:22.667 [Test worker] DEBUG org.apache.http.wire -  >> "Accept-Encoding: gzip,deflate[\r][\n]"
15:03:22.667 [Test worker] DEBUG org.apache.http.wire -  >> "[\r][\n]"
15:03:22.667 [Test worker] DEBUG org.apache.http.headers - >> GET /api/execution-result?idexecution=12172 HTTP/1.1
15:03:22.667 [Test worker] DEBUG org.apache.http.headers - >> Content-Type: application/json; charset=UTF-8
15:03:22.667 [Test worker] DEBUG org.apache.http.headers - >> Authorization: Bearer eyJhbGciOiJIUzI1NiJ9.eyJzdWIiOiJPcmxhbmRvLlBhdXR0QVBJIiwiZXhwIjoxNjUwOTUxMDU0LCJpYXQiOjE2NTA5MTUwNTR9.OpDO9_0yn-EEunb1ghAr8weeVJxxY0WwY24swiLSgdU
15:03:22.667 [Test worker] DEBUG org.apache.http.headers - >> Accept: */*
15:03:22.667 [Test worker] DEBUG org.apache.http.headers - >> Host: 10.69.42.60:8089
15:03:22.667 [Test worker] DEBUG org.apache.http.headers - >> Connection: Keep-Alive
15:03:22.667 [Test worker] DEBUG org.apache.http.headers - >> User-Agent: Apache-HttpClient/4.5.9 (Java/1.8.0_301)
15:03:22.667 [Test worker] DEBUG org.apache.http.headers - >> Accept-Encoding: gzip,deflate
15:03:22.704 [Test worker] DEBUG org.apache.http.wire -  << "HTTP/1.1 200 [\r][\n]"
15:03:22.704 [Test worker] DEBUG org.apache.http.wire -  << "Vary: Origin[\r][\n]"
15:03:22.704 [Test worker] DEBUG org.apache.http.wire -  << "Vary: Access-Control-Request-Method[\r][\n]"
15:03:22.704 [Test worker] DEBUG org.apache.http.wire -  << "Vary: Access-Control-Request-Headers[\r][\n]"
15:03:22.704 [Test worker] DEBUG org.apache.http.wire -  << "Vary: Origin[\r][\n]"
15:03:22.704 [Test worker] DEBUG org.apache.http.wire -  << "Vary: Access-Control-Request-Method[\r][\n]"
15:03:22.704 [Test worker] DEBUG org.apache.http.wire -  << "Vary: Access-Control-Request-Headers[\r][\n]"
15:03:22.704 [Test worker] DEBUG org.apache.http.wire -  << "X-Content-Type-Options: nosniff[\r][\n]"
15:03:22.704 [Test worker] DEBUG org.apache.http.wire -  << "X-XSS-Protection: 1; mode=block[\r][\n]"
15:03:22.704 [Test worker] DEBUG org.apache.http.wire -  << "Cache-Control: no-cache, no-store, max-age=0, must-revalidate[\r][\n]"
15:03:22.704 [Test worker] DEBUG org.apache.http.wire -  << "Pragma: no-cache[\r][\n]"
15:03:22.704 [Test worker] DEBUG org.apache.http.wire -  << "Expires: 0[\r][\n]"
15:03:22.704 [Test worker] DEBUG org.apache.http.wire -  << "X-Frame-Options: DENY[\r][\n]"
15:03:22.704 [Test worker] DEBUG org.apache.http.wire -  << "Content-Type: application/json[\r][\n]"
15:03:22.704 [Test worker] DEBUG org.apache.http.wire -  << "Transfer-Encoding: chunked[\r][\n]"
15:03:22.704 [Test worker] DEBUG org.apache.http.wire -  << "Date: Mon, 25 Apr 2022 19:31:55 GMT[\r][\n]"
15:03:22.704 [Test worker] DEBUG org.apache.http.wire -  << "Keep-Alive: timeout=60[\r][\n]"
15:03:22.704 [Test worker] DEBUG org.apache.http.wire -  << "Connection: keep-alive[\r][\n]"
15:03:22.704 [Test worker] DEBUG org.apache.http.wire -  << "[\r][\n]"
15:03:22.704 [Test worker] DEBUG org.apache.http.impl.conn.DefaultClientConnection - Receiving response: HTTP/1.1 200 
15:03:22.704 [Test worker] DEBUG org.apache.http.headers - << HTTP/1.1 200 
15:03:22.704 [Test worker] DEBUG org.apache.http.headers - << Vary: Origin
15:03:22.704 [Test worker] DEBUG org.apache.http.headers - << Vary: Access-Control-Request-Method
15:03:22.704 [Test worker] DEBUG org.apache.http.headers - << Vary: Access-Control-Request-Headers
15:03:22.704 [Test worker] DEBUG org.apache.http.headers - << Vary: Origin
15:03:22.704 [Test worker] DEBUG org.apache.http.headers - << Vary: Access-Control-Request-Method
15:03:22.704 [Test worker] DEBUG org.apache.http.headers - << Vary: Access-Control-Request-Headers
15:03:22.704 [Test worker] DEBUG org.apache.http.headers - << X-Content-Type-Options: nosniff
15:03:22.704 [Test worker] DEBUG org.apache.http.headers - << X-XSS-Protection: 1; mode=block
15:03:22.704 [Test worker] DEBUG org.apache.http.headers - << Cache-Control: no-cache, no-store, max-age=0, must-revalidate
15:03:22.704 [Test worker] DEBUG org.apache.http.headers - << Pragma: no-cache
15:03:22.704 [Test worker] DEBUG org.apache.http.headers - << Expires: 0
15:03:22.704 [Test worker] DEBUG org.apache.http.headers - << X-Frame-Options: DENY
15:03:22.704 [Test worker] DEBUG org.apache.http.headers - << Content-Type: application/json
15:03:22.704 [Test worker] DEBUG org.apache.http.headers - << Transfer-Encoding: chunked
15:03:22.704 [Test worker] DEBUG org.apache.http.headers - << Date: Mon, 25 Apr 2022 19:31:55 GMT
15:03:22.704 [Test worker] DEBUG org.apache.http.headers - << Keep-Alive: timeout=60
15:03:22.704 [Test worker] DEBUG org.apache.http.headers - << Connection: keep-alive
15:03:22.704 [Test worker] DEBUG org.apache.http.impl.client.DefaultHttpClient - Connection can be kept alive for 60000 MILLISECONDS
15:03:22.704 [Test worker] DEBUG io.restassured.internal.RequestSpecificationImpl$RestAssuredHttpBuilder - Parsing response as: application/json
15:03:22.704 [Test worker] DEBUG io.restassured.internal.RequestSpecificationImpl$RestAssuredHttpBuilder - Parsed data to instance of: class org.apache.http.conn.EofSensorInputStream
15:03:22.704 [Test worker] DEBUG org.apache.http.wire -  << "34[\r][\n]"
15:03:22.704 [Test worker] DEBUG org.apache.http.wire -  << "{"result":"Pendiente","executionStatus":"Pendiente"}"
15:03:22.704 [Test worker] DEBUG org.apache.http.wire -  << "[\r][\n]"
15:03:22.704 [Test worker] DEBUG org.apache.http.wire -  << "0[\r][\n]"
15:03:22.704 [Test worker] DEBUG org.apache.http.wire -  << "[\r][\n]"
15:03:22.704 [Test worker] DEBUG org.apache.http.impl.conn.BasicClientConnectionManager - Releasing connection org.apache.http.impl.conn.ManagedClientConnectionImpl@12e25c38
15:03:22.704 [Test worker] DEBUG org.apache.http.impl.conn.BasicClientConnectionManager - Connection can be kept alive for 60000 MILLISECONDS
15:03:42.748 [Test worker] DEBUG org.apache.http.impl.conn.BasicClientConnectionManager - Get connection for route {}->http://10.69.42.60:8089
15:03:42.748 [Test worker] DEBUG org.apache.http.impl.conn.DefaultClientConnectionOperator - Connecting to 10.69.42.60:8089
15:03:42.763 [Test worker] DEBUG org.apache.http.client.protocol.RequestAddCookies - CookieSpec selected: ignoreCookies
15:03:42.764 [Test worker] DEBUG org.apache.http.client.protocol.RequestAuthCache - Auth cache not set in the context
15:03:42.764 [Test worker] DEBUG org.apache.http.client.protocol.RequestProxyAuthentication - Proxy auth state: UNCHALLENGED
15:03:42.764 [Test worker] DEBUG org.apache.http.impl.client.DefaultHttpClient - Attempt 1 to execute request
15:03:42.764 [Test worker] DEBUG org.apache.http.impl.conn.DefaultClientConnection - Sending request: GET /api/execution-result?idexecution=12172 HTTP/1.1
15:03:42.764 [Test worker] DEBUG org.apache.http.wire -  >> "GET /api/execution-result?idexecution=12172 HTTP/1.1[\r][\n]"
15:03:42.764 [Test worker] DEBUG org.apache.http.wire -  >> "Content-Type: application/json; charset=UTF-8[\r][\n]"
15:03:42.764 [Test worker] DEBUG org.apache.http.wire -  >> "Authorization: Bearer eyJhbGciOiJIUzI1NiJ9.eyJzdWIiOiJPcmxhbmRvLlBhdXR0QVBJIiwiZXhwIjoxNjUwOTUxMDU0LCJpYXQiOjE2NTA5MTUwNTR9.OpDO9_0yn-EEunb1ghAr8weeVJxxY0WwY24swiLSgdU[\r][\n]"
15:03:42.764 [Test worker] DEBUG org.apache.http.wire -  >> "Accept: */*[\r][\n]"
15:03:42.764 [Test worker] DEBUG org.apache.http.wire -  >> "Host: 10.69.42.60:8089[\r][\n]"
15:03:42.764 [Test worker] DEBUG org.apache.http.wire -  >> "Connection: Keep-Alive[\r][\n]"
15:03:42.765 [Test worker] DEBUG org.apache.http.wire -  >> "User-Agent: Apache-HttpClient/4.5.9 (Java/1.8.0_301)[\r][\n]"
15:03:42.765 [Test worker] DEBUG org.apache.http.wire -  >> "Accept-Encoding: gzip,deflate[\r][\n]"
15:03:42.765 [Test worker] DEBUG org.apache.http.wire -  >> "[\r][\n]"
15:03:42.765 [Test worker] DEBUG org.apache.http.headers - >> GET /api/execution-result?idexecution=12172 HTTP/1.1
15:03:42.765 [Test worker] DEBUG org.apache.http.headers - >> Content-Type: application/json; charset=UTF-8
15:03:42.765 [Test worker] DEBUG org.apache.http.headers - >> Authorization: Bearer eyJhbGciOiJIUzI1NiJ9.eyJzdWIiOiJPcmxhbmRvLlBhdXR0QVBJIiwiZXhwIjoxNjUwOTUxMDU0LCJpYXQiOjE2NTA5MTUwNTR9.OpDO9_0yn-EEunb1ghAr8weeVJxxY0WwY24swiLSgdU
15:03:42.765 [Test worker] DEBUG org.apache.http.headers - >> Accept: */*
15:03:42.765 [Test worker] DEBUG org.apache.http.headers - >> Host: 10.69.42.60:8089
15:03:42.765 [Test worker] DEBUG org.apache.http.headers - >> Connection: Keep-Alive
15:03:42.765 [Test worker] DEBUG org.apache.http.headers - >> User-Agent: Apache-HttpClient/4.5.9 (Java/1.8.0_301)
15:03:42.765 [Test worker] DEBUG org.apache.http.headers - >> Accept-Encoding: gzip,deflate
15:03:42.794 [Test worker] DEBUG org.apache.http.wire -  << "HTTP/1.1 200 [\r][\n]"
15:03:42.795 [Test worker] DEBUG org.apache.http.wire -  << "Vary: Origin[\r][\n]"
15:03:42.795 [Test worker] DEBUG org.apache.http.wire -  << "Vary: Access-Control-Request-Method[\r][\n]"
15:03:42.795 [Test worker] DEBUG org.apache.http.wire -  << "Vary: Access-Control-Request-Headers[\r][\n]"
15:03:42.795 [Test worker] DEBUG org.apache.http.wire -  << "Vary: Origin[\r][\n]"
15:03:42.795 [Test worker] DEBUG org.apache.http.wire -  << "Vary: Access-Control-Request-Method[\r][\n]"
15:03:42.795 [Test worker] DEBUG org.apache.http.wire -  << "Vary: Access-Control-Request-Headers[\r][\n]"
15:03:42.795 [Test worker] DEBUG org.apache.http.wire -  << "X-Content-Type-Options: nosniff[\r][\n]"
15:03:42.795 [Test worker] DEBUG org.apache.http.wire -  << "X-XSS-Protection: 1; mode=block[\r][\n]"
15:03:42.795 [Test worker] DEBUG org.apache.http.wire -  << "Cache-Control: no-cache, no-store, max-age=0, must-revalidate[\r][\n]"
15:03:42.795 [Test worker] DEBUG org.apache.http.wire -  << "Pragma: no-cache[\r][\n]"
15:03:42.795 [Test worker] DEBUG org.apache.http.wire -  << "Expires: 0[\r][\n]"
15:03:42.795 [Test worker] DEBUG org.apache.http.wire -  << "X-Frame-Options: DENY[\r][\n]"
15:03:42.795 [Test worker] DEBUG org.apache.http.wire -  << "Content-Type: application/json[\r][\n]"
15:03:42.795 [Test worker] DEBUG org.apache.http.wire -  << "Transfer-Encoding: chunked[\r][\n]"
15:03:42.796 [Test worker] DEBUG org.apache.http.wire -  << "Date: Mon, 25 Apr 2022 19:32:15 GMT[\r][\n]"
15:03:42.796 [Test worker] DEBUG org.apache.http.wire -  << "Keep-Alive: timeout=60[\r][\n]"
15:03:42.796 [Test worker] DEBUG org.apache.http.wire -  << "Connection: keep-alive[\r][\n]"
15:03:42.796 [Test worker] DEBUG org.apache.http.wire -  << "[\r][\n]"
15:03:42.796 [Test worker] DEBUG org.apache.http.impl.conn.DefaultClientConnection - Receiving response: HTTP/1.1 200 
15:03:42.796 [Test worker] DEBUG org.apache.http.headers - << HTTP/1.1 200 
15:03:42.796 [Test worker] DEBUG org.apache.http.headers - << Vary: Origin
15:03:42.796 [Test worker] DEBUG org.apache.http.headers - << Vary: Access-Control-Request-Method
15:03:42.796 [Test worker] DEBUG org.apache.http.headers - << Vary: Access-Control-Request-Headers
15:03:42.796 [Test worker] DEBUG org.apache.http.headers - << Vary: Origin
15:03:42.796 [Test worker] DEBUG org.apache.http.headers - << Vary: Access-Control-Request-Method
15:03:42.796 [Test worker] DEBUG org.apache.http.headers - << Vary: Access-Control-Request-Headers
15:03:42.796 [Test worker] DEBUG org.apache.http.headers - << X-Content-Type-Options: nosniff
15:03:42.796 [Test worker] DEBUG org.apache.http.headers - << X-XSS-Protection: 1; mode=block
15:03:42.796 [Test worker] DEBUG org.apache.http.headers - << Cache-Control: no-cache, no-store, max-age=0, must-revalidate
15:03:42.796 [Test worker] DEBUG org.apache.http.headers - << Pragma: no-cache
15:03:42.796 [Test worker] DEBUG org.apache.http.headers - << Expires: 0
15:03:42.796 [Test worker] DEBUG org.apache.http.headers - << X-Frame-Options: DENY
15:03:42.796 [Test worker] DEBUG org.apache.http.headers - << Content-Type: application/json
15:03:42.796 [Test worker] DEBUG org.apache.http.headers - << Transfer-Encoding: chunked
15:03:42.796 [Test worker] DEBUG org.apache.http.headers - << Date: Mon, 25 Apr 2022 19:32:15 GMT
15:03:42.796 [Test worker] DEBUG org.apache.http.headers - << Keep-Alive: timeout=60
15:03:42.796 [Test worker] DEBUG org.apache.http.headers - << Connection: keep-alive
15:03:42.796 [Test worker] DEBUG org.apache.http.impl.client.DefaultHttpClient - Connection can be kept alive for 60000 MILLISECONDS
15:03:42.796 [Test worker] DEBUG io.restassured.internal.RequestSpecificationImpl$RestAssuredHttpBuilder - Parsing response as: application/json
15:03:42.796 [Test worker] DEBUG io.restassured.internal.RequestSpecificationImpl$RestAssuredHttpBuilder - Parsed data to instance of: class org.apache.http.conn.EofSensorInputStream
15:03:42.798 [Test worker] DEBUG org.apache.http.wire -  << "34[\r][\n]"
15:03:42.798 [Test worker] DEBUG org.apache.http.wire -  << "{"result":"Pendiente","executionStatus":"Pendiente"}"
15:03:42.798 [Test worker] DEBUG org.apache.http.wire -  << "[\r][\n]"
15:03:42.798 [Test worker] DEBUG org.apache.http.wire -  << "0[\r][\n]"
15:03:42.798 [Test worker] DEBUG org.apache.http.wire -  << "[\r][\n]"
15:03:42.799 [Test worker] DEBUG org.apache.http.impl.conn.BasicClientConnectionManager - Releasing connection org.apache.http.impl.conn.ManagedClientConnectionImpl@46ca8e9a
15:03:42.799 [Test worker] DEBUG org.apache.http.impl.conn.BasicClientConnectionManager - Connection can be kept alive for 60000 MILLISECONDS
15:04:02.836 [Test worker] DEBUG org.apache.http.impl.conn.BasicClientConnectionManager - Get connection for route {}->http://10.69.42.60:8089
15:04:02.836 [Test worker] DEBUG org.apache.http.impl.conn.DefaultClientConnectionOperator - Connecting to 10.69.42.60:8089
15:04:02.852 [Test worker] DEBUG org.apache.http.client.protocol.RequestAddCookies - CookieSpec selected: ignoreCookies
15:04:02.853 [Test worker] DEBUG org.apache.http.client.protocol.RequestAuthCache - Auth cache not set in the context
15:04:02.853 [Test worker] DEBUG org.apache.http.client.protocol.RequestProxyAuthentication - Proxy auth state: UNCHALLENGED
15:04:02.853 [Test worker] DEBUG org.apache.http.impl.client.DefaultHttpClient - Attempt 1 to execute request
15:04:02.853 [Test worker] DEBUG org.apache.http.impl.conn.DefaultClientConnection - Sending request: GET /api/execution-result?idexecution=12172 HTTP/1.1
15:04:02.853 [Test worker] DEBUG org.apache.http.wire -  >> "GET /api/execution-result?idexecution=12172 HTTP/1.1[\r][\n]"
15:04:02.853 [Test worker] DEBUG org.apache.http.wire -  >> "Content-Type: application/json; charset=UTF-8[\r][\n]"
15:04:02.853 [Test worker] DEBUG org.apache.http.wire -  >> "Authorization: Bearer eyJhbGciOiJIUzI1NiJ9.eyJzdWIiOiJPcmxhbmRvLlBhdXR0QVBJIiwiZXhwIjoxNjUwOTUxMDU0LCJpYXQiOjE2NTA5MTUwNTR9.OpDO9_0yn-EEunb1ghAr8weeVJxxY0WwY24swiLSgdU[\r][\n]"
15:04:02.853 [Test worker] DEBUG org.apache.http.wire -  >> "Accept: */*[\r][\n]"
15:04:02.853 [Test worker] DEBUG org.apache.http.wire -  >> "Host: 10.69.42.60:8089[\r][\n]"
15:04:02.854 [Test worker] DEBUG org.apache.http.wire -  >> "Connection: Keep-Alive[\r][\n]"
15:04:02.854 [Test worker] DEBUG org.apache.http.wire -  >> "User-Agent: Apache-HttpClient/4.5.9 (Java/1.8.0_301)[\r][\n]"
15:04:02.854 [Test worker] DEBUG org.apache.http.wire -  >> "Accept-Encoding: gzip,deflate[\r][\n]"
15:04:02.854 [Test worker] DEBUG org.apache.http.wire -  >> "[\r][\n]"
15:04:02.854 [Test worker] DEBUG org.apache.http.headers - >> GET /api/execution-result?idexecution=12172 HTTP/1.1
15:04:02.854 [Test worker] DEBUG org.apache.http.headers - >> Content-Type: application/json; charset=UTF-8
15:04:02.854 [Test worker] DEBUG org.apache.http.headers - >> Authorization: Bearer eyJhbGciOiJIUzI1NiJ9.eyJzdWIiOiJPcmxhbmRvLlBhdXR0QVBJIiwiZXhwIjoxNjUwOTUxMDU0LCJpYXQiOjE2NTA5MTUwNTR9.OpDO9_0yn-EEunb1ghAr8weeVJxxY0WwY24swiLSgdU
15:04:02.854 [Test worker] DEBUG org.apache.http.headers - >> Accept: */*
15:04:02.854 [Test worker] DEBUG org.apache.http.headers - >> Host: 10.69.42.60:8089
15:04:02.854 [Test worker] DEBUG org.apache.http.headers - >> Connection: Keep-Alive
15:04:02.854 [Test worker] DEBUG org.apache.http.headers - >> User-Agent: Apache-HttpClient/4.5.9 (Java/1.8.0_301)
15:04:02.854 [Test worker] DEBUG org.apache.http.headers - >> Accept-Encoding: gzip,deflate
15:04:02.886 [Test worker] DEBUG org.apache.http.wire -  << "HTTP/1.1 200 [\r][\n]"
15:04:02.886 [Test worker] DEBUG org.apache.http.wire -  << "Vary: Origin[\r][\n]"
15:04:02.886 [Test worker] DEBUG org.apache.http.wire -  << "Vary: Access-Control-Request-Method[\r][\n]"
15:04:02.886 [Test worker] DEBUG org.apache.http.wire -  << "Vary: Access-Control-Request-Headers[\r][\n]"
15:04:02.886 [Test worker] DEBUG org.apache.http.wire -  << "Vary: Origin[\r][\n]"
15:04:02.886 [Test worker] DEBUG org.apache.http.wire -  << "Vary: Access-Control-Request-Method[\r][\n]"
15:04:02.886 [Test worker] DEBUG org.apache.http.wire -  << "Vary: Access-Control-Request-Headers[\r][\n]"
15:04:02.886 [Test worker] DEBUG org.apache.http.wire -  << "X-Content-Type-Options: nosniff[\r][\n]"
15:04:02.886 [Test worker] DEBUG org.apache.http.wire -  << "X-XSS-Protection: 1; mode=block[\r][\n]"
15:04:02.886 [Test worker] DEBUG org.apache.http.wire -  << "Cache-Control: no-cache, no-store, max-age=0, must-revalidate[\r][\n]"
15:04:02.886 [Test worker] DEBUG org.apache.http.wire -  << "Pragma: no-cache[\r][\n]"
15:04:02.886 [Test worker] DEBUG org.apache.http.wire -  << "Expires: 0[\r][\n]"
15:04:02.886 [Test worker] DEBUG org.apache.http.wire -  << "X-Frame-Options: DENY[\r][\n]"
15:04:02.886 [Test worker] DEBUG org.apache.http.wire -  << "Content-Type: application/json[\r][\n]"
15:04:02.886 [Test worker] DEBUG org.apache.http.wire -  << "Transfer-Encoding: chunked[\r][\n]"
15:04:02.887 [Test worker] DEBUG org.apache.http.wire -  << "Date: Mon, 25 Apr 2022 19:32:35 GMT[\r][\n]"
15:04:02.887 [Test worker] DEBUG org.apache.http.wire -  << "Keep-Alive: timeout=60[\r][\n]"
15:04:02.887 [Test worker] DEBUG org.apache.http.wire -  << "Connection: keep-alive[\r][\n]"
15:04:02.887 [Test worker] DEBUG org.apache.http.wire -  << "[\r][\n]"
15:04:02.887 [Test worker] DEBUG org.apache.http.impl.conn.DefaultClientConnection - Receiving response: HTTP/1.1 200 
15:04:02.887 [Test worker] DEBUG org.apache.http.headers - << HTTP/1.1 200 
15:04:02.887 [Test worker] DEBUG org.apache.http.headers - << Vary: Origin
15:04:02.887 [Test worker] DEBUG org.apache.http.headers - << Vary: Access-Control-Request-Method
15:04:02.887 [Test worker] DEBUG org.apache.http.headers - << Vary: Access-Control-Request-Headers
15:04:02.887 [Test worker] DEBUG org.apache.http.headers - << Vary: Origin
15:04:02.887 [Test worker] DEBUG org.apache.http.headers - << Vary: Access-Control-Request-Method
15:04:02.887 [Test worker] DEBUG org.apache.http.headers - << Vary: Access-Control-Request-Headers
15:04:02.887 [Test worker] DEBUG org.apache.http.headers - << X-Content-Type-Options: nosniff
15:04:02.887 [Test worker] DEBUG org.apache.http.headers - << X-XSS-Protection: 1; mode=block
15:04:02.887 [Test worker] DEBUG org.apache.http.headers - << Cache-Control: no-cache, no-store, max-age=0, must-revalidate
15:04:02.887 [Test worker] DEBUG org.apache.http.headers - << Pragma: no-cache
15:04:02.887 [Test worker] DEBUG org.apache.http.headers - << Expires: 0
15:04:02.887 [Test worker] DEBUG org.apache.http.headers - << X-Frame-Options: DENY
15:04:02.887 [Test worker] DEBUG org.apache.http.headers - << Content-Type: application/json
15:04:02.887 [Test worker] DEBUG org.apache.http.headers - << Transfer-Encoding: chunked
15:04:02.887 [Test worker] DEBUG org.apache.http.headers - << Date: Mon, 25 Apr 2022 19:32:35 GMT
15:04:02.887 [Test worker] DEBUG org.apache.http.headers - << Keep-Alive: timeout=60
15:04:02.887 [Test worker] DEBUG org.apache.http.headers - << Connection: keep-alive
15:04:02.887 [Test worker] DEBUG org.apache.http.impl.client.DefaultHttpClient - Connection can be kept alive for 60000 MILLISECONDS
15:04:02.888 [Test worker] DEBUG io.restassured.internal.RequestSpecificationImpl$RestAssuredHttpBuilder - Parsing response as: application/json
15:04:02.888 [Test worker] DEBUG io.restassured.internal.RequestSpecificationImpl$RestAssuredHttpBuilder - Parsed data to instance of: class org.apache.http.conn.EofSensorInputStream
15:04:02.893 [Test worker] DEBUG org.apache.http.wire -  << "34[\r][\n]"
15:04:02.893 [Test worker] DEBUG org.apache.http.wire -  << "{"result":"Pendiente","executionStatus":"Pendiente"}"
15:04:02.893 [Test worker] DEBUG org.apache.http.wire -  << "[\r][\n]"
15:04:02.893 [Test worker] DEBUG org.apache.http.wire -  << "0[\r][\n]"
15:04:02.893 [Test worker] DEBUG org.apache.http.wire -  << "[\r][\n]"
15:04:02.893 [Test worker] DEBUG org.apache.http.impl.conn.BasicClientConnectionManager - Releasing connection org.apache.http.impl.conn.ManagedClientConnectionImpl@2db77568
15:04:02.893 [Test worker] DEBUG org.apache.http.impl.conn.BasicClientConnectionManager - Connection can be kept alive for 60000 MILLISECONDS
15:04:22.916 [Test worker] DEBUG org.apache.http.impl.conn.BasicClientConnectionManager - Get connection for route {}->http://10.69.42.60:8089
15:04:22.917 [Test worker] DEBUG org.apache.http.impl.conn.DefaultClientConnectionOperator - Connecting to 10.69.42.60:8089
15:04:22.930 [Test worker] DEBUG org.apache.http.client.protocol.RequestAddCookies - CookieSpec selected: ignoreCookies
15:04:22.931 [Test worker] DEBUG org.apache.http.client.protocol.RequestAuthCache - Auth cache not set in the context
15:04:22.931 [Test worker] DEBUG org.apache.http.client.protocol.RequestProxyAuthentication - Proxy auth state: UNCHALLENGED
15:04:22.931 [Test worker] DEBUG org.apache.http.impl.client.DefaultHttpClient - Attempt 1 to execute request
15:04:22.931 [Test worker] DEBUG org.apache.http.impl.conn.DefaultClientConnection - Sending request: GET /api/execution-result?idexecution=12172 HTTP/1.1
15:04:22.931 [Test worker] DEBUG org.apache.http.wire -  >> "GET /api/execution-result?idexecution=12172 HTTP/1.1[\r][\n]"
15:04:22.931 [Test worker] DEBUG org.apache.http.wire -  >> "Content-Type: application/json; charset=UTF-8[\r][\n]"
15:04:22.931 [Test worker] DEBUG org.apache.http.wire -  >> "Authorization: Bearer eyJhbGciOiJIUzI1NiJ9.eyJzdWIiOiJPcmxhbmRvLlBhdXR0QVBJIiwiZXhwIjoxNjUwOTUxMDU0LCJpYXQiOjE2NTA5MTUwNTR9.OpDO9_0yn-EEunb1ghAr8weeVJxxY0WwY24swiLSgdU[\r][\n]"
15:04:22.931 [Test worker] DEBUG org.apache.http.wire -  >> "Accept: */*[\r][\n]"
15:04:22.931 [Test worker] DEBUG org.apache.http.wire -  >> "Host: 10.69.42.60:8089[\r][\n]"
15:04:22.931 [Test worker] DEBUG org.apache.http.wire -  >> "Connection: Keep-Alive[\r][\n]"
15:04:22.931 [Test worker] DEBUG org.apache.http.wire -  >> "User-Agent: Apache-HttpClient/4.5.9 (Java/1.8.0_301)[\r][\n]"
15:04:22.931 [Test worker] DEBUG org.apache.http.wire -  >> "Accept-Encoding: gzip,deflate[\r][\n]"
15:04:22.931 [Test worker] DEBUG org.apache.http.wire -  >> "[\r][\n]"
15:04:22.931 [Test worker] DEBUG org.apache.http.headers - >> GET /api/execution-result?idexecution=12172 HTTP/1.1
15:04:22.931 [Test worker] DEBUG org.apache.http.headers - >> Content-Type: application/json; charset=UTF-8
15:04:22.931 [Test worker] DEBUG org.apache.http.headers - >> Authorization: Bearer eyJhbGciOiJIUzI1NiJ9.eyJzdWIiOiJPcmxhbmRvLlBhdXR0QVBJIiwiZXhwIjoxNjUwOTUxMDU0LCJpYXQiOjE2NTA5MTUwNTR9.OpDO9_0yn-EEunb1ghAr8weeVJxxY0WwY24swiLSgdU
15:04:22.931 [Test worker] DEBUG org.apache.http.headers - >> Accept: */*
15:04:22.931 [Test worker] DEBUG org.apache.http.headers - >> Host: 10.69.42.60:8089
15:04:22.931 [Test worker] DEBUG org.apache.http.headers - >> Connection: Keep-Alive
15:04:22.931 [Test worker] DEBUG org.apache.http.headers - >> User-Agent: Apache-HttpClient/4.5.9 (Java/1.8.0_301)
15:04:22.931 [Test worker] DEBUG org.apache.http.headers - >> Accept-Encoding: gzip,deflate
15:04:22.957 [Test worker] DEBUG org.apache.http.wire -  << "HTTP/1.1 200 [\r][\n]"
15:04:22.957 [Test worker] DEBUG org.apache.http.wire -  << "Vary: Origin[\r][\n]"
15:04:22.957 [Test worker] DEBUG org.apache.http.wire -  << "Vary: Access-Control-Request-Method[\r][\n]"
15:04:22.957 [Test worker] DEBUG org.apache.http.wire -  << "Vary: Access-Control-Request-Headers[\r][\n]"
15:04:22.957 [Test worker] DEBUG org.apache.http.wire -  << "Vary: Origin[\r][\n]"
15:04:22.957 [Test worker] DEBUG org.apache.http.wire -  << "Vary: Access-Control-Request-Method[\r][\n]"
15:04:22.957 [Test worker] DEBUG org.apache.http.wire -  << "Vary: Access-Control-Request-Headers[\r][\n]"
15:04:22.957 [Test worker] DEBUG org.apache.http.wire -  << "X-Content-Type-Options: nosniff[\r][\n]"
15:04:22.957 [Test worker] DEBUG org.apache.http.wire -  << "X-XSS-Protection: 1; mode=block[\r][\n]"
15:04:22.957 [Test worker] DEBUG org.apache.http.wire -  << "Cache-Control: no-cache, no-store, max-age=0, must-revalidate[\r][\n]"
15:04:22.957 [Test worker] DEBUG org.apache.http.wire -  << "Pragma: no-cache[\r][\n]"
15:04:22.957 [Test worker] DEBUG org.apache.http.wire -  << "Expires: 0[\r][\n]"
15:04:22.957 [Test worker] DEBUG org.apache.http.wire -  << "X-Frame-Options: DENY[\r][\n]"
15:04:22.957 [Test worker] DEBUG org.apache.http.wire -  << "Content-Type: application/json[\r][\n]"
15:04:22.957 [Test worker] DEBUG org.apache.http.wire -  << "Transfer-Encoding: chunked[\r][\n]"
15:04:22.957 [Test worker] DEBUG org.apache.http.wire -  << "Date: Mon, 25 Apr 2022 19:32:55 GMT[\r][\n]"
15:04:22.957 [Test worker] DEBUG org.apache.http.wire -  << "Keep-Alive: timeout=60[\r][\n]"
15:04:22.957 [Test worker] DEBUG org.apache.http.wire -  << "Connection: keep-alive[\r][\n]"
15:04:22.957 [Test worker] DEBUG org.apache.http.wire -  << "[\r][\n]"
15:04:22.957 [Test worker] DEBUG org.apache.http.impl.conn.DefaultClientConnection - Receiving response: HTTP/1.1 200 
15:04:22.957 [Test worker] DEBUG org.apache.http.headers - << HTTP/1.1 200 
15:04:22.957 [Test worker] DEBUG org.apache.http.headers - << Vary: Origin
15:04:22.957 [Test worker] DEBUG org.apache.http.headers - << Vary: Access-Control-Request-Method
15:04:22.957 [Test worker] DEBUG org.apache.http.headers - << Vary: Access-Control-Request-Headers
15:04:22.957 [Test worker] DEBUG org.apache.http.headers - << Vary: Origin
15:04:22.957 [Test worker] DEBUG org.apache.http.headers - << Vary: Access-Control-Request-Method
15:04:22.957 [Test worker] DEBUG org.apache.http.headers - << Vary: Access-Control-Request-Headers
15:04:22.957 [Test worker] DEBUG org.apache.http.headers - << X-Content-Type-Options: nosniff
15:04:22.957 [Test worker] DEBUG org.apache.http.headers - << X-XSS-Protection: 1; mode=block
15:04:22.957 [Test worker] DEBUG org.apache.http.headers - << Cache-Control: no-cache, no-store, max-age=0, must-revalidate
15:04:22.957 [Test worker] DEBUG org.apache.http.headers - << Pragma: no-cache
15:04:22.957 [Test worker] DEBUG org.apache.http.headers - << Expires: 0
15:04:22.957 [Test worker] DEBUG org.apache.http.headers - << X-Frame-Options: DENY
15:04:22.957 [Test worker] DEBUG org.apache.http.headers - << Content-Type: application/json
15:04:22.957 [Test worker] DEBUG org.apache.http.headers - << Transfer-Encoding: chunked
15:04:22.957 [Test worker] DEBUG org.apache.http.headers - << Date: Mon, 25 Apr 2022 19:32:55 GMT
15:04:22.957 [Test worker] DEBUG org.apache.http.headers - << Keep-Alive: timeout=60
15:04:22.957 [Test worker] DEBUG org.apache.http.headers - << Connection: keep-alive
15:04:22.957 [Test worker] DEBUG org.apache.http.impl.client.DefaultHttpClient - Connection can be kept alive for 60000 MILLISECONDS
15:04:22.957 [Test worker] DEBUG io.restassured.internal.RequestSpecificationImpl$RestAssuredHttpBuilder - Parsing response as: application/json
15:04:22.957 [Test worker] DEBUG io.restassured.internal.RequestSpecificationImpl$RestAssuredHttpBuilder - Parsed data to instance of: class org.apache.http.conn.EofSensorInputStream
15:04:22.957 [Test worker] DEBUG org.apache.http.wire -  << "34[\r][\n]"
15:04:22.957 [Test worker] DEBUG org.apache.http.wire -  << "{"result":"Pendiente","executionStatus":"Pendiente"}"
15:04:22.957 [Test worker] DEBUG org.apache.http.wire -  << "[\r][\n]"
15:04:22.957 [Test worker] DEBUG org.apache.http.wire -  << "0[\r][\n]"
15:04:22.957 [Test worker] DEBUG org.apache.http.wire -  << "[\r][\n]"
15:04:22.957 [Test worker] DEBUG org.apache.http.impl.conn.BasicClientConnectionManager - Releasing connection org.apache.http.impl.conn.ManagedClientConnectionImpl@3cfca3ce
15:04:22.957 [Test worker] DEBUG org.apache.http.impl.conn.BasicClientConnectionManager - Connection can be kept alive for 60000 MILLISECONDS
15:04:42.989 [Test worker] DEBUG org.apache.http.impl.conn.BasicClientConnectionManager - Get connection for route {}->http://10.69.42.60:8089
15:04:42.989 [Test worker] DEBUG org.apache.http.impl.conn.DefaultClientConnectionOperator - Connecting to 10.69.42.60:8089
15:04:43.006 [Test worker] DEBUG org.apache.http.client.protocol.RequestAddCookies - CookieSpec selected: ignoreCookies
15:04:43.006 [Test worker] DEBUG org.apache.http.client.protocol.RequestAuthCache - Auth cache not set in the context
15:04:43.006 [Test worker] DEBUG org.apache.http.client.protocol.RequestProxyAuthentication - Proxy auth state: UNCHALLENGED
15:04:43.006 [Test worker] DEBUG org.apache.http.impl.client.DefaultHttpClient - Attempt 1 to execute request
15:04:43.006 [Test worker] DEBUG org.apache.http.impl.conn.DefaultClientConnection - Sending request: GET /api/execution-result?idexecution=12172 HTTP/1.1
15:04:43.006 [Test worker] DEBUG org.apache.http.wire -  >> "GET /api/execution-result?idexecution=12172 HTTP/1.1[\r][\n]"
15:04:43.006 [Test worker] DEBUG org.apache.http.wire -  >> "Content-Type: application/json; charset=UTF-8[\r][\n]"
15:04:43.006 [Test worker] DEBUG org.apache.http.wire -  >> "Authorization: Bearer eyJhbGciOiJIUzI1NiJ9.eyJzdWIiOiJPcmxhbmRvLlBhdXR0QVBJIiwiZXhwIjoxNjUwOTUxMDU0LCJpYXQiOjE2NTA5MTUwNTR9.OpDO9_0yn-EEunb1ghAr8weeVJxxY0WwY24swiLSgdU[\r][\n]"
15:04:43.006 [Test worker] DEBUG org.apache.http.wire -  >> "Accept: */*[\r][\n]"
15:04:43.006 [Test worker] DEBUG org.apache.http.wire -  >> "Host: 10.69.42.60:8089[\r][\n]"
15:04:43.006 [Test worker] DEBUG org.apache.http.wire -  >> "Connection: Keep-Alive[\r][\n]"
15:04:43.006 [Test worker] DEBUG org.apache.http.wire -  >> "User-Agent: Apache-HttpClient/4.5.9 (Java/1.8.0_301)[\r][\n]"
15:04:43.006 [Test worker] DEBUG org.apache.http.wire -  >> "Accept-Encoding: gzip,deflate[\r][\n]"
15:04:43.006 [Test worker] DEBUG org.apache.http.wire -  >> "[\r][\n]"
15:04:43.006 [Test worker] DEBUG org.apache.http.headers - >> GET /api/execution-result?idexecution=12172 HTTP/1.1
15:04:43.006 [Test worker] DEBUG org.apache.http.headers - >> Content-Type: application/json; charset=UTF-8
15:04:43.006 [Test worker] DEBUG org.apache.http.headers - >> Authorization: Bearer eyJhbGciOiJIUzI1NiJ9.eyJzdWIiOiJPcmxhbmRvLlBhdXR0QVBJIiwiZXhwIjoxNjUwOTUxMDU0LCJpYXQiOjE2NTA5MTUwNTR9.OpDO9_0yn-EEunb1ghAr8weeVJxxY0WwY24swiLSgdU
15:04:43.006 [Test worker] DEBUG org.apache.http.headers - >> Accept: */*
15:04:43.006 [Test worker] DEBUG org.apache.http.headers - >> Host: 10.69.42.60:8089
15:04:43.006 [Test worker] DEBUG org.apache.http.headers - >> Connection: Keep-Alive
15:04:43.006 [Test worker] DEBUG org.apache.http.headers - >> User-Agent: Apache-HttpClient/4.5.9 (Java/1.8.0_301)
15:04:43.006 [Test worker] DEBUG org.apache.http.headers - >> Accept-Encoding: gzip,deflate
15:04:43.031 [Test worker] DEBUG org.apache.http.wire -  << "HTTP/1.1 200 [\r][\n]"
15:04:43.031 [Test worker] DEBUG org.apache.http.wire -  << "Vary: Origin[\r][\n]"
15:04:43.031 [Test worker] DEBUG org.apache.http.wire -  << "Vary: Access-Control-Request-Method[\r][\n]"
15:04:43.031 [Test worker] DEBUG org.apache.http.wire -  << "Vary: Access-Control-Request-Headers[\r][\n]"
15:04:43.031 [Test worker] DEBUG org.apache.http.wire -  << "Vary: Origin[\r][\n]"
15:04:43.031 [Test worker] DEBUG org.apache.http.wire -  << "Vary: Access-Control-Request-Method[\r][\n]"
15:04:43.031 [Test worker] DEBUG org.apache.http.wire -  << "Vary: Access-Control-Request-Headers[\r][\n]"
15:04:43.031 [Test worker] DEBUG org.apache.http.wire -  << "X-Content-Type-Options: nosniff[\r][\n]"
15:04:43.031 [Test worker] DEBUG org.apache.http.wire -  << "X-XSS-Protection: 1; mode=block[\r][\n]"
15:04:43.031 [Test worker] DEBUG org.apache.http.wire -  << "Cache-Control: no-cache, no-store, max-age=0, must-revalidate[\r][\n]"
15:04:43.031 [Test worker] DEBUG org.apache.http.wire -  << "Pragma: no-cache[\r][\n]"
15:04:43.031 [Test worker] DEBUG org.apache.http.wire -  << "Expires: 0[\r][\n]"
15:04:43.031 [Test worker] DEBUG org.apache.http.wire -  << "X-Frame-Options: DENY[\r][\n]"
15:04:43.031 [Test worker] DEBUG org.apache.http.wire -  << "Content-Type: application/json[\r][\n]"
15:04:43.031 [Test worker] DEBUG org.apache.http.wire -  << "Transfer-Encoding: chunked[\r][\n]"
15:04:43.031 [Test worker] DEBUG org.apache.http.wire -  << "Date: Mon, 25 Apr 2022 19:33:15 GMT[\r][\n]"
15:04:43.031 [Test worker] DEBUG org.apache.http.wire -  << "Keep-Alive: timeout=60[\r][\n]"
15:04:43.031 [Test worker] DEBUG org.apache.http.wire -  << "Connection: keep-alive[\r][\n]"
15:04:43.031 [Test worker] DEBUG org.apache.http.wire -  << "[\r][\n]"
15:04:43.031 [Test worker] DEBUG org.apache.http.impl.conn.DefaultClientConnection - Receiving response: HTTP/1.1 200 
15:04:43.031 [Test worker] DEBUG org.apache.http.headers - << HTTP/1.1 200 
15:04:43.031 [Test worker] DEBUG org.apache.http.headers - << Vary: Origin
15:04:43.031 [Test worker] DEBUG org.apache.http.headers - << Vary: Access-Control-Request-Method
15:04:43.031 [Test worker] DEBUG org.apache.http.headers - << Vary: Access-Control-Request-Headers
15:04:43.031 [Test worker] DEBUG org.apache.http.headers - << Vary: Origin
15:04:43.031 [Test worker] DEBUG org.apache.http.headers - << Vary: Access-Control-Request-Method
15:04:43.031 [Test worker] DEBUG org.apache.http.headers - << Vary: Access-Control-Request-Headers
15:04:43.031 [Test worker] DEBUG org.apache.http.headers - << X-Content-Type-Options: nosniff
15:04:43.031 [Test worker] DEBUG org.apache.http.headers - << X-XSS-Protection: 1; mode=block
15:04:43.031 [Test worker] DEBUG org.apache.http.headers - << Cache-Control: no-cache, no-store, max-age=0, must-revalidate
15:04:43.031 [Test worker] DEBUG org.apache.http.headers - << Pragma: no-cache
15:04:43.031 [Test worker] DEBUG org.apache.http.headers - << Expires: 0
15:04:43.031 [Test worker] DEBUG org.apache.http.headers - << X-Frame-Options: DENY
15:04:43.031 [Test worker] DEBUG org.apache.http.headers - << Content-Type: application/json
15:04:43.031 [Test worker] DEBUG org.apache.http.headers - << Transfer-Encoding: chunked
15:04:43.031 [Test worker] DEBUG org.apache.http.headers - << Date: Mon, 25 Apr 2022 19:33:15 GMT
15:04:43.031 [Test worker] DEBUG org.apache.http.headers - << Keep-Alive: timeout=60
15:04:43.031 [Test worker] DEBUG org.apache.http.headers - << Connection: keep-alive
15:04:43.031 [Test worker] DEBUG org.apache.http.impl.client.DefaultHttpClient - Connection can be kept alive for 60000 MILLISECONDS
15:04:43.047 [Test worker] DEBUG io.restassured.internal.RequestSpecificationImpl$RestAssuredHttpBuilder - Parsing response as: application/json
15:04:43.047 [Test worker] DEBUG io.restassured.internal.RequestSpecificationImpl$RestAssuredHttpBuilder - Parsed data to instance of: class org.apache.http.conn.EofSensorInputStream
15:04:43.048 [Test worker] DEBUG org.apache.http.wire -  << "38[\r][\n]"
15:04:43.049 [Test worker] DEBUG org.apache.http.wire -  << "{"result":"Pendiente","executionStatus":"En ejecuci[0xc3][0xb3]n"}"
15:04:43.049 [Test worker] DEBUG org.apache.http.wire -  << "[\r][\n]"
15:04:43.049 [Test worker] DEBUG org.apache.http.wire -  << "0[\r][\n]"
15:04:43.049 [Test worker] DEBUG org.apache.http.wire -  << "[\r][\n]"
15:04:43.049 [Test worker] DEBUG org.apache.http.impl.conn.BasicClientConnectionManager - Releasing connection org.apache.http.impl.conn.ManagedClientConnectionImpl@1b62b5db
15:04:43.050 [Test worker] DEBUG org.apache.http.impl.conn.BasicClientConnectionManager - Connection can be kept alive for 60000 MILLISECONDS
15:05:03.069 [Test worker] DEBUG org.apache.http.impl.conn.BasicClientConnectionManager - Get connection for route {}->http://10.69.42.60:8089
15:05:03.069 [Test worker] DEBUG org.apache.http.impl.conn.DefaultClientConnectionOperator - Connecting to 10.69.42.60:8089
15:05:03.091 [Test worker] DEBUG org.apache.http.client.protocol.RequestAddCookies - CookieSpec selected: ignoreCookies
15:05:03.091 [Test worker] DEBUG org.apache.http.client.protocol.RequestAuthCache - Auth cache not set in the context
15:05:03.091 [Test worker] DEBUG org.apache.http.client.protocol.RequestProxyAuthentication - Proxy auth state: UNCHALLENGED
15:05:03.091 [Test worker] DEBUG org.apache.http.impl.client.DefaultHttpClient - Attempt 1 to execute request
15:05:03.091 [Test worker] DEBUG org.apache.http.impl.conn.DefaultClientConnection - Sending request: GET /api/execution-result?idexecution=12172 HTTP/1.1
15:05:03.091 [Test worker] DEBUG org.apache.http.wire -  >> "GET /api/execution-result?idexecution=12172 HTTP/1.1[\r][\n]"
15:05:03.091 [Test worker] DEBUG org.apache.http.wire -  >> "Content-Type: application/json; charset=UTF-8[\r][\n]"
15:05:03.091 [Test worker] DEBUG org.apache.http.wire -  >> "Authorization: Bearer eyJhbGciOiJIUzI1NiJ9.eyJzdWIiOiJPcmxhbmRvLlBhdXR0QVBJIiwiZXhwIjoxNjUwOTUxMDU0LCJpYXQiOjE2NTA5MTUwNTR9.OpDO9_0yn-EEunb1ghAr8weeVJxxY0WwY24swiLSgdU[\r][\n]"
15:05:03.091 [Test worker] DEBUG org.apache.http.wire -  >> "Accept: */*[\r][\n]"
15:05:03.091 [Test worker] DEBUG org.apache.http.wire -  >> "Host: 10.69.42.60:8089[\r][\n]"
15:05:03.091 [Test worker] DEBUG org.apache.http.wire -  >> "Connection: Keep-Alive[\r][\n]"
15:05:03.091 [Test worker] DEBUG org.apache.http.wire -  >> "User-Agent: Apache-HttpClient/4.5.9 (Java/1.8.0_301)[\r][\n]"
15:05:03.091 [Test worker] DEBUG org.apache.http.wire -  >> "Accept-Encoding: gzip,deflate[\r][\n]"
15:05:03.091 [Test worker] DEBUG org.apache.http.wire -  >> "[\r][\n]"
15:05:03.091 [Test worker] DEBUG org.apache.http.headers - >> GET /api/execution-result?idexecution=12172 HTTP/1.1
15:05:03.091 [Test worker] DEBUG org.apache.http.headers - >> Content-Type: application/json; charset=UTF-8
15:05:03.091 [Test worker] DEBUG org.apache.http.headers - >> Authorization: Bearer eyJhbGciOiJIUzI1NiJ9.eyJzdWIiOiJPcmxhbmRvLlBhdXR0QVBJIiwiZXhwIjoxNjUwOTUxMDU0LCJpYXQiOjE2NTA5MTUwNTR9.OpDO9_0yn-EEunb1ghAr8weeVJxxY0WwY24swiLSgdU
15:05:03.091 [Test worker] DEBUG org.apache.http.headers - >> Accept: */*
15:05:03.091 [Test worker] DEBUG org.apache.http.headers - >> Host: 10.69.42.60:8089
15:05:03.091 [Test worker] DEBUG org.apache.http.headers - >> Connection: Keep-Alive
15:05:03.091 [Test worker] DEBUG org.apache.http.headers - >> User-Agent: Apache-HttpClient/4.5.9 (Java/1.8.0_301)
15:05:03.091 [Test worker] DEBUG org.apache.http.headers - >> Accept-Encoding: gzip,deflate
15:05:03.123 [Test worker] DEBUG org.apache.http.wire -  << "HTTP/1.1 200 [\r][\n]"
15:05:03.123 [Test worker] DEBUG org.apache.http.wire -  << "Vary: Origin[\r][\n]"
15:05:03.123 [Test worker] DEBUG org.apache.http.wire -  << "Vary: Access-Control-Request-Method[\r][\n]"
15:05:03.123 [Test worker] DEBUG org.apache.http.wire -  << "Vary: Access-Control-Request-Headers[\r][\n]"
15:05:03.123 [Test worker] DEBUG org.apache.http.wire -  << "Vary: Origin[\r][\n]"
15:05:03.123 [Test worker] DEBUG org.apache.http.wire -  << "Vary: Access-Control-Request-Method[\r][\n]"
15:05:03.123 [Test worker] DEBUG org.apache.http.wire -  << "Vary: Access-Control-Request-Headers[\r][\n]"
15:05:03.123 [Test worker] DEBUG org.apache.http.wire -  << "X-Content-Type-Options: nosniff[\r][\n]"
15:05:03.123 [Test worker] DEBUG org.apache.http.wire -  << "X-XSS-Protection: 1; mode=block[\r][\n]"
15:05:03.123 [Test worker] DEBUG org.apache.http.wire -  << "Cache-Control: no-cache, no-store, max-age=0, must-revalidate[\r][\n]"
15:05:03.123 [Test worker] DEBUG org.apache.http.wire -  << "Pragma: no-cache[\r][\n]"
15:05:03.123 [Test worker] DEBUG org.apache.http.wire -  << "Expires: 0[\r][\n]"
15:05:03.123 [Test worker] DEBUG org.apache.http.wire -  << "X-Frame-Options: DENY[\r][\n]"
15:05:03.123 [Test worker] DEBUG org.apache.http.wire -  << "Content-Type: application/json[\r][\n]"
15:05:03.123 [Test worker] DEBUG org.apache.http.wire -  << "Transfer-Encoding: chunked[\r][\n]"
15:05:03.123 [Test worker] DEBUG org.apache.http.wire -  << "Date: Mon, 25 Apr 2022 19:33:35 GMT[\r][\n]"
15:05:03.123 [Test worker] DEBUG org.apache.http.wire -  << "Keep-Alive: timeout=60[\r][\n]"
15:05:03.123 [Test worker] DEBUG org.apache.http.wire -  << "Connection: keep-alive[\r][\n]"
15:05:03.123 [Test worker] DEBUG org.apache.http.wire -  << "[\r][\n]"
15:05:03.123 [Test worker] DEBUG org.apache.http.impl.conn.DefaultClientConnection - Receiving response: HTTP/1.1 200 
15:05:03.123 [Test worker] DEBUG org.apache.http.headers - << HTTP/1.1 200 
15:05:03.123 [Test worker] DEBUG org.apache.http.headers - << Vary: Origin
15:05:03.123 [Test worker] DEBUG org.apache.http.headers - << Vary: Access-Control-Request-Method
15:05:03.123 [Test worker] DEBUG org.apache.http.headers - << Vary: Access-Control-Request-Headers
15:05:03.123 [Test worker] DEBUG org.apache.http.headers - << Vary: Origin
15:05:03.123 [Test worker] DEBUG org.apache.http.headers - << Vary: Access-Control-Request-Method
15:05:03.123 [Test worker] DEBUG org.apache.http.headers - << Vary: Access-Control-Request-Headers
15:05:03.123 [Test worker] DEBUG org.apache.http.headers - << X-Content-Type-Options: nosniff
15:05:03.123 [Test worker] DEBUG org.apache.http.headers - << X-XSS-Protection: 1; mode=block
15:05:03.123 [Test worker] DEBUG org.apache.http.headers - << Cache-Control: no-cache, no-store, max-age=0, must-revalidate
15:05:03.123 [Test worker] DEBUG org.apache.http.headers - << Pragma: no-cache
15:05:03.123 [Test worker] DEBUG org.apache.http.headers - << Expires: 0
15:05:03.123 [Test worker] DEBUG org.apache.http.headers - << X-Frame-Options: DENY
15:05:03.123 [Test worker] DEBUG org.apache.http.headers - << Content-Type: application/json
15:05:03.123 [Test worker] DEBUG org.apache.http.headers - << Transfer-Encoding: chunked
15:05:03.123 [Test worker] DEBUG org.apache.http.headers - << Date: Mon, 25 Apr 2022 19:33:35 GMT
15:05:03.123 [Test worker] DEBUG org.apache.http.headers - << Keep-Alive: timeout=60
15:05:03.123 [Test worker] DEBUG org.apache.http.headers - << Connection: keep-alive
15:05:03.123 [Test worker] DEBUG org.apache.http.impl.client.DefaultHttpClient - Connection can be kept alive for 60000 MILLISECONDS
15:05:03.123 [Test worker] DEBUG io.restassured.internal.RequestSpecificationImpl$RestAssuredHttpBuilder - Parsing response as: application/json
15:05:03.123 [Test worker] DEBUG io.restassured.internal.RequestSpecificationImpl$RestAssuredHttpBuilder - Parsed data to instance of: class org.apache.http.conn.EofSensorInputStream
15:05:03.123 [Test worker] DEBUG org.apache.http.wire -  << "38[\r][\n]"
15:05:03.123 [Test worker] DEBUG org.apache.http.wire -  << "{"result":"Pendiente","executionStatus":"En ejecuci[0xc3][0xb3]n"}"
15:05:03.123 [Test worker] DEBUG org.apache.http.wire -  << "[\r][\n]"
15:05:03.123 [Test worker] DEBUG org.apache.http.wire -  << "0[\r][\n]"
15:05:03.123 [Test worker] DEBUG org.apache.http.wire -  << "[\r][\n]"
15:05:03.123 [Test worker] DEBUG org.apache.http.impl.conn.BasicClientConnectionManager - Releasing connection org.apache.http.impl.conn.ManagedClientConnectionImpl@3ab07e58
15:05:03.123 [Test worker] DEBUG org.apache.http.impl.conn.BasicClientConnectionManager - Connection can be kept alive for 60000 MILLISECONDS
15:05:23.163 [Test worker] DEBUG org.apache.http.impl.conn.BasicClientConnectionManager - Get connection for route {}->http://10.69.42.60:8089
15:05:23.163 [Test worker] DEBUG org.apache.http.impl.conn.DefaultClientConnectionOperator - Connecting to 10.69.42.60:8089
15:05:23.179 [Test worker] DEBUG org.apache.http.client.protocol.RequestAddCookies - CookieSpec selected: ignoreCookies
15:05:23.179 [Test worker] DEBUG org.apache.http.client.protocol.RequestAuthCache - Auth cache not set in the context
15:05:23.179 [Test worker] DEBUG org.apache.http.client.protocol.RequestProxyAuthentication - Proxy auth state: UNCHALLENGED
15:05:23.179 [Test worker] DEBUG org.apache.http.impl.client.DefaultHttpClient - Attempt 1 to execute request
15:05:23.179 [Test worker] DEBUG org.apache.http.impl.conn.DefaultClientConnection - Sending request: GET /api/execution-result?idexecution=12172 HTTP/1.1
15:05:23.179 [Test worker] DEBUG org.apache.http.wire -  >> "GET /api/execution-result?idexecution=12172 HTTP/1.1[\r][\n]"
15:05:23.179 [Test worker] DEBUG org.apache.http.wire -  >> "Content-Type: application/json; charset=UTF-8[\r][\n]"
15:05:23.179 [Test worker] DEBUG org.apache.http.wire -  >> "Authorization: Bearer eyJhbGciOiJIUzI1NiJ9.eyJzdWIiOiJPcmxhbmRvLlBhdXR0QVBJIiwiZXhwIjoxNjUwOTUxMDU0LCJpYXQiOjE2NTA5MTUwNTR9.OpDO9_0yn-EEunb1ghAr8weeVJxxY0WwY24swiLSgdU[\r][\n]"
15:05:23.179 [Test worker] DEBUG org.apache.http.wire -  >> "Accept: */*[\r][\n]"
15:05:23.179 [Test worker] DEBUG org.apache.http.wire -  >> "Host: 10.69.42.60:8089[\r][\n]"
15:05:23.179 [Test worker] DEBUG org.apache.http.wire -  >> "Connection: Keep-Alive[\r][\n]"
15:05:23.179 [Test worker] DEBUG org.apache.http.wire -  >> "User-Agent: Apache-HttpClient/4.5.9 (Java/1.8.0_301)[\r][\n]"
15:05:23.179 [Test worker] DEBUG org.apache.http.wire -  >> "Accept-Encoding: gzip,deflate[\r][\n]"
15:05:23.179 [Test worker] DEBUG org.apache.http.wire -  >> "[\r][\n]"
15:05:23.179 [Test worker] DEBUG org.apache.http.headers - >> GET /api/execution-result?idexecution=12172 HTTP/1.1
15:05:23.179 [Test worker] DEBUG org.apache.http.headers - >> Content-Type: application/json; charset=UTF-8
15:05:23.179 [Test worker] DEBUG org.apache.http.headers - >> Authorization: Bearer eyJhbGciOiJIUzI1NiJ9.eyJzdWIiOiJPcmxhbmRvLlBhdXR0QVBJIiwiZXhwIjoxNjUwOTUxMDU0LCJpYXQiOjE2NTA5MTUwNTR9.OpDO9_0yn-EEunb1ghAr8weeVJxxY0WwY24swiLSgdU
15:05:23.179 [Test worker] DEBUG org.apache.http.headers - >> Accept: */*
15:05:23.179 [Test worker] DEBUG org.apache.http.headers - >> Host: 10.69.42.60:8089
15:05:23.179 [Test worker] DEBUG org.apache.http.headers - >> Connection: Keep-Alive
15:05:23.179 [Test worker] DEBUG org.apache.http.headers - >> User-Agent: Apache-HttpClient/4.5.9 (Java/1.8.0_301)
15:05:23.179 [Test worker] DEBUG org.apache.http.headers - >> Accept-Encoding: gzip,deflate
15:05:23.220 [Test worker] DEBUG org.apache.http.wire -  << "HTTP/1.1 200 [\r][\n]"
15:05:23.221 [Test worker] DEBUG org.apache.http.wire -  << "Vary: Origin[\r][\n]"
15:05:23.221 [Test worker] DEBUG org.apache.http.wire -  << "Vary: Access-Control-Request-Method[\r][\n]"
15:05:23.221 [Test worker] DEBUG org.apache.http.wire -  << "Vary: Access-Control-Request-Headers[\r][\n]"
15:05:23.221 [Test worker] DEBUG org.apache.http.wire -  << "Vary: Origin[\r][\n]"
15:05:23.221 [Test worker] DEBUG org.apache.http.wire -  << "Vary: Access-Control-Request-Method[\r][\n]"
15:05:23.221 [Test worker] DEBUG org.apache.http.wire -  << "Vary: Access-Control-Request-Headers[\r][\n]"
15:05:23.221 [Test worker] DEBUG org.apache.http.wire -  << "X-Content-Type-Options: nosniff[\r][\n]"
15:05:23.221 [Test worker] DEBUG org.apache.http.wire -  << "X-XSS-Protection: 1; mode=block[\r][\n]"
15:05:23.221 [Test worker] DEBUG org.apache.http.wire -  << "Cache-Control: no-cache, no-store, max-age=0, must-revalidate[\r][\n]"
15:05:23.221 [Test worker] DEBUG org.apache.http.wire -  << "Pragma: no-cache[\r][\n]"
15:05:23.221 [Test worker] DEBUG org.apache.http.wire -  << "Expires: 0[\r][\n]"
15:05:23.221 [Test worker] DEBUG org.apache.http.wire -  << "X-Frame-Options: DENY[\r][\n]"
15:05:23.221 [Test worker] DEBUG org.apache.http.wire -  << "Content-Type: application/json[\r][\n]"
15:05:23.221 [Test worker] DEBUG org.apache.http.wire -  << "Transfer-Encoding: chunked[\r][\n]"
15:05:23.221 [Test worker] DEBUG org.apache.http.wire -  << "Date: Mon, 25 Apr 2022 19:33:55 GMT[\r][\n]"
15:05:23.221 [Test worker] DEBUG org.apache.http.wire -  << "Keep-Alive: timeout=60[\r][\n]"
15:05:23.221 [Test worker] DEBUG org.apache.http.wire -  << "Connection: keep-alive[\r][\n]"
15:05:23.221 [Test worker] DEBUG org.apache.http.wire -  << "[\r][\n]"
15:05:23.221 [Test worker] DEBUG org.apache.http.impl.conn.DefaultClientConnection - Receiving response: HTTP/1.1 200 
15:05:23.221 [Test worker] DEBUG org.apache.http.headers - << HTTP/1.1 200 
15:05:23.221 [Test worker] DEBUG org.apache.http.headers - << Vary: Origin
15:05:23.221 [Test worker] DEBUG org.apache.http.headers - << Vary: Access-Control-Request-Method
15:05:23.221 [Test worker] DEBUG org.apache.http.headers - << Vary: Access-Control-Request-Headers
15:05:23.221 [Test worker] DEBUG org.apache.http.headers - << Vary: Origin
15:05:23.221 [Test worker] DEBUG org.apache.http.headers - << Vary: Access-Control-Request-Method
15:05:23.221 [Test worker] DEBUG org.apache.http.headers - << Vary: Access-Control-Request-Headers
15:05:23.221 [Test worker] DEBUG org.apache.http.headers - << X-Content-Type-Options: nosniff
15:05:23.221 [Test worker] DEBUG org.apache.http.headers - << X-XSS-Protection: 1; mode=block
15:05:23.221 [Test worker] DEBUG org.apache.http.headers - << Cache-Control: no-cache, no-store, max-age=0, must-revalidate
15:05:23.221 [Test worker] DEBUG org.apache.http.headers - << Pragma: no-cache
15:05:23.221 [Test worker] DEBUG org.apache.http.headers - << Expires: 0
15:05:23.221 [Test worker] DEBUG org.apache.http.headers - << X-Frame-Options: DENY
15:05:23.221 [Test worker] DEBUG org.apache.http.headers - << Content-Type: application/json
15:05:23.221 [Test worker] DEBUG org.apache.http.headers - << Transfer-Encoding: chunked
15:05:23.221 [Test worker] DEBUG org.apache.http.headers - << Date: Mon, 25 Apr 2022 19:33:55 GMT
15:05:23.221 [Test worker] DEBUG org.apache.http.headers - << Keep-Alive: timeout=60
15:05:23.221 [Test worker] DEBUG org.apache.http.headers - << Connection: keep-alive
15:05:23.221 [Test worker] DEBUG org.apache.http.impl.client.DefaultHttpClient - Connection can be kept alive for 60000 MILLISECONDS
15:05:23.221 [Test worker] DEBUG io.restassured.internal.RequestSpecificationImpl$RestAssuredHttpBuilder - Parsing response as: application/json
15:05:23.221 [Test worker] DEBUG io.restassured.internal.RequestSpecificationImpl$RestAssuredHttpBuilder - Parsed data to instance of: class org.apache.http.conn.EofSensorInputStream
15:05:23.222 [Test worker] DEBUG org.apache.http.wire -  << "38[\r][\n]"
15:05:23.222 [Test worker] DEBUG org.apache.http.wire -  << "{"result":"Pendiente","executionStatus":"En ejecuci[0xc3][0xb3]n"}"
15:05:23.222 [Test worker] DEBUG org.apache.http.wire -  << "[\r][\n]"
15:05:23.222 [Test worker] DEBUG org.apache.http.wire -  << "0[\r][\n]"
15:05:23.222 [Test worker] DEBUG org.apache.http.wire -  << "[\r][\n]"
15:05:23.222 [Test worker] DEBUG org.apache.http.impl.conn.BasicClientConnectionManager - Releasing connection org.apache.http.impl.conn.ManagedClientConnectionImpl@5a9ac9b4
15:05:23.222 [Test worker] DEBUG org.apache.http.impl.conn.BasicClientConnectionManager - Connection can be kept alive for 60000 MILLISECONDS
15:05:43.238 [Test worker] DEBUG org.apache.http.impl.conn.BasicClientConnectionManager - Get connection for route {}->http://10.69.42.60:8089
15:05:43.238 [Test worker] DEBUG org.apache.http.impl.conn.DefaultClientConnectionOperator - Connecting to 10.69.42.60:8089
15:05:43.254 [Test worker] DEBUG org.apache.http.client.protocol.RequestAddCookies - CookieSpec selected: ignoreCookies
15:05:43.263 [Test worker] DEBUG org.apache.http.client.protocol.RequestAuthCache - Auth cache not set in the context
15:05:43.263 [Test worker] DEBUG org.apache.http.client.protocol.RequestProxyAuthentication - Proxy auth state: UNCHALLENGED
15:05:43.263 [Test worker] DEBUG org.apache.http.impl.client.DefaultHttpClient - Attempt 1 to execute request
15:05:43.263 [Test worker] DEBUG org.apache.http.impl.conn.DefaultClientConnection - Sending request: GET /api/execution-result?idexecution=12172 HTTP/1.1
15:05:43.263 [Test worker] DEBUG org.apache.http.wire -  >> "GET /api/execution-result?idexecution=12172 HTTP/1.1[\r][\n]"
15:05:43.263 [Test worker] DEBUG org.apache.http.wire -  >> "Content-Type: application/json; charset=UTF-8[\r][\n]"
15:05:43.263 [Test worker] DEBUG org.apache.http.wire -  >> "Authorization: Bearer eyJhbGciOiJIUzI1NiJ9.eyJzdWIiOiJPcmxhbmRvLlBhdXR0QVBJIiwiZXhwIjoxNjUwOTUxMDU0LCJpYXQiOjE2NTA5MTUwNTR9.OpDO9_0yn-EEunb1ghAr8weeVJxxY0WwY24swiLSgdU[\r][\n]"
15:05:43.263 [Test worker] DEBUG org.apache.http.wire -  >> "Accept: */*[\r][\n]"
15:05:43.263 [Test worker] DEBUG org.apache.http.wire -  >> "Host: 10.69.42.60:8089[\r][\n]"
15:05:43.263 [Test worker] DEBUG org.apache.http.wire -  >> "Connection: Keep-Alive[\r][\n]"
15:05:43.263 [Test worker] DEBUG org.apache.http.wire -  >> "User-Agent: Apache-HttpClient/4.5.9 (Java/1.8.0_301)[\r][\n]"
15:05:43.263 [Test worker] DEBUG org.apache.http.wire -  >> "Accept-Encoding: gzip,deflate[\r][\n]"
15:05:43.263 [Test worker] DEBUG org.apache.http.wire -  >> "[\r][\n]"
15:05:43.263 [Test worker] DEBUG org.apache.http.headers - >> GET /api/execution-result?idexecution=12172 HTTP/1.1
15:05:43.263 [Test worker] DEBUG org.apache.http.headers - >> Content-Type: application/json; charset=UTF-8
15:05:43.263 [Test worker] DEBUG org.apache.http.headers - >> Authorization: Bearer eyJhbGciOiJIUzI1NiJ9.eyJzdWIiOiJPcmxhbmRvLlBhdXR0QVBJIiwiZXhwIjoxNjUwOTUxMDU0LCJpYXQiOjE2NTA5MTUwNTR9.OpDO9_0yn-EEunb1ghAr8weeVJxxY0WwY24swiLSgdU
15:05:43.263 [Test worker] DEBUG org.apache.http.headers - >> Accept: */*
15:05:43.263 [Test worker] DEBUG org.apache.http.headers - >> Host: 10.69.42.60:8089
15:05:43.263 [Test worker] DEBUG org.apache.http.headers - >> Connection: Keep-Alive
15:05:43.263 [Test worker] DEBUG org.apache.http.headers - >> User-Agent: Apache-HttpClient/4.5.9 (Java/1.8.0_301)
15:05:43.263 [Test worker] DEBUG org.apache.http.headers - >> Accept-Encoding: gzip,deflate
15:05:43.295 [Test worker] DEBUG org.apache.http.wire -  << "HTTP/1.1 200 [\r][\n]"
15:05:43.295 [Test worker] DEBUG org.apache.http.wire -  << "Vary: Origin[\r][\n]"
15:05:43.295 [Test worker] DEBUG org.apache.http.wire -  << "Vary: Access-Control-Request-Method[\r][\n]"
15:05:43.295 [Test worker] DEBUG org.apache.http.wire -  << "Vary: Access-Control-Request-Headers[\r][\n]"
15:05:43.295 [Test worker] DEBUG org.apache.http.wire -  << "Vary: Origin[\r][\n]"
15:05:43.295 [Test worker] DEBUG org.apache.http.wire -  << "Vary: Access-Control-Request-Method[\r][\n]"
15:05:43.295 [Test worker] DEBUG org.apache.http.wire -  << "Vary: Access-Control-Request-Headers[\r][\n]"
15:05:43.295 [Test worker] DEBUG org.apache.http.wire -  << "X-Content-Type-Options: nosniff[\r][\n]"
15:05:43.295 [Test worker] DEBUG org.apache.http.wire -  << "X-XSS-Protection: 1; mode=block[\r][\n]"
15:05:43.295 [Test worker] DEBUG org.apache.http.wire -  << "Cache-Control: no-cache, no-store, max-age=0, must-revalidate[\r][\n]"
15:05:43.295 [Test worker] DEBUG org.apache.http.wire -  << "Pragma: no-cache[\r][\n]"
15:05:43.295 [Test worker] DEBUG org.apache.http.wire -  << "Expires: 0[\r][\n]"
15:05:43.295 [Test worker] DEBUG org.apache.http.wire -  << "X-Frame-Options: DENY[\r][\n]"
15:05:43.295 [Test worker] DEBUG org.apache.http.wire -  << "Content-Type: application/json[\r][\n]"
15:05:43.295 [Test worker] DEBUG org.apache.http.wire -  << "Transfer-Encoding: chunked[\r][\n]"
15:05:43.295 [Test worker] DEBUG org.apache.http.wire -  << "Date: Mon, 25 Apr 2022 19:34:15 GMT[\r][\n]"
15:05:43.295 [Test worker] DEBUG org.apache.http.wire -  << "Keep-Alive: timeout=60[\r][\n]"
15:05:43.295 [Test worker] DEBUG org.apache.http.wire -  << "Connection: keep-alive[\r][\n]"
15:05:43.295 [Test worker] DEBUG org.apache.http.wire -  << "[\r][\n]"
15:05:43.295 [Test worker] DEBUG org.apache.http.impl.conn.DefaultClientConnection - Receiving response: HTTP/1.1 200 
15:05:43.295 [Test worker] DEBUG org.apache.http.headers - << HTTP/1.1 200 
15:05:43.295 [Test worker] DEBUG org.apache.http.headers - << Vary: Origin
15:05:43.295 [Test worker] DEBUG org.apache.http.headers - << Vary: Access-Control-Request-Method
15:05:43.295 [Test worker] DEBUG org.apache.http.headers - << Vary: Access-Control-Request-Headers
15:05:43.295 [Test worker] DEBUG org.apache.http.headers - << Vary: Origin
15:05:43.295 [Test worker] DEBUG org.apache.http.headers - << Vary: Access-Control-Request-Method
15:05:43.295 [Test worker] DEBUG org.apache.http.headers - << Vary: Access-Control-Request-Headers
15:05:43.295 [Test worker] DEBUG org.apache.http.headers - << X-Content-Type-Options: nosniff
15:05:43.295 [Test worker] DEBUG org.apache.http.headers - << X-XSS-Protection: 1; mode=block
15:05:43.295 [Test worker] DEBUG org.apache.http.headers - << Cache-Control: no-cache, no-store, max-age=0, must-revalidate
15:05:43.295 [Test worker] DEBUG org.apache.http.headers - << Pragma: no-cache
15:05:43.295 [Test worker] DEBUG org.apache.http.headers - << Expires: 0
15:05:43.295 [Test worker] DEBUG org.apache.http.headers - << X-Frame-Options: DENY
15:05:43.295 [Test worker] DEBUG org.apache.http.headers - << Content-Type: application/json
15:05:43.295 [Test worker] DEBUG org.apache.http.headers - << Transfer-Encoding: chunked
15:05:43.295 [Test worker] DEBUG org.apache.http.headers - << Date: Mon, 25 Apr 2022 19:34:15 GMT
15:05:43.295 [Test worker] DEBUG org.apache.http.headers - << Keep-Alive: timeout=60
15:05:43.295 [Test worker] DEBUG org.apache.http.headers - << Connection: keep-alive
15:05:43.295 [Test worker] DEBUG org.apache.http.impl.client.DefaultHttpClient - Connection can be kept alive for 60000 MILLISECONDS
15:05:43.295 [Test worker] DEBUG io.restassured.internal.RequestSpecificationImpl$RestAssuredHttpBuilder - Parsing response as: application/json
15:05:43.295 [Test worker] DEBUG io.restassured.internal.RequestSpecificationImpl$RestAssuredHttpBuilder - Parsed data to instance of: class org.apache.http.conn.EofSensorInputStream
15:05:43.295 [Test worker] DEBUG org.apache.http.wire -  << "17c[\r][\n]"
15:05:43.295 [Test worker] DEBUG org.apache.http.wire -  << "{"result":["Fallido"],"executionStatus":"Terminado","urlEvidenceSerenity":"http://10.69.42.60:8092/assets/evidences/25_04_2022_15_00_44_447/Sox_Evidence.zip","urlEvidenceEvidenceComplete":"http://10.69.42.60:8092/assets/evidences/25_04_2022_15_00_44_447/Complete_Evidence.zip","urlEvidenceSox":"http://10.69.42.60:8092/assets/evidences/25_04_2022_15_00_44_447/reports/index.html"}"
15:05:43.295 [Test worker] DEBUG org.apache.http.wire -  << "[\r][\n]"
15:05:43.295 [Test worker] DEBUG org.apache.http.wire -  << "0[\r][\n]"
15:05:43.295 [Test worker] DEBUG org.apache.http.wire -  << "[\r][\n]"
15:05:43.295 [Test worker] DEBUG org.apache.http.impl.conn.BasicClientConnectionManager - Releasing connection org.apache.http.impl.conn.ManagedClientConnectionImpl@168a49ed
15:05:43.295 [Test worker] DEBUG org.apache.http.impl.conn.BasicClientConnectionManager - Connection can be kept alive for 60000 MILLISECONDS
15:05:43.602 [Test worker] INFO net.thucydides.core.steps.ConsoleLoggingListener - 
        __    _____ _____ ____ _____   ____   _    ____  ____  _____ ____  
  _     \ \  |_   _| ____/ ___|_   _| |  _ \ / \  / ___|/ ___|| ____|  _ \ 
 (_)_____| |   | | |  _| \___ \ | |   | |_) / _ \ \___ \\___ \|  _| | | | |
  _|_____| |   | | | |___ ___) || |   |  __/ ___ \ ___) |___) | |___| |_| |
 (_)     | |   |_| |_____|____/ |_|   |_| /_/   \_\____/|____/|_____|____/ 
        /_/                                                                

TEST PASSED: se requiere ejecutar el Json
----------------------------------------------------------------------------
]]></system-out>
  <system-err><![CDATA[]]></system-err>
</testsuite>
