<?xml version="1.0" encoding="UTF-8"?>
<testsuite name="Sanity Merlin Json" tests="1" skipped="0" failures="0" errors="0" timestamp="2022-04-26T17:06:46" hostname="22LAP5CD1195R94" time="183.515">
  <properties/>
  <testcase name="se requiere ejecutar el Json" classname="Sanity Merlin Json" time="183.515"/>
  <system-out><![CDATA[12:06:48.424 [Test worker] DEBUG org.apache.http.impl.conn.BasicClientConnectionManager - Get connection for route {}->http://10.69.42.60:8089
12:06:48.430 [Test worker] DEBUG org.apache.http.impl.conn.DefaultClientConnectionOperator - Connecting to 10.69.42.60:8089
12:06:48.471 [Test worker] DEBUG org.apache.http.client.protocol.RequestAddCookies - CookieSpec selected: ignoreCookies
12:06:48.472 [Test worker] DEBUG org.apache.http.client.protocol.RequestAuthCache - Auth cache not set in the context
12:06:48.472 [Test worker] DEBUG org.apache.http.client.protocol.RequestTargetAuthentication - Target auth state: UNCHALLENGED
12:06:48.472 [Test worker] DEBUG org.apache.http.client.protocol.RequestProxyAuthentication - Proxy auth state: UNCHALLENGED
12:06:48.473 [Test worker] DEBUG org.apache.http.impl.client.DefaultHttpClient - Attempt 1 to execute request
12:06:48.473 [Test worker] DEBUG org.apache.http.impl.conn.DefaultClientConnection - Sending request: POST /api/authenticate-api HTTP/1.1
12:06:48.473 [Test worker] DEBUG org.apache.http.wire -  >> "POST /api/authenticate-api HTTP/1.1[\r][\n]"
12:06:48.475 [Test worker] DEBUG org.apache.http.wire -  >> "Accept: */*[\r][\n]"
12:06:48.475 [Test worker] DEBUG org.apache.http.wire -  >> "Content-Type: application/json; charset=UTF-8[\r][\n]"
12:06:48.475 [Test worker] DEBUG org.apache.http.wire -  >> "Content-Length: 69[\r][\n]"
12:06:48.475 [Test worker] DEBUG org.apache.http.wire -  >> "Host: 10.69.42.60:8089[\r][\n]"
12:06:48.475 [Test worker] DEBUG org.apache.http.wire -  >> "Connection: Keep-Alive[\r][\n]"
12:06:48.475 [Test worker] DEBUG org.apache.http.wire -  >> "User-Agent: Apache-HttpClient/4.5.9 (Java/1.8.0_301)[\r][\n]"
12:06:48.475 [Test worker] DEBUG org.apache.http.wire -  >> "Accept-Encoding: gzip,deflate[\r][\n]"
12:06:48.476 [Test worker] DEBUG org.apache.http.wire -  >> "[\r][\n]"
12:06:48.477 [Test worker] DEBUG org.apache.http.headers - >> POST /api/authenticate-api HTTP/1.1
12:06:48.477 [Test worker] DEBUG org.apache.http.headers - >> Accept: */*
12:06:48.477 [Test worker] DEBUG org.apache.http.headers - >> Content-Type: application/json; charset=UTF-8
12:06:48.477 [Test worker] DEBUG org.apache.http.headers - >> Content-Length: 69
12:06:48.477 [Test worker] DEBUG org.apache.http.headers - >> Host: 10.69.42.60:8089
12:06:48.477 [Test worker] DEBUG org.apache.http.headers - >> Connection: Keep-Alive
12:06:48.477 [Test worker] DEBUG org.apache.http.headers - >> User-Agent: Apache-HttpClient/4.5.9 (Java/1.8.0_301)
12:06:48.478 [Test worker] DEBUG org.apache.http.headers - >> Accept-Encoding: gzip,deflate
12:06:48.478 [Test worker] DEBUG org.apache.http.wire -  >> "{[\n]"
12:06:48.479 [Test worker] DEBUG org.apache.http.wire -  >> "    "username": "Orlando.Pautt",[\n]"
12:06:48.479 [Test worker] DEBUG org.apache.http.wire -  >> "    "password": "OrlandoDar.12*"[\n]"
12:06:48.479 [Test worker] DEBUG org.apache.http.wire -  >> "}"
12:06:48.627 [Test worker] DEBUG org.apache.http.wire -  << "HTTP/1.1 200 [\r][\n]"
12:06:48.627 [Test worker] DEBUG org.apache.http.wire -  << "Vary: Origin[\r][\n]"
12:06:48.627 [Test worker] DEBUG org.apache.http.wire -  << "Vary: Access-Control-Request-Method[\r][\n]"
12:06:48.627 [Test worker] DEBUG org.apache.http.wire -  << "Vary: Access-Control-Request-Headers[\r][\n]"
12:06:48.627 [Test worker] DEBUG org.apache.http.wire -  << "Vary: Origin[\r][\n]"
12:06:48.627 [Test worker] DEBUG org.apache.http.wire -  << "Vary: Access-Control-Request-Method[\r][\n]"
12:06:48.627 [Test worker] DEBUG org.apache.http.wire -  << "Vary: Access-Control-Request-Headers[\r][\n]"
12:06:48.627 [Test worker] DEBUG org.apache.http.wire -  << "X-Content-Type-Options: nosniff[\r][\n]"
12:06:48.627 [Test worker] DEBUG org.apache.http.wire -  << "X-XSS-Protection: 1; mode=block[\r][\n]"
12:06:48.627 [Test worker] DEBUG org.apache.http.wire -  << "Cache-Control: no-cache, no-store, max-age=0, must-revalidate[\r][\n]"
12:06:48.627 [Test worker] DEBUG org.apache.http.wire -  << "Pragma: no-cache[\r][\n]"
12:06:48.627 [Test worker] DEBUG org.apache.http.wire -  << "Expires: 0[\r][\n]"
12:06:48.627 [Test worker] DEBUG org.apache.http.wire -  << "X-Frame-Options: DENY[\r][\n]"
12:06:48.627 [Test worker] DEBUG org.apache.http.wire -  << "Content-Type: application/json[\r][\n]"
12:06:48.627 [Test worker] DEBUG org.apache.http.wire -  << "Transfer-Encoding: chunked[\r][\n]"
12:06:48.627 [Test worker] DEBUG org.apache.http.wire -  << "Date: Tue, 26 Apr 2022 16:35:21 GMT[\r][\n]"
12:06:48.627 [Test worker] DEBUG org.apache.http.wire -  << "Keep-Alive: timeout=60[\r][\n]"
12:06:48.627 [Test worker] DEBUG org.apache.http.wire -  << "Connection: keep-alive[\r][\n]"
12:06:48.627 [Test worker] DEBUG org.apache.http.wire -  << "[\r][\n]"
12:06:48.627 [Test worker] DEBUG org.apache.http.impl.conn.DefaultClientConnection - Receiving response: HTTP/1.1 200 
12:06:48.627 [Test worker] DEBUG org.apache.http.headers - << HTTP/1.1 200 
12:06:48.627 [Test worker] DEBUG org.apache.http.headers - << Vary: Origin
12:06:48.627 [Test worker] DEBUG org.apache.http.headers - << Vary: Access-Control-Request-Method
12:06:48.627 [Test worker] DEBUG org.apache.http.headers - << Vary: Access-Control-Request-Headers
12:06:48.627 [Test worker] DEBUG org.apache.http.headers - << Vary: Origin
12:06:48.627 [Test worker] DEBUG org.apache.http.headers - << Vary: Access-Control-Request-Method
12:06:48.627 [Test worker] DEBUG org.apache.http.headers - << Vary: Access-Control-Request-Headers
12:06:48.627 [Test worker] DEBUG org.apache.http.headers - << X-Content-Type-Options: nosniff
12:06:48.627 [Test worker] DEBUG org.apache.http.headers - << X-XSS-Protection: 1; mode=block
12:06:48.627 [Test worker] DEBUG org.apache.http.headers - << Cache-Control: no-cache, no-store, max-age=0, must-revalidate
12:06:48.627 [Test worker] DEBUG org.apache.http.headers - << Pragma: no-cache
12:06:48.627 [Test worker] DEBUG org.apache.http.headers - << Expires: 0
12:06:48.627 [Test worker] DEBUG org.apache.http.headers - << X-Frame-Options: DENY
12:06:48.627 [Test worker] DEBUG org.apache.http.headers - << Content-Type: application/json
12:06:48.627 [Test worker] DEBUG org.apache.http.headers - << Transfer-Encoding: chunked
12:06:48.627 [Test worker] DEBUG org.apache.http.headers - << Date: Tue, 26 Apr 2022 16:35:21 GMT
12:06:48.627 [Test worker] DEBUG org.apache.http.headers - << Keep-Alive: timeout=60
12:06:48.627 [Test worker] DEBUG org.apache.http.headers - << Connection: keep-alive
12:06:48.640 [Test worker] DEBUG org.apache.http.impl.client.DefaultHttpClient - Connection can be kept alive for 60000 MILLISECONDS
12:06:48.660 [Test worker] DEBUG io.restassured.internal.RequestSpecificationImpl$RestAssuredHttpBuilder - Parsing response as: application/json
12:06:48.660 [Test worker] DEBUG io.restassured.internal.RequestSpecificationImpl$RestAssuredHttpBuilder - Parsed data to instance of: class org.apache.http.conn.EofSensorInputStream
12:06:48.707 [Test worker] DEBUG org.apache.http.wire -  << "e6[\r][\n]"
12:06:48.707 [Test worker] DEBUG org.apache.http.wire -  << "{"role":"Automatizador","rights":"automatizar","username":"Orlando.Pautt","token":"eyJhbGciOiJIUzI1NiJ9.eyJzdWIiOiJPcmxhbmRvLlBhdXR0QVBJIiwiZXhwIjoxNjUxMDI2OTIxLCJpYXQiOjE2NTA5OTA5MjF9.b4wVOT2zYxqgdb51PcG0IgOyVfK083HhKpEfDIl3Mf4"}"
12:06:48.707 [Test worker] DEBUG org.apache.http.wire -  << "[\r][\n]"
12:06:48.707 [Test worker] DEBUG org.apache.http.wire -  << "0[\r][\n]"
12:06:48.707 [Test worker] DEBUG org.apache.http.wire -  << "[\r][\n]"
12:06:48.707 [Test worker] DEBUG org.apache.http.impl.conn.BasicClientConnectionManager - Releasing connection org.apache.http.impl.conn.ManagedClientConnectionImpl@61ed39a6
12:06:48.707 [Test worker] DEBUG org.apache.http.impl.conn.BasicClientConnectionManager - Connection can be kept alive for 60000 MILLISECONDS
12:06:48.789 [Finalizer] DEBUG org.apache.http.impl.conn.DefaultClientConnection - Connection 0.0.0.0:55577<->10.69.42.60:8089 closed
12:06:49.220 [Test worker] DEBUG org.apache.http.impl.conn.BasicClientConnectionManager - Get connection for route {}->http://10.69.42.60:8089
12:06:49.220 [Test worker] DEBUG org.apache.http.impl.conn.DefaultClientConnectionOperator - Connecting to 10.69.42.60:8089
12:06:49.235 [Test worker] DEBUG org.apache.http.client.protocol.RequestAddCookies - CookieSpec selected: ignoreCookies
12:06:49.235 [Test worker] DEBUG org.apache.http.client.protocol.RequestAuthCache - Auth cache not set in the context
12:06:49.235 [Test worker] DEBUG org.apache.http.client.protocol.RequestProxyAuthentication - Proxy auth state: UNCHALLENGED
12:06:49.235 [Test worker] DEBUG org.apache.http.impl.client.DefaultHttpClient - Attempt 1 to execute request
12:06:49.235 [Test worker] DEBUG org.apache.http.impl.conn.DefaultClientConnection - Sending request: POST /api/external-automation HTTP/1.1
12:06:49.235 [Test worker] DEBUG org.apache.http.wire -  >> "POST /api/external-automation HTTP/1.1[\r][\n]"
12:06:49.235 [Test worker] DEBUG org.apache.http.wire -  >> "Authorization: Bearer eyJhbGciOiJIUzI1NiJ9.eyJzdWIiOiJPcmxhbmRvLlBhdXR0QVBJIiwiZXhwIjoxNjUxMDI2OTIxLCJpYXQiOjE2NTA5OTA5MjF9.b4wVOT2zYxqgdb51PcG0IgOyVfK083HhKpEfDIl3Mf4[\r][\n]"
12:06:49.235 [Test worker] DEBUG org.apache.http.wire -  >> "Accept: */*[\r][\n]"
12:06:49.235 [Test worker] DEBUG org.apache.http.wire -  >> "Content-Type: application/json; charset=UTF-8[\r][\n]"
12:06:49.235 [Test worker] DEBUG org.apache.http.wire -  >> "Content-Length: 2809[\r][\n]"
12:06:49.235 [Test worker] DEBUG org.apache.http.wire -  >> "Host: 10.69.42.60:8089[\r][\n]"
12:06:49.235 [Test worker] DEBUG org.apache.http.wire -  >> "Connection: Keep-Alive[\r][\n]"
12:06:49.235 [Test worker] DEBUG org.apache.http.wire -  >> "User-Agent: Apache-HttpClient/4.5.9 (Java/1.8.0_301)[\r][\n]"
12:06:49.235 [Test worker] DEBUG org.apache.http.wire -  >> "Accept-Encoding: gzip,deflate[\r][\n]"
12:06:49.235 [Test worker] DEBUG org.apache.http.wire -  >> "[\r][\n]"
12:06:49.235 [Test worker] DEBUG org.apache.http.headers - >> POST /api/external-automation HTTP/1.1
12:06:49.235 [Test worker] DEBUG org.apache.http.headers - >> Authorization: Bearer eyJhbGciOiJIUzI1NiJ9.eyJzdWIiOiJPcmxhbmRvLlBhdXR0QVBJIiwiZXhwIjoxNjUxMDI2OTIxLCJpYXQiOjE2NTA5OTA5MjF9.b4wVOT2zYxqgdb51PcG0IgOyVfK083HhKpEfDIl3Mf4
12:06:49.235 [Test worker] DEBUG org.apache.http.headers - >> Accept: */*
12:06:49.235 [Test worker] DEBUG org.apache.http.headers - >> Content-Type: application/json; charset=UTF-8
12:06:49.235 [Test worker] DEBUG org.apache.http.headers - >> Content-Length: 2809
12:06:49.235 [Test worker] DEBUG org.apache.http.headers - >> Host: 10.69.42.60:8089
12:06:49.235 [Test worker] DEBUG org.apache.http.headers - >> Connection: Keep-Alive
12:06:49.235 [Test worker] DEBUG org.apache.http.headers - >> User-Agent: Apache-HttpClient/4.5.9 (Java/1.8.0_301)
12:06:49.235 [Test worker] DEBUG org.apache.http.headers - >> Accept-Encoding: gzip,deflate
12:06:49.235 [Test worker] DEBUG org.apache.http.wire -  >> "{[\n]"
12:06:49.235 [Test worker] DEBUG org.apache.http.wire -  >> "    "contentFeature": [[\n]"
12:06:49.235 [Test worker] DEBUG org.apache.http.wire -  >> "        "Feature: Consultar Estado de Linea\n\n   Scenario Outline: Consultar Estado de Line\n\tGiven Deseo navegar a la pagina <urlCrm>\n    And Ingreso rapidamente <userCrm> en el campo \"User\"\n    And Ingreso rapidamente <passCrm> en el campo \"Password\"\n    And Doy click en \"Submit\"\n    And Espero que la pagina cargue\n    When Doy click en \"Consultas\"\n    And Espero que la pagina cargue\n    And Selecciono en el arbol la opcion <postventa>\n    And Selecciono en el arbol la opcion <integral>\n    And Doy click en \"Nueva pantalla unica\"\n    And Espero <tiempoEspera> segundos\n    And Espero que el iFrame \"transaccion crm portal\" cargue\n    And Cargo la pagina interna \"transaccion crm portal\"\n    And Ingreso rapidamente <msisdn> en el campo \"Msisdn\"\n    Then Doy click en \"Buscar\"\n    And Espero que la pagina cargue\n    And Valido que valor del campo \"label tipo\" sea <tipo>\n    And Valido que valor del campo \"estado linea\" sea <estadoLinea>\n\tAnd Doy click en \"Activacion\"\n\tAnd Doy click en \"Impreso HLR\"\n\tAnd Espero <tiempoEsperaFinal> segundos\n\tAnd Modifico el atributo <atributo> del campo \"HLR\" por <valorAtributo>\n\tAnd Capturo con scroll la informacion completa de la pagina\n    And Doy click en \"Prepago\"\n\tAnd Doy click en \"Resumen\"\n\tAnd Espero <tiempoEsperaFinal> segundos\n\tAnd Capturo con scroll la informacion completa de la pagina\n\n Examples:\n|urlCrm|userCrm|passCrm|postventa|integral|tiempoEspera|msisdn|tipo|estadoLinea|tiempoEsperaFinal|atributo|valorAtributo|\n|\"http://10.69.60.140:8280/portal/CRMPortal\"|\"SM1152457543\"|\"Tigo.2020*\"|\"Consulta Posventa\"|\"Consulta Integral\"|\"3\"|\"3015169697\"|\"Prepago\"|\"Activo\"|\"5\"|\"style\"|\"height: 4777px\"|\n"[\n]"
12:06:49.235 [Test worker] DEBUG org.apache.http.wire -  >> "    ],[\n]"
12:06:49.235 [Test worker] DEBUG org.apache.http.wire -  >> "    "nameFeature": [[\n]"
12:06:49.235 [Test worker] DEBUG org.apache.http.wire -  >> "        "ESC001_ Consultar Estado de Linea"[\n]"
12:06:49.235 [Test worker] DEBUG org.apache.http.wire -  >> "    ],[\n]"
12:06:49.235 [Test worker] DEBUG org.apache.http.wire -  >> "    "contentProperties": [[\n]"
12:06:49.235 [Test worker] DEBUG org.apache.http.wire -  >> "        "|User=id:username|Password=id:password|Submit=name:login|Consultas=linkText:Consultas|Nueva pantalla unica=linkText:Nueva Pantalla Unica Clientes|transaccion crm portal=id:iframe|Msisdn=xpath://*[@id='j_id15:j_id26']|Buscar=//*[@id='j_id15:j_id27']|label tipo=id:j_id135:j_id166|estado linea=//*[@id='j_id135:j_id183']|Activacion=id:j_id373:menu:j_id374:j_id421|Impreso HLR=id:j_id373:menu:j_id374:j_id421:j_id424:icn|HLR=//textarea[@class='iceInpTxtArea' and contains(.,'HLR')]|Prepago=id:j_id373:menu:j_id374:j_id376|Resumen=id:j_id373:menu:j_id374:j_id376:j_id377:icn|"[\n]"
12:06:49.235 [Test worker] DEBUG org.apache.http.wire -  >> "    ],[\n]"
12:06:49.235 [Test worker] DEBUG org.apache.http.wire -  >> "    "allowsTrace": "0",[\n]"
12:06:49.235 [Test worker] DEBUG org.apache.http.wire -  >> "    "browser": "chrome",[\n]"
12:06:49.235 [Test worker] DEBUG org.apache.http.wire -  >> "    "aplicationType": [[\n]"
12:06:49.235 [Test worker] DEBUG org.apache.http.wire -  >> "        "Web"[\n]"
12:06:49.235 [Test worker] DEBUG org.apache.http.wire -  >> "    ],[\n]"
12:06:49.235 [Test worker] DEBUG org.apache.http.wire -  >> "    "aplication": [[\n]"
12:06:49.235 [Test worker] DEBUG org.apache.http.wire -  >> "        "CRM"[\n]"
12:06:49.235 [Test worker] DEBUG org.apache.http.wire -  >> "    ],[\n]"
12:06:49.239 [Test worker] DEBUG org.apache.http.wire -  >> "    "process": [[\n]"
12:06:49.239 [Test worker] DEBUG org.apache.http.wire -  >> "        " Consultar Estado de Linea"[\n]"
12:06:49.239 [Test worker] DEBUG org.apache.http.wire -  >> "    ],[\n]"
12:06:49.239 [Test worker] DEBUG org.apache.http.wire -  >> "    "iterations": [[\n]"
12:06:49.239 [Test worker] DEBUG org.apache.http.wire -  >> "        1[\n]"
12:06:49.239 [Test worker] DEBUG org.apache.http.wire -  >> "    ],[\n]"
12:06:49.239 [Test worker] DEBUG org.apache.http.wire -  >> "    "appTypeToValidate": [[\n]"
12:06:49.239 [Test worker] DEBUG org.apache.http.wire -  >> "        "1"[\n]"
12:06:49.239 [Test worker] DEBUG org.apache.http.wire -  >> "    ],[\n]"
12:06:49.239 [Test worker] DEBUG org.apache.http.wire -  >> "    "testError": false,[\n]"
12:06:49.239 [Test worker] DEBUG org.apache.http.wire -  >> "    "stopExecution":false[\n]"
12:06:49.239 [Test worker] DEBUG org.apache.http.wire -  >> "}"
12:06:49.275 [Test worker] DEBUG org.apache.http.wire -  << "HTTP/1.1 200 [\r][\n]"
12:06:49.275 [Test worker] DEBUG org.apache.http.wire -  << "Vary: Origin[\r][\n]"
12:06:49.275 [Test worker] DEBUG org.apache.http.wire -  << "Vary: Access-Control-Request-Method[\r][\n]"
12:06:49.275 [Test worker] DEBUG org.apache.http.wire -  << "Vary: Access-Control-Request-Headers[\r][\n]"
12:06:49.275 [Test worker] DEBUG org.apache.http.wire -  << "X-Content-Type-Options: nosniff[\r][\n]"
12:06:49.275 [Test worker] DEBUG org.apache.http.wire -  << "X-XSS-Protection: 1; mode=block[\r][\n]"
12:06:49.275 [Test worker] DEBUG org.apache.http.wire -  << "Cache-Control: no-cache, no-store, max-age=0, must-revalidate[\r][\n]"
12:06:49.275 [Test worker] DEBUG org.apache.http.wire -  << "Pragma: no-cache[\r][\n]"
12:06:49.275 [Test worker] DEBUG org.apache.http.wire -  << "Expires: 0[\r][\n]"
12:06:49.275 [Test worker] DEBUG org.apache.http.wire -  << "X-Frame-Options: DENY[\r][\n]"
12:06:49.275 [Test worker] DEBUG org.apache.http.wire -  << "Content-Type: application/json[\r][\n]"
12:06:49.275 [Test worker] DEBUG org.apache.http.wire -  << "Transfer-Encoding: chunked[\r][\n]"
12:06:49.275 [Test worker] DEBUG org.apache.http.wire -  << "Date: Tue, 26 Apr 2022 16:35:21 GMT[\r][\n]"
12:06:49.275 [Test worker] DEBUG org.apache.http.wire -  << "Keep-Alive: timeout=60[\r][\n]"
12:06:49.275 [Test worker] DEBUG org.apache.http.wire -  << "Connection: keep-alive[\r][\n]"
12:06:49.275 [Test worker] DEBUG org.apache.http.wire -  << "[\r][\n]"
12:06:49.275 [Test worker] DEBUG org.apache.http.impl.conn.DefaultClientConnection - Receiving response: HTTP/1.1 200 
12:06:49.275 [Test worker] DEBUG org.apache.http.headers - << HTTP/1.1 200 
12:06:49.275 [Test worker] DEBUG org.apache.http.headers - << Vary: Origin
12:06:49.275 [Test worker] DEBUG org.apache.http.headers - << Vary: Access-Control-Request-Method
12:06:49.275 [Test worker] DEBUG org.apache.http.headers - << Vary: Access-Control-Request-Headers
12:06:49.275 [Test worker] DEBUG org.apache.http.headers - << X-Content-Type-Options: nosniff
12:06:49.275 [Test worker] DEBUG org.apache.http.headers - << X-XSS-Protection: 1; mode=block
12:06:49.275 [Test worker] DEBUG org.apache.http.headers - << Cache-Control: no-cache, no-store, max-age=0, must-revalidate
12:06:49.275 [Test worker] DEBUG org.apache.http.headers - << Pragma: no-cache
12:06:49.275 [Test worker] DEBUG org.apache.http.headers - << Expires: 0
12:06:49.281 [Test worker] DEBUG org.apache.http.headers - << X-Frame-Options: DENY
12:06:49.281 [Test worker] DEBUG org.apache.http.headers - << Content-Type: application/json
12:06:49.281 [Test worker] DEBUG org.apache.http.headers - << Transfer-Encoding: chunked
12:06:49.281 [Test worker] DEBUG org.apache.http.headers - << Date: Tue, 26 Apr 2022 16:35:21 GMT
12:06:49.281 [Test worker] DEBUG org.apache.http.headers - << Keep-Alive: timeout=60
12:06:49.281 [Test worker] DEBUG org.apache.http.headers - << Connection: keep-alive
12:06:49.281 [Test worker] DEBUG org.apache.http.impl.client.DefaultHttpClient - Connection can be kept alive for 60000 MILLISECONDS
12:06:49.282 [Test worker] DEBUG io.restassured.internal.RequestSpecificationImpl$RestAssuredHttpBuilder - Parsing response as: application/json
12:06:49.282 [Test worker] DEBUG io.restassured.internal.RequestSpecificationImpl$RestAssuredHttpBuilder - Parsed data to instance of: class org.apache.http.conn.EofSensorInputStream
12:06:49.285 [Test worker] DEBUG org.apache.http.wire -  << "35[\r][\n]"
12:06:49.285 [Test worker] DEBUG org.apache.http.wire -  << "{"idexecution":"12245","message":"Execution Pending"}"
12:06:49.285 [Test worker] DEBUG org.apache.http.wire -  << "[\r][\n]"
12:06:49.285 [Test worker] DEBUG org.apache.http.wire -  << "0[\r][\n]"
12:06:49.285 [Test worker] DEBUG org.apache.http.wire -  << "[\r][\n]"
12:06:49.285 [Test worker] DEBUG org.apache.http.impl.conn.BasicClientConnectionManager - Releasing connection org.apache.http.impl.conn.ManagedClientConnectionImpl@317401f6
12:06:49.285 [Test worker] DEBUG org.apache.http.impl.conn.BasicClientConnectionManager - Connection can be kept alive for 60000 MILLISECONDS
12:06:49.342 [Test worker] DEBUG org.apache.http.impl.conn.BasicClientConnectionManager - Get connection for route {}->http://10.69.42.60:8089
12:06:49.342 [Test worker] DEBUG org.apache.http.impl.conn.DefaultClientConnectionOperator - Connecting to 10.69.42.60:8089
12:06:49.357 [Test worker] DEBUG org.apache.http.client.protocol.RequestAddCookies - CookieSpec selected: ignoreCookies
12:06:49.357 [Test worker] DEBUG org.apache.http.client.protocol.RequestAuthCache - Auth cache not set in the context
12:06:49.357 [Test worker] DEBUG org.apache.http.client.protocol.RequestProxyAuthentication - Proxy auth state: UNCHALLENGED
12:06:49.357 [Test worker] DEBUG org.apache.http.impl.client.DefaultHttpClient - Attempt 1 to execute request
12:06:49.357 [Test worker] DEBUG org.apache.http.impl.conn.DefaultClientConnection - Sending request: GET /api/execution-result?idexecution=12245 HTTP/1.1
12:06:49.357 [Test worker] DEBUG org.apache.http.wire -  >> "GET /api/execution-result?idexecution=12245 HTTP/1.1[\r][\n]"
12:06:49.357 [Test worker] DEBUG org.apache.http.wire -  >> "Content-Type: application/json; charset=UTF-8[\r][\n]"
12:06:49.357 [Test worker] DEBUG org.apache.http.wire -  >> "Authorization: Bearer eyJhbGciOiJIUzI1NiJ9.eyJzdWIiOiJPcmxhbmRvLlBhdXR0QVBJIiwiZXhwIjoxNjUxMDI2OTIxLCJpYXQiOjE2NTA5OTA5MjF9.b4wVOT2zYxqgdb51PcG0IgOyVfK083HhKpEfDIl3Mf4[\r][\n]"
12:06:49.357 [Test worker] DEBUG org.apache.http.wire -  >> "Accept: */*[\r][\n]"
12:06:49.357 [Test worker] DEBUG org.apache.http.wire -  >> "Host: 10.69.42.60:8089[\r][\n]"
12:06:49.357 [Test worker] DEBUG org.apache.http.wire -  >> "Connection: Keep-Alive[\r][\n]"
12:06:49.357 [Test worker] DEBUG org.apache.http.wire -  >> "User-Agent: Apache-HttpClient/4.5.9 (Java/1.8.0_301)[\r][\n]"
12:06:49.357 [Test worker] DEBUG org.apache.http.wire -  >> "Accept-Encoding: gzip,deflate[\r][\n]"
12:06:49.357 [Test worker] DEBUG org.apache.http.wire -  >> "[\r][\n]"
12:06:49.357 [Test worker] DEBUG org.apache.http.headers - >> GET /api/execution-result?idexecution=12245 HTTP/1.1
12:06:49.357 [Test worker] DEBUG org.apache.http.headers - >> Content-Type: application/json; charset=UTF-8
12:06:49.357 [Test worker] DEBUG org.apache.http.headers - >> Authorization: Bearer eyJhbGciOiJIUzI1NiJ9.eyJzdWIiOiJPcmxhbmRvLlBhdXR0QVBJIiwiZXhwIjoxNjUxMDI2OTIxLCJpYXQiOjE2NTA5OTA5MjF9.b4wVOT2zYxqgdb51PcG0IgOyVfK083HhKpEfDIl3Mf4
12:06:49.357 [Test worker] DEBUG org.apache.http.headers - >> Accept: */*
12:06:49.357 [Test worker] DEBUG org.apache.http.headers - >> Host: 10.69.42.60:8089
12:06:49.357 [Test worker] DEBUG org.apache.http.headers - >> Connection: Keep-Alive
12:06:49.357 [Test worker] DEBUG org.apache.http.headers - >> User-Agent: Apache-HttpClient/4.5.9 (Java/1.8.0_301)
12:06:49.357 [Test worker] DEBUG org.apache.http.headers - >> Accept-Encoding: gzip,deflate
12:06:49.390 [Test worker] DEBUG org.apache.http.wire -  << "HTTP/1.1 200 [\r][\n]"
12:06:49.390 [Test worker] DEBUG org.apache.http.wire -  << "Vary: Origin[\r][\n]"
12:06:49.390 [Test worker] DEBUG org.apache.http.wire -  << "Vary: Access-Control-Request-Method[\r][\n]"
12:06:49.390 [Test worker] DEBUG org.apache.http.wire -  << "Vary: Access-Control-Request-Headers[\r][\n]"
12:06:49.390 [Test worker] DEBUG org.apache.http.wire -  << "Vary: Origin[\r][\n]"
12:06:49.390 [Test worker] DEBUG org.apache.http.wire -  << "Vary: Access-Control-Request-Method[\r][\n]"
12:06:49.390 [Test worker] DEBUG org.apache.http.wire -  << "Vary: Access-Control-Request-Headers[\r][\n]"
12:06:49.390 [Test worker] DEBUG org.apache.http.wire -  << "X-Content-Type-Options: nosniff[\r][\n]"
12:06:49.390 [Test worker] DEBUG org.apache.http.wire -  << "X-XSS-Protection: 1; mode=block[\r][\n]"
12:06:49.390 [Test worker] DEBUG org.apache.http.wire -  << "Cache-Control: no-cache, no-store, max-age=0, must-revalidate[\r][\n]"
12:06:49.390 [Test worker] DEBUG org.apache.http.wire -  << "Pragma: no-cache[\r][\n]"
12:06:49.390 [Test worker] DEBUG org.apache.http.wire -  << "Expires: 0[\r][\n]"
12:06:49.390 [Test worker] DEBUG org.apache.http.wire -  << "X-Frame-Options: DENY[\r][\n]"
12:06:49.390 [Test worker] DEBUG org.apache.http.wire -  << "Content-Type: application/json[\r][\n]"
12:06:49.390 [Test worker] DEBUG org.apache.http.wire -  << "Transfer-Encoding: chunked[\r][\n]"
12:06:49.390 [Test worker] DEBUG org.apache.http.wire -  << "Date: Tue, 26 Apr 2022 16:35:21 GMT[\r][\n]"
12:06:49.390 [Test worker] DEBUG org.apache.http.wire -  << "Keep-Alive: timeout=60[\r][\n]"
12:06:49.390 [Test worker] DEBUG org.apache.http.wire -  << "Connection: keep-alive[\r][\n]"
12:06:49.390 [Test worker] DEBUG org.apache.http.wire -  << "[\r][\n]"
12:06:49.390 [Test worker] DEBUG org.apache.http.impl.conn.DefaultClientConnection - Receiving response: HTTP/1.1 200 
12:06:49.390 [Test worker] DEBUG org.apache.http.headers - << HTTP/1.1 200 
12:06:49.390 [Test worker] DEBUG org.apache.http.headers - << Vary: Origin
12:06:49.390 [Test worker] DEBUG org.apache.http.headers - << Vary: Access-Control-Request-Method
12:06:49.390 [Test worker] DEBUG org.apache.http.headers - << Vary: Access-Control-Request-Headers
12:06:49.390 [Test worker] DEBUG org.apache.http.headers - << Vary: Origin
12:06:49.390 [Test worker] DEBUG org.apache.http.headers - << Vary: Access-Control-Request-Method
12:06:49.390 [Test worker] DEBUG org.apache.http.headers - << Vary: Access-Control-Request-Headers
12:06:49.390 [Test worker] DEBUG org.apache.http.headers - << X-Content-Type-Options: nosniff
12:06:49.390 [Test worker] DEBUG org.apache.http.headers - << X-XSS-Protection: 1; mode=block
12:06:49.390 [Test worker] DEBUG org.apache.http.headers - << Cache-Control: no-cache, no-store, max-age=0, must-revalidate
12:06:49.390 [Test worker] DEBUG org.apache.http.headers - << Pragma: no-cache
12:06:49.390 [Test worker] DEBUG org.apache.http.headers - << Expires: 0
12:06:49.390 [Test worker] DEBUG org.apache.http.headers - << X-Frame-Options: DENY
12:06:49.390 [Test worker] DEBUG org.apache.http.headers - << Content-Type: application/json
12:06:49.390 [Test worker] DEBUG org.apache.http.headers - << Transfer-Encoding: chunked
12:06:49.390 [Test worker] DEBUG org.apache.http.headers - << Date: Tue, 26 Apr 2022 16:35:21 GMT
12:06:49.390 [Test worker] DEBUG org.apache.http.headers - << Keep-Alive: timeout=60
12:06:49.390 [Test worker] DEBUG org.apache.http.headers - << Connection: keep-alive
12:06:49.390 [Test worker] DEBUG org.apache.http.impl.client.DefaultHttpClient - Connection can be kept alive for 60000 MILLISECONDS
12:06:49.390 [Test worker] DEBUG io.restassured.internal.RequestSpecificationImpl$RestAssuredHttpBuilder - Parsing response as: application/json
12:06:49.390 [Test worker] DEBUG io.restassured.internal.RequestSpecificationImpl$RestAssuredHttpBuilder - Parsed data to instance of: class org.apache.http.conn.EofSensorInputStream
12:06:49.390 [Test worker] DEBUG org.apache.http.wire -  << "34[\r][\n]"
12:06:49.390 [Test worker] DEBUG org.apache.http.wire -  << "{"result":"Pendiente","executionStatus":"Pendiente"}"
12:06:49.390 [Test worker] DEBUG org.apache.http.wire -  << "[\r][\n]"
12:06:49.390 [Test worker] DEBUG org.apache.http.wire -  << "0[\r][\n]"
12:06:49.390 [Test worker] DEBUG org.apache.http.wire -  << "[\r][\n]"
12:06:49.390 [Test worker] DEBUG org.apache.http.impl.conn.BasicClientConnectionManager - Releasing connection org.apache.http.impl.conn.ManagedClientConnectionImpl@642229a0
12:06:49.390 [Test worker] DEBUG org.apache.http.impl.conn.BasicClientConnectionManager - Connection can be kept alive for 60000 MILLISECONDS
12:07:09.404 [Test worker] DEBUG org.apache.http.impl.conn.BasicClientConnectionManager - Get connection for route {}->http://10.69.42.60:8089
12:07:09.404 [Test worker] DEBUG org.apache.http.impl.conn.DefaultClientConnectionOperator - Connecting to 10.69.42.60:8089
12:07:09.420 [Test worker] DEBUG org.apache.http.client.protocol.RequestAddCookies - CookieSpec selected: ignoreCookies
12:07:09.420 [Test worker] DEBUG org.apache.http.client.protocol.RequestAuthCache - Auth cache not set in the context
12:07:09.420 [Test worker] DEBUG org.apache.http.client.protocol.RequestProxyAuthentication - Proxy auth state: UNCHALLENGED
12:07:09.420 [Test worker] DEBUG org.apache.http.impl.client.DefaultHttpClient - Attempt 1 to execute request
12:07:09.420 [Test worker] DEBUG org.apache.http.impl.conn.DefaultClientConnection - Sending request: GET /api/execution-result?idexecution=12245 HTTP/1.1
12:07:09.420 [Test worker] DEBUG org.apache.http.wire -  >> "GET /api/execution-result?idexecution=12245 HTTP/1.1[\r][\n]"
12:07:09.420 [Test worker] DEBUG org.apache.http.wire -  >> "Content-Type: application/json; charset=UTF-8[\r][\n]"
12:07:09.420 [Test worker] DEBUG org.apache.http.wire -  >> "Authorization: Bearer eyJhbGciOiJIUzI1NiJ9.eyJzdWIiOiJPcmxhbmRvLlBhdXR0QVBJIiwiZXhwIjoxNjUxMDI2OTIxLCJpYXQiOjE2NTA5OTA5MjF9.b4wVOT2zYxqgdb51PcG0IgOyVfK083HhKpEfDIl3Mf4[\r][\n]"
12:07:09.420 [Test worker] DEBUG org.apache.http.wire -  >> "Accept: */*[\r][\n]"
12:07:09.420 [Test worker] DEBUG org.apache.http.wire -  >> "Host: 10.69.42.60:8089[\r][\n]"
12:07:09.420 [Test worker] DEBUG org.apache.http.wire -  >> "Connection: Keep-Alive[\r][\n]"
12:07:09.420 [Test worker] DEBUG org.apache.http.wire -  >> "User-Agent: Apache-HttpClient/4.5.9 (Java/1.8.0_301)[\r][\n]"
12:07:09.420 [Test worker] DEBUG org.apache.http.wire -  >> "Accept-Encoding: gzip,deflate[\r][\n]"
12:07:09.420 [Test worker] DEBUG org.apache.http.wire -  >> "[\r][\n]"
12:07:09.420 [Test worker] DEBUG org.apache.http.headers - >> GET /api/execution-result?idexecution=12245 HTTP/1.1
12:07:09.420 [Test worker] DEBUG org.apache.http.headers - >> Content-Type: application/json; charset=UTF-8
12:07:09.420 [Test worker] DEBUG org.apache.http.headers - >> Authorization: Bearer eyJhbGciOiJIUzI1NiJ9.eyJzdWIiOiJPcmxhbmRvLlBhdXR0QVBJIiwiZXhwIjoxNjUxMDI2OTIxLCJpYXQiOjE2NTA5OTA5MjF9.b4wVOT2zYxqgdb51PcG0IgOyVfK083HhKpEfDIl3Mf4
12:07:09.420 [Test worker] DEBUG org.apache.http.headers - >> Accept: */*
12:07:09.420 [Test worker] DEBUG org.apache.http.headers - >> Host: 10.69.42.60:8089
12:07:09.420 [Test worker] DEBUG org.apache.http.headers - >> Connection: Keep-Alive
12:07:09.420 [Test worker] DEBUG org.apache.http.headers - >> User-Agent: Apache-HttpClient/4.5.9 (Java/1.8.0_301)
12:07:09.420 [Test worker] DEBUG org.apache.http.headers - >> Accept-Encoding: gzip,deflate
12:07:09.467 [Test worker] DEBUG org.apache.http.wire -  << "HTTP/1.1 200 [\r][\n]"
12:07:09.467 [Test worker] DEBUG org.apache.http.wire -  << "Vary: Origin[\r][\n]"
12:07:09.467 [Test worker] DEBUG org.apache.http.wire -  << "Vary: Access-Control-Request-Method[\r][\n]"
12:07:09.467 [Test worker] DEBUG org.apache.http.wire -  << "Vary: Access-Control-Request-Headers[\r][\n]"
12:07:09.467 [Test worker] DEBUG org.apache.http.wire -  << "Vary: Origin[\r][\n]"
12:07:09.467 [Test worker] DEBUG org.apache.http.wire -  << "Vary: Access-Control-Request-Method[\r][\n]"
12:07:09.467 [Test worker] DEBUG org.apache.http.wire -  << "Vary: Access-Control-Request-Headers[\r][\n]"
12:07:09.467 [Test worker] DEBUG org.apache.http.wire -  << "X-Content-Type-Options: nosniff[\r][\n]"
12:07:09.467 [Test worker] DEBUG org.apache.http.wire -  << "X-XSS-Protection: 1; mode=block[\r][\n]"
12:07:09.467 [Test worker] DEBUG org.apache.http.wire -  << "Cache-Control: no-cache, no-store, max-age=0, must-revalidate[\r][\n]"
12:07:09.467 [Test worker] DEBUG org.apache.http.wire -  << "Pragma: no-cache[\r][\n]"
12:07:09.467 [Test worker] DEBUG org.apache.http.wire -  << "Expires: 0[\r][\n]"
12:07:09.467 [Test worker] DEBUG org.apache.http.wire -  << "X-Frame-Options: DENY[\r][\n]"
12:07:09.467 [Test worker] DEBUG org.apache.http.wire -  << "Content-Type: application/json[\r][\n]"
12:07:09.467 [Test worker] DEBUG org.apache.http.wire -  << "Transfer-Encoding: chunked[\r][\n]"
12:07:09.467 [Test worker] DEBUG org.apache.http.wire -  << "Date: Tue, 26 Apr 2022 16:35:42 GMT[\r][\n]"
12:07:09.467 [Test worker] DEBUG org.apache.http.wire -  << "Keep-Alive: timeout=60[\r][\n]"
12:07:09.467 [Test worker] DEBUG org.apache.http.wire -  << "Connection: keep-alive[\r][\n]"
12:07:09.467 [Test worker] DEBUG org.apache.http.wire -  << "[\r][\n]"
12:07:09.467 [Test worker] DEBUG org.apache.http.impl.conn.DefaultClientConnection - Receiving response: HTTP/1.1 200 
12:07:09.467 [Test worker] DEBUG org.apache.http.headers - << HTTP/1.1 200 
12:07:09.467 [Test worker] DEBUG org.apache.http.headers - << Vary: Origin
12:07:09.467 [Test worker] DEBUG org.apache.http.headers - << Vary: Access-Control-Request-Method
12:07:09.467 [Test worker] DEBUG org.apache.http.headers - << Vary: Access-Control-Request-Headers
12:07:09.467 [Test worker] DEBUG org.apache.http.headers - << Vary: Origin
12:07:09.467 [Test worker] DEBUG org.apache.http.headers - << Vary: Access-Control-Request-Method
12:07:09.467 [Test worker] DEBUG org.apache.http.headers - << Vary: Access-Control-Request-Headers
12:07:09.467 [Test worker] DEBUG org.apache.http.headers - << X-Content-Type-Options: nosniff
12:07:09.467 [Test worker] DEBUG org.apache.http.headers - << X-XSS-Protection: 1; mode=block
12:07:09.467 [Test worker] DEBUG org.apache.http.headers - << Cache-Control: no-cache, no-store, max-age=0, must-revalidate
12:07:09.467 [Test worker] DEBUG org.apache.http.headers - << Pragma: no-cache
12:07:09.467 [Test worker] DEBUG org.apache.http.headers - << Expires: 0
12:07:09.467 [Test worker] DEBUG org.apache.http.headers - << X-Frame-Options: DENY
12:07:09.467 [Test worker] DEBUG org.apache.http.headers - << Content-Type: application/json
12:07:09.467 [Test worker] DEBUG org.apache.http.headers - << Transfer-Encoding: chunked
12:07:09.467 [Test worker] DEBUG org.apache.http.headers - << Date: Tue, 26 Apr 2022 16:35:42 GMT
12:07:09.467 [Test worker] DEBUG org.apache.http.headers - << Keep-Alive: timeout=60
12:07:09.467 [Test worker] DEBUG org.apache.http.headers - << Connection: keep-alive
12:07:09.467 [Test worker] DEBUG org.apache.http.impl.client.DefaultHttpClient - Connection can be kept alive for 60000 MILLISECONDS
12:07:09.467 [Test worker] DEBUG io.restassured.internal.RequestSpecificationImpl$RestAssuredHttpBuilder - Parsing response as: application/json
12:07:09.467 [Test worker] DEBUG io.restassured.internal.RequestSpecificationImpl$RestAssuredHttpBuilder - Parsed data to instance of: class org.apache.http.conn.EofSensorInputStream
12:07:09.467 [Test worker] DEBUG org.apache.http.wire -  << "34[\r][\n]"
12:07:09.467 [Test worker] DEBUG org.apache.http.wire -  << "{"result":"Pendiente","executionStatus":"Pendiente"}"
12:07:09.467 [Test worker] DEBUG org.apache.http.wire -  << "[\r][\n]"
12:07:09.467 [Test worker] DEBUG org.apache.http.wire -  << "0[\r][\n]"
12:07:09.467 [Test worker] DEBUG org.apache.http.wire -  << "[\r][\n]"
12:07:09.467 [Test worker] DEBUG org.apache.http.impl.conn.BasicClientConnectionManager - Releasing connection org.apache.http.impl.conn.ManagedClientConnectionImpl@6800b85e
12:07:09.467 [Test worker] DEBUG org.apache.http.impl.conn.BasicClientConnectionManager - Connection can be kept alive for 60000 MILLISECONDS
12:07:29.481 [Test worker] DEBUG org.apache.http.impl.conn.BasicClientConnectionManager - Get connection for route {}->http://10.69.42.60:8089
12:07:29.481 [Test worker] DEBUG org.apache.http.impl.conn.DefaultClientConnectionOperator - Connecting to 10.69.42.60:8089
12:07:29.497 [Test worker] DEBUG org.apache.http.client.protocol.RequestAddCookies - CookieSpec selected: ignoreCookies
12:07:29.498 [Test worker] DEBUG org.apache.http.client.protocol.RequestAuthCache - Auth cache not set in the context
12:07:29.498 [Test worker] DEBUG org.apache.http.client.protocol.RequestProxyAuthentication - Proxy auth state: UNCHALLENGED
12:07:29.498 [Test worker] DEBUG org.apache.http.impl.client.DefaultHttpClient - Attempt 1 to execute request
12:07:29.498 [Test worker] DEBUG org.apache.http.impl.conn.DefaultClientConnection - Sending request: GET /api/execution-result?idexecution=12245 HTTP/1.1
12:07:29.498 [Test worker] DEBUG org.apache.http.wire -  >> "GET /api/execution-result?idexecution=12245 HTTP/1.1[\r][\n]"
12:07:29.498 [Test worker] DEBUG org.apache.http.wire -  >> "Content-Type: application/json; charset=UTF-8[\r][\n]"
12:07:29.498 [Test worker] DEBUG org.apache.http.wire -  >> "Authorization: Bearer eyJhbGciOiJIUzI1NiJ9.eyJzdWIiOiJPcmxhbmRvLlBhdXR0QVBJIiwiZXhwIjoxNjUxMDI2OTIxLCJpYXQiOjE2NTA5OTA5MjF9.b4wVOT2zYxqgdb51PcG0IgOyVfK083HhKpEfDIl3Mf4[\r][\n]"
12:07:29.498 [Test worker] DEBUG org.apache.http.wire -  >> "Accept: */*[\r][\n]"
12:07:29.498 [Test worker] DEBUG org.apache.http.wire -  >> "Host: 10.69.42.60:8089[\r][\n]"
12:07:29.498 [Test worker] DEBUG org.apache.http.wire -  >> "Connection: Keep-Alive[\r][\n]"
12:07:29.498 [Test worker] DEBUG org.apache.http.wire -  >> "User-Agent: Apache-HttpClient/4.5.9 (Java/1.8.0_301)[\r][\n]"
12:07:29.498 [Test worker] DEBUG org.apache.http.wire -  >> "Accept-Encoding: gzip,deflate[\r][\n]"
12:07:29.498 [Test worker] DEBUG org.apache.http.wire -  >> "[\r][\n]"
12:07:29.498 [Test worker] DEBUG org.apache.http.headers - >> GET /api/execution-result?idexecution=12245 HTTP/1.1
12:07:29.498 [Test worker] DEBUG org.apache.http.headers - >> Content-Type: application/json; charset=UTF-8
12:07:29.498 [Test worker] DEBUG org.apache.http.headers - >> Authorization: Bearer eyJhbGciOiJIUzI1NiJ9.eyJzdWIiOiJPcmxhbmRvLlBhdXR0QVBJIiwiZXhwIjoxNjUxMDI2OTIxLCJpYXQiOjE2NTA5OTA5MjF9.b4wVOT2zYxqgdb51PcG0IgOyVfK083HhKpEfDIl3Mf4
12:07:29.498 [Test worker] DEBUG org.apache.http.headers - >> Accept: */*
12:07:29.498 [Test worker] DEBUG org.apache.http.headers - >> Host: 10.69.42.60:8089
12:07:29.498 [Test worker] DEBUG org.apache.http.headers - >> Connection: Keep-Alive
12:07:29.498 [Test worker] DEBUG org.apache.http.headers - >> User-Agent: Apache-HttpClient/4.5.9 (Java/1.8.0_301)
12:07:29.498 [Test worker] DEBUG org.apache.http.headers - >> Accept-Encoding: gzip,deflate
12:07:29.523 [Test worker] DEBUG org.apache.http.wire -  << "HTTP/1.1 200 [\r][\n]"
12:07:29.523 [Test worker] DEBUG org.apache.http.wire -  << "Vary: Origin[\r][\n]"
12:07:29.523 [Test worker] DEBUG org.apache.http.wire -  << "Vary: Access-Control-Request-Method[\r][\n]"
12:07:29.523 [Test worker] DEBUG org.apache.http.wire -  << "Vary: Access-Control-Request-Headers[\r][\n]"
12:07:29.523 [Test worker] DEBUG org.apache.http.wire -  << "Vary: Origin[\r][\n]"
12:07:29.523 [Test worker] DEBUG org.apache.http.wire -  << "Vary: Access-Control-Request-Method[\r][\n]"
12:07:29.528 [Test worker] DEBUG org.apache.http.wire -  << "Vary: Access-Control-Request-Headers[\r][\n]"
12:07:29.528 [Test worker] DEBUG org.apache.http.wire -  << "X-Content-Type-Options: nosniff[\r][\n]"
12:07:29.528 [Test worker] DEBUG org.apache.http.wire -  << "X-XSS-Protection: 1; mode=block[\r][\n]"
12:07:29.528 [Test worker] DEBUG org.apache.http.wire -  << "Cache-Control: no-cache, no-store, max-age=0, must-revalidate[\r][\n]"
12:07:29.528 [Test worker] DEBUG org.apache.http.wire -  << "Pragma: no-cache[\r][\n]"
12:07:29.528 [Test worker] DEBUG org.apache.http.wire -  << "Expires: 0[\r][\n]"
12:07:29.528 [Test worker] DEBUG org.apache.http.wire -  << "X-Frame-Options: DENY[\r][\n]"
12:07:29.528 [Test worker] DEBUG org.apache.http.wire -  << "Content-Type: application/json[\r][\n]"
12:07:29.528 [Test worker] DEBUG org.apache.http.wire -  << "Transfer-Encoding: chunked[\r][\n]"
12:07:29.528 [Test worker] DEBUG org.apache.http.wire -  << "Date: Tue, 26 Apr 2022 16:36:02 GMT[\r][\n]"
12:07:29.528 [Test worker] DEBUG org.apache.http.wire -  << "Keep-Alive: timeout=60[\r][\n]"
12:07:29.528 [Test worker] DEBUG org.apache.http.wire -  << "Connection: keep-alive[\r][\n]"
12:07:29.528 [Test worker] DEBUG org.apache.http.wire -  << "[\r][\n]"
12:07:29.528 [Test worker] DEBUG org.apache.http.impl.conn.DefaultClientConnection - Receiving response: HTTP/1.1 200 
12:07:29.528 [Test worker] DEBUG org.apache.http.headers - << HTTP/1.1 200 
12:07:29.528 [Test worker] DEBUG org.apache.http.headers - << Vary: Origin
12:07:29.528 [Test worker] DEBUG org.apache.http.headers - << Vary: Access-Control-Request-Method
12:07:29.528 [Test worker] DEBUG org.apache.http.headers - << Vary: Access-Control-Request-Headers
12:07:29.528 [Test worker] DEBUG org.apache.http.headers - << Vary: Origin
12:07:29.528 [Test worker] DEBUG org.apache.http.headers - << Vary: Access-Control-Request-Method
12:07:29.528 [Test worker] DEBUG org.apache.http.headers - << Vary: Access-Control-Request-Headers
12:07:29.528 [Test worker] DEBUG org.apache.http.headers - << X-Content-Type-Options: nosniff
12:07:29.528 [Test worker] DEBUG org.apache.http.headers - << X-XSS-Protection: 1; mode=block
12:07:29.528 [Test worker] DEBUG org.apache.http.headers - << Cache-Control: no-cache, no-store, max-age=0, must-revalidate
12:07:29.528 [Test worker] DEBUG org.apache.http.headers - << Pragma: no-cache
12:07:29.528 [Test worker] DEBUG org.apache.http.headers - << Expires: 0
12:07:29.528 [Test worker] DEBUG org.apache.http.headers - << X-Frame-Options: DENY
12:07:29.529 [Test worker] DEBUG org.apache.http.headers - << Content-Type: application/json
12:07:29.529 [Test worker] DEBUG org.apache.http.headers - << Transfer-Encoding: chunked
12:07:29.529 [Test worker] DEBUG org.apache.http.headers - << Date: Tue, 26 Apr 2022 16:36:02 GMT
12:07:29.529 [Test worker] DEBUG org.apache.http.headers - << Keep-Alive: timeout=60
12:07:29.529 [Test worker] DEBUG org.apache.http.headers - << Connection: keep-alive
12:07:29.529 [Test worker] DEBUG org.apache.http.impl.client.DefaultHttpClient - Connection can be kept alive for 60000 MILLISECONDS
12:07:29.529 [Test worker] DEBUG io.restassured.internal.RequestSpecificationImpl$RestAssuredHttpBuilder - Parsing response as: application/json
12:07:29.529 [Test worker] DEBUG io.restassured.internal.RequestSpecificationImpl$RestAssuredHttpBuilder - Parsed data to instance of: class org.apache.http.conn.EofSensorInputStream
12:07:29.530 [Test worker] DEBUG org.apache.http.wire -  << "34[\r][\n]"
12:07:29.530 [Test worker] DEBUG org.apache.http.wire -  << "{"result":"Pendiente","executionStatus":"Pendiente"}"
12:07:29.530 [Test worker] DEBUG org.apache.http.wire -  << "[\r][\n]"
12:07:29.530 [Test worker] DEBUG org.apache.http.wire -  << "0[\r][\n]"
12:07:29.530 [Test worker] DEBUG org.apache.http.wire -  << "[\r][\n]"
12:07:29.530 [Test worker] DEBUG org.apache.http.impl.conn.BasicClientConnectionManager - Releasing connection org.apache.http.impl.conn.ManagedClientConnectionImpl@68ed4fa3
12:07:29.530 [Test worker] DEBUG org.apache.http.impl.conn.BasicClientConnectionManager - Connection can be kept alive for 60000 MILLISECONDS
12:07:49.555 [Test worker] DEBUG org.apache.http.impl.conn.BasicClientConnectionManager - Get connection for route {}->http://10.69.42.60:8089
12:07:49.555 [Test worker] DEBUG org.apache.http.impl.conn.DefaultClientConnectionOperator - Connecting to 10.69.42.60:8089
12:07:49.583 [Test worker] DEBUG org.apache.http.client.protocol.RequestAddCookies - CookieSpec selected: ignoreCookies
12:07:49.583 [Test worker] DEBUG org.apache.http.client.protocol.RequestAuthCache - Auth cache not set in the context
12:07:49.583 [Test worker] DEBUG org.apache.http.client.protocol.RequestProxyAuthentication - Proxy auth state: UNCHALLENGED
12:07:49.583 [Test worker] DEBUG org.apache.http.impl.client.DefaultHttpClient - Attempt 1 to execute request
12:07:49.583 [Test worker] DEBUG org.apache.http.impl.conn.DefaultClientConnection - Sending request: GET /api/execution-result?idexecution=12245 HTTP/1.1
12:07:49.583 [Test worker] DEBUG org.apache.http.wire -  >> "GET /api/execution-result?idexecution=12245 HTTP/1.1[\r][\n]"
12:07:49.583 [Test worker] DEBUG org.apache.http.wire -  >> "Content-Type: application/json; charset=UTF-8[\r][\n]"
12:07:49.583 [Test worker] DEBUG org.apache.http.wire -  >> "Authorization: Bearer eyJhbGciOiJIUzI1NiJ9.eyJzdWIiOiJPcmxhbmRvLlBhdXR0QVBJIiwiZXhwIjoxNjUxMDI2OTIxLCJpYXQiOjE2NTA5OTA5MjF9.b4wVOT2zYxqgdb51PcG0IgOyVfK083HhKpEfDIl3Mf4[\r][\n]"
12:07:49.583 [Test worker] DEBUG org.apache.http.wire -  >> "Accept: */*[\r][\n]"
12:07:49.583 [Test worker] DEBUG org.apache.http.wire -  >> "Host: 10.69.42.60:8089[\r][\n]"
12:07:49.583 [Test worker] DEBUG org.apache.http.wire -  >> "Connection: Keep-Alive[\r][\n]"
12:07:49.583 [Test worker] DEBUG org.apache.http.wire -  >> "User-Agent: Apache-HttpClient/4.5.9 (Java/1.8.0_301)[\r][\n]"
12:07:49.583 [Test worker] DEBUG org.apache.http.wire -  >> "Accept-Encoding: gzip,deflate[\r][\n]"
12:07:49.583 [Test worker] DEBUG org.apache.http.wire -  >> "[\r][\n]"
12:07:49.583 [Test worker] DEBUG org.apache.http.headers - >> GET /api/execution-result?idexecution=12245 HTTP/1.1
12:07:49.583 [Test worker] DEBUG org.apache.http.headers - >> Content-Type: application/json; charset=UTF-8
12:07:49.583 [Test worker] DEBUG org.apache.http.headers - >> Authorization: Bearer eyJhbGciOiJIUzI1NiJ9.eyJzdWIiOiJPcmxhbmRvLlBhdXR0QVBJIiwiZXhwIjoxNjUxMDI2OTIxLCJpYXQiOjE2NTA5OTA5MjF9.b4wVOT2zYxqgdb51PcG0IgOyVfK083HhKpEfDIl3Mf4
12:07:49.583 [Test worker] DEBUG org.apache.http.headers - >> Accept: */*
12:07:49.583 [Test worker] DEBUG org.apache.http.headers - >> Host: 10.69.42.60:8089
12:07:49.583 [Test worker] DEBUG org.apache.http.headers - >> Connection: Keep-Alive
12:07:49.583 [Test worker] DEBUG org.apache.http.headers - >> User-Agent: Apache-HttpClient/4.5.9 (Java/1.8.0_301)
12:07:49.583 [Test worker] DEBUG org.apache.http.headers - >> Accept-Encoding: gzip,deflate
12:07:49.611 [Test worker] DEBUG org.apache.http.wire -  << "HTTP/1.1 200 [\r][\n]"
12:07:49.611 [Test worker] DEBUG org.apache.http.wire -  << "Vary: Origin[\r][\n]"
12:07:49.611 [Test worker] DEBUG org.apache.http.wire -  << "Vary: Access-Control-Request-Method[\r][\n]"
12:07:49.611 [Test worker] DEBUG org.apache.http.wire -  << "Vary: Access-Control-Request-Headers[\r][\n]"
12:07:49.611 [Test worker] DEBUG org.apache.http.wire -  << "Vary: Origin[\r][\n]"
12:07:49.611 [Test worker] DEBUG org.apache.http.wire -  << "Vary: Access-Control-Request-Method[\r][\n]"
12:07:49.611 [Test worker] DEBUG org.apache.http.wire -  << "Vary: Access-Control-Request-Headers[\r][\n]"
12:07:49.611 [Test worker] DEBUG org.apache.http.wire -  << "X-Content-Type-Options: nosniff[\r][\n]"
12:07:49.611 [Test worker] DEBUG org.apache.http.wire -  << "X-XSS-Protection: 1; mode=block[\r][\n]"
12:07:49.611 [Test worker] DEBUG org.apache.http.wire -  << "Cache-Control: no-cache, no-store, max-age=0, must-revalidate[\r][\n]"
12:07:49.611 [Test worker] DEBUG org.apache.http.wire -  << "Pragma: no-cache[\r][\n]"
12:07:49.611 [Test worker] DEBUG org.apache.http.wire -  << "Expires: 0[\r][\n]"
12:07:49.611 [Test worker] DEBUG org.apache.http.wire -  << "X-Frame-Options: DENY[\r][\n]"
12:07:49.611 [Test worker] DEBUG org.apache.http.wire -  << "Content-Type: application/json[\r][\n]"
12:07:49.611 [Test worker] DEBUG org.apache.http.wire -  << "Transfer-Encoding: chunked[\r][\n]"
12:07:49.611 [Test worker] DEBUG org.apache.http.wire -  << "Date: Tue, 26 Apr 2022 16:36:22 GMT[\r][\n]"
12:07:49.611 [Test worker] DEBUG org.apache.http.wire -  << "Keep-Alive: timeout=60[\r][\n]"
12:07:49.611 [Test worker] DEBUG org.apache.http.wire -  << "Connection: keep-alive[\r][\n]"
12:07:49.611 [Test worker] DEBUG org.apache.http.wire -  << "[\r][\n]"
12:07:49.612 [Test worker] DEBUG org.apache.http.impl.conn.DefaultClientConnection - Receiving response: HTTP/1.1 200 
12:07:49.612 [Test worker] DEBUG org.apache.http.headers - << HTTP/1.1 200 
12:07:49.612 [Test worker] DEBUG org.apache.http.headers - << Vary: Origin
12:07:49.612 [Test worker] DEBUG org.apache.http.headers - << Vary: Access-Control-Request-Method
12:07:49.612 [Test worker] DEBUG org.apache.http.headers - << Vary: Access-Control-Request-Headers
12:07:49.612 [Test worker] DEBUG org.apache.http.headers - << Vary: Origin
12:07:49.612 [Test worker] DEBUG org.apache.http.headers - << Vary: Access-Control-Request-Method
12:07:49.612 [Test worker] DEBUG org.apache.http.headers - << Vary: Access-Control-Request-Headers
12:07:49.612 [Test worker] DEBUG org.apache.http.headers - << X-Content-Type-Options: nosniff
12:07:49.612 [Test worker] DEBUG org.apache.http.headers - << X-XSS-Protection: 1; mode=block
12:07:49.612 [Test worker] DEBUG org.apache.http.headers - << Cache-Control: no-cache, no-store, max-age=0, must-revalidate
12:07:49.612 [Test worker] DEBUG org.apache.http.headers - << Pragma: no-cache
12:07:49.612 [Test worker] DEBUG org.apache.http.headers - << Expires: 0
12:07:49.612 [Test worker] DEBUG org.apache.http.headers - << X-Frame-Options: DENY
12:07:49.612 [Test worker] DEBUG org.apache.http.headers - << Content-Type: application/json
12:07:49.612 [Test worker] DEBUG org.apache.http.headers - << Transfer-Encoding: chunked
12:07:49.612 [Test worker] DEBUG org.apache.http.headers - << Date: Tue, 26 Apr 2022 16:36:22 GMT
12:07:49.612 [Test worker] DEBUG org.apache.http.headers - << Keep-Alive: timeout=60
12:07:49.612 [Test worker] DEBUG org.apache.http.headers - << Connection: keep-alive
12:07:49.612 [Test worker] DEBUG org.apache.http.impl.client.DefaultHttpClient - Connection can be kept alive for 60000 MILLISECONDS
12:07:49.613 [Test worker] DEBUG io.restassured.internal.RequestSpecificationImpl$RestAssuredHttpBuilder - Parsing response as: application/json
12:07:49.613 [Test worker] DEBUG io.restassured.internal.RequestSpecificationImpl$RestAssuredHttpBuilder - Parsed data to instance of: class org.apache.http.conn.EofSensorInputStream
12:07:49.614 [Test worker] DEBUG org.apache.http.wire -  << "34[\r][\n]"
12:07:49.614 [Test worker] DEBUG org.apache.http.wire -  << "{"result":"Pendiente","executionStatus":"Pendiente"}"
12:07:49.614 [Test worker] DEBUG org.apache.http.wire -  << "[\r][\n]"
12:07:49.614 [Test worker] DEBUG org.apache.http.wire -  << "0[\r][\n]"
12:07:49.614 [Test worker] DEBUG org.apache.http.wire -  << "[\r][\n]"
12:07:49.614 [Test worker] DEBUG org.apache.http.impl.conn.BasicClientConnectionManager - Releasing connection org.apache.http.impl.conn.ManagedClientConnectionImpl@392c6950
12:07:49.614 [Test worker] DEBUG org.apache.http.impl.conn.BasicClientConnectionManager - Connection can be kept alive for 60000 MILLISECONDS
12:08:09.636 [Test worker] DEBUG org.apache.http.impl.conn.BasicClientConnectionManager - Get connection for route {}->http://10.69.42.60:8089
12:08:09.636 [Test worker] DEBUG org.apache.http.impl.conn.DefaultClientConnectionOperator - Connecting to 10.69.42.60:8089
12:08:09.652 [Test worker] DEBUG org.apache.http.client.protocol.RequestAddCookies - CookieSpec selected: ignoreCookies
12:08:09.652 [Test worker] DEBUG org.apache.http.client.protocol.RequestAuthCache - Auth cache not set in the context
12:08:09.652 [Test worker] DEBUG org.apache.http.client.protocol.RequestProxyAuthentication - Proxy auth state: UNCHALLENGED
12:08:09.652 [Test worker] DEBUG org.apache.http.impl.client.DefaultHttpClient - Attempt 1 to execute request
12:08:09.652 [Test worker] DEBUG org.apache.http.impl.conn.DefaultClientConnection - Sending request: GET /api/execution-result?idexecution=12245 HTTP/1.1
12:08:09.652 [Test worker] DEBUG org.apache.http.wire -  >> "GET /api/execution-result?idexecution=12245 HTTP/1.1[\r][\n]"
12:08:09.652 [Test worker] DEBUG org.apache.http.wire -  >> "Content-Type: application/json; charset=UTF-8[\r][\n]"
12:08:09.652 [Test worker] DEBUG org.apache.http.wire -  >> "Authorization: Bearer eyJhbGciOiJIUzI1NiJ9.eyJzdWIiOiJPcmxhbmRvLlBhdXR0QVBJIiwiZXhwIjoxNjUxMDI2OTIxLCJpYXQiOjE2NTA5OTA5MjF9.b4wVOT2zYxqgdb51PcG0IgOyVfK083HhKpEfDIl3Mf4[\r][\n]"
12:08:09.652 [Test worker] DEBUG org.apache.http.wire -  >> "Accept: */*[\r][\n]"
12:08:09.652 [Test worker] DEBUG org.apache.http.wire -  >> "Host: 10.69.42.60:8089[\r][\n]"
12:08:09.652 [Test worker] DEBUG org.apache.http.wire -  >> "Connection: Keep-Alive[\r][\n]"
12:08:09.652 [Test worker] DEBUG org.apache.http.wire -  >> "User-Agent: Apache-HttpClient/4.5.9 (Java/1.8.0_301)[\r][\n]"
12:08:09.652 [Test worker] DEBUG org.apache.http.wire -  >> "Accept-Encoding: gzip,deflate[\r][\n]"
12:08:09.652 [Test worker] DEBUG org.apache.http.wire -  >> "[\r][\n]"
12:08:09.652 [Test worker] DEBUG org.apache.http.headers - >> GET /api/execution-result?idexecution=12245 HTTP/1.1
12:08:09.652 [Test worker] DEBUG org.apache.http.headers - >> Content-Type: application/json; charset=UTF-8
12:08:09.652 [Test worker] DEBUG org.apache.http.headers - >> Authorization: Bearer eyJhbGciOiJIUzI1NiJ9.eyJzdWIiOiJPcmxhbmRvLlBhdXR0QVBJIiwiZXhwIjoxNjUxMDI2OTIxLCJpYXQiOjE2NTA5OTA5MjF9.b4wVOT2zYxqgdb51PcG0IgOyVfK083HhKpEfDIl3Mf4
12:08:09.652 [Test worker] DEBUG org.apache.http.headers - >> Accept: */*
12:08:09.652 [Test worker] DEBUG org.apache.http.headers - >> Host: 10.69.42.60:8089
12:08:09.652 [Test worker] DEBUG org.apache.http.headers - >> Connection: Keep-Alive
12:08:09.652 [Test worker] DEBUG org.apache.http.headers - >> User-Agent: Apache-HttpClient/4.5.9 (Java/1.8.0_301)
12:08:09.652 [Test worker] DEBUG org.apache.http.headers - >> Accept-Encoding: gzip,deflate
12:08:09.686 [Test worker] DEBUG org.apache.http.wire -  << "HTTP/1.1 200 [\r][\n]"
12:08:09.689 [Test worker] DEBUG org.apache.http.wire -  << "Vary: Origin[\r][\n]"
12:08:09.689 [Test worker] DEBUG org.apache.http.wire -  << "Vary: Access-Control-Request-Method[\r][\n]"
12:08:09.689 [Test worker] DEBUG org.apache.http.wire -  << "Vary: Access-Control-Request-Headers[\r][\n]"
12:08:09.689 [Test worker] DEBUG org.apache.http.wire -  << "Vary: Origin[\r][\n]"
12:08:09.689 [Test worker] DEBUG org.apache.http.wire -  << "Vary: Access-Control-Request-Method[\r][\n]"
12:08:09.689 [Test worker] DEBUG org.apache.http.wire -  << "Vary: Access-Control-Request-Headers[\r][\n]"
12:08:09.689 [Test worker] DEBUG org.apache.http.wire -  << "X-Content-Type-Options: nosniff[\r][\n]"
12:08:09.689 [Test worker] DEBUG org.apache.http.wire -  << "X-XSS-Protection: 1; mode=block[\r][\n]"
12:08:09.689 [Test worker] DEBUG org.apache.http.wire -  << "Cache-Control: no-cache, no-store, max-age=0, must-revalidate[\r][\n]"
12:08:09.689 [Test worker] DEBUG org.apache.http.wire -  << "Pragma: no-cache[\r][\n]"
12:08:09.689 [Test worker] DEBUG org.apache.http.wire -  << "Expires: 0[\r][\n]"
12:08:09.689 [Test worker] DEBUG org.apache.http.wire -  << "X-Frame-Options: DENY[\r][\n]"
12:08:09.689 [Test worker] DEBUG org.apache.http.wire -  << "Content-Type: application/json[\r][\n]"
12:08:09.689 [Test worker] DEBUG org.apache.http.wire -  << "Transfer-Encoding: chunked[\r][\n]"
12:08:09.689 [Test worker] DEBUG org.apache.http.wire -  << "Date: Tue, 26 Apr 2022 16:36:43 GMT[\r][\n]"
12:08:09.689 [Test worker] DEBUG org.apache.http.wire -  << "Keep-Alive: timeout=60[\r][\n]"
12:08:09.689 [Test worker] DEBUG org.apache.http.wire -  << "Connection: keep-alive[\r][\n]"
12:08:09.689 [Test worker] DEBUG org.apache.http.wire -  << "[\r][\n]"
12:08:09.689 [Test worker] DEBUG org.apache.http.impl.conn.DefaultClientConnection - Receiving response: HTTP/1.1 200 
12:08:09.689 [Test worker] DEBUG org.apache.http.headers - << HTTP/1.1 200 
12:08:09.689 [Test worker] DEBUG org.apache.http.headers - << Vary: Origin
12:08:09.689 [Test worker] DEBUG org.apache.http.headers - << Vary: Access-Control-Request-Method
12:08:09.689 [Test worker] DEBUG org.apache.http.headers - << Vary: Access-Control-Request-Headers
12:08:09.689 [Test worker] DEBUG org.apache.http.headers - << Vary: Origin
12:08:09.689 [Test worker] DEBUG org.apache.http.headers - << Vary: Access-Control-Request-Method
12:08:09.689 [Test worker] DEBUG org.apache.http.headers - << Vary: Access-Control-Request-Headers
12:08:09.689 [Test worker] DEBUG org.apache.http.headers - << X-Content-Type-Options: nosniff
12:08:09.689 [Test worker] DEBUG org.apache.http.headers - << X-XSS-Protection: 1; mode=block
12:08:09.689 [Test worker] DEBUG org.apache.http.headers - << Cache-Control: no-cache, no-store, max-age=0, must-revalidate
12:08:09.689 [Test worker] DEBUG org.apache.http.headers - << Pragma: no-cache
12:08:09.689 [Test worker] DEBUG org.apache.http.headers - << Expires: 0
12:08:09.689 [Test worker] DEBUG org.apache.http.headers - << X-Frame-Options: DENY
12:08:09.689 [Test worker] DEBUG org.apache.http.headers - << Content-Type: application/json
12:08:09.689 [Test worker] DEBUG org.apache.http.headers - << Transfer-Encoding: chunked
12:08:09.689 [Test worker] DEBUG org.apache.http.headers - << Date: Tue, 26 Apr 2022 16:36:43 GMT
12:08:09.689 [Test worker] DEBUG org.apache.http.headers - << Keep-Alive: timeout=60
12:08:09.689 [Test worker] DEBUG org.apache.http.headers - << Connection: keep-alive
12:08:09.689 [Test worker] DEBUG org.apache.http.impl.client.DefaultHttpClient - Connection can be kept alive for 60000 MILLISECONDS
12:08:09.690 [Test worker] DEBUG io.restassured.internal.RequestSpecificationImpl$RestAssuredHttpBuilder - Parsing response as: application/json
12:08:09.690 [Test worker] DEBUG io.restassured.internal.RequestSpecificationImpl$RestAssuredHttpBuilder - Parsed data to instance of: class org.apache.http.conn.EofSensorInputStream
12:08:09.690 [Test worker] DEBUG org.apache.http.wire -  << "34[\r][\n]"
12:08:09.690 [Test worker] DEBUG org.apache.http.wire -  << "{"result":"Pendiente","executionStatus":"Pendiente"}"
12:08:09.690 [Test worker] DEBUG org.apache.http.wire -  << "[\r][\n]"
12:08:09.690 [Test worker] DEBUG org.apache.http.wire -  << "0[\r][\n]"
12:08:09.690 [Test worker] DEBUG org.apache.http.wire -  << "[\r][\n]"
12:08:09.691 [Test worker] DEBUG org.apache.http.impl.conn.BasicClientConnectionManager - Releasing connection org.apache.http.impl.conn.ManagedClientConnectionImpl@1d62554d
12:08:09.691 [Test worker] DEBUG org.apache.http.impl.conn.BasicClientConnectionManager - Connection can be kept alive for 60000 MILLISECONDS
12:08:29.714 [Test worker] DEBUG org.apache.http.impl.conn.BasicClientConnectionManager - Get connection for route {}->http://10.69.42.60:8089
12:08:29.714 [Test worker] DEBUG org.apache.http.impl.conn.DefaultClientConnectionOperator - Connecting to 10.69.42.60:8089
12:08:29.730 [Test worker] DEBUG org.apache.http.client.protocol.RequestAddCookies - CookieSpec selected: ignoreCookies
12:08:29.730 [Test worker] DEBUG org.apache.http.client.protocol.RequestAuthCache - Auth cache not set in the context
12:08:29.730 [Test worker] DEBUG org.apache.http.client.protocol.RequestProxyAuthentication - Proxy auth state: UNCHALLENGED
12:08:29.730 [Test worker] DEBUG org.apache.http.impl.client.DefaultHttpClient - Attempt 1 to execute request
12:08:29.730 [Test worker] DEBUG org.apache.http.impl.conn.DefaultClientConnection - Sending request: GET /api/execution-result?idexecution=12245 HTTP/1.1
12:08:29.730 [Test worker] DEBUG org.apache.http.wire -  >> "GET /api/execution-result?idexecution=12245 HTTP/1.1[\r][\n]"
12:08:29.730 [Test worker] DEBUG org.apache.http.wire -  >> "Content-Type: application/json; charset=UTF-8[\r][\n]"
12:08:29.730 [Test worker] DEBUG org.apache.http.wire -  >> "Authorization: Bearer eyJhbGciOiJIUzI1NiJ9.eyJzdWIiOiJPcmxhbmRvLlBhdXR0QVBJIiwiZXhwIjoxNjUxMDI2OTIxLCJpYXQiOjE2NTA5OTA5MjF9.b4wVOT2zYxqgdb51PcG0IgOyVfK083HhKpEfDIl3Mf4[\r][\n]"
12:08:29.730 [Test worker] DEBUG org.apache.http.wire -  >> "Accept: */*[\r][\n]"
12:08:29.730 [Test worker] DEBUG org.apache.http.wire -  >> "Host: 10.69.42.60:8089[\r][\n]"
12:08:29.730 [Test worker] DEBUG org.apache.http.wire -  >> "Connection: Keep-Alive[\r][\n]"
12:08:29.730 [Test worker] DEBUG org.apache.http.wire -  >> "User-Agent: Apache-HttpClient/4.5.9 (Java/1.8.0_301)[\r][\n]"
12:08:29.730 [Test worker] DEBUG org.apache.http.wire -  >> "Accept-Encoding: gzip,deflate[\r][\n]"
12:08:29.730 [Test worker] DEBUG org.apache.http.wire -  >> "[\r][\n]"
12:08:29.730 [Test worker] DEBUG org.apache.http.headers - >> GET /api/execution-result?idexecution=12245 HTTP/1.1
12:08:29.730 [Test worker] DEBUG org.apache.http.headers - >> Content-Type: application/json; charset=UTF-8
12:08:29.730 [Test worker] DEBUG org.apache.http.headers - >> Authorization: Bearer eyJhbGciOiJIUzI1NiJ9.eyJzdWIiOiJPcmxhbmRvLlBhdXR0QVBJIiwiZXhwIjoxNjUxMDI2OTIxLCJpYXQiOjE2NTA5OTA5MjF9.b4wVOT2zYxqgdb51PcG0IgOyVfK083HhKpEfDIl3Mf4
12:08:29.730 [Test worker] DEBUG org.apache.http.headers - >> Accept: */*
12:08:29.730 [Test worker] DEBUG org.apache.http.headers - >> Host: 10.69.42.60:8089
12:08:29.730 [Test worker] DEBUG org.apache.http.headers - >> Connection: Keep-Alive
12:08:29.730 [Test worker] DEBUG org.apache.http.headers - >> User-Agent: Apache-HttpClient/4.5.9 (Java/1.8.0_301)
12:08:29.730 [Test worker] DEBUG org.apache.http.headers - >> Accept-Encoding: gzip,deflate
12:08:29.770 [Test worker] DEBUG org.apache.http.wire -  << "HTTP/1.1 200 [\r][\n]"
12:08:29.770 [Test worker] DEBUG org.apache.http.wire -  << "Vary: Origin[\r][\n]"
12:08:29.770 [Test worker] DEBUG org.apache.http.wire -  << "Vary: Access-Control-Request-Method[\r][\n]"
12:08:29.770 [Test worker] DEBUG org.apache.http.wire -  << "Vary: Access-Control-Request-Headers[\r][\n]"
12:08:29.770 [Test worker] DEBUG org.apache.http.wire -  << "Vary: Origin[\r][\n]"
12:08:29.770 [Test worker] DEBUG org.apache.http.wire -  << "Vary: Access-Control-Request-Method[\r][\n]"
12:08:29.770 [Test worker] DEBUG org.apache.http.wire -  << "Vary: Access-Control-Request-Headers[\r][\n]"
12:08:29.770 [Test worker] DEBUG org.apache.http.wire -  << "X-Content-Type-Options: nosniff[\r][\n]"
12:08:29.770 [Test worker] DEBUG org.apache.http.wire -  << "X-XSS-Protection: 1; mode=block[\r][\n]"
12:08:29.770 [Test worker] DEBUG org.apache.http.wire -  << "Cache-Control: no-cache, no-store, max-age=0, must-revalidate[\r][\n]"
12:08:29.770 [Test worker] DEBUG org.apache.http.wire -  << "Pragma: no-cache[\r][\n]"
12:08:29.770 [Test worker] DEBUG org.apache.http.wire -  << "Expires: 0[\r][\n]"
12:08:29.770 [Test worker] DEBUG org.apache.http.wire -  << "X-Frame-Options: DENY[\r][\n]"
12:08:29.770 [Test worker] DEBUG org.apache.http.wire -  << "Content-Type: application/json[\r][\n]"
12:08:29.770 [Test worker] DEBUG org.apache.http.wire -  << "Transfer-Encoding: chunked[\r][\n]"
12:08:29.770 [Test worker] DEBUG org.apache.http.wire -  << "Date: Tue, 26 Apr 2022 16:37:03 GMT[\r][\n]"
12:08:29.770 [Test worker] DEBUG org.apache.http.wire -  << "Keep-Alive: timeout=60[\r][\n]"
12:08:29.770 [Test worker] DEBUG org.apache.http.wire -  << "Connection: keep-alive[\r][\n]"
12:08:29.770 [Test worker] DEBUG org.apache.http.wire -  << "[\r][\n]"
12:08:29.770 [Test worker] DEBUG org.apache.http.impl.conn.DefaultClientConnection - Receiving response: HTTP/1.1 200 
12:08:29.770 [Test worker] DEBUG org.apache.http.headers - << HTTP/1.1 200 
12:08:29.770 [Test worker] DEBUG org.apache.http.headers - << Vary: Origin
12:08:29.770 [Test worker] DEBUG org.apache.http.headers - << Vary: Access-Control-Request-Method
12:08:29.770 [Test worker] DEBUG org.apache.http.headers - << Vary: Access-Control-Request-Headers
12:08:29.770 [Test worker] DEBUG org.apache.http.headers - << Vary: Origin
12:08:29.770 [Test worker] DEBUG org.apache.http.headers - << Vary: Access-Control-Request-Method
12:08:29.770 [Test worker] DEBUG org.apache.http.headers - << Vary: Access-Control-Request-Headers
12:08:29.770 [Test worker] DEBUG org.apache.http.headers - << X-Content-Type-Options: nosniff
12:08:29.770 [Test worker] DEBUG org.apache.http.headers - << X-XSS-Protection: 1; mode=block
12:08:29.770 [Test worker] DEBUG org.apache.http.headers - << Cache-Control: no-cache, no-store, max-age=0, must-revalidate
12:08:29.770 [Test worker] DEBUG org.apache.http.headers - << Pragma: no-cache
12:08:29.770 [Test worker] DEBUG org.apache.http.headers - << Expires: 0
12:08:29.770 [Test worker] DEBUG org.apache.http.headers - << X-Frame-Options: DENY
12:08:29.770 [Test worker] DEBUG org.apache.http.headers - << Content-Type: application/json
12:08:29.770 [Test worker] DEBUG org.apache.http.headers - << Transfer-Encoding: chunked
12:08:29.770 [Test worker] DEBUG org.apache.http.headers - << Date: Tue, 26 Apr 2022 16:37:03 GMT
12:08:29.770 [Test worker] DEBUG org.apache.http.headers - << Keep-Alive: timeout=60
12:08:29.770 [Test worker] DEBUG org.apache.http.headers - << Connection: keep-alive
12:08:29.772 [Test worker] DEBUG org.apache.http.impl.client.DefaultHttpClient - Connection can be kept alive for 60000 MILLISECONDS
12:08:29.772 [Test worker] DEBUG io.restassured.internal.RequestSpecificationImpl$RestAssuredHttpBuilder - Parsing response as: application/json
12:08:29.772 [Test worker] DEBUG io.restassured.internal.RequestSpecificationImpl$RestAssuredHttpBuilder - Parsed data to instance of: class org.apache.http.conn.EofSensorInputStream
12:08:29.774 [Test worker] DEBUG org.apache.http.wire -  << "34[\r][\n]"
12:08:29.774 [Test worker] DEBUG org.apache.http.wire -  << "{"result":"Pendiente","executionStatus":"Pendiente"}"
12:08:29.774 [Test worker] DEBUG org.apache.http.wire -  << "[\r][\n]"
12:08:29.774 [Test worker] DEBUG org.apache.http.wire -  << "0[\r][\n]"
12:08:29.774 [Test worker] DEBUG org.apache.http.wire -  << "[\r][\n]"
12:08:29.775 [Test worker] DEBUG org.apache.http.impl.conn.BasicClientConnectionManager - Releasing connection org.apache.http.impl.conn.ManagedClientConnectionImpl@37ba5072
12:08:29.775 [Test worker] DEBUG org.apache.http.impl.conn.BasicClientConnectionManager - Connection can be kept alive for 60000 MILLISECONDS
12:08:49.787 [Test worker] DEBUG org.apache.http.impl.conn.BasicClientConnectionManager - Get connection for route {}->http://10.69.42.60:8089
12:08:49.787 [Test worker] DEBUG org.apache.http.impl.conn.DefaultClientConnectionOperator - Connecting to 10.69.42.60:8089
12:08:49.802 [Test worker] DEBUG org.apache.http.client.protocol.RequestAddCookies - CookieSpec selected: ignoreCookies
12:08:49.802 [Test worker] DEBUG org.apache.http.client.protocol.RequestAuthCache - Auth cache not set in the context
12:08:49.802 [Test worker] DEBUG org.apache.http.client.protocol.RequestProxyAuthentication - Proxy auth state: UNCHALLENGED
12:08:49.802 [Test worker] DEBUG org.apache.http.impl.client.DefaultHttpClient - Attempt 1 to execute request
12:08:49.802 [Test worker] DEBUG org.apache.http.impl.conn.DefaultClientConnection - Sending request: GET /api/execution-result?idexecution=12245 HTTP/1.1
12:08:49.802 [Test worker] DEBUG org.apache.http.wire -  >> "GET /api/execution-result?idexecution=12245 HTTP/1.1[\r][\n]"
12:08:49.802 [Test worker] DEBUG org.apache.http.wire -  >> "Content-Type: application/json; charset=UTF-8[\r][\n]"
12:08:49.802 [Test worker] DEBUG org.apache.http.wire -  >> "Authorization: Bearer eyJhbGciOiJIUzI1NiJ9.eyJzdWIiOiJPcmxhbmRvLlBhdXR0QVBJIiwiZXhwIjoxNjUxMDI2OTIxLCJpYXQiOjE2NTA5OTA5MjF9.b4wVOT2zYxqgdb51PcG0IgOyVfK083HhKpEfDIl3Mf4[\r][\n]"
12:08:49.802 [Test worker] DEBUG org.apache.http.wire -  >> "Accept: */*[\r][\n]"
12:08:49.802 [Test worker] DEBUG org.apache.http.wire -  >> "Host: 10.69.42.60:8089[\r][\n]"
12:08:49.802 [Test worker] DEBUG org.apache.http.wire -  >> "Connection: Keep-Alive[\r][\n]"
12:08:49.802 [Test worker] DEBUG org.apache.http.wire -  >> "User-Agent: Apache-HttpClient/4.5.9 (Java/1.8.0_301)[\r][\n]"
12:08:49.802 [Test worker] DEBUG org.apache.http.wire -  >> "Accept-Encoding: gzip,deflate[\r][\n]"
12:08:49.802 [Test worker] DEBUG org.apache.http.wire -  >> "[\r][\n]"
12:08:49.802 [Test worker] DEBUG org.apache.http.headers - >> GET /api/execution-result?idexecution=12245 HTTP/1.1
12:08:49.802 [Test worker] DEBUG org.apache.http.headers - >> Content-Type: application/json; charset=UTF-8
12:08:49.802 [Test worker] DEBUG org.apache.http.headers - >> Authorization: Bearer eyJhbGciOiJIUzI1NiJ9.eyJzdWIiOiJPcmxhbmRvLlBhdXR0QVBJIiwiZXhwIjoxNjUxMDI2OTIxLCJpYXQiOjE2NTA5OTA5MjF9.b4wVOT2zYxqgdb51PcG0IgOyVfK083HhKpEfDIl3Mf4
12:08:49.802 [Test worker] DEBUG org.apache.http.headers - >> Accept: */*
12:08:49.802 [Test worker] DEBUG org.apache.http.headers - >> Host: 10.69.42.60:8089
12:08:49.802 [Test worker] DEBUG org.apache.http.headers - >> Connection: Keep-Alive
12:08:49.802 [Test worker] DEBUG org.apache.http.headers - >> User-Agent: Apache-HttpClient/4.5.9 (Java/1.8.0_301)
12:08:49.802 [Test worker] DEBUG org.apache.http.headers - >> Accept-Encoding: gzip,deflate
12:08:49.834 [Test worker] DEBUG org.apache.http.wire -  << "HTTP/1.1 200 [\r][\n]"
12:08:49.834 [Test worker] DEBUG org.apache.http.wire -  << "Vary: Origin[\r][\n]"
12:08:49.834 [Test worker] DEBUG org.apache.http.wire -  << "Vary: Access-Control-Request-Method[\r][\n]"
12:08:49.834 [Test worker] DEBUG org.apache.http.wire -  << "Vary: Access-Control-Request-Headers[\r][\n]"
12:08:49.834 [Test worker] DEBUG org.apache.http.wire -  << "Vary: Origin[\r][\n]"
12:08:49.834 [Test worker] DEBUG org.apache.http.wire -  << "Vary: Access-Control-Request-Method[\r][\n]"
12:08:49.834 [Test worker] DEBUG org.apache.http.wire -  << "Vary: Access-Control-Request-Headers[\r][\n]"
12:08:49.834 [Test worker] DEBUG org.apache.http.wire -  << "X-Content-Type-Options: nosniff[\r][\n]"
12:08:49.834 [Test worker] DEBUG org.apache.http.wire -  << "X-XSS-Protection: 1; mode=block[\r][\n]"
12:08:49.834 [Test worker] DEBUG org.apache.http.wire -  << "Cache-Control: no-cache, no-store, max-age=0, must-revalidate[\r][\n]"
12:08:49.834 [Test worker] DEBUG org.apache.http.wire -  << "Pragma: no-cache[\r][\n]"
12:08:49.834 [Test worker] DEBUG org.apache.http.wire -  << "Expires: 0[\r][\n]"
12:08:49.834 [Test worker] DEBUG org.apache.http.wire -  << "X-Frame-Options: DENY[\r][\n]"
12:08:49.834 [Test worker] DEBUG org.apache.http.wire -  << "Content-Type: application/json[\r][\n]"
12:08:49.834 [Test worker] DEBUG org.apache.http.wire -  << "Transfer-Encoding: chunked[\r][\n]"
12:08:49.834 [Test worker] DEBUG org.apache.http.wire -  << "Date: Tue, 26 Apr 2022 16:37:23 GMT[\r][\n]"
12:08:49.834 [Test worker] DEBUG org.apache.http.wire -  << "Keep-Alive: timeout=60[\r][\n]"
12:08:49.834 [Test worker] DEBUG org.apache.http.wire -  << "Connection: keep-alive[\r][\n]"
12:08:49.834 [Test worker] DEBUG org.apache.http.wire -  << "[\r][\n]"
12:08:49.834 [Test worker] DEBUG org.apache.http.impl.conn.DefaultClientConnection - Receiving response: HTTP/1.1 200 
12:08:49.834 [Test worker] DEBUG org.apache.http.headers - << HTTP/1.1 200 
12:08:49.834 [Test worker] DEBUG org.apache.http.headers - << Vary: Origin
12:08:49.834 [Test worker] DEBUG org.apache.http.headers - << Vary: Access-Control-Request-Method
12:08:49.834 [Test worker] DEBUG org.apache.http.headers - << Vary: Access-Control-Request-Headers
12:08:49.834 [Test worker] DEBUG org.apache.http.headers - << Vary: Origin
12:08:49.834 [Test worker] DEBUG org.apache.http.headers - << Vary: Access-Control-Request-Method
12:08:49.834 [Test worker] DEBUG org.apache.http.headers - << Vary: Access-Control-Request-Headers
12:08:49.834 [Test worker] DEBUG org.apache.http.headers - << X-Content-Type-Options: nosniff
12:08:49.834 [Test worker] DEBUG org.apache.http.headers - << X-XSS-Protection: 1; mode=block
12:08:49.834 [Test worker] DEBUG org.apache.http.headers - << Cache-Control: no-cache, no-store, max-age=0, must-revalidate
12:08:49.834 [Test worker] DEBUG org.apache.http.headers - << Pragma: no-cache
12:08:49.834 [Test worker] DEBUG org.apache.http.headers - << Expires: 0
12:08:49.834 [Test worker] DEBUG org.apache.http.headers - << X-Frame-Options: DENY
12:08:49.834 [Test worker] DEBUG org.apache.http.headers - << Content-Type: application/json
12:08:49.834 [Test worker] DEBUG org.apache.http.headers - << Transfer-Encoding: chunked
12:08:49.834 [Test worker] DEBUG org.apache.http.headers - << Date: Tue, 26 Apr 2022 16:37:23 GMT
12:08:49.834 [Test worker] DEBUG org.apache.http.headers - << Keep-Alive: timeout=60
12:08:49.834 [Test worker] DEBUG org.apache.http.headers - << Connection: keep-alive
12:08:49.834 [Test worker] DEBUG org.apache.http.impl.client.DefaultHttpClient - Connection can be kept alive for 60000 MILLISECONDS
12:08:49.834 [Test worker] DEBUG io.restassured.internal.RequestSpecificationImpl$RestAssuredHttpBuilder - Parsing response as: application/json
12:08:49.834 [Test worker] DEBUG io.restassured.internal.RequestSpecificationImpl$RestAssuredHttpBuilder - Parsed data to instance of: class org.apache.http.conn.EofSensorInputStream
12:08:49.834 [Test worker] DEBUG org.apache.http.wire -  << "38[\r][\n]"
12:08:49.834 [Test worker] DEBUG org.apache.http.wire -  << "{"result":"Pendiente","executionStatus":"En ejecuci[0xc3][0xb3]n"}"
12:08:49.834 [Test worker] DEBUG org.apache.http.wire -  << "[\r][\n]"
12:08:49.834 [Test worker] DEBUG org.apache.http.wire -  << "0[\r][\n]"
12:08:49.834 [Test worker] DEBUG org.apache.http.wire -  << "[\r][\n]"
12:08:49.834 [Test worker] DEBUG org.apache.http.impl.conn.BasicClientConnectionManager - Releasing connection org.apache.http.impl.conn.ManagedClientConnectionImpl@6fde0e56
12:08:49.834 [Test worker] DEBUG org.apache.http.impl.conn.BasicClientConnectionManager - Connection can be kept alive for 60000 MILLISECONDS
12:09:09.889 [Test worker] DEBUG org.apache.http.impl.conn.BasicClientConnectionManager - Get connection for route {}->http://10.69.42.60:8089
12:09:09.890 [Test worker] DEBUG org.apache.http.impl.conn.DefaultClientConnectionOperator - Connecting to 10.69.42.60:8089
12:09:09.907 [Test worker] DEBUG org.apache.http.client.protocol.RequestAddCookies - CookieSpec selected: ignoreCookies
12:09:09.907 [Test worker] DEBUG org.apache.http.client.protocol.RequestAuthCache - Auth cache not set in the context
12:09:09.907 [Test worker] DEBUG org.apache.http.client.protocol.RequestProxyAuthentication - Proxy auth state: UNCHALLENGED
12:09:09.907 [Test worker] DEBUG org.apache.http.impl.client.DefaultHttpClient - Attempt 1 to execute request
12:09:09.907 [Test worker] DEBUG org.apache.http.impl.conn.DefaultClientConnection - Sending request: GET /api/execution-result?idexecution=12245 HTTP/1.1
12:09:09.907 [Test worker] DEBUG org.apache.http.wire -  >> "GET /api/execution-result?idexecution=12245 HTTP/1.1[\r][\n]"
12:09:09.907 [Test worker] DEBUG org.apache.http.wire -  >> "Content-Type: application/json; charset=UTF-8[\r][\n]"
12:09:09.907 [Test worker] DEBUG org.apache.http.wire -  >> "Authorization: Bearer eyJhbGciOiJIUzI1NiJ9.eyJzdWIiOiJPcmxhbmRvLlBhdXR0QVBJIiwiZXhwIjoxNjUxMDI2OTIxLCJpYXQiOjE2NTA5OTA5MjF9.b4wVOT2zYxqgdb51PcG0IgOyVfK083HhKpEfDIl3Mf4[\r][\n]"
12:09:09.907 [Test worker] DEBUG org.apache.http.wire -  >> "Accept: */*[\r][\n]"
12:09:09.907 [Test worker] DEBUG org.apache.http.wire -  >> "Host: 10.69.42.60:8089[\r][\n]"
12:09:09.907 [Test worker] DEBUG org.apache.http.wire -  >> "Connection: Keep-Alive[\r][\n]"
12:09:09.907 [Test worker] DEBUG org.apache.http.wire -  >> "User-Agent: Apache-HttpClient/4.5.9 (Java/1.8.0_301)[\r][\n]"
12:09:09.907 [Test worker] DEBUG org.apache.http.wire -  >> "Accept-Encoding: gzip,deflate[\r][\n]"
12:09:09.907 [Test worker] DEBUG org.apache.http.wire -  >> "[\r][\n]"
12:09:09.907 [Test worker] DEBUG org.apache.http.headers - >> GET /api/execution-result?idexecution=12245 HTTP/1.1
12:09:09.907 [Test worker] DEBUG org.apache.http.headers - >> Content-Type: application/json; charset=UTF-8
12:09:09.907 [Test worker] DEBUG org.apache.http.headers - >> Authorization: Bearer eyJhbGciOiJIUzI1NiJ9.eyJzdWIiOiJPcmxhbmRvLlBhdXR0QVBJIiwiZXhwIjoxNjUxMDI2OTIxLCJpYXQiOjE2NTA5OTA5MjF9.b4wVOT2zYxqgdb51PcG0IgOyVfK083HhKpEfDIl3Mf4
12:09:09.907 [Test worker] DEBUG org.apache.http.headers - >> Accept: */*
12:09:09.907 [Test worker] DEBUG org.apache.http.headers - >> Host: 10.69.42.60:8089
12:09:09.907 [Test worker] DEBUG org.apache.http.headers - >> Connection: Keep-Alive
12:09:09.907 [Test worker] DEBUG org.apache.http.headers - >> User-Agent: Apache-HttpClient/4.5.9 (Java/1.8.0_301)
12:09:09.907 [Test worker] DEBUG org.apache.http.headers - >> Accept-Encoding: gzip,deflate
12:09:09.937 [Test worker] DEBUG org.apache.http.wire -  << "HTTP/1.1 200 [\r][\n]"
12:09:09.937 [Test worker] DEBUG org.apache.http.wire -  << "Vary: Origin[\r][\n]"
12:09:09.937 [Test worker] DEBUG org.apache.http.wire -  << "Vary: Access-Control-Request-Method[\r][\n]"
12:09:09.937 [Test worker] DEBUG org.apache.http.wire -  << "Vary: Access-Control-Request-Headers[\r][\n]"
12:09:09.937 [Test worker] DEBUG org.apache.http.wire -  << "Vary: Origin[\r][\n]"
12:09:09.937 [Test worker] DEBUG org.apache.http.wire -  << "Vary: Access-Control-Request-Method[\r][\n]"
12:09:09.937 [Test worker] DEBUG org.apache.http.wire -  << "Vary: Access-Control-Request-Headers[\r][\n]"
12:09:09.937 [Test worker] DEBUG org.apache.http.wire -  << "X-Content-Type-Options: nosniff[\r][\n]"
12:09:09.937 [Test worker] DEBUG org.apache.http.wire -  << "X-XSS-Protection: 1; mode=block[\r][\n]"
12:09:09.937 [Test worker] DEBUG org.apache.http.wire -  << "Cache-Control: no-cache, no-store, max-age=0, must-revalidate[\r][\n]"
12:09:09.937 [Test worker] DEBUG org.apache.http.wire -  << "Pragma: no-cache[\r][\n]"
12:09:09.937 [Test worker] DEBUG org.apache.http.wire -  << "Expires: 0[\r][\n]"
12:09:09.937 [Test worker] DEBUG org.apache.http.wire -  << "X-Frame-Options: DENY[\r][\n]"
12:09:09.937 [Test worker] DEBUG org.apache.http.wire -  << "Content-Type: application/json[\r][\n]"
12:09:09.937 [Test worker] DEBUG org.apache.http.wire -  << "Transfer-Encoding: chunked[\r][\n]"
12:09:09.937 [Test worker] DEBUG org.apache.http.wire -  << "Date: Tue, 26 Apr 2022 16:37:43 GMT[\r][\n]"
12:09:09.937 [Test worker] DEBUG org.apache.http.wire -  << "Keep-Alive: timeout=60[\r][\n]"
12:09:09.937 [Test worker] DEBUG org.apache.http.wire -  << "Connection: keep-alive[\r][\n]"
12:09:09.937 [Test worker] DEBUG org.apache.http.wire -  << "[\r][\n]"
12:09:09.937 [Test worker] DEBUG org.apache.http.impl.conn.DefaultClientConnection - Receiving response: HTTP/1.1 200 
12:09:09.937 [Test worker] DEBUG org.apache.http.headers - << HTTP/1.1 200 
12:09:09.937 [Test worker] DEBUG org.apache.http.headers - << Vary: Origin
12:09:09.937 [Test worker] DEBUG org.apache.http.headers - << Vary: Access-Control-Request-Method
12:09:09.937 [Test worker] DEBUG org.apache.http.headers - << Vary: Access-Control-Request-Headers
12:09:09.937 [Test worker] DEBUG org.apache.http.headers - << Vary: Origin
12:09:09.937 [Test worker] DEBUG org.apache.http.headers - << Vary: Access-Control-Request-Method
12:09:09.937 [Test worker] DEBUG org.apache.http.headers - << Vary: Access-Control-Request-Headers
12:09:09.937 [Test worker] DEBUG org.apache.http.headers - << X-Content-Type-Options: nosniff
12:09:09.937 [Test worker] DEBUG org.apache.http.headers - << X-XSS-Protection: 1; mode=block
12:09:09.937 [Test worker] DEBUG org.apache.http.headers - << Cache-Control: no-cache, no-store, max-age=0, must-revalidate
12:09:09.937 [Test worker] DEBUG org.apache.http.headers - << Pragma: no-cache
12:09:09.937 [Test worker] DEBUG org.apache.http.headers - << Expires: 0
12:09:09.937 [Test worker] DEBUG org.apache.http.headers - << X-Frame-Options: DENY
12:09:09.937 [Test worker] DEBUG org.apache.http.headers - << Content-Type: application/json
12:09:09.937 [Test worker] DEBUG org.apache.http.headers - << Transfer-Encoding: chunked
12:09:09.937 [Test worker] DEBUG org.apache.http.headers - << Date: Tue, 26 Apr 2022 16:37:43 GMT
12:09:09.937 [Test worker] DEBUG org.apache.http.headers - << Keep-Alive: timeout=60
12:09:09.937 [Test worker] DEBUG org.apache.http.headers - << Connection: keep-alive
12:09:09.937 [Test worker] DEBUG org.apache.http.impl.client.DefaultHttpClient - Connection can be kept alive for 60000 MILLISECONDS
12:09:09.937 [Test worker] DEBUG io.restassured.internal.RequestSpecificationImpl$RestAssuredHttpBuilder - Parsing response as: application/json
12:09:09.937 [Test worker] DEBUG io.restassured.internal.RequestSpecificationImpl$RestAssuredHttpBuilder - Parsed data to instance of: class org.apache.http.conn.EofSensorInputStream
12:09:09.938 [Test worker] DEBUG org.apache.http.wire -  << "38[\r][\n]"
12:09:09.938 [Test worker] DEBUG org.apache.http.wire -  << "{"result":"Pendiente","executionStatus":"En ejecuci[0xc3][0xb3]n"}"
12:09:09.938 [Test worker] DEBUG org.apache.http.wire -  << "[\r][\n]"
12:09:09.938 [Test worker] DEBUG org.apache.http.wire -  << "0[\r][\n]"
12:09:09.938 [Test worker] DEBUG org.apache.http.wire -  << "[\r][\n]"
12:09:09.938 [Test worker] DEBUG org.apache.http.impl.conn.BasicClientConnectionManager - Releasing connection org.apache.http.impl.conn.ManagedClientConnectionImpl@1b001789
12:09:09.938 [Test worker] DEBUG org.apache.http.impl.conn.BasicClientConnectionManager - Connection can be kept alive for 60000 MILLISECONDS
12:09:29.948 [Test worker] DEBUG org.apache.http.impl.conn.BasicClientConnectionManager - Get connection for route {}->http://10.69.42.60:8089
12:09:29.948 [Test worker] DEBUG org.apache.http.impl.conn.DefaultClientConnectionOperator - Connecting to 10.69.42.60:8089
12:09:29.969 [Test worker] DEBUG org.apache.http.client.protocol.RequestAddCookies - CookieSpec selected: ignoreCookies
12:09:29.969 [Test worker] DEBUG org.apache.http.client.protocol.RequestAuthCache - Auth cache not set in the context
12:09:29.969 [Test worker] DEBUG org.apache.http.client.protocol.RequestProxyAuthentication - Proxy auth state: UNCHALLENGED
12:09:29.969 [Test worker] DEBUG org.apache.http.impl.client.DefaultHttpClient - Attempt 1 to execute request
12:09:29.969 [Test worker] DEBUG org.apache.http.impl.conn.DefaultClientConnection - Sending request: GET /api/execution-result?idexecution=12245 HTTP/1.1
12:09:29.969 [Test worker] DEBUG org.apache.http.wire -  >> "GET /api/execution-result?idexecution=12245 HTTP/1.1[\r][\n]"
12:09:29.969 [Test worker] DEBUG org.apache.http.wire -  >> "Content-Type: application/json; charset=UTF-8[\r][\n]"
12:09:29.969 [Test worker] DEBUG org.apache.http.wire -  >> "Authorization: Bearer eyJhbGciOiJIUzI1NiJ9.eyJzdWIiOiJPcmxhbmRvLlBhdXR0QVBJIiwiZXhwIjoxNjUxMDI2OTIxLCJpYXQiOjE2NTA5OTA5MjF9.b4wVOT2zYxqgdb51PcG0IgOyVfK083HhKpEfDIl3Mf4[\r][\n]"
12:09:29.969 [Test worker] DEBUG org.apache.http.wire -  >> "Accept: */*[\r][\n]"
12:09:29.969 [Test worker] DEBUG org.apache.http.wire -  >> "Host: 10.69.42.60:8089[\r][\n]"
12:09:29.969 [Test worker] DEBUG org.apache.http.wire -  >> "Connection: Keep-Alive[\r][\n]"
12:09:29.969 [Test worker] DEBUG org.apache.http.wire -  >> "User-Agent: Apache-HttpClient/4.5.9 (Java/1.8.0_301)[\r][\n]"
12:09:29.969 [Test worker] DEBUG org.apache.http.wire -  >> "Accept-Encoding: gzip,deflate[\r][\n]"
12:09:29.969 [Test worker] DEBUG org.apache.http.wire -  >> "[\r][\n]"
12:09:29.969 [Test worker] DEBUG org.apache.http.headers - >> GET /api/execution-result?idexecution=12245 HTTP/1.1
12:09:29.969 [Test worker] DEBUG org.apache.http.headers - >> Content-Type: application/json; charset=UTF-8
12:09:29.969 [Test worker] DEBUG org.apache.http.headers - >> Authorization: Bearer eyJhbGciOiJIUzI1NiJ9.eyJzdWIiOiJPcmxhbmRvLlBhdXR0QVBJIiwiZXhwIjoxNjUxMDI2OTIxLCJpYXQiOjE2NTA5OTA5MjF9.b4wVOT2zYxqgdb51PcG0IgOyVfK083HhKpEfDIl3Mf4
12:09:29.969 [Test worker] DEBUG org.apache.http.headers - >> Accept: */*
12:09:29.969 [Test worker] DEBUG org.apache.http.headers - >> Host: 10.69.42.60:8089
12:09:29.969 [Test worker] DEBUG org.apache.http.headers - >> Connection: Keep-Alive
12:09:29.969 [Test worker] DEBUG org.apache.http.headers - >> User-Agent: Apache-HttpClient/4.5.9 (Java/1.8.0_301)
12:09:29.969 [Test worker] DEBUG org.apache.http.headers - >> Accept-Encoding: gzip,deflate
12:09:30.001 [Test worker] DEBUG org.apache.http.wire -  << "HTTP/1.1 200 [\r][\n]"
12:09:30.001 [Test worker] DEBUG org.apache.http.wire -  << "Vary: Origin[\r][\n]"
12:09:30.001 [Test worker] DEBUG org.apache.http.wire -  << "Vary: Access-Control-Request-Method[\r][\n]"
12:09:30.001 [Test worker] DEBUG org.apache.http.wire -  << "Vary: Access-Control-Request-Headers[\r][\n]"
12:09:30.001 [Test worker] DEBUG org.apache.http.wire -  << "Vary: Origin[\r][\n]"
12:09:30.001 [Test worker] DEBUG org.apache.http.wire -  << "Vary: Access-Control-Request-Method[\r][\n]"
12:09:30.001 [Test worker] DEBUG org.apache.http.wire -  << "Vary: Access-Control-Request-Headers[\r][\n]"
12:09:30.001 [Test worker] DEBUG org.apache.http.wire -  << "X-Content-Type-Options: nosniff[\r][\n]"
12:09:30.001 [Test worker] DEBUG org.apache.http.wire -  << "X-XSS-Protection: 1; mode=block[\r][\n]"
12:09:30.001 [Test worker] DEBUG org.apache.http.wire -  << "Cache-Control: no-cache, no-store, max-age=0, must-revalidate[\r][\n]"
12:09:30.001 [Test worker] DEBUG org.apache.http.wire -  << "Pragma: no-cache[\r][\n]"
12:09:30.001 [Test worker] DEBUG org.apache.http.wire -  << "Expires: 0[\r][\n]"
12:09:30.001 [Test worker] DEBUG org.apache.http.wire -  << "X-Frame-Options: DENY[\r][\n]"
12:09:30.001 [Test worker] DEBUG org.apache.http.wire -  << "Content-Type: application/json[\r][\n]"
12:09:30.001 [Test worker] DEBUG org.apache.http.wire -  << "Transfer-Encoding: chunked[\r][\n]"
12:09:30.001 [Test worker] DEBUG org.apache.http.wire -  << "Date: Tue, 26 Apr 2022 16:38:03 GMT[\r][\n]"
12:09:30.001 [Test worker] DEBUG org.apache.http.wire -  << "Keep-Alive: timeout=60[\r][\n]"
12:09:30.001 [Test worker] DEBUG org.apache.http.wire -  << "Connection: keep-alive[\r][\n]"
12:09:30.001 [Test worker] DEBUG org.apache.http.wire -  << "[\r][\n]"
12:09:30.001 [Test worker] DEBUG org.apache.http.impl.conn.DefaultClientConnection - Receiving response: HTTP/1.1 200 
12:09:30.001 [Test worker] DEBUG org.apache.http.headers - << HTTP/1.1 200 
12:09:30.001 [Test worker] DEBUG org.apache.http.headers - << Vary: Origin
12:09:30.001 [Test worker] DEBUG org.apache.http.headers - << Vary: Access-Control-Request-Method
12:09:30.001 [Test worker] DEBUG org.apache.http.headers - << Vary: Access-Control-Request-Headers
12:09:30.001 [Test worker] DEBUG org.apache.http.headers - << Vary: Origin
12:09:30.001 [Test worker] DEBUG org.apache.http.headers - << Vary: Access-Control-Request-Method
12:09:30.001 [Test worker] DEBUG org.apache.http.headers - << Vary: Access-Control-Request-Headers
12:09:30.001 [Test worker] DEBUG org.apache.http.headers - << X-Content-Type-Options: nosniff
12:09:30.001 [Test worker] DEBUG org.apache.http.headers - << X-XSS-Protection: 1; mode=block
12:09:30.001 [Test worker] DEBUG org.apache.http.headers - << Cache-Control: no-cache, no-store, max-age=0, must-revalidate
12:09:30.001 [Test worker] DEBUG org.apache.http.headers - << Pragma: no-cache
12:09:30.001 [Test worker] DEBUG org.apache.http.headers - << Expires: 0
12:09:30.001 [Test worker] DEBUG org.apache.http.headers - << X-Frame-Options: DENY
12:09:30.001 [Test worker] DEBUG org.apache.http.headers - << Content-Type: application/json
12:09:30.001 [Test worker] DEBUG org.apache.http.headers - << Transfer-Encoding: chunked
12:09:30.001 [Test worker] DEBUG org.apache.http.headers - << Date: Tue, 26 Apr 2022 16:38:03 GMT
12:09:30.001 [Test worker] DEBUG org.apache.http.headers - << Keep-Alive: timeout=60
12:09:30.001 [Test worker] DEBUG org.apache.http.headers - << Connection: keep-alive
12:09:30.001 [Test worker] DEBUG org.apache.http.impl.client.DefaultHttpClient - Connection can be kept alive for 60000 MILLISECONDS
12:09:30.001 [Test worker] DEBUG io.restassured.internal.RequestSpecificationImpl$RestAssuredHttpBuilder - Parsing response as: application/json
12:09:30.001 [Test worker] DEBUG io.restassured.internal.RequestSpecificationImpl$RestAssuredHttpBuilder - Parsed data to instance of: class org.apache.http.conn.EofSensorInputStream
12:09:30.001 [Test worker] DEBUG org.apache.http.wire -  << "38[\r][\n]"
12:09:30.001 [Test worker] DEBUG org.apache.http.wire -  << "{"result":"Pendiente","executionStatus":"En ejecuci[0xc3][0xb3]n"}"
12:09:30.001 [Test worker] DEBUG org.apache.http.wire -  << "[\r][\n]"
12:09:30.001 [Test worker] DEBUG org.apache.http.wire -  << "0[\r][\n]"
12:09:30.001 [Test worker] DEBUG org.apache.http.wire -  << "[\r][\n]"
12:09:30.001 [Test worker] DEBUG org.apache.http.impl.conn.BasicClientConnectionManager - Releasing connection org.apache.http.impl.conn.ManagedClientConnectionImpl@4ce45dc7
12:09:30.001 [Test worker] DEBUG org.apache.http.impl.conn.BasicClientConnectionManager - Connection can be kept alive for 60000 MILLISECONDS
12:09:50.039 [Test worker] DEBUG org.apache.http.impl.conn.BasicClientConnectionManager - Get connection for route {}->http://10.69.42.60:8089
12:09:50.039 [Test worker] DEBUG org.apache.http.impl.conn.DefaultClientConnectionOperator - Connecting to 10.69.42.60:8089
12:09:50.055 [Test worker] DEBUG org.apache.http.client.protocol.RequestAddCookies - CookieSpec selected: ignoreCookies
12:09:50.055 [Test worker] DEBUG org.apache.http.client.protocol.RequestAuthCache - Auth cache not set in the context
12:09:50.055 [Test worker] DEBUG org.apache.http.client.protocol.RequestProxyAuthentication - Proxy auth state: UNCHALLENGED
12:09:50.055 [Test worker] DEBUG org.apache.http.impl.client.DefaultHttpClient - Attempt 1 to execute request
12:09:50.055 [Test worker] DEBUG org.apache.http.impl.conn.DefaultClientConnection - Sending request: GET /api/execution-result?idexecution=12245 HTTP/1.1
12:09:50.055 [Test worker] DEBUG org.apache.http.wire -  >> "GET /api/execution-result?idexecution=12245 HTTP/1.1[\r][\n]"
12:09:50.055 [Test worker] DEBUG org.apache.http.wire -  >> "Content-Type: application/json; charset=UTF-8[\r][\n]"
12:09:50.055 [Test worker] DEBUG org.apache.http.wire -  >> "Authorization: Bearer eyJhbGciOiJIUzI1NiJ9.eyJzdWIiOiJPcmxhbmRvLlBhdXR0QVBJIiwiZXhwIjoxNjUxMDI2OTIxLCJpYXQiOjE2NTA5OTA5MjF9.b4wVOT2zYxqgdb51PcG0IgOyVfK083HhKpEfDIl3Mf4[\r][\n]"
12:09:50.055 [Test worker] DEBUG org.apache.http.wire -  >> "Accept: */*[\r][\n]"
12:09:50.055 [Test worker] DEBUG org.apache.http.wire -  >> "Host: 10.69.42.60:8089[\r][\n]"
12:09:50.055 [Test worker] DEBUG org.apache.http.wire -  >> "Connection: Keep-Alive[\r][\n]"
12:09:50.055 [Test worker] DEBUG org.apache.http.wire -  >> "User-Agent: Apache-HttpClient/4.5.9 (Java/1.8.0_301)[\r][\n]"
12:09:50.055 [Test worker] DEBUG org.apache.http.wire -  >> "Accept-Encoding: gzip,deflate[\r][\n]"
12:09:50.055 [Test worker] DEBUG org.apache.http.wire -  >> "[\r][\n]"
12:09:50.055 [Test worker] DEBUG org.apache.http.headers - >> GET /api/execution-result?idexecution=12245 HTTP/1.1
12:09:50.055 [Test worker] DEBUG org.apache.http.headers - >> Content-Type: application/json; charset=UTF-8
12:09:50.055 [Test worker] DEBUG org.apache.http.headers - >> Authorization: Bearer eyJhbGciOiJIUzI1NiJ9.eyJzdWIiOiJPcmxhbmRvLlBhdXR0QVBJIiwiZXhwIjoxNjUxMDI2OTIxLCJpYXQiOjE2NTA5OTA5MjF9.b4wVOT2zYxqgdb51PcG0IgOyVfK083HhKpEfDIl3Mf4
12:09:50.055 [Test worker] DEBUG org.apache.http.headers - >> Accept: */*
12:09:50.055 [Test worker] DEBUG org.apache.http.headers - >> Host: 10.69.42.60:8089
12:09:50.055 [Test worker] DEBUG org.apache.http.headers - >> Connection: Keep-Alive
12:09:50.055 [Test worker] DEBUG org.apache.http.headers - >> User-Agent: Apache-HttpClient/4.5.9 (Java/1.8.0_301)
12:09:50.055 [Test worker] DEBUG org.apache.http.headers - >> Accept-Encoding: gzip,deflate
12:09:50.087 [Test worker] DEBUG org.apache.http.wire -  << "HTTP/1.1 200 [\r][\n]"
12:09:50.087 [Test worker] DEBUG org.apache.http.wire -  << "Vary: Origin[\r][\n]"
12:09:50.087 [Test worker] DEBUG org.apache.http.wire -  << "Vary: Access-Control-Request-Method[\r][\n]"
12:09:50.087 [Test worker] DEBUG org.apache.http.wire -  << "Vary: Access-Control-Request-Headers[\r][\n]"
12:09:50.087 [Test worker] DEBUG org.apache.http.wire -  << "Vary: Origin[\r][\n]"
12:09:50.087 [Test worker] DEBUG org.apache.http.wire -  << "Vary: Access-Control-Request-Method[\r][\n]"
12:09:50.087 [Test worker] DEBUG org.apache.http.wire -  << "Vary: Access-Control-Request-Headers[\r][\n]"
12:09:50.087 [Test worker] DEBUG org.apache.http.wire -  << "X-Content-Type-Options: nosniff[\r][\n]"
12:09:50.087 [Test worker] DEBUG org.apache.http.wire -  << "X-XSS-Protection: 1; mode=block[\r][\n]"
12:09:50.087 [Test worker] DEBUG org.apache.http.wire -  << "Cache-Control: no-cache, no-store, max-age=0, must-revalidate[\r][\n]"
12:09:50.087 [Test worker] DEBUG org.apache.http.wire -  << "Pragma: no-cache[\r][\n]"
12:09:50.087 [Test worker] DEBUG org.apache.http.wire -  << "Expires: 0[\r][\n]"
12:09:50.087 [Test worker] DEBUG org.apache.http.wire -  << "X-Frame-Options: DENY[\r][\n]"
12:09:50.087 [Test worker] DEBUG org.apache.http.wire -  << "Content-Type: application/json[\r][\n]"
12:09:50.087 [Test worker] DEBUG org.apache.http.wire -  << "Transfer-Encoding: chunked[\r][\n]"
12:09:50.087 [Test worker] DEBUG org.apache.http.wire -  << "Date: Tue, 26 Apr 2022 16:38:23 GMT[\r][\n]"
12:09:50.087 [Test worker] DEBUG org.apache.http.wire -  << "Keep-Alive: timeout=60[\r][\n]"
12:09:50.087 [Test worker] DEBUG org.apache.http.wire -  << "Connection: keep-alive[\r][\n]"
12:09:50.087 [Test worker] DEBUG org.apache.http.wire -  << "[\r][\n]"
12:09:50.087 [Test worker] DEBUG org.apache.http.impl.conn.DefaultClientConnection - Receiving response: HTTP/1.1 200 
12:09:50.087 [Test worker] DEBUG org.apache.http.headers - << HTTP/1.1 200 
12:09:50.087 [Test worker] DEBUG org.apache.http.headers - << Vary: Origin
12:09:50.087 [Test worker] DEBUG org.apache.http.headers - << Vary: Access-Control-Request-Method
12:09:50.087 [Test worker] DEBUG org.apache.http.headers - << Vary: Access-Control-Request-Headers
12:09:50.087 [Test worker] DEBUG org.apache.http.headers - << Vary: Origin
12:09:50.087 [Test worker] DEBUG org.apache.http.headers - << Vary: Access-Control-Request-Method
12:09:50.087 [Test worker] DEBUG org.apache.http.headers - << Vary: Access-Control-Request-Headers
12:09:50.087 [Test worker] DEBUG org.apache.http.headers - << X-Content-Type-Options: nosniff
12:09:50.087 [Test worker] DEBUG org.apache.http.headers - << X-XSS-Protection: 1; mode=block
12:09:50.087 [Test worker] DEBUG org.apache.http.headers - << Cache-Control: no-cache, no-store, max-age=0, must-revalidate
12:09:50.087 [Test worker] DEBUG org.apache.http.headers - << Pragma: no-cache
12:09:50.087 [Test worker] DEBUG org.apache.http.headers - << Expires: 0
12:09:50.087 [Test worker] DEBUG org.apache.http.headers - << X-Frame-Options: DENY
12:09:50.087 [Test worker] DEBUG org.apache.http.headers - << Content-Type: application/json
12:09:50.087 [Test worker] DEBUG org.apache.http.headers - << Transfer-Encoding: chunked
12:09:50.087 [Test worker] DEBUG org.apache.http.headers - << Date: Tue, 26 Apr 2022 16:38:23 GMT
12:09:50.087 [Test worker] DEBUG org.apache.http.headers - << Keep-Alive: timeout=60
12:09:50.087 [Test worker] DEBUG org.apache.http.headers - << Connection: keep-alive
12:09:50.087 [Test worker] DEBUG org.apache.http.impl.client.DefaultHttpClient - Connection can be kept alive for 60000 MILLISECONDS
12:09:50.087 [Test worker] DEBUG io.restassured.internal.RequestSpecificationImpl$RestAssuredHttpBuilder - Parsing response as: application/json
12:09:50.087 [Test worker] DEBUG io.restassured.internal.RequestSpecificationImpl$RestAssuredHttpBuilder - Parsed data to instance of: class org.apache.http.conn.EofSensorInputStream
12:09:50.087 [Test worker] DEBUG org.apache.http.wire -  << "17c[\r][\n]"
12:09:50.087 [Test worker] DEBUG org.apache.http.wire -  << "{"result":["Fallido"],"executionStatus":"Terminado","urlEvidenceSerenity":"http://10.69.42.60:8092/assets/evidences/26_04_2022_12_04_57_602/Sox_Evidence.zip","urlEvidenceEvidenceComplete":"http://10.69.42.60:8092/assets/evidences/26_04_2022_12_04_57_602/Complete_Evidence.zip","urlEvidenceSox":"http://10.69.42.60:8092/assets/evidences/26_04_2022_12_04_57_602/reports/index.html"}"
12:09:50.087 [Test worker] DEBUG org.apache.http.wire -  << "[\r][\n]"
12:09:50.087 [Test worker] DEBUG org.apache.http.wire -  << "0[\r][\n]"
12:09:50.087 [Test worker] DEBUG org.apache.http.wire -  << "[\r][\n]"
12:09:50.087 [Test worker] DEBUG org.apache.http.impl.conn.BasicClientConnectionManager - Releasing connection org.apache.http.impl.conn.ManagedClientConnectionImpl@6c3437d5
12:09:50.087 [Test worker] DEBUG org.apache.http.impl.conn.BasicClientConnectionManager - Connection can be kept alive for 60000 MILLISECONDS
Result[0] = {RESULT_1= Testlink API Version: 1.1 initially written by Asiel Brumfield
 with contributions by TestLink development Team}

Ejecucion Fallida
12:09:50.434 [Test worker] INFO net.thucydides.core.steps.ConsoleLoggingListener - 
        __    _____ _____ ____ _____   ____   _    ____  ____  _____ ____  
  _     \ \  |_   _| ____/ ___|_   _| |  _ \ / \  / ___|/ ___|| ____|  _ \ 
 (_)_____| |   | | |  _| \___ \ | |   | |_) / _ \ \___ \\___ \|  _| | | | |
  _|_____| |   | | | |___ ___) || |   |  __/ ___ \ ___) |___) | |___| |_| |
 (_)     | |   |_| |_____|____/ |_|   |_| /_/   \_\____/|____/|_____|____/ 
        /_/                                                                

TEST PASSED: se requiere ejecutar el Json
----------------------------------------------------------------------------
]]></system-out>
  <system-err><![CDATA[]]></system-err>
</testsuite>
