<?xml version="1.0" encoding="UTF-8"?>
<testsuite name="Sanity Merlin Json" tests="1" skipped="0" failures="1" errors="0" timestamp="2022-04-20T23:35:31" hostname="22LAP5CD1195R94" time="62.562">
  <properties/>
  <testcase name="se requiere ejecutar el Json" classname="Sanity Merlin Json" time="62.562">
    <failure message="java.lang.AssertionError: Finaliza de manera Exitosa la automatizacion&#10;Expected: &quot;Exitoso&quot;&#10;     but: was &quot;Fallido&quot;" type="java.lang.AssertionError">java.lang.AssertionError: Finaliza de manera Exitosa la automatizacion
Expected: &quot;Exitoso&quot;
     but: was &quot;Fallido&quot;
	at org.hamcrest.MatcherAssert.assertThat(MatcherAssert.java:20)
	at com.indra.actions.ConsultResultAutomation.consultResultOfAutomation(ConsultResultAutomation.java:36)
	at com.indra.steps_definitions.SanitySteps.seObtieneLaRespuestaDeLaEjecucionDelJson(SanitySteps.java:29)
	at âœ½.Se obtiene la respuesta de la ejecucion del json(src/test/resources/features/execute.feature:10)
</failure>
  </testcase>
  <system-out><![CDATA[18:35:32.736 [Test worker] DEBUG org.apache.http.impl.conn.BasicClientConnectionManager - Get connection for route {}->http://10.69.42.60:8089
18:35:32.736 [Test worker] DEBUG org.apache.http.impl.conn.DefaultClientConnectionOperator - Connecting to 10.69.42.60:8089
18:35:32.768 [Test worker] DEBUG org.apache.http.client.protocol.RequestAddCookies - CookieSpec selected: ignoreCookies
18:35:32.768 [Test worker] DEBUG org.apache.http.client.protocol.RequestAuthCache - Auth cache not set in the context
18:35:32.768 [Test worker] DEBUG org.apache.http.client.protocol.RequestTargetAuthentication - Target auth state: UNCHALLENGED
18:35:32.768 [Test worker] DEBUG org.apache.http.client.protocol.RequestProxyAuthentication - Proxy auth state: UNCHALLENGED
18:35:32.768 [Test worker] DEBUG org.apache.http.impl.client.DefaultHttpClient - Attempt 1 to execute request
18:35:32.768 [Test worker] DEBUG org.apache.http.impl.conn.DefaultClientConnection - Sending request: POST /api/authenticate-api HTTP/1.1
18:35:32.768 [Test worker] DEBUG org.apache.http.wire -  >> "POST /api/authenticate-api HTTP/1.1[\r][\n]"
18:35:32.768 [Test worker] DEBUG org.apache.http.wire -  >> "Accept: */*[\r][\n]"
18:35:32.768 [Test worker] DEBUG org.apache.http.wire -  >> "Content-Type: application/json; charset=UTF-8[\r][\n]"
18:35:32.768 [Test worker] DEBUG org.apache.http.wire -  >> "Content-Length: 69[\r][\n]"
18:35:32.768 [Test worker] DEBUG org.apache.http.wire -  >> "Host: 10.69.42.60:8089[\r][\n]"
18:35:32.768 [Test worker] DEBUG org.apache.http.wire -  >> "Connection: Keep-Alive[\r][\n]"
18:35:32.768 [Test worker] DEBUG org.apache.http.wire -  >> "User-Agent: Apache-HttpClient/4.5.9 (Java/1.8.0_301)[\r][\n]"
18:35:32.768 [Test worker] DEBUG org.apache.http.wire -  >> "Accept-Encoding: gzip,deflate[\r][\n]"
18:35:32.768 [Test worker] DEBUG org.apache.http.wire -  >> "[\r][\n]"
18:35:32.768 [Test worker] DEBUG org.apache.http.headers - >> POST /api/authenticate-api HTTP/1.1
18:35:32.768 [Test worker] DEBUG org.apache.http.headers - >> Accept: */*
18:35:32.768 [Test worker] DEBUG org.apache.http.headers - >> Content-Type: application/json; charset=UTF-8
18:35:32.768 [Test worker] DEBUG org.apache.http.headers - >> Content-Length: 69
18:35:32.768 [Test worker] DEBUG org.apache.http.headers - >> Host: 10.69.42.60:8089
18:35:32.768 [Test worker] DEBUG org.apache.http.headers - >> Connection: Keep-Alive
18:35:32.768 [Test worker] DEBUG org.apache.http.headers - >> User-Agent: Apache-HttpClient/4.5.9 (Java/1.8.0_301)
18:35:32.768 [Test worker] DEBUG org.apache.http.headers - >> Accept-Encoding: gzip,deflate
18:35:32.768 [Test worker] DEBUG org.apache.http.wire -  >> "{[\n]"
18:35:32.768 [Test worker] DEBUG org.apache.http.wire -  >> "    "username": "Orlando.Pautt",[\n]"
18:35:32.768 [Test worker] DEBUG org.apache.http.wire -  >> "    "password": "OrlandoDar.12*"[\n]"
18:35:32.768 [Test worker] DEBUG org.apache.http.wire -  >> "}"
18:35:32.914 [Test worker] DEBUG org.apache.http.wire -  << "HTTP/1.1 200 [\r][\n]"
18:35:32.914 [Test worker] DEBUG org.apache.http.wire -  << "Vary: Origin[\r][\n]"
18:35:32.914 [Test worker] DEBUG org.apache.http.wire -  << "Vary: Access-Control-Request-Method[\r][\n]"
18:35:32.914 [Test worker] DEBUG org.apache.http.wire -  << "Vary: Access-Control-Request-Headers[\r][\n]"
18:35:32.914 [Test worker] DEBUG org.apache.http.wire -  << "Vary: Origin[\r][\n]"
18:35:32.914 [Test worker] DEBUG org.apache.http.wire -  << "Vary: Access-Control-Request-Method[\r][\n]"
18:35:32.914 [Test worker] DEBUG org.apache.http.wire -  << "Vary: Access-Control-Request-Headers[\r][\n]"
18:35:32.914 [Test worker] DEBUG org.apache.http.wire -  << "X-Content-Type-Options: nosniff[\r][\n]"
18:35:32.914 [Test worker] DEBUG org.apache.http.wire -  << "X-XSS-Protection: 1; mode=block[\r][\n]"
18:35:32.914 [Test worker] DEBUG org.apache.http.wire -  << "Cache-Control: no-cache, no-store, max-age=0, must-revalidate[\r][\n]"
18:35:32.914 [Test worker] DEBUG org.apache.http.wire -  << "Pragma: no-cache[\r][\n]"
18:35:32.914 [Test worker] DEBUG org.apache.http.wire -  << "Expires: 0[\r][\n]"
18:35:32.914 [Test worker] DEBUG org.apache.http.wire -  << "X-Frame-Options: DENY[\r][\n]"
18:35:32.914 [Test worker] DEBUG org.apache.http.wire -  << "Content-Type: application/json[\r][\n]"
18:35:32.914 [Test worker] DEBUG org.apache.http.wire -  << "Transfer-Encoding: chunked[\r][\n]"
18:35:32.914 [Test worker] DEBUG org.apache.http.wire -  << "Date: Wed, 20 Apr 2022 23:04:03 GMT[\r][\n]"
18:35:32.914 [Test worker] DEBUG org.apache.http.wire -  << "Keep-Alive: timeout=60[\r][\n]"
18:35:32.914 [Test worker] DEBUG org.apache.http.wire -  << "Connection: keep-alive[\r][\n]"
18:35:32.914 [Test worker] DEBUG org.apache.http.wire -  << "[\r][\n]"
18:35:32.914 [Test worker] DEBUG org.apache.http.impl.conn.DefaultClientConnection - Receiving response: HTTP/1.1 200 
18:35:32.914 [Test worker] DEBUG org.apache.http.headers - << HTTP/1.1 200 
18:35:32.914 [Test worker] DEBUG org.apache.http.headers - << Vary: Origin
18:35:32.914 [Test worker] DEBUG org.apache.http.headers - << Vary: Access-Control-Request-Method
18:35:32.914 [Test worker] DEBUG org.apache.http.headers - << Vary: Access-Control-Request-Headers
18:35:32.914 [Test worker] DEBUG org.apache.http.headers - << Vary: Origin
18:35:32.914 [Test worker] DEBUG org.apache.http.headers - << Vary: Access-Control-Request-Method
18:35:32.914 [Test worker] DEBUG org.apache.http.headers - << Vary: Access-Control-Request-Headers
18:35:32.914 [Test worker] DEBUG org.apache.http.headers - << X-Content-Type-Options: nosniff
18:35:32.914 [Test worker] DEBUG org.apache.http.headers - << X-XSS-Protection: 1; mode=block
18:35:32.914 [Test worker] DEBUG org.apache.http.headers - << Cache-Control: no-cache, no-store, max-age=0, must-revalidate
18:35:32.914 [Test worker] DEBUG org.apache.http.headers - << Pragma: no-cache
18:35:32.914 [Test worker] DEBUG org.apache.http.headers - << Expires: 0
18:35:32.914 [Test worker] DEBUG org.apache.http.headers - << X-Frame-Options: DENY
18:35:32.914 [Test worker] DEBUG org.apache.http.headers - << Content-Type: application/json
18:35:32.914 [Test worker] DEBUG org.apache.http.headers - << Transfer-Encoding: chunked
18:35:32.914 [Test worker] DEBUG org.apache.http.headers - << Date: Wed, 20 Apr 2022 23:04:03 GMT
18:35:32.914 [Test worker] DEBUG org.apache.http.headers - << Keep-Alive: timeout=60
18:35:32.914 [Test worker] DEBUG org.apache.http.headers - << Connection: keep-alive
18:35:32.914 [Test worker] DEBUG org.apache.http.impl.client.DefaultHttpClient - Connection can be kept alive for 60000 MILLISECONDS
18:35:32.930 [Test worker] DEBUG io.restassured.internal.RequestSpecificationImpl$RestAssuredHttpBuilder - Parsing response as: application/json
18:35:32.930 [Test worker] DEBUG io.restassured.internal.RequestSpecificationImpl$RestAssuredHttpBuilder - Parsed data to instance of: class org.apache.http.conn.EofSensorInputStream
18:35:32.961 [Test worker] DEBUG org.apache.http.wire -  << "e6[\r][\n]"
18:35:32.961 [Test worker] DEBUG org.apache.http.wire -  << "{"role":"Automatizador","rights":"automatizar","username":"Orlando.Pautt","token":"eyJhbGciOiJIUzI1NiJ9.eyJzdWIiOiJPcmxhbmRvLlBhdXR0QVBJIiwiZXhwIjoxNjUwNTMxODQzLCJpYXQiOjE2NTA0OTU4NDN9.g8QXI-r31K-Kes0RZLFDz4OCug95ceNsQikV1TC8paw"}"
18:35:32.961 [Test worker] DEBUG org.apache.http.wire -  << "[\r][\n]"
18:35:32.961 [Test worker] DEBUG org.apache.http.wire -  << "0[\r][\n]"
18:35:32.961 [Test worker] DEBUG org.apache.http.wire -  << "[\r][\n]"
18:35:32.961 [Test worker] DEBUG org.apache.http.impl.conn.BasicClientConnectionManager - Releasing connection org.apache.http.impl.conn.ManagedClientConnectionImpl@333b9c46
18:35:32.961 [Test worker] DEBUG org.apache.http.impl.conn.BasicClientConnectionManager - Connection can be kept alive for 60000 MILLISECONDS
18:35:33.038 [Finalizer] DEBUG org.apache.http.impl.conn.DefaultClientConnection - Connection 0.0.0.0:60712<->10.69.42.60:8089 closed
18:35:33.457 [Test worker] DEBUG org.apache.http.impl.conn.BasicClientConnectionManager - Get connection for route {}->http://10.69.42.60:8089
18:35:33.457 [Test worker] DEBUG org.apache.http.impl.conn.DefaultClientConnectionOperator - Connecting to 10.69.42.60:8089
18:35:33.467 [Test worker] DEBUG org.apache.http.client.protocol.RequestAddCookies - CookieSpec selected: ignoreCookies
18:35:33.467 [Test worker] DEBUG org.apache.http.client.protocol.RequestAuthCache - Auth cache not set in the context
18:35:33.467 [Test worker] DEBUG org.apache.http.client.protocol.RequestProxyAuthentication - Proxy auth state: UNCHALLENGED
18:35:33.467 [Test worker] DEBUG org.apache.http.impl.client.DefaultHttpClient - Attempt 1 to execute request
18:35:33.467 [Test worker] DEBUG org.apache.http.impl.conn.DefaultClientConnection - Sending request: POST /api/external-automation HTTP/1.1
18:35:33.467 [Test worker] DEBUG org.apache.http.wire -  >> "POST /api/external-automation HTTP/1.1[\r][\n]"
18:35:33.467 [Test worker] DEBUG org.apache.http.wire -  >> "Authorization: Bearer eyJhbGciOiJIUzI1NiJ9.eyJzdWIiOiJPcmxhbmRvLlBhdXR0QVBJIiwiZXhwIjoxNjUwNTMxODQzLCJpYXQiOjE2NTA0OTU4NDN9.g8QXI-r31K-Kes0RZLFDz4OCug95ceNsQikV1TC8paw[\r][\n]"
18:35:33.467 [Test worker] DEBUG org.apache.http.wire -  >> "Accept: */*[\r][\n]"
18:35:33.467 [Test worker] DEBUG org.apache.http.wire -  >> "Content-Type: application/json; charset=UTF-8[\r][\n]"
18:35:33.467 [Test worker] DEBUG org.apache.http.wire -  >> "Content-Length: 2809[\r][\n]"
18:35:33.467 [Test worker] DEBUG org.apache.http.wire -  >> "Host: 10.69.42.60:8089[\r][\n]"
18:35:33.467 [Test worker] DEBUG org.apache.http.wire -  >> "Connection: Keep-Alive[\r][\n]"
18:35:33.467 [Test worker] DEBUG org.apache.http.wire -  >> "User-Agent: Apache-HttpClient/4.5.9 (Java/1.8.0_301)[\r][\n]"
18:35:33.467 [Test worker] DEBUG org.apache.http.wire -  >> "Accept-Encoding: gzip,deflate[\r][\n]"
18:35:33.467 [Test worker] DEBUG org.apache.http.wire -  >> "[\r][\n]"
18:35:33.467 [Test worker] DEBUG org.apache.http.headers - >> POST /api/external-automation HTTP/1.1
18:35:33.467 [Test worker] DEBUG org.apache.http.headers - >> Authorization: Bearer eyJhbGciOiJIUzI1NiJ9.eyJzdWIiOiJPcmxhbmRvLlBhdXR0QVBJIiwiZXhwIjoxNjUwNTMxODQzLCJpYXQiOjE2NTA0OTU4NDN9.g8QXI-r31K-Kes0RZLFDz4OCug95ceNsQikV1TC8paw
18:35:33.467 [Test worker] DEBUG org.apache.http.headers - >> Accept: */*
18:35:33.467 [Test worker] DEBUG org.apache.http.headers - >> Content-Type: application/json; charset=UTF-8
18:35:33.467 [Test worker] DEBUG org.apache.http.headers - >> Content-Length: 2809
18:35:33.467 [Test worker] DEBUG org.apache.http.headers - >> Host: 10.69.42.60:8089
18:35:33.467 [Test worker] DEBUG org.apache.http.headers - >> Connection: Keep-Alive
18:35:33.475 [Test worker] DEBUG org.apache.http.headers - >> User-Agent: Apache-HttpClient/4.5.9 (Java/1.8.0_301)
18:35:33.475 [Test worker] DEBUG org.apache.http.headers - >> Accept-Encoding: gzip,deflate
18:35:33.475 [Test worker] DEBUG org.apache.http.wire -  >> "{[\n]"
18:35:33.475 [Test worker] DEBUG org.apache.http.wire -  >> "    "contentFeature": [[\n]"
18:35:33.475 [Test worker] DEBUG org.apache.http.wire -  >> "        "Feature: Consultar Estado de Linea\n\n   Scenario Outline: Consultar Estado de Line\n\tGiven Deseo navegar a la pagina <urlCrm>\n    And Ingreso rapidamente <userCrm> en el campo \"User\"\n    And Ingreso rapidamente <passCrm> en el campo \"Password\"\n    And Doy click en \"Submit\"\n    And Espero que la pagina cargue\n    When Doy click en \"Consultas\"\n    And Espero que la pagina cargue\n    And Selecciono en el arbol la opcion <postventa>\n    And Selecciono en el arbol la opcion <integral>\n    And Doy click en \"Nueva pantalla unica\"\n    And Espero <tiempoEspera> segundos\n    And Espero que el iFrame \"transaccion crm portal\" cargue\n    And Cargo la pagina interna \"transaccion crm portal\"\n    And Ingreso rapidamente <msisdn> en el campo \"Msisdn\"\n    Then Doy click en \"Buscar\"\n    And Espero que la pagina cargue\n    And Valido que valor del campo \"label tipo\" sea <tipo>\n    And Valido que valor del campo \"estado linea\" sea <estadoLinea>\n\tAnd Doy click en \"Activacion\"\n\tAnd Doy click en \"Impreso HLR\"\n\tAnd Espero <tiempoEsperaFinal> segundos\n\tAnd Modifico el atributo <atributo> del campo \"HLR\" por <valorAtributo>\n\tAnd Capturo con scroll la informacion completa de la pagina\n    And Doy click en \"Prepago\"\n\tAnd Doy click en \"Resumen\"\n\tAnd Espero <tiempoEsperaFinal> segundos\n\tAnd Capturo con scroll la informacion completa de la pagina\n\n Examples:\n|urlCrm|userCrm|passCrm|postventa|integral|tiempoEspera|msisdn|tipo|estadoLinea|tiempoEsperaFinal|atributo|valorAtributo|\n|\"http://10.69.60.140:8280/portal/CRMPortal\"|\"SM1152457543\"|\"Tigo.2020*\"|\"Consulta Posventa\"|\"Consulta Integral\"|\"3\"|\"3015169697\"|\"Prepago\"|\"Activo\"|\"5\"|\"style\"|\"height: 4777px\"|\n"[\n]"
18:35:33.475 [Test worker] DEBUG org.apache.http.wire -  >> "    ],[\n]"
18:35:33.475 [Test worker] DEBUG org.apache.http.wire -  >> "    "nameFeature": [[\n]"
18:35:33.475 [Test worker] DEBUG org.apache.http.wire -  >> "        "ESC001_ Consultar Estado de Linea"[\n]"
18:35:33.475 [Test worker] DEBUG org.apache.http.wire -  >> "    ],[\n]"
18:35:33.475 [Test worker] DEBUG org.apache.http.wire -  >> "    "contentProperties": [[\n]"
18:35:33.475 [Test worker] DEBUG org.apache.http.wire -  >> "        "|User=id:username|Password=id:password|Submit=name:login|Consultas=linkText:Consultas|Nueva pantalla unica=linkText:Nueva Pantalla Unica Clientes|transaccion crm portal=id:iframe|Msisdn=xpath://*[@id='j_id15:j_id26']|Buscar=//*[@id='j_id15:j_id27']|label tipo=id:j_id135:j_id166|estado linea=//*[@id='j_id135:j_id183']|Activacion=id:j_id373:menu:j_id374:j_id421|Impreso HLR=id:j_id373:menu:j_id374:j_id421:j_id424:icn|HLR=//textarea[@class='iceInpTxtArea' and contains(.,'HLR')]|Prepago=id:j_id373:menu:j_id374:j_id376|Resumen=id:j_id373:menu:j_id374:j_id376:j_id377:icn|"[\n]"
18:35:33.475 [Test worker] DEBUG org.apache.http.wire -  >> "    ],[\n]"
18:35:33.475 [Test worker] DEBUG org.apache.http.wire -  >> "    "allowsTrace": "0",[\n]"
18:35:33.475 [Test worker] DEBUG org.apache.http.wire -  >> "    "browser": "chrome",[\n]"
18:35:33.475 [Test worker] DEBUG org.apache.http.wire -  >> "    "aplicationType": [[\n]"
18:35:33.475 [Test worker] DEBUG org.apache.http.wire -  >> "        "Web"[\n]"
18:35:33.475 [Test worker] DEBUG org.apache.http.wire -  >> "    ],[\n]"
18:35:33.475 [Test worker] DEBUG org.apache.http.wire -  >> "    "aplication": [[\n]"
18:35:33.475 [Test worker] DEBUG org.apache.http.wire -  >> "        "CRM"[\n]"
18:35:33.475 [Test worker] DEBUG org.apache.http.wire -  >> "    ],[\n]"
18:35:33.475 [Test worker] DEBUG org.apache.http.wire -  >> "    "process": [[\n]"
18:35:33.475 [Test worker] DEBUG org.apache.http.wire -  >> "        " Consultar Estado de Linea"[\n]"
18:35:33.475 [Test worker] DEBUG org.apache.http.wire -  >> "    ],[\n]"
18:35:33.475 [Test worker] DEBUG org.apache.http.wire -  >> "    "iterations": [[\n]"
18:35:33.475 [Test worker] DEBUG org.apache.http.wire -  >> "        1[\n]"
18:35:33.475 [Test worker] DEBUG org.apache.http.wire -  >> "    ],[\n]"
18:35:33.475 [Test worker] DEBUG org.apache.http.wire -  >> "    "appTypeToValidate": [[\n]"
18:35:33.475 [Test worker] DEBUG org.apache.http.wire -  >> "        "1"[\n]"
18:35:33.475 [Test worker] DEBUG org.apache.http.wire -  >> "    ],[\n]"
18:35:33.475 [Test worker] DEBUG org.apache.http.wire -  >> "    "testError": false,[\n]"
18:35:33.475 [Test worker] DEBUG org.apache.http.wire -  >> "    "stopExecution":false[\n]"
18:35:33.475 [Test worker] DEBUG org.apache.http.wire -  >> "}"
18:35:33.501 [Test worker] DEBUG org.apache.http.wire -  << "HTTP/1.1 200 [\r][\n]"
18:35:33.501 [Test worker] DEBUG org.apache.http.wire -  << "Vary: Origin[\r][\n]"
18:35:33.517 [Test worker] DEBUG org.apache.http.wire -  << "Vary: Access-Control-Request-Method[\r][\n]"
18:35:33.517 [Test worker] DEBUG org.apache.http.wire -  << "Vary: Access-Control-Request-Headers[\r][\n]"
18:35:33.517 [Test worker] DEBUG org.apache.http.wire -  << "X-Content-Type-Options: nosniff[\r][\n]"
18:35:33.517 [Test worker] DEBUG org.apache.http.wire -  << "X-XSS-Protection: 1; mode=block[\r][\n]"
18:35:33.517 [Test worker] DEBUG org.apache.http.wire -  << "Cache-Control: no-cache, no-store, max-age=0, must-revalidate[\r][\n]"
18:35:33.517 [Test worker] DEBUG org.apache.http.wire -  << "Pragma: no-cache[\r][\n]"
18:35:33.517 [Test worker] DEBUG org.apache.http.wire -  << "Expires: 0[\r][\n]"
18:35:33.517 [Test worker] DEBUG org.apache.http.wire -  << "X-Frame-Options: DENY[\r][\n]"
18:35:33.517 [Test worker] DEBUG org.apache.http.wire -  << "Content-Type: application/json[\r][\n]"
18:35:33.517 [Test worker] DEBUG org.apache.http.wire -  << "Transfer-Encoding: chunked[\r][\n]"
18:35:33.517 [Test worker] DEBUG org.apache.http.wire -  << "Date: Wed, 20 Apr 2022 23:04:03 GMT[\r][\n]"
18:35:33.517 [Test worker] DEBUG org.apache.http.wire -  << "Keep-Alive: timeout=60[\r][\n]"
18:35:33.517 [Test worker] DEBUG org.apache.http.wire -  << "Connection: keep-alive[\r][\n]"
18:35:33.517 [Test worker] DEBUG org.apache.http.wire -  << "[\r][\n]"
18:35:33.517 [Test worker] DEBUG org.apache.http.impl.conn.DefaultClientConnection - Receiving response: HTTP/1.1 200 
18:35:33.517 [Test worker] DEBUG org.apache.http.headers - << HTTP/1.1 200 
18:35:33.517 [Test worker] DEBUG org.apache.http.headers - << Vary: Origin
18:35:33.517 [Test worker] DEBUG org.apache.http.headers - << Vary: Access-Control-Request-Method
18:35:33.517 [Test worker] DEBUG org.apache.http.headers - << Vary: Access-Control-Request-Headers
18:35:33.517 [Test worker] DEBUG org.apache.http.headers - << X-Content-Type-Options: nosniff
18:35:33.517 [Test worker] DEBUG org.apache.http.headers - << X-XSS-Protection: 1; mode=block
18:35:33.517 [Test worker] DEBUG org.apache.http.headers - << Cache-Control: no-cache, no-store, max-age=0, must-revalidate
18:35:33.517 [Test worker] DEBUG org.apache.http.headers - << Pragma: no-cache
18:35:33.517 [Test worker] DEBUG org.apache.http.headers - << Expires: 0
18:35:33.517 [Test worker] DEBUG org.apache.http.headers - << X-Frame-Options: DENY
18:35:33.517 [Test worker] DEBUG org.apache.http.headers - << Content-Type: application/json
18:35:33.517 [Test worker] DEBUG org.apache.http.headers - << Transfer-Encoding: chunked
18:35:33.517 [Test worker] DEBUG org.apache.http.headers - << Date: Wed, 20 Apr 2022 23:04:03 GMT
18:35:33.517 [Test worker] DEBUG org.apache.http.headers - << Keep-Alive: timeout=60
18:35:33.517 [Test worker] DEBUG org.apache.http.headers - << Connection: keep-alive
18:35:33.517 [Test worker] DEBUG org.apache.http.impl.client.DefaultHttpClient - Connection can be kept alive for 60000 MILLISECONDS
18:35:33.517 [Test worker] DEBUG io.restassured.internal.RequestSpecificationImpl$RestAssuredHttpBuilder - Parsing response as: application/json
18:35:33.517 [Test worker] DEBUG io.restassured.internal.RequestSpecificationImpl$RestAssuredHttpBuilder - Parsed data to instance of: class org.apache.http.conn.EofSensorInputStream
18:35:33.517 [Test worker] DEBUG org.apache.http.wire -  << "35[\r][\n]"
18:35:33.517 [Test worker] DEBUG org.apache.http.wire -  << "{"idexecution":"12057","message":"Execution Pending"}"
18:35:33.517 [Test worker] DEBUG org.apache.http.wire -  << "[\r][\n]"
18:35:33.517 [Test worker] DEBUG org.apache.http.wire -  << "0[\r][\n]"
18:35:33.517 [Test worker] DEBUG org.apache.http.wire -  << "[\r][\n]"
18:35:33.517 [Test worker] DEBUG org.apache.http.impl.conn.BasicClientConnectionManager - Releasing connection org.apache.http.impl.conn.ManagedClientConnectionImpl@49af699d
18:35:33.517 [Test worker] DEBUG org.apache.http.impl.conn.BasicClientConnectionManager - Connection can be kept alive for 60000 MILLISECONDS
18:35:33.565 [Test worker] DEBUG org.apache.http.impl.conn.BasicClientConnectionManager - Get connection for route {}->http://10.69.42.60:8089
18:35:33.565 [Test worker] DEBUG org.apache.http.impl.conn.DefaultClientConnectionOperator - Connecting to 10.69.42.60:8089
18:35:33.586 [Test worker] DEBUG org.apache.http.client.protocol.RequestAddCookies - CookieSpec selected: ignoreCookies
18:35:33.586 [Test worker] DEBUG org.apache.http.client.protocol.RequestAuthCache - Auth cache not set in the context
18:35:33.586 [Test worker] DEBUG org.apache.http.client.protocol.RequestProxyAuthentication - Proxy auth state: UNCHALLENGED
18:35:33.586 [Test worker] DEBUG org.apache.http.impl.client.DefaultHttpClient - Attempt 1 to execute request
18:35:33.586 [Test worker] DEBUG org.apache.http.impl.conn.DefaultClientConnection - Sending request: GET /api/execution-result?idexecution=12057 HTTP/1.1
18:35:33.586 [Test worker] DEBUG org.apache.http.wire -  >> "GET /api/execution-result?idexecution=12057 HTTP/1.1[\r][\n]"
18:35:33.586 [Test worker] DEBUG org.apache.http.wire -  >> "Content-Type: application/json; charset=UTF-8[\r][\n]"
18:35:33.586 [Test worker] DEBUG org.apache.http.wire -  >> "Authorization: Bearer eyJhbGciOiJIUzI1NiJ9.eyJzdWIiOiJPcmxhbmRvLlBhdXR0QVBJIiwiZXhwIjoxNjUwNTMxODQzLCJpYXQiOjE2NTA0OTU4NDN9.g8QXI-r31K-Kes0RZLFDz4OCug95ceNsQikV1TC8paw[\r][\n]"
18:35:33.586 [Test worker] DEBUG org.apache.http.wire -  >> "Accept: */*[\r][\n]"
18:35:33.586 [Test worker] DEBUG org.apache.http.wire -  >> "Host: 10.69.42.60:8089[\r][\n]"
18:35:33.586 [Test worker] DEBUG org.apache.http.wire -  >> "Connection: Keep-Alive[\r][\n]"
18:35:33.586 [Test worker] DEBUG org.apache.http.wire -  >> "User-Agent: Apache-HttpClient/4.5.9 (Java/1.8.0_301)[\r][\n]"
18:35:33.586 [Test worker] DEBUG org.apache.http.wire -  >> "Accept-Encoding: gzip,deflate[\r][\n]"
18:35:33.586 [Test worker] DEBUG org.apache.http.wire -  >> "[\r][\n]"
18:35:33.586 [Test worker] DEBUG org.apache.http.headers - >> GET /api/execution-result?idexecution=12057 HTTP/1.1
18:35:33.586 [Test worker] DEBUG org.apache.http.headers - >> Content-Type: application/json; charset=UTF-8
18:35:33.586 [Test worker] DEBUG org.apache.http.headers - >> Authorization: Bearer eyJhbGciOiJIUzI1NiJ9.eyJzdWIiOiJPcmxhbmRvLlBhdXR0QVBJIiwiZXhwIjoxNjUwNTMxODQzLCJpYXQiOjE2NTA0OTU4NDN9.g8QXI-r31K-Kes0RZLFDz4OCug95ceNsQikV1TC8paw
18:35:33.586 [Test worker] DEBUG org.apache.http.headers - >> Accept: */*
18:35:33.586 [Test worker] DEBUG org.apache.http.headers - >> Host: 10.69.42.60:8089
18:35:33.586 [Test worker] DEBUG org.apache.http.headers - >> Connection: Keep-Alive
18:35:33.586 [Test worker] DEBUG org.apache.http.headers - >> User-Agent: Apache-HttpClient/4.5.9 (Java/1.8.0_301)
18:35:33.586 [Test worker] DEBUG org.apache.http.headers - >> Accept-Encoding: gzip,deflate
18:35:33.618 [Test worker] DEBUG org.apache.http.wire -  << "HTTP/1.1 200 [\r][\n]"
18:35:33.618 [Test worker] DEBUG org.apache.http.wire -  << "Vary: Origin[\r][\n]"
18:35:33.618 [Test worker] DEBUG org.apache.http.wire -  << "Vary: Access-Control-Request-Method[\r][\n]"
18:35:33.618 [Test worker] DEBUG org.apache.http.wire -  << "Vary: Access-Control-Request-Headers[\r][\n]"
18:35:33.618 [Test worker] DEBUG org.apache.http.wire -  << "Vary: Origin[\r][\n]"
18:35:33.618 [Test worker] DEBUG org.apache.http.wire -  << "Vary: Access-Control-Request-Method[\r][\n]"
18:35:33.618 [Test worker] DEBUG org.apache.http.wire -  << "Vary: Access-Control-Request-Headers[\r][\n]"
18:35:33.618 [Test worker] DEBUG org.apache.http.wire -  << "X-Content-Type-Options: nosniff[\r][\n]"
18:35:33.618 [Test worker] DEBUG org.apache.http.wire -  << "X-XSS-Protection: 1; mode=block[\r][\n]"
18:35:33.618 [Test worker] DEBUG org.apache.http.wire -  << "Cache-Control: no-cache, no-store, max-age=0, must-revalidate[\r][\n]"
18:35:33.618 [Test worker] DEBUG org.apache.http.wire -  << "Pragma: no-cache[\r][\n]"
18:35:33.618 [Test worker] DEBUG org.apache.http.wire -  << "Expires: 0[\r][\n]"
18:35:33.618 [Test worker] DEBUG org.apache.http.wire -  << "X-Frame-Options: DENY[\r][\n]"
18:35:33.618 [Test worker] DEBUG org.apache.http.wire -  << "Content-Type: application/json[\r][\n]"
18:35:33.618 [Test worker] DEBUG org.apache.http.wire -  << "Transfer-Encoding: chunked[\r][\n]"
18:35:33.618 [Test worker] DEBUG org.apache.http.wire -  << "Date: Wed, 20 Apr 2022 23:04:03 GMT[\r][\n]"
18:35:33.618 [Test worker] DEBUG org.apache.http.wire -  << "Keep-Alive: timeout=60[\r][\n]"
18:35:33.618 [Test worker] DEBUG org.apache.http.wire -  << "Connection: keep-alive[\r][\n]"
18:35:33.618 [Test worker] DEBUG org.apache.http.wire -  << "[\r][\n]"
18:35:33.618 [Test worker] DEBUG org.apache.http.impl.conn.DefaultClientConnection - Receiving response: HTTP/1.1 200 
18:35:33.618 [Test worker] DEBUG org.apache.http.headers - << HTTP/1.1 200 
18:35:33.618 [Test worker] DEBUG org.apache.http.headers - << Vary: Origin
18:35:33.618 [Test worker] DEBUG org.apache.http.headers - << Vary: Access-Control-Request-Method
18:35:33.618 [Test worker] DEBUG org.apache.http.headers - << Vary: Access-Control-Request-Headers
18:35:33.618 [Test worker] DEBUG org.apache.http.headers - << Vary: Origin
18:35:33.618 [Test worker] DEBUG org.apache.http.headers - << Vary: Access-Control-Request-Method
18:35:33.618 [Test worker] DEBUG org.apache.http.headers - << Vary: Access-Control-Request-Headers
18:35:33.618 [Test worker] DEBUG org.apache.http.headers - << X-Content-Type-Options: nosniff
18:35:33.618 [Test worker] DEBUG org.apache.http.headers - << X-XSS-Protection: 1; mode=block
18:35:33.618 [Test worker] DEBUG org.apache.http.headers - << Cache-Control: no-cache, no-store, max-age=0, must-revalidate
18:35:33.618 [Test worker] DEBUG org.apache.http.headers - << Pragma: no-cache
18:35:33.618 [Test worker] DEBUG org.apache.http.headers - << Expires: 0
18:35:33.618 [Test worker] DEBUG org.apache.http.headers - << X-Frame-Options: DENY
18:35:33.618 [Test worker] DEBUG org.apache.http.headers - << Content-Type: application/json
18:35:33.618 [Test worker] DEBUG org.apache.http.headers - << Transfer-Encoding: chunked
18:35:33.618 [Test worker] DEBUG org.apache.http.headers - << Date: Wed, 20 Apr 2022 23:04:03 GMT
18:35:33.618 [Test worker] DEBUG org.apache.http.headers - << Keep-Alive: timeout=60
18:35:33.618 [Test worker] DEBUG org.apache.http.headers - << Connection: keep-alive
18:35:33.618 [Test worker] DEBUG org.apache.http.impl.client.DefaultHttpClient - Connection can be kept alive for 60000 MILLISECONDS
18:35:33.618 [Test worker] DEBUG io.restassured.internal.RequestSpecificationImpl$RestAssuredHttpBuilder - Parsing response as: application/json
18:35:33.618 [Test worker] DEBUG io.restassured.internal.RequestSpecificationImpl$RestAssuredHttpBuilder - Parsed data to instance of: class org.apache.http.conn.EofSensorInputStream
18:35:33.618 [Test worker] DEBUG org.apache.http.wire -  << "34[\r][\n]"
18:35:33.618 [Test worker] DEBUG org.apache.http.wire -  << "{"result":"Pendiente","executionStatus":"Pendiente"}"
18:35:33.618 [Test worker] DEBUG org.apache.http.wire -  << "[\r][\n]"
18:35:33.618 [Test worker] DEBUG org.apache.http.wire -  << "0[\r][\n]"
18:35:33.618 [Test worker] DEBUG org.apache.http.wire -  << "[\r][\n]"
18:35:33.618 [Test worker] DEBUG org.apache.http.impl.conn.BasicClientConnectionManager - Releasing connection org.apache.http.impl.conn.ManagedClientConnectionImpl@de9fd29
18:35:33.618 [Test worker] DEBUG org.apache.http.impl.conn.BasicClientConnectionManager - Connection can be kept alive for 60000 MILLISECONDS
18:35:53.646 [Test worker] DEBUG org.apache.http.impl.conn.BasicClientConnectionManager - Get connection for route {}->http://10.69.42.60:8089
18:35:53.646 [Test worker] DEBUG org.apache.http.impl.conn.DefaultClientConnectionOperator - Connecting to 10.69.42.60:8089
18:35:53.662 [Test worker] DEBUG org.apache.http.client.protocol.RequestAddCookies - CookieSpec selected: ignoreCookies
18:35:53.662 [Test worker] DEBUG org.apache.http.client.protocol.RequestAuthCache - Auth cache not set in the context
18:35:53.662 [Test worker] DEBUG org.apache.http.client.protocol.RequestProxyAuthentication - Proxy auth state: UNCHALLENGED
18:35:53.662 [Test worker] DEBUG org.apache.http.impl.client.DefaultHttpClient - Attempt 1 to execute request
18:35:53.662 [Test worker] DEBUG org.apache.http.impl.conn.DefaultClientConnection - Sending request: GET /api/execution-result?idexecution=12057 HTTP/1.1
18:35:53.662 [Test worker] DEBUG org.apache.http.wire -  >> "GET /api/execution-result?idexecution=12057 HTTP/1.1[\r][\n]"
18:35:53.662 [Test worker] DEBUG org.apache.http.wire -  >> "Content-Type: application/json; charset=UTF-8[\r][\n]"
18:35:53.662 [Test worker] DEBUG org.apache.http.wire -  >> "Authorization: Bearer eyJhbGciOiJIUzI1NiJ9.eyJzdWIiOiJPcmxhbmRvLlBhdXR0QVBJIiwiZXhwIjoxNjUwNTMxODQzLCJpYXQiOjE2NTA0OTU4NDN9.g8QXI-r31K-Kes0RZLFDz4OCug95ceNsQikV1TC8paw[\r][\n]"
18:35:53.662 [Test worker] DEBUG org.apache.http.wire -  >> "Accept: */*[\r][\n]"
18:35:53.662 [Test worker] DEBUG org.apache.http.wire -  >> "Host: 10.69.42.60:8089[\r][\n]"
18:35:53.662 [Test worker] DEBUG org.apache.http.wire -  >> "Connection: Keep-Alive[\r][\n]"
18:35:53.662 [Test worker] DEBUG org.apache.http.wire -  >> "User-Agent: Apache-HttpClient/4.5.9 (Java/1.8.0_301)[\r][\n]"
18:35:53.662 [Test worker] DEBUG org.apache.http.wire -  >> "Accept-Encoding: gzip,deflate[\r][\n]"
18:35:53.662 [Test worker] DEBUG org.apache.http.wire -  >> "[\r][\n]"
18:35:53.662 [Test worker] DEBUG org.apache.http.headers - >> GET /api/execution-result?idexecution=12057 HTTP/1.1
18:35:53.662 [Test worker] DEBUG org.apache.http.headers - >> Content-Type: application/json; charset=UTF-8
18:35:53.662 [Test worker] DEBUG org.apache.http.headers - >> Authorization: Bearer eyJhbGciOiJIUzI1NiJ9.eyJzdWIiOiJPcmxhbmRvLlBhdXR0QVBJIiwiZXhwIjoxNjUwNTMxODQzLCJpYXQiOjE2NTA0OTU4NDN9.g8QXI-r31K-Kes0RZLFDz4OCug95ceNsQikV1TC8paw
18:35:53.662 [Test worker] DEBUG org.apache.http.headers - >> Accept: */*
18:35:53.662 [Test worker] DEBUG org.apache.http.headers - >> Host: 10.69.42.60:8089
18:35:53.662 [Test worker] DEBUG org.apache.http.headers - >> Connection: Keep-Alive
18:35:53.662 [Test worker] DEBUG org.apache.http.headers - >> User-Agent: Apache-HttpClient/4.5.9 (Java/1.8.0_301)
18:35:53.662 [Test worker] DEBUG org.apache.http.headers - >> Accept-Encoding: gzip,deflate
18:35:53.694 [Test worker] DEBUG org.apache.http.wire -  << "HTTP/1.1 200 [\r][\n]"
18:35:53.694 [Test worker] DEBUG org.apache.http.wire -  << "Vary: Origin[\r][\n]"
18:35:53.694 [Test worker] DEBUG org.apache.http.wire -  << "Vary: Access-Control-Request-Method[\r][\n]"
18:35:53.694 [Test worker] DEBUG org.apache.http.wire -  << "Vary: Access-Control-Request-Headers[\r][\n]"
18:35:53.694 [Test worker] DEBUG org.apache.http.wire -  << "Vary: Origin[\r][\n]"
18:35:53.694 [Test worker] DEBUG org.apache.http.wire -  << "Vary: Access-Control-Request-Method[\r][\n]"
18:35:53.694 [Test worker] DEBUG org.apache.http.wire -  << "Vary: Access-Control-Request-Headers[\r][\n]"
18:35:53.694 [Test worker] DEBUG org.apache.http.wire -  << "X-Content-Type-Options: nosniff[\r][\n]"
18:35:53.694 [Test worker] DEBUG org.apache.http.wire -  << "X-XSS-Protection: 1; mode=block[\r][\n]"
18:35:53.694 [Test worker] DEBUG org.apache.http.wire -  << "Cache-Control: no-cache, no-store, max-age=0, must-revalidate[\r][\n]"
18:35:53.694 [Test worker] DEBUG org.apache.http.wire -  << "Pragma: no-cache[\r][\n]"
18:35:53.694 [Test worker] DEBUG org.apache.http.wire -  << "Expires: 0[\r][\n]"
18:35:53.694 [Test worker] DEBUG org.apache.http.wire -  << "X-Frame-Options: DENY[\r][\n]"
18:35:53.694 [Test worker] DEBUG org.apache.http.wire -  << "Content-Type: application/json[\r][\n]"
18:35:53.694 [Test worker] DEBUG org.apache.http.wire -  << "Transfer-Encoding: chunked[\r][\n]"
18:35:53.694 [Test worker] DEBUG org.apache.http.wire -  << "Date: Wed, 20 Apr 2022 23:04:24 GMT[\r][\n]"
18:35:53.694 [Test worker] DEBUG org.apache.http.wire -  << "Keep-Alive: timeout=60[\r][\n]"
18:35:53.694 [Test worker] DEBUG org.apache.http.wire -  << "Connection: keep-alive[\r][\n]"
18:35:53.694 [Test worker] DEBUG org.apache.http.wire -  << "[\r][\n]"
18:35:53.694 [Test worker] DEBUG org.apache.http.impl.conn.DefaultClientConnection - Receiving response: HTTP/1.1 200 
18:35:53.694 [Test worker] DEBUG org.apache.http.headers - << HTTP/1.1 200 
18:35:53.694 [Test worker] DEBUG org.apache.http.headers - << Vary: Origin
18:35:53.694 [Test worker] DEBUG org.apache.http.headers - << Vary: Access-Control-Request-Method
18:35:53.694 [Test worker] DEBUG org.apache.http.headers - << Vary: Access-Control-Request-Headers
18:35:53.694 [Test worker] DEBUG org.apache.http.headers - << Vary: Origin
18:35:53.694 [Test worker] DEBUG org.apache.http.headers - << Vary: Access-Control-Request-Method
18:35:53.694 [Test worker] DEBUG org.apache.http.headers - << Vary: Access-Control-Request-Headers
18:35:53.694 [Test worker] DEBUG org.apache.http.headers - << X-Content-Type-Options: nosniff
18:35:53.694 [Test worker] DEBUG org.apache.http.headers - << X-XSS-Protection: 1; mode=block
18:35:53.694 [Test worker] DEBUG org.apache.http.headers - << Cache-Control: no-cache, no-store, max-age=0, must-revalidate
18:35:53.694 [Test worker] DEBUG org.apache.http.headers - << Pragma: no-cache
18:35:53.694 [Test worker] DEBUG org.apache.http.headers - << Expires: 0
18:35:53.694 [Test worker] DEBUG org.apache.http.headers - << X-Frame-Options: DENY
18:35:53.694 [Test worker] DEBUG org.apache.http.headers - << Content-Type: application/json
18:35:53.694 [Test worker] DEBUG org.apache.http.headers - << Transfer-Encoding: chunked
18:35:53.694 [Test worker] DEBUG org.apache.http.headers - << Date: Wed, 20 Apr 2022 23:04:24 GMT
18:35:53.694 [Test worker] DEBUG org.apache.http.headers - << Keep-Alive: timeout=60
18:35:53.694 [Test worker] DEBUG org.apache.http.headers - << Connection: keep-alive
18:35:53.694 [Test worker] DEBUG org.apache.http.impl.client.DefaultHttpClient - Connection can be kept alive for 60000 MILLISECONDS
18:35:53.694 [Test worker] DEBUG io.restassured.internal.RequestSpecificationImpl$RestAssuredHttpBuilder - Parsing response as: application/json
18:35:53.694 [Test worker] DEBUG io.restassured.internal.RequestSpecificationImpl$RestAssuredHttpBuilder - Parsed data to instance of: class org.apache.http.conn.EofSensorInputStream
18:35:53.694 [Test worker] DEBUG org.apache.http.wire -  << "38[\r][\n]"
18:35:53.694 [Test worker] DEBUG org.apache.http.wire -  << "{"result":"Pendiente","executionStatus":"En ejecuci[0xc3][0xb3]n"}"
18:35:53.694 [Test worker] DEBUG org.apache.http.wire -  << "[\r][\n]"
18:35:53.694 [Test worker] DEBUG org.apache.http.wire -  << "0[\r][\n]"
18:35:53.694 [Test worker] DEBUG org.apache.http.wire -  << "[\r][\n]"
18:35:53.694 [Test worker] DEBUG org.apache.http.impl.conn.BasicClientConnectionManager - Releasing connection org.apache.http.impl.conn.ManagedClientConnectionImpl@fa0e5dd
18:35:53.694 [Test worker] DEBUG org.apache.http.impl.conn.BasicClientConnectionManager - Connection can be kept alive for 60000 MILLISECONDS
18:36:13.721 [Test worker] DEBUG org.apache.http.impl.conn.BasicClientConnectionManager - Get connection for route {}->http://10.69.42.60:8089
18:36:13.721 [Test worker] DEBUG org.apache.http.impl.conn.DefaultClientConnectionOperator - Connecting to 10.69.42.60:8089
18:36:13.736 [Test worker] DEBUG org.apache.http.client.protocol.RequestAddCookies - CookieSpec selected: ignoreCookies
18:36:13.736 [Test worker] DEBUG org.apache.http.client.protocol.RequestAuthCache - Auth cache not set in the context
18:36:13.736 [Test worker] DEBUG org.apache.http.client.protocol.RequestProxyAuthentication - Proxy auth state: UNCHALLENGED
18:36:13.736 [Test worker] DEBUG org.apache.http.impl.client.DefaultHttpClient - Attempt 1 to execute request
18:36:13.736 [Test worker] DEBUG org.apache.http.impl.conn.DefaultClientConnection - Sending request: GET /api/execution-result?idexecution=12057 HTTP/1.1
18:36:13.736 [Test worker] DEBUG org.apache.http.wire -  >> "GET /api/execution-result?idexecution=12057 HTTP/1.1[\r][\n]"
18:36:13.736 [Test worker] DEBUG org.apache.http.wire -  >> "Content-Type: application/json; charset=UTF-8[\r][\n]"
18:36:13.736 [Test worker] DEBUG org.apache.http.wire -  >> "Authorization: Bearer eyJhbGciOiJIUzI1NiJ9.eyJzdWIiOiJPcmxhbmRvLlBhdXR0QVBJIiwiZXhwIjoxNjUwNTMxODQzLCJpYXQiOjE2NTA0OTU4NDN9.g8QXI-r31K-Kes0RZLFDz4OCug95ceNsQikV1TC8paw[\r][\n]"
18:36:13.736 [Test worker] DEBUG org.apache.http.wire -  >> "Accept: */*[\r][\n]"
18:36:13.736 [Test worker] DEBUG org.apache.http.wire -  >> "Host: 10.69.42.60:8089[\r][\n]"
18:36:13.736 [Test worker] DEBUG org.apache.http.wire -  >> "Connection: Keep-Alive[\r][\n]"
18:36:13.736 [Test worker] DEBUG org.apache.http.wire -  >> "User-Agent: Apache-HttpClient/4.5.9 (Java/1.8.0_301)[\r][\n]"
18:36:13.736 [Test worker] DEBUG org.apache.http.wire -  >> "Accept-Encoding: gzip,deflate[\r][\n]"
18:36:13.736 [Test worker] DEBUG org.apache.http.wire -  >> "[\r][\n]"
18:36:13.736 [Test worker] DEBUG org.apache.http.headers - >> GET /api/execution-result?idexecution=12057 HTTP/1.1
18:36:13.736 [Test worker] DEBUG org.apache.http.headers - >> Content-Type: application/json; charset=UTF-8
18:36:13.736 [Test worker] DEBUG org.apache.http.headers - >> Authorization: Bearer eyJhbGciOiJIUzI1NiJ9.eyJzdWIiOiJPcmxhbmRvLlBhdXR0QVBJIiwiZXhwIjoxNjUwNTMxODQzLCJpYXQiOjE2NTA0OTU4NDN9.g8QXI-r31K-Kes0RZLFDz4OCug95ceNsQikV1TC8paw
18:36:13.736 [Test worker] DEBUG org.apache.http.headers - >> Accept: */*
18:36:13.736 [Test worker] DEBUG org.apache.http.headers - >> Host: 10.69.42.60:8089
18:36:13.736 [Test worker] DEBUG org.apache.http.headers - >> Connection: Keep-Alive
18:36:13.736 [Test worker] DEBUG org.apache.http.headers - >> User-Agent: Apache-HttpClient/4.5.9 (Java/1.8.0_301)
18:36:13.736 [Test worker] DEBUG org.apache.http.headers - >> Accept-Encoding: gzip,deflate
18:36:13.768 [Test worker] DEBUG org.apache.http.wire -  << "HTTP/1.1 200 [\r][\n]"
18:36:13.768 [Test worker] DEBUG org.apache.http.wire -  << "Vary: Origin[\r][\n]"
18:36:13.768 [Test worker] DEBUG org.apache.http.wire -  << "Vary: Access-Control-Request-Method[\r][\n]"
18:36:13.768 [Test worker] DEBUG org.apache.http.wire -  << "Vary: Access-Control-Request-Headers[\r][\n]"
18:36:13.768 [Test worker] DEBUG org.apache.http.wire -  << "Vary: Origin[\r][\n]"
18:36:13.768 [Test worker] DEBUG org.apache.http.wire -  << "Vary: Access-Control-Request-Method[\r][\n]"
18:36:13.768 [Test worker] DEBUG org.apache.http.wire -  << "Vary: Access-Control-Request-Headers[\r][\n]"
18:36:13.768 [Test worker] DEBUG org.apache.http.wire -  << "X-Content-Type-Options: nosniff[\r][\n]"
18:36:13.768 [Test worker] DEBUG org.apache.http.wire -  << "X-XSS-Protection: 1; mode=block[\r][\n]"
18:36:13.768 [Test worker] DEBUG org.apache.http.wire -  << "Cache-Control: no-cache, no-store, max-age=0, must-revalidate[\r][\n]"
18:36:13.768 [Test worker] DEBUG org.apache.http.wire -  << "Pragma: no-cache[\r][\n]"
18:36:13.768 [Test worker] DEBUG org.apache.http.wire -  << "Expires: 0[\r][\n]"
18:36:13.768 [Test worker] DEBUG org.apache.http.wire -  << "X-Frame-Options: DENY[\r][\n]"
18:36:13.768 [Test worker] DEBUG org.apache.http.wire -  << "Content-Type: application/json[\r][\n]"
18:36:13.768 [Test worker] DEBUG org.apache.http.wire -  << "Transfer-Encoding: chunked[\r][\n]"
18:36:13.768 [Test worker] DEBUG org.apache.http.wire -  << "Date: Wed, 20 Apr 2022 23:04:44 GMT[\r][\n]"
18:36:13.768 [Test worker] DEBUG org.apache.http.wire -  << "Keep-Alive: timeout=60[\r][\n]"
18:36:13.768 [Test worker] DEBUG org.apache.http.wire -  << "Connection: keep-alive[\r][\n]"
18:36:13.768 [Test worker] DEBUG org.apache.http.wire -  << "[\r][\n]"
18:36:13.768 [Test worker] DEBUG org.apache.http.impl.conn.DefaultClientConnection - Receiving response: HTTP/1.1 200 
18:36:13.768 [Test worker] DEBUG org.apache.http.headers - << HTTP/1.1 200 
18:36:13.768 [Test worker] DEBUG org.apache.http.headers - << Vary: Origin
18:36:13.768 [Test worker] DEBUG org.apache.http.headers - << Vary: Access-Control-Request-Method
18:36:13.768 [Test worker] DEBUG org.apache.http.headers - << Vary: Access-Control-Request-Headers
18:36:13.768 [Test worker] DEBUG org.apache.http.headers - << Vary: Origin
18:36:13.768 [Test worker] DEBUG org.apache.http.headers - << Vary: Access-Control-Request-Method
18:36:13.768 [Test worker] DEBUG org.apache.http.headers - << Vary: Access-Control-Request-Headers
18:36:13.768 [Test worker] DEBUG org.apache.http.headers - << X-Content-Type-Options: nosniff
18:36:13.768 [Test worker] DEBUG org.apache.http.headers - << X-XSS-Protection: 1; mode=block
18:36:13.768 [Test worker] DEBUG org.apache.http.headers - << Cache-Control: no-cache, no-store, max-age=0, must-revalidate
18:36:13.768 [Test worker] DEBUG org.apache.http.headers - << Pragma: no-cache
18:36:13.768 [Test worker] DEBUG org.apache.http.headers - << Expires: 0
18:36:13.768 [Test worker] DEBUG org.apache.http.headers - << X-Frame-Options: DENY
18:36:13.768 [Test worker] DEBUG org.apache.http.headers - << Content-Type: application/json
18:36:13.768 [Test worker] DEBUG org.apache.http.headers - << Transfer-Encoding: chunked
18:36:13.768 [Test worker] DEBUG org.apache.http.headers - << Date: Wed, 20 Apr 2022 23:04:44 GMT
18:36:13.768 [Test worker] DEBUG org.apache.http.headers - << Keep-Alive: timeout=60
18:36:13.768 [Test worker] DEBUG org.apache.http.headers - << Connection: keep-alive
18:36:13.768 [Test worker] DEBUG org.apache.http.impl.client.DefaultHttpClient - Connection can be kept alive for 60000 MILLISECONDS
18:36:13.784 [Test worker] DEBUG io.restassured.internal.RequestSpecificationImpl$RestAssuredHttpBuilder - Parsing response as: application/json
18:36:13.784 [Test worker] DEBUG io.restassured.internal.RequestSpecificationImpl$RestAssuredHttpBuilder - Parsed data to instance of: class org.apache.http.conn.EofSensorInputStream
18:36:13.785 [Test worker] DEBUG org.apache.http.wire -  << "38[\r][\n]"
18:36:13.785 [Test worker] DEBUG org.apache.http.wire -  << "{"result":"Pendiente","executionStatus":"En ejecuci[0xc3][0xb3]n"}"
18:36:13.785 [Test worker] DEBUG org.apache.http.wire -  << "[\r][\n]"
18:36:13.785 [Test worker] DEBUG org.apache.http.wire -  << "0[\r][\n]"
18:36:13.785 [Test worker] DEBUG org.apache.http.wire -  << "[\r][\n]"
18:36:13.785 [Test worker] DEBUG org.apache.http.impl.conn.BasicClientConnectionManager - Releasing connection org.apache.http.impl.conn.ManagedClientConnectionImpl@2ac63847
18:36:13.785 [Test worker] DEBUG org.apache.http.impl.conn.BasicClientConnectionManager - Connection can be kept alive for 60000 MILLISECONDS
18:36:33.808 [Test worker] DEBUG org.apache.http.impl.conn.BasicClientConnectionManager - Get connection for route {}->http://10.69.42.60:8089
18:36:33.808 [Test worker] DEBUG org.apache.http.impl.conn.DefaultClientConnectionOperator - Connecting to 10.69.42.60:8089
18:36:33.824 [Test worker] DEBUG org.apache.http.client.protocol.RequestAddCookies - CookieSpec selected: ignoreCookies
18:36:33.824 [Test worker] DEBUG org.apache.http.client.protocol.RequestAuthCache - Auth cache not set in the context
18:36:33.824 [Test worker] DEBUG org.apache.http.client.protocol.RequestProxyAuthentication - Proxy auth state: UNCHALLENGED
18:36:33.824 [Test worker] DEBUG org.apache.http.impl.client.DefaultHttpClient - Attempt 1 to execute request
18:36:33.824 [Test worker] DEBUG org.apache.http.impl.conn.DefaultClientConnection - Sending request: GET /api/execution-result?idexecution=12057 HTTP/1.1
18:36:33.824 [Test worker] DEBUG org.apache.http.wire -  >> "GET /api/execution-result?idexecution=12057 HTTP/1.1[\r][\n]"
18:36:33.824 [Test worker] DEBUG org.apache.http.wire -  >> "Content-Type: application/json; charset=UTF-8[\r][\n]"
18:36:33.824 [Test worker] DEBUG org.apache.http.wire -  >> "Authorization: Bearer eyJhbGciOiJIUzI1NiJ9.eyJzdWIiOiJPcmxhbmRvLlBhdXR0QVBJIiwiZXhwIjoxNjUwNTMxODQzLCJpYXQiOjE2NTA0OTU4NDN9.g8QXI-r31K-Kes0RZLFDz4OCug95ceNsQikV1TC8paw[\r][\n]"
18:36:33.824 [Test worker] DEBUG org.apache.http.wire -  >> "Accept: */*[\r][\n]"
18:36:33.824 [Test worker] DEBUG org.apache.http.wire -  >> "Host: 10.69.42.60:8089[\r][\n]"
18:36:33.824 [Test worker] DEBUG org.apache.http.wire -  >> "Connection: Keep-Alive[\r][\n]"
18:36:33.824 [Test worker] DEBUG org.apache.http.wire -  >> "User-Agent: Apache-HttpClient/4.5.9 (Java/1.8.0_301)[\r][\n]"
18:36:33.824 [Test worker] DEBUG org.apache.http.wire -  >> "Accept-Encoding: gzip,deflate[\r][\n]"
18:36:33.824 [Test worker] DEBUG org.apache.http.wire -  >> "[\r][\n]"
18:36:33.824 [Test worker] DEBUG org.apache.http.headers - >> GET /api/execution-result?idexecution=12057 HTTP/1.1
18:36:33.824 [Test worker] DEBUG org.apache.http.headers - >> Content-Type: application/json; charset=UTF-8
18:36:33.824 [Test worker] DEBUG org.apache.http.headers - >> Authorization: Bearer eyJhbGciOiJIUzI1NiJ9.eyJzdWIiOiJPcmxhbmRvLlBhdXR0QVBJIiwiZXhwIjoxNjUwNTMxODQzLCJpYXQiOjE2NTA0OTU4NDN9.g8QXI-r31K-Kes0RZLFDz4OCug95ceNsQikV1TC8paw
18:36:33.824 [Test worker] DEBUG org.apache.http.headers - >> Accept: */*
18:36:33.824 [Test worker] DEBUG org.apache.http.headers - >> Host: 10.69.42.60:8089
18:36:33.824 [Test worker] DEBUG org.apache.http.headers - >> Connection: Keep-Alive
18:36:33.824 [Test worker] DEBUG org.apache.http.headers - >> User-Agent: Apache-HttpClient/4.5.9 (Java/1.8.0_301)
18:36:33.824 [Test worker] DEBUG org.apache.http.headers - >> Accept-Encoding: gzip,deflate
18:36:33.856 [Test worker] DEBUG org.apache.http.wire -  << "HTTP/1.1 200 [\r][\n]"
18:36:33.856 [Test worker] DEBUG org.apache.http.wire -  << "Vary: Origin[\r][\n]"
18:36:33.856 [Test worker] DEBUG org.apache.http.wire -  << "Vary: Access-Control-Request-Method[\r][\n]"
18:36:33.856 [Test worker] DEBUG org.apache.http.wire -  << "Vary: Access-Control-Request-Headers[\r][\n]"
18:36:33.856 [Test worker] DEBUG org.apache.http.wire -  << "Vary: Origin[\r][\n]"
18:36:33.856 [Test worker] DEBUG org.apache.http.wire -  << "Vary: Access-Control-Request-Method[\r][\n]"
18:36:33.856 [Test worker] DEBUG org.apache.http.wire -  << "Vary: Access-Control-Request-Headers[\r][\n]"
18:36:33.856 [Test worker] DEBUG org.apache.http.wire -  << "X-Content-Type-Options: nosniff[\r][\n]"
18:36:33.856 [Test worker] DEBUG org.apache.http.wire -  << "X-XSS-Protection: 1; mode=block[\r][\n]"
18:36:33.856 [Test worker] DEBUG org.apache.http.wire -  << "Cache-Control: no-cache, no-store, max-age=0, must-revalidate[\r][\n]"
18:36:33.856 [Test worker] DEBUG org.apache.http.wire -  << "Pragma: no-cache[\r][\n]"
18:36:33.856 [Test worker] DEBUG org.apache.http.wire -  << "Expires: 0[\r][\n]"
18:36:33.856 [Test worker] DEBUG org.apache.http.wire -  << "X-Frame-Options: DENY[\r][\n]"
18:36:33.856 [Test worker] DEBUG org.apache.http.wire -  << "Content-Type: application/json[\r][\n]"
18:36:33.856 [Test worker] DEBUG org.apache.http.wire -  << "Transfer-Encoding: chunked[\r][\n]"
18:36:33.856 [Test worker] DEBUG org.apache.http.wire -  << "Date: Wed, 20 Apr 2022 23:05:03 GMT[\r][\n]"
18:36:33.856 [Test worker] DEBUG org.apache.http.wire -  << "Keep-Alive: timeout=60[\r][\n]"
18:36:33.856 [Test worker] DEBUG org.apache.http.wire -  << "Connection: keep-alive[\r][\n]"
18:36:33.856 [Test worker] DEBUG org.apache.http.wire -  << "[\r][\n]"
18:36:33.856 [Test worker] DEBUG org.apache.http.impl.conn.DefaultClientConnection - Receiving response: HTTP/1.1 200 
18:36:33.856 [Test worker] DEBUG org.apache.http.headers - << HTTP/1.1 200 
18:36:33.856 [Test worker] DEBUG org.apache.http.headers - << Vary: Origin
18:36:33.856 [Test worker] DEBUG org.apache.http.headers - << Vary: Access-Control-Request-Method
18:36:33.856 [Test worker] DEBUG org.apache.http.headers - << Vary: Access-Control-Request-Headers
18:36:33.856 [Test worker] DEBUG org.apache.http.headers - << Vary: Origin
18:36:33.856 [Test worker] DEBUG org.apache.http.headers - << Vary: Access-Control-Request-Method
18:36:33.856 [Test worker] DEBUG org.apache.http.headers - << Vary: Access-Control-Request-Headers
18:36:33.856 [Test worker] DEBUG org.apache.http.headers - << X-Content-Type-Options: nosniff
18:36:33.856 [Test worker] DEBUG org.apache.http.headers - << X-XSS-Protection: 1; mode=block
18:36:33.856 [Test worker] DEBUG org.apache.http.headers - << Cache-Control: no-cache, no-store, max-age=0, must-revalidate
18:36:33.856 [Test worker] DEBUG org.apache.http.headers - << Pragma: no-cache
18:36:33.856 [Test worker] DEBUG org.apache.http.headers - << Expires: 0
18:36:33.856 [Test worker] DEBUG org.apache.http.headers - << X-Frame-Options: DENY
18:36:33.856 [Test worker] DEBUG org.apache.http.headers - << Content-Type: application/json
18:36:33.856 [Test worker] DEBUG org.apache.http.headers - << Transfer-Encoding: chunked
18:36:33.856 [Test worker] DEBUG org.apache.http.headers - << Date: Wed, 20 Apr 2022 23:05:03 GMT
18:36:33.856 [Test worker] DEBUG org.apache.http.headers - << Keep-Alive: timeout=60
18:36:33.856 [Test worker] DEBUG org.apache.http.headers - << Connection: keep-alive
18:36:33.856 [Test worker] DEBUG org.apache.http.impl.client.DefaultHttpClient - Connection can be kept alive for 60000 MILLISECONDS
18:36:33.856 [Test worker] DEBUG io.restassured.internal.RequestSpecificationImpl$RestAssuredHttpBuilder - Parsing response as: application/json
18:36:33.856 [Test worker] DEBUG io.restassured.internal.RequestSpecificationImpl$RestAssuredHttpBuilder - Parsed data to instance of: class org.apache.http.conn.EofSensorInputStream
18:36:33.856 [Test worker] DEBUG org.apache.http.wire -  << "17c[\r][\n]"
18:36:33.856 [Test worker] DEBUG org.apache.http.wire -  << "{"result":["Fallido"],"executionStatus":"Terminado","urlEvidenceSerenity":"http://10.69.42.60:8092/assets/evidences/20_04_2022_18_31_44_248/Sox_Evidence.zip","urlEvidenceEvidenceComplete":"http://10.69.42.60:8092/assets/evidences/20_04_2022_18_31_44_248/Complete_Evidence.zip","urlEvidenceSox":"http://10.69.42.60:8092/assets/evidences/20_04_2022_18_31_44_248/reports/index.html"}"
18:36:33.856 [Test worker] DEBUG org.apache.http.wire -  << "[\r][\n]"
18:36:33.856 [Test worker] DEBUG org.apache.http.wire -  << "0[\r][\n]"
18:36:33.856 [Test worker] DEBUG org.apache.http.wire -  << "[\r][\n]"
18:36:33.856 [Test worker] DEBUG org.apache.http.impl.conn.BasicClientConnectionManager - Releasing connection org.apache.http.impl.conn.ManagedClientConnectionImpl@12e25c38
18:36:33.856 [Test worker] DEBUG org.apache.http.impl.conn.BasicClientConnectionManager - Connection can be kept alive for 60000 MILLISECONDS
18:36:33.918 [Test worker] ERROR net.thucydides.core.steps.ConsoleLoggingListener - 
           __  _____ _____ ____ _____   _____ _    ___ _     _____ ____  
  _       / / |_   _| ____/ ___|_   _| |  ___/ \  |_ _| |   | ____|  _ \ 
 (_)_____| |    | | |  _| \___ \ | |   | |_ / _ \  | || |   |  _| | | | |
  _|_____| |    | | | |___ ___) || |   |  _/ ___ \ | || |___| |___| |_| |
 (_)     | |    |_| |_____|____/ |_|   |_|/_/   \_\___|_____|_____|____/ 
          \_\                                                            

TEST FAILED: se requiere ejecutar el Json
--------------------------------------------------------------------------
18:36:33.918 [Test worker] DEBUG net.thucydides.core.steps.ConsoleLoggingListener - RELATED ISSUES: 
18:36:33.971 [Test worker] ERROR net.thucydides.core.steps.ConsoleLoggingListener - TEST FAILED AT STEP Then Se obtiene la respuesta de la ejecucion del json
18:36:33.971 [Test worker] ERROR net.thucydides.core.steps.ConsoleLoggingListener - Finaliza de manera Exitosa la automatizacionExpected: "Exitoso" but: was "Fallido"
]]></system-out>
  <system-err><![CDATA[]]></system-err>
</testsuite>
