<?xml version="1.0" encoding="UTF-8"?>
<testsuite name="com.indra.runners.SanityRunners" tests="0" skipped="0" failures="0" errors="0" timestamp="1970-01-01T00:00:00" hostname="22LAP5CD1195R94" time="0.0">
  <properties/>
  <system-out><![CDATA[08:34:41.584 [Test worker] INFO net.thucydides.core.steps.ConsoleLoggingListener - 

-------------------------------------------------------------------------------------
     _______. _______ .______       _______ .__   __.  __  .___________.____    ____ 
    /       ||   ____||   _  \     |   ____||  \ |  | |  | |           |\   \  /   / 
   |   (----`|  |__   |  |_)  |    |  |__   |   \|  | |  | `---|  |----` \   \/   /  
    \   \    |   __|  |      /     |   __|  |  . `  | |  |     |  |       \_    _/   
.----)   |   |  |____ |  |\  \----.|  |____ |  |\   | |  |     |  |         |  |     
|_______/    |_______|| _| `._____||_______||__| \__| |__|     |__|         |__|    
                                                                                     
 News and tutorials at http://www.serenity-bdd.info                                  
 Documentation at https://wakaleo.gitbooks.io/the-serenity-book/content/             
 Join the Serenity Community on Rocket Chat at https://serenity-bdd.rocket.chat      
 Serenity BDD Support and Training at http://serenity-bdd.info/#/trainingandsupport  
 Learn Serenity BDD online at http://serenity-dojo.com                               
-------------------------------------------------------------------------------------

08:34:41.584 [Test worker] DEBUG net.thucydides.core.steps.StepEventBus - Test suite started for story net.thucydides.core.model.Story@ba611da8
08:34:41.599 [Test worker] INFO net.thucydides.core.steps.ConsoleLoggingListener - Test Suite Started: Sanity Merlin Json
08:34:41.631 [Test worker] INFO net.thucydides.core.steps.ConsoleLoggingListener - 
 _____ _____ ____ _____   ____ _____  _    ____ _____ _____ ____  
|_   _| ____/ ___|_   _| / ___|_   _|/ \  |  _ \_   _| ____|  _ \ 
  | | |  _| \___ \ | |   \___ \ | | / _ \ | |_) || | |  _| | | | |
  | | | |___ ___) || |    ___) || |/ ___ \|  _ < | | | |___| |_| |
  |_| |_____|____/ |_|   |____/ |_/_/   \_\_| \_\|_| |_____|____/ 
                                                                  

TEST STARTED: se requiere ejecutar el Json
-------------------------------------------------------------------(sanity-merlin-json;se-requiere-ejecutar-el-json)
08:34:41.678 [Test worker] DEBUG net.thucydides.core.requirements.model.cucumber.CucumberParser - Found no Cucumber 4.2.6 class cucumber.runtime.model.FeatureLoader try Cucumber 4.2.0 
08:34:41.678 [Test worker] DEBUG net.thucydides.core.requirements.model.cucumber.CucumberParser - Found no Cucumber 4.2.0 class cucumber.runtime.model.FeatureLoader try Cucumber 2.x.x 
08:36:05.132 [Test worker] DEBUG net.thucydides.core.reports.ReportService - Reporting formats: [JSON, HTML]
08:36:05.185 [Test worker] DEBUG net.thucydides.core.reports.ReportService - Reporting formats: [JSON, HTML]
08:36:05.201 [Test worker] DEBUG net.thucydides.core.reports.ReportService - Generating reports for 1 test outcomes using: net.thucydides.core.reports.json.JSONTestOutcomeReporter@768490b1
08:36:05.202 [pool-1-thread-1] DEBUG net.thucydides.core.reports.ReportService - Processing test outcome Sanity Merlin Json:se requiere ejecutar el Json
08:36:05.202 [pool-1-thread-1] DEBUG net.thucydides.core.reports.ReportService - net.thucydides.core.reports.json.JSONTestOutcomeReporter@768490b1: Generating report for test outcome: Sanity Merlin Json:se requiere ejecutar el Json
08:36:05.202 [pool-1-thread-1] DEBUG net.thucydides.core.reports.json.JSONTestOutcomeReporter - Generating JSON report for se requiere ejecutar el Json to file C:\MerlinJsonAutomation\target\site\serenity\e3cfa309ee252839bf94c2b1c915f96767e8f88d2a8d5c03f049aaee425921c2.json (using temp file C:\MerlinJsonAutomation\target\site\serenity\e3cfa309ee252839bf94c2b1c915f96767e8f88d2a8d5c03f049aaee425921c2.jsonb77f6d7b-1a4a-4035-93b0-c8c4337a32aa)
08:36:05.237 [pool-1-thread-1] DEBUG net.thucydides.core.reports.ReportService - Processing test outcome Sanity Merlin Json:se requiere ejecutar el Json done
08:36:05.237 [Test worker] DEBUG net.thucydides.core.reports.ReportService - Shutting down executor service
08:36:05.237 [Test worker] DEBUG net.thucydides.core.reports.ReportService - Reports generated in: 36 ms
08:36:05.237 [Test worker] DEBUG net.thucydides.core.reports.ReportService - Generating reports for 1 test outcomes using: net.thucydides.core.reports.html.HtmlAcceptanceTestReporter@76e5db85
08:36:05.237 [pool-2-thread-1] DEBUG net.thucydides.core.reports.ReportService - Processing test outcome Sanity Merlin Json:se requiere ejecutar el Json
08:36:05.237 [pool-2-thread-1] DEBUG net.thucydides.core.reports.ReportService - net.thucydides.core.reports.html.HtmlAcceptanceTestReporter@76e5db85: Generating report for test outcome: Sanity Merlin Json:se requiere ejecutar el Json
08:36:05.237 [pool-2-thread-1] DEBUG net.thucydides.core.reports.html.HtmlAcceptanceTestReporter - GENERATE TEST OUTCOME REPORT FOR se requiere ejecutar el Json in e3cfa309ee252839bf94c2b1c915f96767e8f88d2a8d5c03f049aaee425921c2
08:36:05.237 [Finalizer] DEBUG org.apache.http.impl.conn.DefaultClientConnection - Connection 0.0.0.0:50673<->10.69.42.60:8089 closed
08:36:05.237 [Finalizer] DEBUG org.apache.http.impl.conn.DefaultClientConnection - Connection 0.0.0.0:50706<->10.69.42.60:8089 closed
08:36:05.249 [Finalizer] DEBUG org.apache.http.impl.conn.DefaultClientConnection - Connection 0.0.0.0:50705<->10.69.42.60:8089 closed
08:36:05.250 [Finalizer] DEBUG org.apache.http.impl.conn.DefaultClientConnection - Connection 0.0.0.0:50703<->10.69.42.60:8089 closed
08:36:05.251 [Finalizer] DEBUG org.apache.http.impl.conn.DefaultClientConnection - Connection 0.0.0.0:50698<->10.69.42.60:8089 closed
08:36:05.251 [Finalizer] DEBUG org.apache.http.impl.conn.DefaultClientConnection - Connection 0.0.0.0:50695<->10.69.42.60:8089 closed
08:36:05.252 [Finalizer] DEBUG org.apache.http.impl.conn.DefaultClientConnection - Connection 0.0.0.0:50690<->10.69.42.60:8089 closed
08:36:05.253 [Finalizer] DEBUG org.apache.http.impl.conn.DefaultClientConnection - Connection 0.0.0.0:50687<->10.69.42.60:8089 closed
08:36:05.254 [Finalizer] DEBUG org.apache.http.impl.conn.DefaultClientConnection - Connection 0.0.0.0:50681<->10.69.42.60:8089 closed
08:36:05.254 [Finalizer] DEBUG org.apache.http.impl.conn.DefaultClientConnection - Connection 0.0.0.0:50675<->10.69.42.60:8089 closed
08:36:05.255 [Finalizer] DEBUG org.apache.http.impl.conn.DefaultClientConnection - Connection 0.0.0.0:50672<->10.69.42.60:8089 closed
08:36:05.262 [pool-2-thread-1] DEBUG net.thucydides.core.requirements.model.cucumber.CucumberParser - Found no Cucumber 4.2.6 class cucumber.runtime.model.FeatureLoader try Cucumber 4.2.0 
08:36:05.262 [pool-2-thread-1] DEBUG net.thucydides.core.requirements.model.cucumber.CucumberParser - Found no Cucumber 4.2.0 class cucumber.runtime.model.FeatureLoader try Cucumber 2.x.x 
08:36:05.262 [pool-2-thread-1] DEBUG net.thucydides.core.requirements.RequirementsTagProvider -  found:[Requirement{name='Sanity Merlin Json', type='feature' parent = 'null', cardNumber='null'}]
08:36:05.262 [pool-2-thread-1] DEBUG net.thucydides.core.requirements.BaseRequirementsService - Requirement found for test outcome se requiere ejecutar el Json-[]: Optional[Requirement{name='Sanity Merlin Json', type='feature' parent = 'null', cardNumber='null'}]
08:36:05.262 [pool-2-thread-1] DEBUG net.thucydides.core.requirements.BaseRequirementsService - Requirement found for test outcome se requiere ejecutar el Json-[]: Optional[Requirement{name='Sanity Merlin Json', type='feature' parent = 'null', cardNumber='null'}]
08:36:05.321 [pool-2-thread-1] DEBUG net.thucydides.core.reports.html.HtmlAcceptanceTestReporter - GENERATING HTML REPORT FOR Sanity Merlin Json:se requiere ejecutar el Json in e3cfa309ee252839bf94c2b1c915f96767e8f88d2a8d5c03f049aaee425921c2.html in directory C:\MerlinJsonAutomation\target\site\serenity  
08:36:05.321 [pool-2-thread-1] DEBUG net.thucydides.core.reports.html.HtmlAcceptanceTestReporter - Generating report in e3cfa309ee252839bf94c2b1c915f96767e8f88d2a8d5c03f049aaee425921c2.html
08:36:05.619 [pool-2-thread-1] DEBUG net.thucydides.core.reports.html.HtmlAcceptanceTestReporter - Generated report e3cfa309ee252839bf94c2b1c915f96767e8f88d2a8d5c03f049aaee425921c2.html in 298 ms
08:36:05.619 [pool-2-thread-1] DEBUG net.thucydides.core.reports.ReportService - Processing test outcome Sanity Merlin Json:se requiere ejecutar el Json done
08:36:05.619 [Test worker] DEBUG net.thucydides.core.reports.ReportService - Shutting down executor service
08:36:05.619 [Test worker] DEBUG net.thucydides.core.reports.ReportService - Reports generated in: 382 ms

1 Scenarios (?[32m1 passed?[0m)
3 Steps (?[32m3 passed?[0m)
1m23,697s

]]></system-out>
  <system-err><![CDATA[]]></system-err>
</testsuite>
